[2026-03-27T11:14:23.315+0000] {taskinstance.py:1159} INFO - Dependencies all met for dep_context=non-requeueable deps ti=<TaskInstance: PDE_launcher.trigger_order_aggregates scheduled__2024-01-01T00:00:00+00:00 [queued]>
[2026-03-27T11:14:23.318+0000] {taskinstance.py:1159} INFO - Dependencies all met for dep_context=requeueable deps ti=<TaskInstance: PDE_launcher.trigger_order_aggregates scheduled__2024-01-01T00:00:00+00:00 [queued]>
[2026-03-27T11:14:23.318+0000] {taskinstance.py:1361} INFO - Starting attempt 1 of 2
[2026-03-27T11:14:23.322+0000] {taskinstance.py:1382} INFO - Executing <Task(TriggerDagRunOperator): trigger_order_aggregates> on 2024-01-01 00:00:00+00:00
[2026-03-27T11:14:23.324+0000] {standard_task_runner.py:57} INFO - Started process 920 to run task
[2026-03-27T11:14:23.326+0000] {standard_task_runner.py:84} INFO - Running: ['***', 'tasks', 'run', 'PDE_launcher', 'trigger_order_aggregates', 'scheduled__2024-01-01T00:00:00+00:00', '--job-id', '24', '--raw', '--subdir', 'DAGS_FOLDER/PDE_dags_launcher.py', '--cfg-path', '/tmp/tmpjbxdfqb6']
[2026-03-27T11:14:23.327+0000] {standard_task_runner.py:85} INFO - Job 24: Subtask trigger_order_aggregates
[2026-03-27T11:14:23.344+0000] {task_command.py:415} INFO - Running <TaskInstance: PDE_launcher.trigger_order_aggregates scheduled__2024-01-01T00:00:00+00:00 [running]> on host b8b4e475d066
[2026-03-27T11:14:23.369+0000] {taskinstance.py:1660} INFO - Exporting env vars: AIRFLOW_CTX_DAG_OWNER='data_team' AIRFLOW_CTX_DAG_ID='PDE_launcher' AIRFLOW_CTX_TASK_ID='trigger_order_aggregates' AIRFLOW_CTX_EXECUTION_DATE='2024-01-01T00:00:00+00:00' AIRFLOW_CTX_TRY_NUMBER='1' AIRFLOW_CTX_DAG_RUN_ID='scheduled__2024-01-01T00:00:00+00:00'
[2026-03-27T11:14:23.390+0000] {trigger_dagrun.py:209} INFO - Waiting for PDE_4_mart_load_order_aggregates on 2026-03-27T11:14:23.370010+00:00 to become allowed state ['success'] ...
[2026-03-27T11:14:33.417+0000] {trigger_dagrun.py:222} INFO - PDE_4_mart_load_order_aggregates finished with allowed state success
[2026-03-27T11:14:33.433+0000] {taskinstance.py:1400} INFO - Marking task as SUCCESS. dag_id=PDE_launcher, task_id=trigger_order_aggregates, execution_date=20240101T000000, start_date=20260327T111423, end_date=20260327T111433
[2026-03-27T11:14:33.464+0000] {local_task_job_runner.py:228} INFO - Task exited with return code 0
[2026-03-27T11:14:33.494+0000] {taskinstance.py:2784} INFO - 1 downstream tasks scheduled from follow-on schedule check
[2026-03-28T11:44:57.403+0000] {taskinstance.py:1159} INFO - Dependencies all met for dep_context=non-requeueable deps ti=<TaskInstance: PDE_launcher.trigger_order_aggregates scheduled__2024-01-01T00:00:00+00:00 [queued]>
[2026-03-28T11:44:57.407+0000] {taskinstance.py:1159} INFO - Dependencies all met for dep_context=requeueable deps ti=<TaskInstance: PDE_launcher.trigger_order_aggregates scheduled__2024-01-01T00:00:00+00:00 [queued]>
[2026-03-28T11:44:57.408+0000] {taskinstance.py:1361} INFO - Starting attempt 1 of 2
[2026-03-28T11:44:57.412+0000] {taskinstance.py:1382} INFO - Executing <Task(TriggerDagRunOperator): trigger_order_aggregates> on 2024-01-01 00:00:00+00:00
[2026-03-28T11:44:57.414+0000] {standard_task_runner.py:57} INFO - Started process 488 to run task
[2026-03-28T11:44:57.416+0000] {standard_task_runner.py:84} INFO - Running: ['***', 'tasks', 'run', 'PDE_launcher', 'trigger_order_aggregates', 'scheduled__2024-01-01T00:00:00+00:00', '--job-id', '29', '--raw', '--subdir', 'DAGS_FOLDER/PDE_dags_launcher.py', '--cfg-path', '/tmp/tmpp81jm7xx']
[2026-03-28T11:44:57.417+0000] {standard_task_runner.py:85} INFO - Job 29: Subtask trigger_order_aggregates
[2026-03-28T11:44:57.436+0000] {task_command.py:415} INFO - Running <TaskInstance: PDE_launcher.trigger_order_aggregates scheduled__2024-01-01T00:00:00+00:00 [running]> on host fff55fa1f1fa
[2026-03-28T11:44:57.463+0000] {taskinstance.py:1660} INFO - Exporting env vars: AIRFLOW_CTX_DAG_OWNER='data_team' AIRFLOW_CTX_DAG_ID='PDE_launcher' AIRFLOW_CTX_TASK_ID='trigger_order_aggregates' AIRFLOW_CTX_EXECUTION_DATE='2024-01-01T00:00:00+00:00' AIRFLOW_CTX_TRY_NUMBER='1' AIRFLOW_CTX_DAG_RUN_ID='scheduled__2024-01-01T00:00:00+00:00'
[2026-03-28T11:44:57.485+0000] {trigger_dagrun.py:209} INFO - Waiting for PDE_4_mart_load_order_aggregates on 2026-03-28T11:44:57.464341+00:00 to become allowed state ['success'] ...
[2026-03-28T11:45:07.499+0000] {trigger_dagrun.py:222} INFO - PDE_4_mart_load_order_aggregates finished with allowed state success
[2026-03-28T11:45:07.510+0000] {taskinstance.py:1400} INFO - Marking task as SUCCESS. dag_id=PDE_launcher, task_id=trigger_order_aggregates, execution_date=20240101T000000, start_date=20260328T114457, end_date=20260328T114507
[2026-03-28T11:45:07.523+0000] {local_task_job_runner.py:228} INFO - Task exited with return code 0
[2026-03-28T11:45:07.538+0000] {taskinstance.py:2784} INFO - 1 downstream tasks scheduled from follow-on schedule check
