[2026-03-27T11:16:39.559+0000] {taskinstance.py:1159} INFO - Dependencies all met for dep_context=non-requeueable deps ti=<TaskInstance: PDE_3_load_data_to_3nf.load_to_3nf manual__2026-03-27T11:16:38.524572+00:00 [queued]>
[2026-03-27T11:16:39.562+0000] {taskinstance.py:1159} INFO - Dependencies all met for dep_context=requeueable deps ti=<TaskInstance: PDE_3_load_data_to_3nf.load_to_3nf manual__2026-03-27T11:16:38.524572+00:00 [queued]>
[2026-03-27T11:16:39.562+0000] {taskinstance.py:1361} INFO - Starting attempt 1 of 2
[2026-03-27T11:16:39.567+0000] {taskinstance.py:1382} INFO - Executing <Task(PythonOperator): load_to_3nf> on 2026-03-27 11:16:38.524572+00:00
[2026-03-27T11:16:39.569+0000] {standard_task_runner.py:57} INFO - Started process 1441 to run task
[2026-03-27T11:16:39.571+0000] {standard_task_runner.py:84} INFO - Running: ['***', 'tasks', 'run', 'PDE_3_load_data_to_3nf', 'load_to_3nf', 'manual__2026-03-27T11:16:38.524572+00:00', '--job-id', '35', '--raw', '--subdir', 'DAGS_FOLDER/PDE_3_load_data_to_3nf.py', '--cfg-path', '/tmp/tmpplf1rxqp']
[2026-03-27T11:16:39.572+0000] {standard_task_runner.py:85} INFO - Job 35: Subtask load_to_3nf
[2026-03-27T11:16:39.588+0000] {task_command.py:415} INFO - Running <TaskInstance: PDE_3_load_data_to_3nf.load_to_3nf manual__2026-03-27T11:16:38.524572+00:00 [running]> on host b8b4e475d066
[2026-03-27T11:16:39.614+0000] {taskinstance.py:1660} INFO - Exporting env vars: AIRFLOW_CTX_DAG_OWNER='data_team' AIRFLOW_CTX_DAG_ID='PDE_3_load_data_to_3nf' AIRFLOW_CTX_TASK_ID='load_to_3nf' AIRFLOW_CTX_EXECUTION_DATE='2026-03-27T11:16:38.524572+00:00' AIRFLOW_CTX_TRY_NUMBER='1' AIRFLOW_CTX_DAG_RUN_ID='manual__2026-03-27T11:16:38.524572+00:00'
[2026-03-27T11:16:39.617+0000] {base.py:73} INFO - Using connection ID 'postgres_default' for task execution.
[2026-03-27T11:16:39.639+0000] {logging_mixin.py:151} INFO - 🗑️ Таблицы очищены (с каскадным удалением)
[2026-03-27T11:16:39.640+0000] {logging_mixin.py:151} INFO - ✅ Загружены users: 0 записей
[2026-03-27T11:16:39.640+0000] {logging_mixin.py:151} INFO - ✅ Загружены drivers: 0 записей
[2026-03-27T11:16:39.640+0000] {logging_mixin.py:151} INFO - ✅ Загружены stores: 0 записей
[2026-03-27T11:16:39.640+0000] {logging_mixin.py:151} INFO - ✅ Загружены items: 0 записей
[2026-03-27T11:16:39.641+0000] {logging_mixin.py:151} INFO - ✅ Загружены orders: 0 записей
[2026-03-27T11:16:39.641+0000] {logging_mixin.py:151} INFO - ✅ Загружены order_items: 0 записей
[2026-03-27T11:16:39.641+0000] {logging_mixin.py:151} INFO - ✅ Загружена order_status_history: 0 записей
[2026-03-27T11:16:39.641+0000] {logging_mixin.py:151} INFO - ✅ Загружены item_replacements: 0 записей
[2026-03-27T11:16:39.642+0000] {logging_mixin.py:151} INFO - 
📊 СТАТИСТИКА ЗАГРУЗКИ:
[2026-03-27T11:16:39.642+0000] {logging_mixin.py:151} INFO -    users: 0 записей
[2026-03-27T11:16:39.642+0000] {logging_mixin.py:151} INFO -    drivers: 0 записей
[2026-03-27T11:16:39.642+0000] {logging_mixin.py:151} INFO -    stores: 0 записей
[2026-03-27T11:16:39.642+0000] {logging_mixin.py:151} INFO -    items: 0 записей
[2026-03-27T11:16:39.642+0000] {logging_mixin.py:151} INFO -    orders: 0 записей
[2026-03-27T11:16:39.642+0000] {logging_mixin.py:151} INFO -    order_items: 0 записей
[2026-03-27T11:16:39.642+0000] {logging_mixin.py:151} INFO -    order_status_history: 0 записей
[2026-03-27T11:16:39.642+0000] {logging_mixin.py:151} INFO -    item_replacements: 0 записей
[2026-03-27T11:16:39.642+0000] {python.py:194} INFO - Done. Returned value was: None
[2026-03-27T11:16:39.646+0000] {taskinstance.py:1400} INFO - Marking task as SUCCESS. dag_id=PDE_3_load_data_to_3nf, task_id=load_to_3nf, execution_date=20260327T111638, start_date=20260327T111639, end_date=20260327T111639
[2026-03-27T11:16:39.669+0000] {local_task_job_runner.py:228} INFO - Task exited with return code 0
[2026-03-27T11:16:39.676+0000] {taskinstance.py:2784} INFO - 0 downstream tasks scheduled from follow-on schedule check
