[2026-03-28T11:44:14.048+0000] {taskinstance.py:1159} INFO - Dependencies all met for dep_context=non-requeueable deps ti=<TaskInstance: PDE_launcher.trigger_create_schema_and_tables manual__2026-03-28T11:38:16.337337+00:00 [queued]>
[2026-03-28T11:44:14.052+0000] {taskinstance.py:1159} INFO - Dependencies all met for dep_context=requeueable deps ti=<TaskInstance: PDE_launcher.trigger_create_schema_and_tables manual__2026-03-28T11:38:16.337337+00:00 [queued]>
[2026-03-28T11:44:14.053+0000] {taskinstance.py:1361} INFO - Starting attempt 2 of 2
[2026-03-28T11:44:14.060+0000] {taskinstance.py:1382} INFO - Executing <Task(TriggerDagRunOperator): trigger_create_schema_and_tables> on 2026-03-28 11:38:16.337337+00:00
[2026-03-28T11:44:14.062+0000] {standard_task_runner.py:57} INFO - Started process 325 to run task
[2026-03-28T11:44:14.064+0000] {standard_task_runner.py:84} INFO - Running: ['***', 'tasks', 'run', 'PDE_launcher', 'trigger_create_schema_and_tables', 'manual__2026-03-28T11:38:16.337337+00:00', '--job-id', '19', '--raw', '--subdir', 'DAGS_FOLDER/PDE_dags_launcher.py', '--cfg-path', '/tmp/tmp9yycxf83']
[2026-03-28T11:44:14.065+0000] {standard_task_runner.py:85} INFO - Job 19: Subtask trigger_create_schema_and_tables
[2026-03-28T11:44:14.086+0000] {task_command.py:415} INFO - Running <TaskInstance: PDE_launcher.trigger_create_schema_and_tables manual__2026-03-28T11:38:16.337337+00:00 [running]> on host fff55fa1f1fa
[2026-03-28T11:44:14.119+0000] {taskinstance.py:1660} INFO - Exporting env vars: AIRFLOW_CTX_DAG_OWNER='data_team' AIRFLOW_CTX_DAG_ID='PDE_launcher' AIRFLOW_CTX_TASK_ID='trigger_create_schema_and_tables' AIRFLOW_CTX_EXECUTION_DATE='2026-03-28T11:38:16.337337+00:00' AIRFLOW_CTX_TRY_NUMBER='2' AIRFLOW_CTX_DAG_RUN_ID='manual__2026-03-28T11:38:16.337337+00:00'
[2026-03-28T11:44:14.146+0000] {trigger_dagrun.py:209} INFO - Waiting for PDE_0_create_schema_and_tables on 2026-03-28T11:44:14.120064+00:00 to become allowed state ['success'] ...
[2026-03-28T11:44:24.153+0000] {trigger_dagrun.py:209} INFO - Waiting for PDE_0_create_schema_and_tables on 2026-03-28T11:44:14.120064+00:00 to become allowed state ['success'] ...
[2026-03-28T11:44:34.184+0000] {trigger_dagrun.py:209} INFO - Waiting for PDE_0_create_schema_and_tables on 2026-03-28T11:44:14.120064+00:00 to become allowed state ['success'] ...
[2026-03-28T11:44:44.206+0000] {trigger_dagrun.py:209} INFO - Waiting for PDE_0_create_schema_and_tables on 2026-03-28T11:44:14.120064+00:00 to become allowed state ['success'] ...
[2026-03-28T11:44:54.226+0000] {trigger_dagrun.py:209} INFO - Waiting for PDE_0_create_schema_and_tables on 2026-03-28T11:44:14.120064+00:00 to become allowed state ['success'] ...
[2026-03-28T11:45:04.245+0000] {trigger_dagrun.py:209} INFO - Waiting for PDE_0_create_schema_and_tables on 2026-03-28T11:44:14.120064+00:00 to become allowed state ['success'] ...
[2026-03-28T11:45:14.289+0000] {taskinstance.py:1943} ERROR - Task failed with exception
Traceback (most recent call last):
  File "/home/airflow/.local/lib/python3.8/site-packages/airflow/operators/trigger_dagrun.py", line 220, in execute
    raise AirflowException(f"{self.trigger_dag_id} failed with failed states {state}")
airflow.exceptions.AirflowException: PDE_0_create_schema_and_tables failed with failed states failed
[2026-03-28T11:45:14.293+0000] {taskinstance.py:1400} INFO - Marking task as FAILED. dag_id=PDE_launcher, task_id=trigger_create_schema_and_tables, execution_date=20260328T113816, start_date=20260328T114414, end_date=20260328T114514
[2026-03-28T11:45:14.301+0000] {standard_task_runner.py:104} ERROR - Failed to execute job 19 for task trigger_create_schema_and_tables (PDE_0_create_schema_and_tables failed with failed states failed; 325)
[2026-03-28T11:45:14.317+0000] {local_task_job_runner.py:228} INFO - Task exited with return code 1
[2026-03-28T11:45:14.333+0000] {taskinstance.py:2784} INFO - 0 downstream tasks scheduled from follow-on schedule check
