[2026-03-28T11:38:18.869+0000] {taskinstance.py:1159} INFO - Dependencies all met for dep_context=non-requeueable deps ti=<TaskInstance: PDE_launcher.trigger_create_schema_and_tables manual__2026-03-28T11:38:16.337337+00:00 [queued]>
[2026-03-28T11:38:18.872+0000] {taskinstance.py:1159} INFO - Dependencies all met for dep_context=requeueable deps ti=<TaskInstance: PDE_launcher.trigger_create_schema_and_tables manual__2026-03-28T11:38:16.337337+00:00 [queued]>
[2026-03-28T11:38:18.872+0000] {taskinstance.py:1361} INFO - Starting attempt 1 of 2
[2026-03-28T11:38:18.876+0000] {taskinstance.py:1382} INFO - Executing <Task(TriggerDagRunOperator): trigger_create_schema_and_tables> on 2026-03-28 11:38:16.337337+00:00
[2026-03-28T11:38:18.878+0000] {standard_task_runner.py:57} INFO - Started process 277 to run task
[2026-03-28T11:38:18.879+0000] {standard_task_runner.py:84} INFO - Running: ['***', 'tasks', 'run', 'PDE_launcher', 'trigger_create_schema_and_tables', 'manual__2026-03-28T11:38:16.337337+00:00', '--job-id', '3', '--raw', '--subdir', 'DAGS_FOLDER/PDE_dags_launcher.py', '--cfg-path', '/tmp/tmp5b_1orxb']
[2026-03-28T11:38:18.880+0000] {standard_task_runner.py:85} INFO - Job 3: Subtask trigger_create_schema_and_tables
[2026-03-28T11:38:18.899+0000] {task_command.py:415} INFO - Running <TaskInstance: PDE_launcher.trigger_create_schema_and_tables manual__2026-03-28T11:38:16.337337+00:00 [running]> on host 54b7048a2b02
[2026-03-28T11:38:18.924+0000] {taskinstance.py:1660} INFO - Exporting env vars: AIRFLOW_CTX_DAG_OWNER='data_team' AIRFLOW_CTX_DAG_ID='PDE_launcher' AIRFLOW_CTX_TASK_ID='trigger_create_schema_and_tables' AIRFLOW_CTX_EXECUTION_DATE='2026-03-28T11:38:16.337337+00:00' AIRFLOW_CTX_TRY_NUMBER='1' AIRFLOW_CTX_DAG_RUN_ID='manual__2026-03-28T11:38:16.337337+00:00'
[2026-03-28T11:38:18.944+0000] {trigger_dagrun.py:209} INFO - Waiting for PDE_0_create_schema_and_tables on 2026-03-28T11:38:18.925124+00:00 to become allowed state ['success'] ...
[2026-03-28T11:38:28.965+0000] {trigger_dagrun.py:209} INFO - Waiting for PDE_0_create_schema_and_tables on 2026-03-28T11:38:18.925124+00:00 to become allowed state ['success'] ...
[2026-03-28T11:38:38.976+0000] {trigger_dagrun.py:209} INFO - Waiting for PDE_0_create_schema_and_tables on 2026-03-28T11:38:18.925124+00:00 to become allowed state ['success'] ...
[2026-03-28T11:38:49.001+0000] {trigger_dagrun.py:209} INFO - Waiting for PDE_0_create_schema_and_tables on 2026-03-28T11:38:18.925124+00:00 to become allowed state ['success'] ...
[2026-03-28T11:38:59.024+0000] {trigger_dagrun.py:209} INFO - Waiting for PDE_0_create_schema_and_tables on 2026-03-28T11:38:18.925124+00:00 to become allowed state ['success'] ...
[2026-03-28T11:39:09.052+0000] {trigger_dagrun.py:209} INFO - Waiting for PDE_0_create_schema_and_tables on 2026-03-28T11:38:18.925124+00:00 to become allowed state ['success'] ...
[2026-03-28T11:39:19.067+0000] {trigger_dagrun.py:209} INFO - Waiting for PDE_0_create_schema_and_tables on 2026-03-28T11:38:18.925124+00:00 to become allowed state ['success'] ...
[2026-03-28T11:39:29.094+0000] {trigger_dagrun.py:209} INFO - Waiting for PDE_0_create_schema_and_tables on 2026-03-28T11:38:18.925124+00:00 to become allowed state ['success'] ...
[2026-03-28T11:39:39.124+0000] {trigger_dagrun.py:209} INFO - Waiting for PDE_0_create_schema_and_tables on 2026-03-28T11:38:18.925124+00:00 to become allowed state ['success'] ...
[2026-03-28T11:39:49.153+0000] {trigger_dagrun.py:209} INFO - Waiting for PDE_0_create_schema_and_tables on 2026-03-28T11:38:18.925124+00:00 to become allowed state ['success'] ...
[2026-03-28T11:39:59.182+0000] {trigger_dagrun.py:209} INFO - Waiting for PDE_0_create_schema_and_tables on 2026-03-28T11:38:18.925124+00:00 to become allowed state ['success'] ...
[2026-03-28T11:40:09.203+0000] {trigger_dagrun.py:209} INFO - Waiting for PDE_0_create_schema_and_tables on 2026-03-28T11:38:18.925124+00:00 to become allowed state ['success'] ...
[2026-03-28T11:40:19.218+0000] {trigger_dagrun.py:209} INFO - Waiting for PDE_0_create_schema_and_tables on 2026-03-28T11:38:18.925124+00:00 to become allowed state ['success'] ...
[2026-03-28T11:40:29.236+0000] {trigger_dagrun.py:209} INFO - Waiting for PDE_0_create_schema_and_tables on 2026-03-28T11:38:18.925124+00:00 to become allowed state ['success'] ...
[2026-03-28T11:40:39.261+0000] {trigger_dagrun.py:209} INFO - Waiting for PDE_0_create_schema_and_tables on 2026-03-28T11:38:18.925124+00:00 to become allowed state ['success'] ...
[2026-03-28T11:40:49.281+0000] {trigger_dagrun.py:209} INFO - Waiting for PDE_0_create_schema_and_tables on 2026-03-28T11:38:18.925124+00:00 to become allowed state ['success'] ...
[2026-03-28T11:40:59.303+0000] {trigger_dagrun.py:209} INFO - Waiting for PDE_0_create_schema_and_tables on 2026-03-28T11:38:18.925124+00:00 to become allowed state ['success'] ...
[2026-03-28T11:41:09.335+0000] {trigger_dagrun.py:209} INFO - Waiting for PDE_0_create_schema_and_tables on 2026-03-28T11:38:18.925124+00:00 to become allowed state ['success'] ...
[2026-03-28T11:41:19.372+0000] {trigger_dagrun.py:209} INFO - Waiting for PDE_0_create_schema_and_tables on 2026-03-28T11:38:18.925124+00:00 to become allowed state ['success'] ...
[2026-03-28T11:41:29.392+0000] {trigger_dagrun.py:209} INFO - Waiting for PDE_0_create_schema_and_tables on 2026-03-28T11:38:18.925124+00:00 to become allowed state ['success'] ...
[2026-03-28T11:41:39.414+0000] {trigger_dagrun.py:209} INFO - Waiting for PDE_0_create_schema_and_tables on 2026-03-28T11:38:18.925124+00:00 to become allowed state ['success'] ...
[2026-03-28T11:41:49.435+0000] {trigger_dagrun.py:209} INFO - Waiting for PDE_0_create_schema_and_tables on 2026-03-28T11:38:18.925124+00:00 to become allowed state ['success'] ...
[2026-03-28T11:41:59.460+0000] {trigger_dagrun.py:209} INFO - Waiting for PDE_0_create_schema_and_tables on 2026-03-28T11:38:18.925124+00:00 to become allowed state ['success'] ...
[2026-03-28T11:42:09.484+0000] {trigger_dagrun.py:209} INFO - Waiting for PDE_0_create_schema_and_tables on 2026-03-28T11:38:18.925124+00:00 to become allowed state ['success'] ...
[2026-03-28T11:42:19.505+0000] {trigger_dagrun.py:209} INFO - Waiting for PDE_0_create_schema_and_tables on 2026-03-28T11:38:18.925124+00:00 to become allowed state ['success'] ...
[2026-03-28T11:42:29.532+0000] {trigger_dagrun.py:209} INFO - Waiting for PDE_0_create_schema_and_tables on 2026-03-28T11:38:18.925124+00:00 to become allowed state ['success'] ...
[2026-03-28T11:42:39.564+0000] {trigger_dagrun.py:209} INFO - Waiting for PDE_0_create_schema_and_tables on 2026-03-28T11:38:18.925124+00:00 to become allowed state ['success'] ...
[2026-03-28T11:42:49.594+0000] {trigger_dagrun.py:209} INFO - Waiting for PDE_0_create_schema_and_tables on 2026-03-28T11:38:18.925124+00:00 to become allowed state ['success'] ...
[2026-03-28T11:42:59.615+0000] {trigger_dagrun.py:209} INFO - Waiting for PDE_0_create_schema_and_tables on 2026-03-28T11:38:18.925124+00:00 to become allowed state ['success'] ...
[2026-03-28T11:43:09.635+0000] {trigger_dagrun.py:209} INFO - Waiting for PDE_0_create_schema_and_tables on 2026-03-28T11:38:18.925124+00:00 to become allowed state ['success'] ...
[2026-03-28T11:43:13.258+0000] {local_task_job_runner.py:115} ERROR - Received SIGTERM. Terminating subprocesses
[2026-03-28T11:43:13.276+0000] {process_utils.py:131} INFO - Sending 15 to group 277. PIDs of all processes in the group: [277]
[2026-03-28T11:43:13.281+0000] {process_utils.py:86} INFO - Sending the signal 15 to group 277
[2026-03-28T11:43:13.284+0000] {taskinstance.py:1632} ERROR - Received SIGTERM. Terminating subprocesses.
[2026-03-28T11:43:13.306+0000] {taskinstance.py:1943} ERROR - Task failed with exception
Traceback (most recent call last):
  File "/home/airflow/.local/lib/python3.8/site-packages/airflow/operators/trigger_dagrun.py", line 215, in execute
    time.sleep(self.poke_interval)
  File "/home/airflow/.local/lib/python3.8/site-packages/airflow/models/taskinstance.py", line 1634, in signal_handler
    raise AirflowException("Task received SIGTERM signal")
airflow.exceptions.AirflowException: Task received SIGTERM signal
[2026-03-28T11:43:13.310+0000] {taskinstance.py:1400} INFO - Marking task as UP_FOR_RETRY. dag_id=PDE_launcher, task_id=trigger_create_schema_and_tables, execution_date=20260328T113816, start_date=20260328T113818, end_date=20260328T114313
[2026-03-28T11:43:13.332+0000] {standard_task_runner.py:104} ERROR - Failed to execute job 3 for task trigger_create_schema_and_tables (Task received SIGTERM signal; 277)
[2026-03-28T11:43:13.345+0000] {process_utils.py:79} INFO - Process psutil.Process(pid=277, status='terminated', exitcode=1, started='11:38:18') (277) terminated with exit code 1
[2026-03-28T11:43:13.347+0000] {local_task_job_runner.py:228} INFO - Task exited with return code 143
[2026-03-28T11:43:13.368+0000] {taskinstance.py:2784} INFO - 0 downstream tasks scheduled from follow-on schedule check
