[2026-03-28T11:39:05.711+0000] {taskinstance.py:1159} INFO - Dependencies all met for dep_context=non-requeueable deps ti=<TaskInstance: PDE_0_create_schema_and_tables.create_objects manual__2026-03-28T11:38:16.327765+00:00 [queued]>
[2026-03-28T11:39:05.714+0000] {taskinstance.py:1159} INFO - Dependencies all met for dep_context=requeueable deps ti=<TaskInstance: PDE_0_create_schema_and_tables.create_objects manual__2026-03-28T11:38:16.327765+00:00 [queued]>
[2026-03-28T11:39:05.715+0000] {taskinstance.py:1361} INFO - Starting attempt 1 of 2
[2026-03-28T11:39:05.721+0000] {taskinstance.py:1382} INFO - Executing <Task(PythonOperator): create_objects> on 2026-03-28 11:38:16.327765+00:00
[2026-03-28T11:39:05.724+0000] {standard_task_runner.py:57} INFO - Started process 436 to run task
[2026-03-28T11:39:05.725+0000] {standard_task_runner.py:84} INFO - Running: ['***', 'tasks', 'run', 'PDE_0_create_schema_and_tables', 'create_objects', 'manual__2026-03-28T11:38:16.327765+00:00', '--job-id', '9', '--raw', '--subdir', 'DAGS_FOLDER/PDE_0_create_schema_and_tables.py', '--cfg-path', '/tmp/tmp5xldclh5']
[2026-03-28T11:39:05.731+0000] {standard_task_runner.py:85} INFO - Job 9: Subtask create_objects
[2026-03-28T11:39:05.756+0000] {task_command.py:415} INFO - Running <TaskInstance: PDE_0_create_schema_and_tables.create_objects manual__2026-03-28T11:38:16.327765+00:00 [running]> on host 54b7048a2b02
[2026-03-28T11:39:05.788+0000] {taskinstance.py:1660} INFO - Exporting env vars: AIRFLOW_CTX_DAG_OWNER='data_team' AIRFLOW_CTX_DAG_ID='PDE_0_create_schema_and_tables' AIRFLOW_CTX_TASK_ID='create_objects' AIRFLOW_CTX_EXECUTION_DATE='2026-03-28T11:38:16.327765+00:00' AIRFLOW_CTX_TRY_NUMBER='1' AIRFLOW_CTX_DAG_RUN_ID='manual__2026-03-28T11:38:16.327765+00:00'
[2026-03-28T11:39:05.797+0000] {taskinstance.py:1943} ERROR - Task failed with exception
Traceback (most recent call last):
  File "/home/airflow/.local/lib/python3.8/site-packages/airflow/operators/python.py", line 192, in execute
    return_value = self.execute_callable()
  File "/home/airflow/.local/lib/python3.8/site-packages/airflow/operators/python.py", line 209, in execute_callable
    return self.python_callable(*self.op_args, **self.op_kwargs)
  File "/opt/airflow/dags/PDE_0_create_schema_and_tables.py", line 14, in create_objects
    conn = pg_hook.get_conn()
  File "/home/airflow/.local/lib/python3.8/site-packages/airflow/providers/postgres/hooks/postgres.py", line 124, in get_conn
    conn = deepcopy(self.connection or self.get_connection(conn_id))
  File "/home/airflow/.local/lib/python3.8/site-packages/airflow/hooks/base.py", line 72, in get_connection
    conn = Connection.get_connection_from_secrets(conn_id)
  File "/home/airflow/.local/lib/python3.8/site-packages/airflow/models/connection.py", line 477, in get_connection_from_secrets
    raise AirflowNotFoundException(f"The conn_id `{conn_id}` isn't defined")
airflow.exceptions.AirflowNotFoundException: The conn_id `postgres_default` isn't defined
[2026-03-28T11:39:05.799+0000] {taskinstance.py:1400} INFO - Marking task as UP_FOR_RETRY. dag_id=PDE_0_create_schema_and_tables, task_id=create_objects, execution_date=20260328T113816, start_date=20260328T113905, end_date=20260328T113905
[2026-03-28T11:39:05.802+0000] {standard_task_runner.py:104} ERROR - Failed to execute job 9 for task create_objects (The conn_id `postgres_default` isn't defined; 436)
[2026-03-28T11:39:05.822+0000] {local_task_job_runner.py:228} INFO - Task exited with return code 1
[2026-03-28T11:39:05.829+0000] {taskinstance.py:2784} INFO - 0 downstream tasks scheduled from follow-on schedule check
