[2026-03-28T11:44:05.076+0000] {taskinstance.py:1159} INFO - Dependencies all met for dep_context=non-requeueable deps ti=<TaskInstance: PDE_3_load_data_to_3nf.load_to_3nf scheduled__2024-01-01T00:00:00+00:00 [queued]>
[2026-03-28T11:44:05.078+0000] {taskinstance.py:1159} INFO - Dependencies all met for dep_context=requeueable deps ti=<TaskInstance: PDE_3_load_data_to_3nf.load_to_3nf scheduled__2024-01-01T00:00:00+00:00 [queued]>
[2026-03-28T11:44:05.078+0000] {taskinstance.py:1361} INFO - Starting attempt 2 of 2
[2026-03-28T11:44:05.083+0000] {taskinstance.py:1382} INFO - Executing <Task(PythonOperator): load_to_3nf> on 2024-01-01 00:00:00+00:00
[2026-03-28T11:44:05.085+0000] {standard_task_runner.py:57} INFO - Started process 279 to run task
[2026-03-28T11:44:05.086+0000] {standard_task_runner.py:84} INFO - Running: ['***', 'tasks', 'run', 'PDE_3_load_data_to_3nf', 'load_to_3nf', 'scheduled__2024-01-01T00:00:00+00:00', '--job-id', '15', '--raw', '--subdir', 'DAGS_FOLDER/PDE_3_load_data_to_3nf.py', '--cfg-path', '/tmp/tmp7t54xty7']
[2026-03-28T11:44:05.088+0000] {standard_task_runner.py:85} INFO - Job 15: Subtask load_to_3nf
[2026-03-28T11:44:05.104+0000] {task_command.py:415} INFO - Running <TaskInstance: PDE_3_load_data_to_3nf.load_to_3nf scheduled__2024-01-01T00:00:00+00:00 [running]> on host fff55fa1f1fa
[2026-03-28T11:44:05.129+0000] {taskinstance.py:1660} INFO - Exporting env vars: AIRFLOW_CTX_DAG_OWNER='data_team' AIRFLOW_CTX_DAG_ID='PDE_3_load_data_to_3nf' AIRFLOW_CTX_TASK_ID='load_to_3nf' AIRFLOW_CTX_EXECUTION_DATE='2024-01-01T00:00:00+00:00' AIRFLOW_CTX_TRY_NUMBER='2' AIRFLOW_CTX_DAG_RUN_ID='scheduled__2024-01-01T00:00:00+00:00'
[2026-03-28T11:44:05.130+0000] {crypto.py:82} WARNING - empty cryptography key - values will not be stored encrypted.
[2026-03-28T11:44:05.130+0000] {base.py:73} INFO - Using connection ID 'postgres_default' for task execution.
[2026-03-28T11:44:05.131+0000] {logging_mixin.py:151} INFO - ❌ Ошибка при загрузке: schema "hse_python_etl_project" does not exist
[2026-03-28T11:44:05.131+0000] {taskinstance.py:1943} ERROR - Task failed with exception
Traceback (most recent call last):
  File "/home/airflow/.local/lib/python3.8/site-packages/airflow/operators/python.py", line 192, in execute
    return_value = self.execute_callable()
  File "/home/airflow/.local/lib/python3.8/site-packages/airflow/operators/python.py", line 209, in execute_callable
    return self.python_callable(*self.op_args, **self.op_kwargs)
  File "/opt/airflow/dags/PDE_3_load_data_to_3nf.py", line 19, in load_to_3nf
    cursor.execute("TRUNCATE TABLE hse_python_etl_project.item_replacements CASCADE;")
psycopg2.errors.InvalidSchemaName: schema "hse_python_etl_project" does not exist

[2026-03-28T11:44:05.134+0000] {taskinstance.py:1400} INFO - Marking task as FAILED. dag_id=PDE_3_load_data_to_3nf, task_id=load_to_3nf, execution_date=20240101T000000, start_date=20260328T114405, end_date=20260328T114405
[2026-03-28T11:44:05.138+0000] {standard_task_runner.py:104} ERROR - Failed to execute job 15 for task load_to_3nf (schema "hse_python_etl_project" does not exist
; 279)
[2026-03-28T11:44:05.143+0000] {local_task_job_runner.py:228} INFO - Task exited with return code 1
[2026-03-28T11:44:05.149+0000] {taskinstance.py:2784} INFO - 0 downstream tasks scheduled from follow-on schedule check
