[2026-03-27T12:45:01.356+0000] {taskinstance.py:1159} INFO - Dependencies all met for dep_context=non-requeueable deps ti=<TaskInstance: PDE_3_load_data_to_3nf.load_to_3nf manual__2026-03-27T12:45:00.358499+00:00 [queued]>
[2026-03-27T12:45:01.359+0000] {taskinstance.py:1159} INFO - Dependencies all met for dep_context=requeueable deps ti=<TaskInstance: PDE_3_load_data_to_3nf.load_to_3nf manual__2026-03-27T12:45:00.358499+00:00 [queued]>
[2026-03-27T12:45:01.359+0000] {taskinstance.py:1361} INFO - Starting attempt 1 of 2
[2026-03-27T12:45:01.364+0000] {taskinstance.py:1382} INFO - Executing <Task(PythonOperator): load_to_3nf> on 2026-03-27 12:45:00.358499+00:00
[2026-03-27T12:45:01.367+0000] {standard_task_runner.py:57} INFO - Started process 587 to run task
[2026-03-27T12:45:01.368+0000] {standard_task_runner.py:84} INFO - Running: ['***', 'tasks', 'run', 'PDE_3_load_data_to_3nf', 'load_to_3nf', 'manual__2026-03-27T12:45:00.358499+00:00', '--job-id', '64', '--raw', '--subdir', 'DAGS_FOLDER/PDE_3_load_data_to_3nf.py', '--cfg-path', '/tmp/tmp4w68fru0']
[2026-03-27T12:45:01.369+0000] {standard_task_runner.py:85} INFO - Job 64: Subtask load_to_3nf
[2026-03-27T12:45:01.388+0000] {task_command.py:415} INFO - Running <TaskInstance: PDE_3_load_data_to_3nf.load_to_3nf manual__2026-03-27T12:45:00.358499+00:00 [running]> on host 2e97d7dd54f2
[2026-03-27T12:45:01.422+0000] {taskinstance.py:1660} INFO - Exporting env vars: AIRFLOW_CTX_DAG_OWNER='data_team' AIRFLOW_CTX_DAG_ID='PDE_3_load_data_to_3nf' AIRFLOW_CTX_TASK_ID='load_to_3nf' AIRFLOW_CTX_EXECUTION_DATE='2026-03-27T12:45:00.358499+00:00' AIRFLOW_CTX_TRY_NUMBER='1' AIRFLOW_CTX_DAG_RUN_ID='manual__2026-03-27T12:45:00.358499+00:00'
[2026-03-27T12:45:01.426+0000] {base.py:73} INFO - Using connection ID 'postgres_default' for task execution.
[2026-03-27T12:45:01.452+0000] {logging_mixin.py:151} INFO - 🗑️ Таблицы очищены (с каскадным удалением)
[2026-03-27T12:45:01.533+0000] {logging_mixin.py:151} INFO - ✅ Загружены users: 8353 записей
[2026-03-27T12:45:01.577+0000] {logging_mixin.py:151} INFO - ✅ Загружены drivers: 390 записей
[2026-03-27T12:45:01.628+0000] {logging_mixin.py:151} INFO - ✅ Загружены stores: 3 записей
[2026-03-27T12:45:01.762+0000] {logging_mixin.py:151} INFO - ✅ Загружены items: 18 записей
[2026-03-27T12:45:01.944+0000] {logging_mixin.py:151} INFO - ✅ Загружены orders: 10000 записей
[2026-03-27T12:45:03.014+0000] {logging_mixin.py:151} INFO - ✅ Загружены order_items: 177704 записей
[2026-03-27T12:45:03.372+0000] {logging_mixin.py:151} INFO - ✅ Загружена order_status_history: 37358 записей
[2026-03-27T12:45:03.409+0000] {logging_mixin.py:151} INFO - ✅ Загружены item_replacements: 9015 записей
[2026-03-27T12:45:03.421+0000] {logging_mixin.py:151} INFO - 
📊 СТАТИСТИКА ЗАГРУЗКИ:
[2026-03-27T12:45:03.421+0000] {logging_mixin.py:151} INFO -    users: 8353 записей
[2026-03-27T12:45:03.421+0000] {logging_mixin.py:151} INFO -    drivers: 390 записей
[2026-03-27T12:45:03.421+0000] {logging_mixin.py:151} INFO -    stores: 3 записей
[2026-03-27T12:45:03.421+0000] {logging_mixin.py:151} INFO -    items: 18 записей
[2026-03-27T12:45:03.422+0000] {logging_mixin.py:151} INFO -    orders: 10000 записей
[2026-03-27T12:45:03.422+0000] {logging_mixin.py:151} INFO -    order_items: 177704 записей
[2026-03-27T12:45:03.422+0000] {logging_mixin.py:151} INFO -    order_status_history: 37358 записей
[2026-03-27T12:45:03.422+0000] {logging_mixin.py:151} INFO -    item_replacements: 9015 записей
[2026-03-27T12:45:03.422+0000] {python.py:194} INFO - Done. Returned value was: None
[2026-03-27T12:45:03.428+0000] {taskinstance.py:1400} INFO - Marking task as SUCCESS. dag_id=PDE_3_load_data_to_3nf, task_id=load_to_3nf, execution_date=20260327T124500, start_date=20260327T124501, end_date=20260327T124503
[2026-03-27T12:45:03.473+0000] {local_task_job_runner.py:228} INFO - Task exited with return code 0
[2026-03-27T12:45:03.481+0000] {taskinstance.py:2784} INFO - 0 downstream tasks scheduled from follow-on schedule check
