[2026-03-27T10:55:56.867+0000] {processor.py:157} INFO - Started process (PID=179) to work on /opt/airflow/dags/weather_project/iot.py
[2026-03-27T10:55:56.868+0000] {processor.py:829} INFO - Processing file /opt/airflow/dags/weather_project/iot.py for tasks to queue
[2026-03-27T10:55:56.868+0000] {logging_mixin.py:151} INFO - [2026-03-27T10:55:56.868+0000] {dagbag.py:539} INFO - Filling up the DagBag from /opt/airflow/dags/weather_project/iot.py
[2026-03-27T10:55:57.690+0000] {processor.py:839} INFO - DAG(s) dict_keys(['iot_temp_simple']) retrieved from /opt/airflow/dags/weather_project/iot.py
[2026-03-27T10:55:57.736+0000] {logging_mixin.py:151} INFO - [2026-03-27T10:55:57.736+0000] {manager.py:501} INFO - Created Permission View: can edit on DAG:iot_temp_simple
[2026-03-27T10:55:57.742+0000] {logging_mixin.py:151} INFO - [2026-03-27T10:55:57.742+0000] {manager.py:501} INFO - Created Permission View: can read on DAG:iot_temp_simple
[2026-03-27T10:55:57.746+0000] {logging_mixin.py:151} INFO - [2026-03-27T10:55:57.746+0000] {manager.py:501} INFO - Created Permission View: can delete on DAG:iot_temp_simple
[2026-03-27T10:55:57.753+0000] {logging_mixin.py:151} INFO - [2026-03-27T10:55:57.753+0000] {dag.py:2907} INFO - Sync 1 DAGs
[2026-03-27T10:55:57.759+0000] {logging_mixin.py:151} INFO - [2026-03-27T10:55:57.759+0000] {dag.py:2929} INFO - Creating ORM DAG for iot_temp_simple
[2026-03-27T10:55:57.764+0000] {logging_mixin.py:151} INFO - [2026-03-27T10:55:57.764+0000] {dag.py:3677} INFO - Setting next_dagrun for iot_temp_simple to 2026-03-26T00:00:00+00:00, run_after=2026-03-27T00:00:00+00:00
[2026-03-27T10:55:57.773+0000] {processor.py:179} INFO - Processing /opt/airflow/dags/weather_project/iot.py took 0.907 seconds
[2026-03-27T10:56:08.258+0000] {processor.py:157} INFO - Started process (PID=230) to work on /opt/airflow/dags/weather_project/iot.py
[2026-03-27T10:56:08.259+0000] {processor.py:829} INFO - Processing file /opt/airflow/dags/weather_project/iot.py for tasks to queue
[2026-03-27T10:56:08.265+0000] {logging_mixin.py:151} INFO - [2026-03-27T10:56:08.265+0000] {dagbag.py:539} INFO - Filling up the DagBag from /opt/airflow/dags/weather_project/iot.py
[2026-03-27T10:56:08.407+0000] {processor.py:839} INFO - DAG(s) dict_keys(['iot_temp_simple']) retrieved from /opt/airflow/dags/weather_project/iot.py
[2026-03-27T10:56:08.415+0000] {logging_mixin.py:151} INFO - [2026-03-27T10:56:08.415+0000] {dag.py:2907} INFO - Sync 1 DAGs
[2026-03-27T10:56:08.426+0000] {logging_mixin.py:151} INFO - [2026-03-27T10:56:08.426+0000] {dag.py:3677} INFO - Setting next_dagrun for iot_temp_simple to 2026-03-26T00:00:00+00:00, run_after=2026-03-27T00:00:00+00:00
[2026-03-27T10:56:08.435+0000] {processor.py:179} INFO - Processing /opt/airflow/dags/weather_project/iot.py took 0.181 seconds
[2026-03-27T10:56:18.728+0000] {processor.py:157} INFO - Started process (PID=278) to work on /opt/airflow/dags/weather_project/iot.py
[2026-03-27T10:56:18.729+0000] {processor.py:829} INFO - Processing file /opt/airflow/dags/weather_project/iot.py for tasks to queue
[2026-03-27T10:56:18.730+0000] {logging_mixin.py:151} INFO - [2026-03-27T10:56:18.730+0000] {dagbag.py:539} INFO - Filling up the DagBag from /opt/airflow/dags/weather_project/iot.py
[2026-03-27T10:56:18.863+0000] {processor.py:839} INFO - DAG(s) dict_keys(['iot_temp_simple']) retrieved from /opt/airflow/dags/weather_project/iot.py
[2026-03-27T10:56:18.870+0000] {logging_mixin.py:151} INFO - [2026-03-27T10:56:18.870+0000] {dag.py:2907} INFO - Sync 1 DAGs
[2026-03-27T10:56:18.880+0000] {logging_mixin.py:151} INFO - [2026-03-27T10:56:18.880+0000] {dag.py:3677} INFO - Setting next_dagrun for iot_temp_simple to 2026-03-26T00:00:00+00:00, run_after=2026-03-27T00:00:00+00:00
[2026-03-27T10:56:18.886+0000] {processor.py:179} INFO - Processing /opt/airflow/dags/weather_project/iot.py took 0.161 seconds
[2026-03-27T10:56:29.205+0000] {processor.py:157} INFO - Started process (PID=326) to work on /opt/airflow/dags/weather_project/iot.py
[2026-03-27T10:56:29.209+0000] {processor.py:829} INFO - Processing file /opt/airflow/dags/weather_project/iot.py for tasks to queue
[2026-03-27T10:56:29.211+0000] {logging_mixin.py:151} INFO - [2026-03-27T10:56:29.211+0000] {dagbag.py:539} INFO - Filling up the DagBag from /opt/airflow/dags/weather_project/iot.py
[2026-03-27T10:56:29.336+0000] {processor.py:839} INFO - DAG(s) dict_keys(['iot_temp_simple']) retrieved from /opt/airflow/dags/weather_project/iot.py
[2026-03-27T10:56:29.346+0000] {logging_mixin.py:151} INFO - [2026-03-27T10:56:29.346+0000] {dag.py:2907} INFO - Sync 1 DAGs
[2026-03-27T10:56:29.355+0000] {logging_mixin.py:151} INFO - [2026-03-27T10:56:29.355+0000] {dag.py:3677} INFO - Setting next_dagrun for iot_temp_simple to 2026-03-26T00:00:00+00:00, run_after=2026-03-27T00:00:00+00:00
[2026-03-27T10:56:29.371+0000] {processor.py:179} INFO - Processing /opt/airflow/dags/weather_project/iot.py took 0.169 seconds
[2026-03-27T10:56:39.655+0000] {processor.py:157} INFO - Started process (PID=374) to work on /opt/airflow/dags/weather_project/iot.py
[2026-03-27T10:56:39.657+0000] {processor.py:829} INFO - Processing file /opt/airflow/dags/weather_project/iot.py for tasks to queue
[2026-03-27T10:56:39.658+0000] {logging_mixin.py:151} INFO - [2026-03-27T10:56:39.658+0000] {dagbag.py:539} INFO - Filling up the DagBag from /opt/airflow/dags/weather_project/iot.py
[2026-03-27T10:56:39.795+0000] {processor.py:839} INFO - DAG(s) dict_keys(['iot_temp_simple']) retrieved from /opt/airflow/dags/weather_project/iot.py
[2026-03-27T10:56:39.805+0000] {logging_mixin.py:151} INFO - [2026-03-27T10:56:39.805+0000] {dag.py:2907} INFO - Sync 1 DAGs
[2026-03-27T10:56:39.813+0000] {logging_mixin.py:151} INFO - [2026-03-27T10:56:39.813+0000] {dag.py:3677} INFO - Setting next_dagrun for iot_temp_simple to 2026-03-26T00:00:00+00:00, run_after=2026-03-27T00:00:00+00:00
[2026-03-27T10:56:39.823+0000] {processor.py:179} INFO - Processing /opt/airflow/dags/weather_project/iot.py took 0.170 seconds
[2026-03-27T10:56:50.058+0000] {processor.py:157} INFO - Started process (PID=422) to work on /opt/airflow/dags/weather_project/iot.py
[2026-03-27T10:56:50.059+0000] {processor.py:829} INFO - Processing file /opt/airflow/dags/weather_project/iot.py for tasks to queue
[2026-03-27T10:56:50.061+0000] {logging_mixin.py:151} INFO - [2026-03-27T10:56:50.061+0000] {dagbag.py:539} INFO - Filling up the DagBag from /opt/airflow/dags/weather_project/iot.py
[2026-03-27T10:56:50.239+0000] {processor.py:839} INFO - DAG(s) dict_keys(['iot_temp_simple']) retrieved from /opt/airflow/dags/weather_project/iot.py
[2026-03-27T10:56:50.252+0000] {logging_mixin.py:151} INFO - [2026-03-27T10:56:50.252+0000] {dag.py:2907} INFO - Sync 1 DAGs
[2026-03-27T10:56:50.263+0000] {logging_mixin.py:151} INFO - [2026-03-27T10:56:50.263+0000] {dag.py:3677} INFO - Setting next_dagrun for iot_temp_simple to 2026-03-26T00:00:00+00:00, run_after=2026-03-27T00:00:00+00:00
[2026-03-27T10:56:50.274+0000] {processor.py:179} INFO - Processing /opt/airflow/dags/weather_project/iot.py took 0.218 seconds
[2026-03-27T10:57:00.546+0000] {processor.py:157} INFO - Started process (PID=470) to work on /opt/airflow/dags/weather_project/iot.py
[2026-03-27T10:57:00.547+0000] {processor.py:829} INFO - Processing file /opt/airflow/dags/weather_project/iot.py for tasks to queue
[2026-03-27T10:57:00.548+0000] {logging_mixin.py:151} INFO - [2026-03-27T10:57:00.548+0000] {dagbag.py:539} INFO - Filling up the DagBag from /opt/airflow/dags/weather_project/iot.py
[2026-03-27T10:57:00.674+0000] {processor.py:839} INFO - DAG(s) dict_keys(['iot_temp_simple']) retrieved from /opt/airflow/dags/weather_project/iot.py
[2026-03-27T10:57:00.683+0000] {logging_mixin.py:151} INFO - [2026-03-27T10:57:00.683+0000] {dag.py:2907} INFO - Sync 1 DAGs
[2026-03-27T10:57:00.692+0000] {logging_mixin.py:151} INFO - [2026-03-27T10:57:00.692+0000] {dag.py:3677} INFO - Setting next_dagrun for iot_temp_simple to 2026-03-26T00:00:00+00:00, run_after=2026-03-27T00:00:00+00:00
[2026-03-27T10:57:00.699+0000] {processor.py:179} INFO - Processing /opt/airflow/dags/weather_project/iot.py took 0.155 seconds
[2026-03-27T10:57:10.952+0000] {processor.py:157} INFO - Started process (PID=518) to work on /opt/airflow/dags/weather_project/iot.py
[2026-03-27T10:57:10.956+0000] {processor.py:829} INFO - Processing file /opt/airflow/dags/weather_project/iot.py for tasks to queue
[2026-03-27T10:57:10.958+0000] {logging_mixin.py:151} INFO - [2026-03-27T10:57:10.958+0000] {dagbag.py:539} INFO - Filling up the DagBag from /opt/airflow/dags/weather_project/iot.py
[2026-03-27T10:57:11.087+0000] {processor.py:839} INFO - DAG(s) dict_keys(['iot_temp_simple']) retrieved from /opt/airflow/dags/weather_project/iot.py
[2026-03-27T10:57:11.096+0000] {logging_mixin.py:151} INFO - [2026-03-27T10:57:11.096+0000] {dag.py:2907} INFO - Sync 1 DAGs
[2026-03-27T10:57:11.104+0000] {logging_mixin.py:151} INFO - [2026-03-27T10:57:11.104+0000] {dag.py:3677} INFO - Setting next_dagrun for iot_temp_simple to 2026-03-26T00:00:00+00:00, run_after=2026-03-27T00:00:00+00:00
[2026-03-27T10:57:11.111+0000] {processor.py:179} INFO - Processing /opt/airflow/dags/weather_project/iot.py took 0.163 seconds
[2026-03-27T10:57:21.379+0000] {processor.py:157} INFO - Started process (PID=566) to work on /opt/airflow/dags/weather_project/iot.py
[2026-03-27T10:57:21.382+0000] {processor.py:829} INFO - Processing file /opt/airflow/dags/weather_project/iot.py for tasks to queue
[2026-03-27T10:57:21.384+0000] {logging_mixin.py:151} INFO - [2026-03-27T10:57:21.384+0000] {dagbag.py:539} INFO - Filling up the DagBag from /opt/airflow/dags/weather_project/iot.py
[2026-03-27T10:57:21.505+0000] {processor.py:839} INFO - DAG(s) dict_keys(['iot_temp_simple']) retrieved from /opt/airflow/dags/weather_project/iot.py
[2026-03-27T10:57:21.515+0000] {logging_mixin.py:151} INFO - [2026-03-27T10:57:21.515+0000] {dag.py:2907} INFO - Sync 1 DAGs
[2026-03-27T10:57:21.523+0000] {logging_mixin.py:151} INFO - [2026-03-27T10:57:21.523+0000] {dag.py:3677} INFO - Setting next_dagrun for iot_temp_simple to 2026-03-26T00:00:00+00:00, run_after=2026-03-27T00:00:00+00:00
[2026-03-27T10:57:21.531+0000] {processor.py:179} INFO - Processing /opt/airflow/dags/weather_project/iot.py took 0.154 seconds
[2026-03-27T10:57:31.845+0000] {processor.py:157} INFO - Started process (PID=614) to work on /opt/airflow/dags/weather_project/iot.py
[2026-03-27T10:57:31.847+0000] {processor.py:829} INFO - Processing file /opt/airflow/dags/weather_project/iot.py for tasks to queue
[2026-03-27T10:57:31.850+0000] {logging_mixin.py:151} INFO - [2026-03-27T10:57:31.850+0000] {dagbag.py:539} INFO - Filling up the DagBag from /opt/airflow/dags/weather_project/iot.py
[2026-03-27T10:57:32.051+0000] {processor.py:839} INFO - DAG(s) dict_keys(['iot_temp_simple']) retrieved from /opt/airflow/dags/weather_project/iot.py
[2026-03-27T10:57:32.060+0000] {logging_mixin.py:151} INFO - [2026-03-27T10:57:32.060+0000] {dag.py:2907} INFO - Sync 1 DAGs
[2026-03-27T10:57:32.069+0000] {logging_mixin.py:151} INFO - [2026-03-27T10:57:32.069+0000] {dag.py:3677} INFO - Setting next_dagrun for iot_temp_simple to 2026-03-26T00:00:00+00:00, run_after=2026-03-27T00:00:00+00:00
[2026-03-27T10:57:32.078+0000] {processor.py:179} INFO - Processing /opt/airflow/dags/weather_project/iot.py took 0.238 seconds
[2026-03-27T10:57:42.352+0000] {processor.py:157} INFO - Started process (PID=662) to work on /opt/airflow/dags/weather_project/iot.py
[2026-03-27T10:57:42.352+0000] {processor.py:829} INFO - Processing file /opt/airflow/dags/weather_project/iot.py for tasks to queue
[2026-03-27T10:57:42.354+0000] {logging_mixin.py:151} INFO - [2026-03-27T10:57:42.354+0000] {dagbag.py:539} INFO - Filling up the DagBag from /opt/airflow/dags/weather_project/iot.py
[2026-03-27T10:57:42.481+0000] {processor.py:839} INFO - DAG(s) dict_keys(['iot_temp_simple']) retrieved from /opt/airflow/dags/weather_project/iot.py
[2026-03-27T10:57:42.492+0000] {logging_mixin.py:151} INFO - [2026-03-27T10:57:42.492+0000] {dag.py:2907} INFO - Sync 1 DAGs
[2026-03-27T10:57:42.501+0000] {logging_mixin.py:151} INFO - [2026-03-27T10:57:42.500+0000] {dag.py:3677} INFO - Setting next_dagrun for iot_temp_simple to 2026-03-26T00:00:00+00:00, run_after=2026-03-27T00:00:00+00:00
[2026-03-27T10:57:42.509+0000] {processor.py:179} INFO - Processing /opt/airflow/dags/weather_project/iot.py took 0.160 seconds
[2026-03-27T10:57:52.840+0000] {processor.py:157} INFO - Started process (PID=710) to work on /opt/airflow/dags/weather_project/iot.py
[2026-03-27T10:57:52.842+0000] {processor.py:829} INFO - Processing file /opt/airflow/dags/weather_project/iot.py for tasks to queue
[2026-03-27T10:57:52.843+0000] {logging_mixin.py:151} INFO - [2026-03-27T10:57:52.843+0000] {dagbag.py:539} INFO - Filling up the DagBag from /opt/airflow/dags/weather_project/iot.py
[2026-03-27T10:57:52.971+0000] {processor.py:839} INFO - DAG(s) dict_keys(['iot_temp_simple']) retrieved from /opt/airflow/dags/weather_project/iot.py
[2026-03-27T10:57:52.980+0000] {logging_mixin.py:151} INFO - [2026-03-27T10:57:52.980+0000] {dag.py:2907} INFO - Sync 1 DAGs
[2026-03-27T10:57:52.991+0000] {logging_mixin.py:151} INFO - [2026-03-27T10:57:52.991+0000] {dag.py:3677} INFO - Setting next_dagrun for iot_temp_simple to 2026-03-26T00:00:00+00:00, run_after=2026-03-27T00:00:00+00:00
[2026-03-27T10:57:52.999+0000] {processor.py:179} INFO - Processing /opt/airflow/dags/weather_project/iot.py took 0.161 seconds
[2026-03-27T10:58:03.306+0000] {processor.py:157} INFO - Started process (PID=758) to work on /opt/airflow/dags/weather_project/iot.py
[2026-03-27T10:58:03.307+0000] {processor.py:829} INFO - Processing file /opt/airflow/dags/weather_project/iot.py for tasks to queue
[2026-03-27T10:58:03.309+0000] {logging_mixin.py:151} INFO - [2026-03-27T10:58:03.309+0000] {dagbag.py:539} INFO - Filling up the DagBag from /opt/airflow/dags/weather_project/iot.py
[2026-03-27T10:58:03.436+0000] {processor.py:839} INFO - DAG(s) dict_keys(['iot_temp_simple']) retrieved from /opt/airflow/dags/weather_project/iot.py
[2026-03-27T10:58:03.446+0000] {logging_mixin.py:151} INFO - [2026-03-27T10:58:03.446+0000] {dag.py:2907} INFO - Sync 1 DAGs
[2026-03-27T10:58:03.454+0000] {logging_mixin.py:151} INFO - [2026-03-27T10:58:03.454+0000] {dag.py:3677} INFO - Setting next_dagrun for iot_temp_simple to 2026-03-26T00:00:00+00:00, run_after=2026-03-27T00:00:00+00:00
[2026-03-27T10:58:03.464+0000] {processor.py:179} INFO - Processing /opt/airflow/dags/weather_project/iot.py took 0.160 seconds
[2026-03-27T10:58:13.747+0000] {processor.py:157} INFO - Started process (PID=806) to work on /opt/airflow/dags/weather_project/iot.py
[2026-03-27T10:58:13.748+0000] {processor.py:829} INFO - Processing file /opt/airflow/dags/weather_project/iot.py for tasks to queue
[2026-03-27T10:58:13.749+0000] {logging_mixin.py:151} INFO - [2026-03-27T10:58:13.749+0000] {dagbag.py:539} INFO - Filling up the DagBag from /opt/airflow/dags/weather_project/iot.py
[2026-03-27T10:58:13.882+0000] {processor.py:839} INFO - DAG(s) dict_keys(['iot_temp_simple']) retrieved from /opt/airflow/dags/weather_project/iot.py
[2026-03-27T10:58:13.892+0000] {logging_mixin.py:151} INFO - [2026-03-27T10:58:13.892+0000] {dag.py:2907} INFO - Sync 1 DAGs
[2026-03-27T10:58:13.901+0000] {logging_mixin.py:151} INFO - [2026-03-27T10:58:13.901+0000] {dag.py:3677} INFO - Setting next_dagrun for iot_temp_simple to 2026-03-26T00:00:00+00:00, run_after=2026-03-27T00:00:00+00:00
[2026-03-27T10:58:13.910+0000] {processor.py:179} INFO - Processing /opt/airflow/dags/weather_project/iot.py took 0.165 seconds
[2026-03-27T10:58:24.238+0000] {processor.py:157} INFO - Started process (PID=854) to work on /opt/airflow/dags/weather_project/iot.py
[2026-03-27T10:58:24.240+0000] {processor.py:829} INFO - Processing file /opt/airflow/dags/weather_project/iot.py for tasks to queue
[2026-03-27T10:58:24.241+0000] {logging_mixin.py:151} INFO - [2026-03-27T10:58:24.241+0000] {dagbag.py:539} INFO - Filling up the DagBag from /opt/airflow/dags/weather_project/iot.py
[2026-03-27T10:58:24.371+0000] {processor.py:839} INFO - DAG(s) dict_keys(['iot_temp_simple']) retrieved from /opt/airflow/dags/weather_project/iot.py
[2026-03-27T10:58:24.381+0000] {logging_mixin.py:151} INFO - [2026-03-27T10:58:24.381+0000] {dag.py:2907} INFO - Sync 1 DAGs
[2026-03-27T10:58:24.391+0000] {logging_mixin.py:151} INFO - [2026-03-27T10:58:24.391+0000] {dag.py:3677} INFO - Setting next_dagrun for iot_temp_simple to 2026-03-26T00:00:00+00:00, run_after=2026-03-27T00:00:00+00:00
[2026-03-27T10:58:24.398+0000] {processor.py:179} INFO - Processing /opt/airflow/dags/weather_project/iot.py took 0.162 seconds
[2026-03-27T10:58:34.686+0000] {processor.py:157} INFO - Started process (PID=902) to work on /opt/airflow/dags/weather_project/iot.py
[2026-03-27T10:58:34.687+0000] {processor.py:829} INFO - Processing file /opt/airflow/dags/weather_project/iot.py for tasks to queue
[2026-03-27T10:58:34.688+0000] {logging_mixin.py:151} INFO - [2026-03-27T10:58:34.688+0000] {dagbag.py:539} INFO - Filling up the DagBag from /opt/airflow/dags/weather_project/iot.py
[2026-03-27T10:58:34.826+0000] {processor.py:839} INFO - DAG(s) dict_keys(['iot_temp_simple']) retrieved from /opt/airflow/dags/weather_project/iot.py
[2026-03-27T10:58:34.836+0000] {logging_mixin.py:151} INFO - [2026-03-27T10:58:34.836+0000] {dag.py:2907} INFO - Sync 1 DAGs
[2026-03-27T10:58:34.844+0000] {logging_mixin.py:151} INFO - [2026-03-27T10:58:34.844+0000] {dag.py:3677} INFO - Setting next_dagrun for iot_temp_simple to 2026-03-26T00:00:00+00:00, run_after=2026-03-27T00:00:00+00:00
[2026-03-27T10:58:34.852+0000] {processor.py:179} INFO - Processing /opt/airflow/dags/weather_project/iot.py took 0.168 seconds
[2026-03-27T10:58:45.112+0000] {processor.py:157} INFO - Started process (PID=950) to work on /opt/airflow/dags/weather_project/iot.py
[2026-03-27T10:58:45.114+0000] {processor.py:829} INFO - Processing file /opt/airflow/dags/weather_project/iot.py for tasks to queue
[2026-03-27T10:58:45.116+0000] {logging_mixin.py:151} INFO - [2026-03-27T10:58:45.115+0000] {dagbag.py:539} INFO - Filling up the DagBag from /opt/airflow/dags/weather_project/iot.py
[2026-03-27T10:58:45.257+0000] {processor.py:839} INFO - DAG(s) dict_keys(['iot_temp_simple']) retrieved from /opt/airflow/dags/weather_project/iot.py
[2026-03-27T10:58:45.268+0000] {logging_mixin.py:151} INFO - [2026-03-27T10:58:45.267+0000] {dag.py:2907} INFO - Sync 1 DAGs
[2026-03-27T10:58:45.276+0000] {logging_mixin.py:151} INFO - [2026-03-27T10:58:45.276+0000] {dag.py:3677} INFO - Setting next_dagrun for iot_temp_simple to 2026-03-26T00:00:00+00:00, run_after=2026-03-27T00:00:00+00:00
[2026-03-27T10:58:45.286+0000] {processor.py:179} INFO - Processing /opt/airflow/dags/weather_project/iot.py took 0.176 seconds
[2026-03-27T10:58:55.516+0000] {processor.py:157} INFO - Started process (PID=998) to work on /opt/airflow/dags/weather_project/iot.py
[2026-03-27T10:58:55.519+0000] {processor.py:829} INFO - Processing file /opt/airflow/dags/weather_project/iot.py for tasks to queue
[2026-03-27T10:58:55.523+0000] {logging_mixin.py:151} INFO - [2026-03-27T10:58:55.522+0000] {dagbag.py:539} INFO - Filling up the DagBag from /opt/airflow/dags/weather_project/iot.py
[2026-03-27T10:58:55.676+0000] {processor.py:839} INFO - DAG(s) dict_keys(['iot_temp_simple']) retrieved from /opt/airflow/dags/weather_project/iot.py
[2026-03-27T10:58:55.689+0000] {logging_mixin.py:151} INFO - [2026-03-27T10:58:55.689+0000] {dag.py:2907} INFO - Sync 1 DAGs
[2026-03-27T10:58:55.701+0000] {logging_mixin.py:151} INFO - [2026-03-27T10:58:55.701+0000] {dag.py:3677} INFO - Setting next_dagrun for iot_temp_simple to 2026-03-26T00:00:00+00:00, run_after=2026-03-27T00:00:00+00:00
[2026-03-27T10:58:55.714+0000] {processor.py:179} INFO - Processing /opt/airflow/dags/weather_project/iot.py took 0.200 seconds
[2026-03-27T10:59:05.981+0000] {processor.py:157} INFO - Started process (PID=1046) to work on /opt/airflow/dags/weather_project/iot.py
[2026-03-27T10:59:05.987+0000] {processor.py:829} INFO - Processing file /opt/airflow/dags/weather_project/iot.py for tasks to queue
[2026-03-27T10:59:05.989+0000] {logging_mixin.py:151} INFO - [2026-03-27T10:59:05.989+0000] {dagbag.py:539} INFO - Filling up the DagBag from /opt/airflow/dags/weather_project/iot.py
[2026-03-27T10:59:06.117+0000] {processor.py:839} INFO - DAG(s) dict_keys(['iot_temp_simple']) retrieved from /opt/airflow/dags/weather_project/iot.py
[2026-03-27T10:59:06.127+0000] {logging_mixin.py:151} INFO - [2026-03-27T10:59:06.127+0000] {dag.py:2907} INFO - Sync 1 DAGs
[2026-03-27T10:59:06.137+0000] {logging_mixin.py:151} INFO - [2026-03-27T10:59:06.137+0000] {dag.py:3677} INFO - Setting next_dagrun for iot_temp_simple to 2026-03-26T00:00:00+00:00, run_after=2026-03-27T00:00:00+00:00
[2026-03-27T10:59:06.147+0000] {processor.py:179} INFO - Processing /opt/airflow/dags/weather_project/iot.py took 0.169 seconds
[2026-03-27T10:59:16.470+0000] {processor.py:157} INFO - Started process (PID=1094) to work on /opt/airflow/dags/weather_project/iot.py
[2026-03-27T10:59:16.471+0000] {processor.py:829} INFO - Processing file /opt/airflow/dags/weather_project/iot.py for tasks to queue
[2026-03-27T10:59:16.473+0000] {logging_mixin.py:151} INFO - [2026-03-27T10:59:16.473+0000] {dagbag.py:539} INFO - Filling up the DagBag from /opt/airflow/dags/weather_project/iot.py
[2026-03-27T10:59:16.606+0000] {processor.py:839} INFO - DAG(s) dict_keys(['iot_temp_simple']) retrieved from /opt/airflow/dags/weather_project/iot.py
[2026-03-27T10:59:16.616+0000] {logging_mixin.py:151} INFO - [2026-03-27T10:59:16.616+0000] {dag.py:2907} INFO - Sync 1 DAGs
[2026-03-27T10:59:16.626+0000] {logging_mixin.py:151} INFO - [2026-03-27T10:59:16.626+0000] {dag.py:3677} INFO - Setting next_dagrun for iot_temp_simple to 2026-03-26T00:00:00+00:00, run_after=2026-03-27T00:00:00+00:00
[2026-03-27T10:59:16.634+0000] {processor.py:179} INFO - Processing /opt/airflow/dags/weather_project/iot.py took 0.165 seconds
[2026-03-27T10:59:26.891+0000] {processor.py:157} INFO - Started process (PID=1142) to work on /opt/airflow/dags/weather_project/iot.py
[2026-03-27T10:59:26.892+0000] {processor.py:829} INFO - Processing file /opt/airflow/dags/weather_project/iot.py for tasks to queue
[2026-03-27T10:59:26.894+0000] {logging_mixin.py:151} INFO - [2026-03-27T10:59:26.894+0000] {dagbag.py:539} INFO - Filling up the DagBag from /opt/airflow/dags/weather_project/iot.py
[2026-03-27T10:59:27.019+0000] {processor.py:839} INFO - DAG(s) dict_keys(['iot_temp_simple']) retrieved from /opt/airflow/dags/weather_project/iot.py
[2026-03-27T10:59:27.028+0000] {logging_mixin.py:151} INFO - [2026-03-27T10:59:27.028+0000] {dag.py:2907} INFO - Sync 1 DAGs
[2026-03-27T10:59:27.038+0000] {logging_mixin.py:151} INFO - [2026-03-27T10:59:27.038+0000] {dag.py:3677} INFO - Setting next_dagrun for iot_temp_simple to 2026-03-26T00:00:00+00:00, run_after=2026-03-27T00:00:00+00:00
[2026-03-27T10:59:27.048+0000] {processor.py:179} INFO - Processing /opt/airflow/dags/weather_project/iot.py took 0.159 seconds
[2026-03-27T10:59:37.378+0000] {processor.py:157} INFO - Started process (PID=1190) to work on /opt/airflow/dags/weather_project/iot.py
[2026-03-27T10:59:37.381+0000] {processor.py:829} INFO - Processing file /opt/airflow/dags/weather_project/iot.py for tasks to queue
[2026-03-27T10:59:37.383+0000] {logging_mixin.py:151} INFO - [2026-03-27T10:59:37.383+0000] {dagbag.py:539} INFO - Filling up the DagBag from /opt/airflow/dags/weather_project/iot.py
[2026-03-27T10:59:37.565+0000] {processor.py:839} INFO - DAG(s) dict_keys(['iot_temp_simple']) retrieved from /opt/airflow/dags/weather_project/iot.py
[2026-03-27T10:59:37.579+0000] {logging_mixin.py:151} INFO - [2026-03-27T10:59:37.579+0000] {dag.py:2907} INFO - Sync 1 DAGs
[2026-03-27T10:59:37.592+0000] {logging_mixin.py:151} INFO - [2026-03-27T10:59:37.592+0000] {dag.py:3677} INFO - Setting next_dagrun for iot_temp_simple to 2026-03-26T00:00:00+00:00, run_after=2026-03-27T00:00:00+00:00
[2026-03-27T10:59:37.605+0000] {processor.py:179} INFO - Processing /opt/airflow/dags/weather_project/iot.py took 0.230 seconds
[2026-03-27T10:59:47.919+0000] {processor.py:157} INFO - Started process (PID=1238) to work on /opt/airflow/dags/weather_project/iot.py
[2026-03-27T10:59:47.921+0000] {processor.py:829} INFO - Processing file /opt/airflow/dags/weather_project/iot.py for tasks to queue
[2026-03-27T10:59:47.923+0000] {logging_mixin.py:151} INFO - [2026-03-27T10:59:47.923+0000] {dagbag.py:539} INFO - Filling up the DagBag from /opt/airflow/dags/weather_project/iot.py
[2026-03-27T10:59:48.048+0000] {processor.py:839} INFO - DAG(s) dict_keys(['iot_temp_simple']) retrieved from /opt/airflow/dags/weather_project/iot.py
[2026-03-27T10:59:48.058+0000] {logging_mixin.py:151} INFO - [2026-03-27T10:59:48.057+0000] {dag.py:2907} INFO - Sync 1 DAGs
[2026-03-27T10:59:48.066+0000] {logging_mixin.py:151} INFO - [2026-03-27T10:59:48.066+0000] {dag.py:3677} INFO - Setting next_dagrun for iot_temp_simple to 2026-03-26T00:00:00+00:00, run_after=2026-03-27T00:00:00+00:00
[2026-03-27T10:59:48.075+0000] {processor.py:179} INFO - Processing /opt/airflow/dags/weather_project/iot.py took 0.158 seconds
[2026-03-27T10:59:58.305+0000] {processor.py:157} INFO - Started process (PID=1286) to work on /opt/airflow/dags/weather_project/iot.py
[2026-03-27T10:59:58.306+0000] {processor.py:829} INFO - Processing file /opt/airflow/dags/weather_project/iot.py for tasks to queue
[2026-03-27T10:59:58.307+0000] {logging_mixin.py:151} INFO - [2026-03-27T10:59:58.307+0000] {dagbag.py:539} INFO - Filling up the DagBag from /opt/airflow/dags/weather_project/iot.py
[2026-03-27T10:59:58.444+0000] {processor.py:839} INFO - DAG(s) dict_keys(['iot_temp_simple']) retrieved from /opt/airflow/dags/weather_project/iot.py
[2026-03-27T10:59:58.455+0000] {logging_mixin.py:151} INFO - [2026-03-27T10:59:58.455+0000] {dag.py:2907} INFO - Sync 1 DAGs
[2026-03-27T10:59:58.467+0000] {logging_mixin.py:151} INFO - [2026-03-27T10:59:58.467+0000] {dag.py:3677} INFO - Setting next_dagrun for iot_temp_simple to 2026-03-26T00:00:00+00:00, run_after=2026-03-27T00:00:00+00:00
[2026-03-27T10:59:58.476+0000] {processor.py:179} INFO - Processing /opt/airflow/dags/weather_project/iot.py took 0.174 seconds
[2026-03-27T11:00:08.734+0000] {processor.py:157} INFO - Started process (PID=1334) to work on /opt/airflow/dags/weather_project/iot.py
[2026-03-27T11:00:08.735+0000] {processor.py:829} INFO - Processing file /opt/airflow/dags/weather_project/iot.py for tasks to queue
[2026-03-27T11:00:08.739+0000] {logging_mixin.py:151} INFO - [2026-03-27T11:00:08.739+0000] {dagbag.py:539} INFO - Filling up the DagBag from /opt/airflow/dags/weather_project/iot.py
[2026-03-27T11:00:08.864+0000] {processor.py:839} INFO - DAG(s) dict_keys(['iot_temp_simple']) retrieved from /opt/airflow/dags/weather_project/iot.py
[2026-03-27T11:00:08.874+0000] {logging_mixin.py:151} INFO - [2026-03-27T11:00:08.874+0000] {dag.py:2907} INFO - Sync 1 DAGs
[2026-03-27T11:00:08.882+0000] {logging_mixin.py:151} INFO - [2026-03-27T11:00:08.882+0000] {dag.py:3677} INFO - Setting next_dagrun for iot_temp_simple to 2026-03-26T00:00:00+00:00, run_after=2026-03-27T00:00:00+00:00
[2026-03-27T11:00:08.890+0000] {processor.py:179} INFO - Processing /opt/airflow/dags/weather_project/iot.py took 0.159 seconds
[2026-03-27T11:00:19.148+0000] {processor.py:157} INFO - Started process (PID=1382) to work on /opt/airflow/dags/weather_project/iot.py
[2026-03-27T11:00:19.150+0000] {processor.py:829} INFO - Processing file /opt/airflow/dags/weather_project/iot.py for tasks to queue
[2026-03-27T11:00:19.152+0000] {logging_mixin.py:151} INFO - [2026-03-27T11:00:19.151+0000] {dagbag.py:539} INFO - Filling up the DagBag from /opt/airflow/dags/weather_project/iot.py
[2026-03-27T11:00:19.278+0000] {processor.py:839} INFO - DAG(s) dict_keys(['iot_temp_simple']) retrieved from /opt/airflow/dags/weather_project/iot.py
[2026-03-27T11:00:19.291+0000] {logging_mixin.py:151} INFO - [2026-03-27T11:00:19.291+0000] {dag.py:2907} INFO - Sync 1 DAGs
[2026-03-27T11:00:19.302+0000] {logging_mixin.py:151} INFO - [2026-03-27T11:00:19.302+0000] {dag.py:3677} INFO - Setting next_dagrun for iot_temp_simple to 2026-03-26T00:00:00+00:00, run_after=2026-03-27T00:00:00+00:00
[2026-03-27T11:00:19.310+0000] {processor.py:179} INFO - Processing /opt/airflow/dags/weather_project/iot.py took 0.164 seconds
[2026-03-27T11:00:29.610+0000] {processor.py:157} INFO - Started process (PID=1430) to work on /opt/airflow/dags/weather_project/iot.py
[2026-03-27T11:00:29.611+0000] {processor.py:829} INFO - Processing file /opt/airflow/dags/weather_project/iot.py for tasks to queue
[2026-03-27T11:00:29.613+0000] {logging_mixin.py:151} INFO - [2026-03-27T11:00:29.612+0000] {dagbag.py:539} INFO - Filling up the DagBag from /opt/airflow/dags/weather_project/iot.py
[2026-03-27T11:00:29.746+0000] {processor.py:839} INFO - DAG(s) dict_keys(['iot_temp_simple']) retrieved from /opt/airflow/dags/weather_project/iot.py
[2026-03-27T11:00:29.756+0000] {logging_mixin.py:151} INFO - [2026-03-27T11:00:29.756+0000] {dag.py:2907} INFO - Sync 1 DAGs
[2026-03-27T11:00:29.767+0000] {logging_mixin.py:151} INFO - [2026-03-27T11:00:29.766+0000] {dag.py:3677} INFO - Setting next_dagrun for iot_temp_simple to 2026-03-26T00:00:00+00:00, run_after=2026-03-27T00:00:00+00:00
[2026-03-27T11:00:29.775+0000] {processor.py:179} INFO - Processing /opt/airflow/dags/weather_project/iot.py took 0.167 seconds
[2026-03-27T11:00:40.043+0000] {processor.py:157} INFO - Started process (PID=1478) to work on /opt/airflow/dags/weather_project/iot.py
[2026-03-27T11:00:40.046+0000] {processor.py:829} INFO - Processing file /opt/airflow/dags/weather_project/iot.py for tasks to queue
[2026-03-27T11:00:40.049+0000] {logging_mixin.py:151} INFO - [2026-03-27T11:00:40.049+0000] {dagbag.py:539} INFO - Filling up the DagBag from /opt/airflow/dags/weather_project/iot.py
[2026-03-27T11:00:40.212+0000] {processor.py:839} INFO - DAG(s) dict_keys(['iot_temp_simple']) retrieved from /opt/airflow/dags/weather_project/iot.py
[2026-03-27T11:00:40.223+0000] {logging_mixin.py:151} INFO - [2026-03-27T11:00:40.223+0000] {dag.py:2907} INFO - Sync 1 DAGs
[2026-03-27T11:00:40.233+0000] {logging_mixin.py:151} INFO - [2026-03-27T11:00:40.233+0000] {dag.py:3677} INFO - Setting next_dagrun for iot_temp_simple to 2026-03-26T00:00:00+00:00, run_after=2026-03-27T00:00:00+00:00
[2026-03-27T11:00:40.243+0000] {processor.py:179} INFO - Processing /opt/airflow/dags/weather_project/iot.py took 0.203 seconds
[2026-03-27T11:00:50.501+0000] {processor.py:157} INFO - Started process (PID=1526) to work on /opt/airflow/dags/weather_project/iot.py
[2026-03-27T11:00:50.502+0000] {processor.py:829} INFO - Processing file /opt/airflow/dags/weather_project/iot.py for tasks to queue
[2026-03-27T11:00:50.503+0000] {logging_mixin.py:151} INFO - [2026-03-27T11:00:50.503+0000] {dagbag.py:539} INFO - Filling up the DagBag from /opt/airflow/dags/weather_project/iot.py
[2026-03-27T11:00:50.632+0000] {processor.py:839} INFO - DAG(s) dict_keys(['iot_temp_simple']) retrieved from /opt/airflow/dags/weather_project/iot.py
[2026-03-27T11:00:50.643+0000] {logging_mixin.py:151} INFO - [2026-03-27T11:00:50.643+0000] {dag.py:2907} INFO - Sync 1 DAGs
[2026-03-27T11:00:50.654+0000] {logging_mixin.py:151} INFO - [2026-03-27T11:00:50.654+0000] {dag.py:3677} INFO - Setting next_dagrun for iot_temp_simple to 2026-03-26T00:00:00+00:00, run_after=2026-03-27T00:00:00+00:00
[2026-03-27T11:00:50.663+0000] {processor.py:179} INFO - Processing /opt/airflow/dags/weather_project/iot.py took 0.165 seconds
[2026-03-27T11:01:01.000+0000] {processor.py:157} INFO - Started process (PID=1574) to work on /opt/airflow/dags/weather_project/iot.py
[2026-03-27T11:01:01.000+0000] {processor.py:829} INFO - Processing file /opt/airflow/dags/weather_project/iot.py for tasks to queue
[2026-03-27T11:01:01.002+0000] {logging_mixin.py:151} INFO - [2026-03-27T11:01:01.001+0000] {dagbag.py:539} INFO - Filling up the DagBag from /opt/airflow/dags/weather_project/iot.py
[2026-03-27T11:01:01.137+0000] {processor.py:839} INFO - DAG(s) dict_keys(['iot_temp_simple']) retrieved from /opt/airflow/dags/weather_project/iot.py
[2026-03-27T11:01:01.148+0000] {logging_mixin.py:151} INFO - [2026-03-27T11:01:01.148+0000] {dag.py:2907} INFO - Sync 1 DAGs
[2026-03-27T11:01:01.159+0000] {logging_mixin.py:151} INFO - [2026-03-27T11:01:01.159+0000] {dag.py:3677} INFO - Setting next_dagrun for iot_temp_simple to 2026-03-26T00:00:00+00:00, run_after=2026-03-27T00:00:00+00:00
[2026-03-27T11:01:01.169+0000] {processor.py:179} INFO - Processing /opt/airflow/dags/weather_project/iot.py took 0.171 seconds
[2026-03-27T11:01:11.430+0000] {processor.py:157} INFO - Started process (PID=1622) to work on /opt/airflow/dags/weather_project/iot.py
[2026-03-27T11:01:11.431+0000] {processor.py:829} INFO - Processing file /opt/airflow/dags/weather_project/iot.py for tasks to queue
[2026-03-27T11:01:11.432+0000] {logging_mixin.py:151} INFO - [2026-03-27T11:01:11.432+0000] {dagbag.py:539} INFO - Filling up the DagBag from /opt/airflow/dags/weather_project/iot.py
[2026-03-27T11:01:11.561+0000] {processor.py:839} INFO - DAG(s) dict_keys(['iot_temp_simple']) retrieved from /opt/airflow/dags/weather_project/iot.py
[2026-03-27T11:01:11.572+0000] {logging_mixin.py:151} INFO - [2026-03-27T11:01:11.572+0000] {dag.py:2907} INFO - Sync 1 DAGs
[2026-03-27T11:01:11.583+0000] {logging_mixin.py:151} INFO - [2026-03-27T11:01:11.583+0000] {dag.py:3677} INFO - Setting next_dagrun for iot_temp_simple to 2026-03-26T00:00:00+00:00, run_after=2026-03-27T00:00:00+00:00
[2026-03-27T11:01:11.590+0000] {processor.py:179} INFO - Processing /opt/airflow/dags/weather_project/iot.py took 0.162 seconds
[2026-03-27T11:01:21.864+0000] {processor.py:157} INFO - Started process (PID=1670) to work on /opt/airflow/dags/weather_project/iot.py
[2026-03-27T11:01:21.866+0000] {processor.py:829} INFO - Processing file /opt/airflow/dags/weather_project/iot.py for tasks to queue
[2026-03-27T11:01:21.869+0000] {logging_mixin.py:151} INFO - [2026-03-27T11:01:21.869+0000] {dagbag.py:539} INFO - Filling up the DagBag from /opt/airflow/dags/weather_project/iot.py
[2026-03-27T11:01:22.037+0000] {processor.py:839} INFO - DAG(s) dict_keys(['iot_temp_simple']) retrieved from /opt/airflow/dags/weather_project/iot.py
[2026-03-27T11:01:22.045+0000] {logging_mixin.py:151} INFO - [2026-03-27T11:01:22.045+0000] {dag.py:2907} INFO - Sync 1 DAGs
[2026-03-27T11:01:22.055+0000] {logging_mixin.py:151} INFO - [2026-03-27T11:01:22.055+0000] {dag.py:3677} INFO - Setting next_dagrun for iot_temp_simple to 2026-03-26T00:00:00+00:00, run_after=2026-03-27T00:00:00+00:00
[2026-03-27T11:01:22.066+0000] {processor.py:179} INFO - Processing /opt/airflow/dags/weather_project/iot.py took 0.203 seconds
[2026-03-27T11:01:47.809+0000] {processor.py:157} INFO - Started process (PID=182) to work on /opt/airflow/dags/weather_project/iot.py
[2026-03-27T11:01:47.810+0000] {processor.py:829} INFO - Processing file /opt/airflow/dags/weather_project/iot.py for tasks to queue
[2026-03-27T11:01:47.810+0000] {logging_mixin.py:151} INFO - [2026-03-27T11:01:47.810+0000] {dagbag.py:539} INFO - Filling up the DagBag from /opt/airflow/dags/weather_project/iot.py
[2026-03-27T11:01:48.029+0000] {processor.py:839} INFO - DAG(s) dict_keys(['iot_temp_simple']) retrieved from /opt/airflow/dags/weather_project/iot.py
[2026-03-27T11:01:48.035+0000] {logging_mixin.py:151} INFO - [2026-03-27T11:01:48.035+0000] {dag.py:2907} INFO - Sync 1 DAGs
[2026-03-27T11:01:48.044+0000] {logging_mixin.py:151} INFO - [2026-03-27T11:01:48.044+0000] {dag.py:3677} INFO - Setting next_dagrun for iot_temp_simple to 2026-03-26T00:00:00+00:00, run_after=2026-03-27T00:00:00+00:00
[2026-03-27T11:01:48.056+0000] {processor.py:179} INFO - Processing /opt/airflow/dags/weather_project/iot.py took 0.248 seconds
[2026-03-27T11:01:58.222+0000] {processor.py:157} INFO - Started process (PID=227) to work on /opt/airflow/dags/weather_project/iot.py
[2026-03-27T11:01:58.223+0000] {processor.py:829} INFO - Processing file /opt/airflow/dags/weather_project/iot.py for tasks to queue
[2026-03-27T11:01:58.224+0000] {logging_mixin.py:151} INFO - [2026-03-27T11:01:58.224+0000] {dagbag.py:539} INFO - Filling up the DagBag from /opt/airflow/dags/weather_project/iot.py
[2026-03-27T11:01:58.354+0000] {processor.py:839} INFO - DAG(s) dict_keys(['iot_temp_simple']) retrieved from /opt/airflow/dags/weather_project/iot.py
[2026-03-27T11:01:58.361+0000] {logging_mixin.py:151} INFO - [2026-03-27T11:01:58.360+0000] {dag.py:2907} INFO - Sync 1 DAGs
[2026-03-27T11:01:58.370+0000] {logging_mixin.py:151} INFO - [2026-03-27T11:01:58.370+0000] {dag.py:3677} INFO - Setting next_dagrun for iot_temp_simple to 2026-03-26T00:00:00+00:00, run_after=2026-03-27T00:00:00+00:00
[2026-03-27T11:01:58.380+0000] {processor.py:179} INFO - Processing /opt/airflow/dags/weather_project/iot.py took 0.161 seconds
[2026-03-27T11:02:08.699+0000] {processor.py:157} INFO - Started process (PID=275) to work on /opt/airflow/dags/weather_project/iot.py
[2026-03-27T11:02:08.704+0000] {processor.py:829} INFO - Processing file /opt/airflow/dags/weather_project/iot.py for tasks to queue
[2026-03-27T11:02:08.707+0000] {logging_mixin.py:151} INFO - [2026-03-27T11:02:08.706+0000] {dagbag.py:539} INFO - Filling up the DagBag from /opt/airflow/dags/weather_project/iot.py
[2026-03-27T11:02:08.837+0000] {processor.py:839} INFO - DAG(s) dict_keys(['iot_temp_simple']) retrieved from /opt/airflow/dags/weather_project/iot.py
[2026-03-27T11:02:08.846+0000] {logging_mixin.py:151} INFO - [2026-03-27T11:02:08.846+0000] {dag.py:2907} INFO - Sync 1 DAGs
[2026-03-27T11:02:08.858+0000] {logging_mixin.py:151} INFO - [2026-03-27T11:02:08.858+0000] {dag.py:3677} INFO - Setting next_dagrun for iot_temp_simple to 2026-03-26T00:00:00+00:00, run_after=2026-03-27T00:00:00+00:00
[2026-03-27T11:02:08.869+0000] {processor.py:179} INFO - Processing /opt/airflow/dags/weather_project/iot.py took 0.172 seconds
[2026-03-27T11:02:34.850+0000] {processor.py:157} INFO - Started process (PID=182) to work on /opt/airflow/dags/weather_project/iot.py
[2026-03-27T11:02:34.851+0000] {processor.py:829} INFO - Processing file /opt/airflow/dags/weather_project/iot.py for tasks to queue
[2026-03-27T11:02:34.852+0000] {logging_mixin.py:151} INFO - [2026-03-27T11:02:34.852+0000] {dagbag.py:539} INFO - Filling up the DagBag from /opt/airflow/dags/weather_project/iot.py
[2026-03-27T11:02:35.055+0000] {processor.py:839} INFO - DAG(s) dict_keys(['iot_temp_simple']) retrieved from /opt/airflow/dags/weather_project/iot.py
[2026-03-27T11:02:35.063+0000] {logging_mixin.py:151} INFO - [2026-03-27T11:02:35.062+0000] {dag.py:2907} INFO - Sync 1 DAGs
[2026-03-27T11:02:35.071+0000] {logging_mixin.py:151} INFO - [2026-03-27T11:02:35.071+0000] {dag.py:3677} INFO - Setting next_dagrun for iot_temp_simple to 2026-03-26T00:00:00+00:00, run_after=2026-03-27T00:00:00+00:00
[2026-03-27T11:02:35.079+0000] {processor.py:179} INFO - Processing /opt/airflow/dags/weather_project/iot.py took 0.230 seconds
[2026-03-27T11:02:45.406+0000] {processor.py:157} INFO - Started process (PID=227) to work on /opt/airflow/dags/weather_project/iot.py
[2026-03-27T11:02:45.408+0000] {processor.py:829} INFO - Processing file /opt/airflow/dags/weather_project/iot.py for tasks to queue
[2026-03-27T11:02:45.410+0000] {logging_mixin.py:151} INFO - [2026-03-27T11:02:45.410+0000] {dagbag.py:539} INFO - Filling up the DagBag from /opt/airflow/dags/weather_project/iot.py
[2026-03-27T11:02:45.546+0000] {processor.py:839} INFO - DAG(s) dict_keys(['iot_temp_simple']) retrieved from /opt/airflow/dags/weather_project/iot.py
[2026-03-27T11:02:45.552+0000] {logging_mixin.py:151} INFO - [2026-03-27T11:02:45.552+0000] {dag.py:2907} INFO - Sync 1 DAGs
[2026-03-27T11:02:45.562+0000] {logging_mixin.py:151} INFO - [2026-03-27T11:02:45.562+0000] {dag.py:3677} INFO - Setting next_dagrun for iot_temp_simple to 2026-03-26T00:00:00+00:00, run_after=2026-03-27T00:00:00+00:00
[2026-03-27T11:02:45.572+0000] {processor.py:179} INFO - Processing /opt/airflow/dags/weather_project/iot.py took 0.168 seconds
[2026-03-27T11:02:55.818+0000] {processor.py:157} INFO - Started process (PID=275) to work on /opt/airflow/dags/weather_project/iot.py
[2026-03-27T11:02:55.819+0000] {processor.py:829} INFO - Processing file /opt/airflow/dags/weather_project/iot.py for tasks to queue
[2026-03-27T11:02:55.821+0000] {logging_mixin.py:151} INFO - [2026-03-27T11:02:55.821+0000] {dagbag.py:539} INFO - Filling up the DagBag from /opt/airflow/dags/weather_project/iot.py
[2026-03-27T11:02:55.950+0000] {processor.py:839} INFO - DAG(s) dict_keys(['iot_temp_simple']) retrieved from /opt/airflow/dags/weather_project/iot.py
[2026-03-27T11:02:55.959+0000] {logging_mixin.py:151} INFO - [2026-03-27T11:02:55.958+0000] {dag.py:2907} INFO - Sync 1 DAGs
[2026-03-27T11:02:55.969+0000] {logging_mixin.py:151} INFO - [2026-03-27T11:02:55.969+0000] {dag.py:3677} INFO - Setting next_dagrun for iot_temp_simple to 2026-03-26T00:00:00+00:00, run_after=2026-03-27T00:00:00+00:00
[2026-03-27T11:02:55.976+0000] {processor.py:179} INFO - Processing /opt/airflow/dags/weather_project/iot.py took 0.160 seconds
[2026-03-27T11:03:06.223+0000] {processor.py:157} INFO - Started process (PID=323) to work on /opt/airflow/dags/weather_project/iot.py
[2026-03-27T11:03:06.224+0000] {processor.py:829} INFO - Processing file /opt/airflow/dags/weather_project/iot.py for tasks to queue
[2026-03-27T11:03:06.226+0000] {logging_mixin.py:151} INFO - [2026-03-27T11:03:06.226+0000] {dagbag.py:539} INFO - Filling up the DagBag from /opt/airflow/dags/weather_project/iot.py
[2026-03-27T11:03:06.357+0000] {processor.py:839} INFO - DAG(s) dict_keys(['iot_temp_simple']) retrieved from /opt/airflow/dags/weather_project/iot.py
[2026-03-27T11:03:06.367+0000] {logging_mixin.py:151} INFO - [2026-03-27T11:03:06.367+0000] {dag.py:2907} INFO - Sync 1 DAGs
[2026-03-27T11:03:06.375+0000] {logging_mixin.py:151} INFO - [2026-03-27T11:03:06.375+0000] {dag.py:3677} INFO - Setting next_dagrun for iot_temp_simple to 2026-03-26T00:00:00+00:00, run_after=2026-03-27T00:00:00+00:00
[2026-03-27T11:03:06.382+0000] {processor.py:179} INFO - Processing /opt/airflow/dags/weather_project/iot.py took 0.162 seconds
[2026-03-27T11:03:16.635+0000] {processor.py:157} INFO - Started process (PID=371) to work on /opt/airflow/dags/weather_project/iot.py
[2026-03-27T11:03:16.636+0000] {processor.py:829} INFO - Processing file /opt/airflow/dags/weather_project/iot.py for tasks to queue
[2026-03-27T11:03:16.638+0000] {logging_mixin.py:151} INFO - [2026-03-27T11:03:16.638+0000] {dagbag.py:539} INFO - Filling up the DagBag from /opt/airflow/dags/weather_project/iot.py
[2026-03-27T11:03:16.773+0000] {processor.py:839} INFO - DAG(s) dict_keys(['iot_temp_simple']) retrieved from /opt/airflow/dags/weather_project/iot.py
[2026-03-27T11:03:16.783+0000] {logging_mixin.py:151} INFO - [2026-03-27T11:03:16.783+0000] {dag.py:2907} INFO - Sync 1 DAGs
[2026-03-27T11:03:16.791+0000] {logging_mixin.py:151} INFO - [2026-03-27T11:03:16.791+0000] {dag.py:3677} INFO - Setting next_dagrun for iot_temp_simple to 2026-03-26T00:00:00+00:00, run_after=2026-03-27T00:00:00+00:00
[2026-03-27T11:03:16.800+0000] {processor.py:179} INFO - Processing /opt/airflow/dags/weather_project/iot.py took 0.167 seconds
[2026-03-27T11:03:27.065+0000] {processor.py:157} INFO - Started process (PID=419) to work on /opt/airflow/dags/weather_project/iot.py
[2026-03-27T11:03:27.065+0000] {processor.py:829} INFO - Processing file /opt/airflow/dags/weather_project/iot.py for tasks to queue
[2026-03-27T11:03:27.068+0000] {logging_mixin.py:151} INFO - [2026-03-27T11:03:27.067+0000] {dagbag.py:539} INFO - Filling up the DagBag from /opt/airflow/dags/weather_project/iot.py
[2026-03-27T11:03:27.194+0000] {processor.py:839} INFO - DAG(s) dict_keys(['iot_temp_simple']) retrieved from /opt/airflow/dags/weather_project/iot.py
[2026-03-27T11:03:27.203+0000] {logging_mixin.py:151} INFO - [2026-03-27T11:03:27.203+0000] {dag.py:2907} INFO - Sync 1 DAGs
[2026-03-27T11:03:27.212+0000] {logging_mixin.py:151} INFO - [2026-03-27T11:03:27.211+0000] {dag.py:3677} INFO - Setting next_dagrun for iot_temp_simple to 2026-03-26T00:00:00+00:00, run_after=2026-03-27T00:00:00+00:00
[2026-03-27T11:03:27.219+0000] {processor.py:179} INFO - Processing /opt/airflow/dags/weather_project/iot.py took 0.158 seconds
[2026-03-27T11:03:37.547+0000] {processor.py:157} INFO - Started process (PID=467) to work on /opt/airflow/dags/weather_project/iot.py
[2026-03-27T11:03:37.548+0000] {processor.py:829} INFO - Processing file /opt/airflow/dags/weather_project/iot.py for tasks to queue
[2026-03-27T11:03:37.549+0000] {logging_mixin.py:151} INFO - [2026-03-27T11:03:37.549+0000] {dagbag.py:539} INFO - Filling up the DagBag from /opt/airflow/dags/weather_project/iot.py
[2026-03-27T11:03:37.676+0000] {processor.py:839} INFO - DAG(s) dict_keys(['iot_temp_simple']) retrieved from /opt/airflow/dags/weather_project/iot.py
[2026-03-27T11:03:37.686+0000] {logging_mixin.py:151} INFO - [2026-03-27T11:03:37.686+0000] {dag.py:2907} INFO - Sync 1 DAGs
[2026-03-27T11:03:37.693+0000] {logging_mixin.py:151} INFO - [2026-03-27T11:03:37.693+0000] {dag.py:3677} INFO - Setting next_dagrun for iot_temp_simple to 2026-03-26T00:00:00+00:00, run_after=2026-03-27T00:00:00+00:00
[2026-03-27T11:03:37.700+0000] {processor.py:179} INFO - Processing /opt/airflow/dags/weather_project/iot.py took 0.156 seconds
[2026-03-27T11:03:47.964+0000] {processor.py:157} INFO - Started process (PID=515) to work on /opt/airflow/dags/weather_project/iot.py
[2026-03-27T11:03:47.964+0000] {processor.py:829} INFO - Processing file /opt/airflow/dags/weather_project/iot.py for tasks to queue
[2026-03-27T11:03:47.967+0000] {logging_mixin.py:151} INFO - [2026-03-27T11:03:47.966+0000] {dagbag.py:539} INFO - Filling up the DagBag from /opt/airflow/dags/weather_project/iot.py
[2026-03-27T11:03:48.128+0000] {processor.py:839} INFO - DAG(s) dict_keys(['iot_temp_simple']) retrieved from /opt/airflow/dags/weather_project/iot.py
[2026-03-27T11:03:48.140+0000] {logging_mixin.py:151} INFO - [2026-03-27T11:03:48.140+0000] {dag.py:2907} INFO - Sync 1 DAGs
[2026-03-27T11:03:48.150+0000] {logging_mixin.py:151} INFO - [2026-03-27T11:03:48.150+0000] {dag.py:3677} INFO - Setting next_dagrun for iot_temp_simple to 2026-03-26T00:00:00+00:00, run_after=2026-03-27T00:00:00+00:00
[2026-03-27T11:03:48.159+0000] {processor.py:179} INFO - Processing /opt/airflow/dags/weather_project/iot.py took 0.198 seconds
[2026-03-27T11:03:58.438+0000] {processor.py:157} INFO - Started process (PID=563) to work on /opt/airflow/dags/weather_project/iot.py
[2026-03-27T11:03:58.439+0000] {processor.py:829} INFO - Processing file /opt/airflow/dags/weather_project/iot.py for tasks to queue
[2026-03-27T11:03:58.440+0000] {logging_mixin.py:151} INFO - [2026-03-27T11:03:58.440+0000] {dagbag.py:539} INFO - Filling up the DagBag from /opt/airflow/dags/weather_project/iot.py
[2026-03-27T11:03:58.571+0000] {processor.py:839} INFO - DAG(s) dict_keys(['iot_temp_simple']) retrieved from /opt/airflow/dags/weather_project/iot.py
[2026-03-27T11:03:58.580+0000] {logging_mixin.py:151} INFO - [2026-03-27T11:03:58.580+0000] {dag.py:2907} INFO - Sync 1 DAGs
[2026-03-27T11:03:58.588+0000] {logging_mixin.py:151} INFO - [2026-03-27T11:03:58.588+0000] {dag.py:3677} INFO - Setting next_dagrun for iot_temp_simple to 2026-03-26T00:00:00+00:00, run_after=2026-03-27T00:00:00+00:00
[2026-03-27T11:03:58.597+0000] {processor.py:179} INFO - Processing /opt/airflow/dags/weather_project/iot.py took 0.161 seconds
[2026-03-27T11:04:08.862+0000] {processor.py:157} INFO - Started process (PID=611) to work on /opt/airflow/dags/weather_project/iot.py
[2026-03-27T11:04:08.862+0000] {processor.py:829} INFO - Processing file /opt/airflow/dags/weather_project/iot.py for tasks to queue
[2026-03-27T11:04:08.864+0000] {logging_mixin.py:151} INFO - [2026-03-27T11:04:08.864+0000] {dagbag.py:539} INFO - Filling up the DagBag from /opt/airflow/dags/weather_project/iot.py
[2026-03-27T11:04:08.990+0000] {processor.py:839} INFO - DAG(s) dict_keys(['iot_temp_simple']) retrieved from /opt/airflow/dags/weather_project/iot.py
[2026-03-27T11:04:09.000+0000] {logging_mixin.py:151} INFO - [2026-03-27T11:04:09.000+0000] {dag.py:2907} INFO - Sync 1 DAGs
[2026-03-27T11:04:09.009+0000] {logging_mixin.py:151} INFO - [2026-03-27T11:04:09.009+0000] {dag.py:3677} INFO - Setting next_dagrun for iot_temp_simple to 2026-03-26T00:00:00+00:00, run_after=2026-03-27T00:00:00+00:00
[2026-03-27T11:04:09.017+0000] {processor.py:179} INFO - Processing /opt/airflow/dags/weather_project/iot.py took 0.158 seconds
[2026-03-27T11:04:19.347+0000] {processor.py:157} INFO - Started process (PID=659) to work on /opt/airflow/dags/weather_project/iot.py
[2026-03-27T11:04:19.348+0000] {processor.py:829} INFO - Processing file /opt/airflow/dags/weather_project/iot.py for tasks to queue
[2026-03-27T11:04:19.350+0000] {logging_mixin.py:151} INFO - [2026-03-27T11:04:19.350+0000] {dagbag.py:539} INFO - Filling up the DagBag from /opt/airflow/dags/weather_project/iot.py
[2026-03-27T11:04:19.483+0000] {processor.py:839} INFO - DAG(s) dict_keys(['iot_temp_simple']) retrieved from /opt/airflow/dags/weather_project/iot.py
[2026-03-27T11:04:19.492+0000] {logging_mixin.py:151} INFO - [2026-03-27T11:04:19.492+0000] {dag.py:2907} INFO - Sync 1 DAGs
[2026-03-27T11:04:19.500+0000] {logging_mixin.py:151} INFO - [2026-03-27T11:04:19.500+0000] {dag.py:3677} INFO - Setting next_dagrun for iot_temp_simple to 2026-03-26T00:00:00+00:00, run_after=2026-03-27T00:00:00+00:00
[2026-03-27T11:04:19.508+0000] {processor.py:179} INFO - Processing /opt/airflow/dags/weather_project/iot.py took 0.164 seconds
[2026-03-27T11:04:29.813+0000] {processor.py:157} INFO - Started process (PID=707) to work on /opt/airflow/dags/weather_project/iot.py
[2026-03-27T11:04:29.815+0000] {processor.py:829} INFO - Processing file /opt/airflow/dags/weather_project/iot.py for tasks to queue
[2026-03-27T11:04:29.819+0000] {logging_mixin.py:151} INFO - [2026-03-27T11:04:29.818+0000] {dagbag.py:539} INFO - Filling up the DagBag from /opt/airflow/dags/weather_project/iot.py
[2026-03-27T11:04:29.974+0000] {processor.py:839} INFO - DAG(s) dict_keys(['iot_temp_simple']) retrieved from /opt/airflow/dags/weather_project/iot.py
[2026-03-27T11:04:29.983+0000] {logging_mixin.py:151} INFO - [2026-03-27T11:04:29.983+0000] {dag.py:2907} INFO - Sync 1 DAGs
[2026-03-27T11:04:29.992+0000] {logging_mixin.py:151} INFO - [2026-03-27T11:04:29.992+0000] {dag.py:3677} INFO - Setting next_dagrun for iot_temp_simple to 2026-03-26T00:00:00+00:00, run_after=2026-03-27T00:00:00+00:00
[2026-03-27T11:04:29.998+0000] {processor.py:179} INFO - Processing /opt/airflow/dags/weather_project/iot.py took 0.187 seconds
[2026-03-27T11:04:40.277+0000] {processor.py:157} INFO - Started process (PID=755) to work on /opt/airflow/dags/weather_project/iot.py
[2026-03-27T11:04:40.278+0000] {processor.py:829} INFO - Processing file /opt/airflow/dags/weather_project/iot.py for tasks to queue
[2026-03-27T11:04:40.281+0000] {logging_mixin.py:151} INFO - [2026-03-27T11:04:40.281+0000] {dagbag.py:539} INFO - Filling up the DagBag from /opt/airflow/dags/weather_project/iot.py
[2026-03-27T11:04:40.411+0000] {processor.py:839} INFO - DAG(s) dict_keys(['iot_temp_simple']) retrieved from /opt/airflow/dags/weather_project/iot.py
[2026-03-27T11:04:40.421+0000] {logging_mixin.py:151} INFO - [2026-03-27T11:04:40.421+0000] {dag.py:2907} INFO - Sync 1 DAGs
[2026-03-27T11:04:40.429+0000] {logging_mixin.py:151} INFO - [2026-03-27T11:04:40.429+0000] {dag.py:3677} INFO - Setting next_dagrun for iot_temp_simple to 2026-03-26T00:00:00+00:00, run_after=2026-03-27T00:00:00+00:00
[2026-03-27T11:04:40.438+0000] {processor.py:179} INFO - Processing /opt/airflow/dags/weather_project/iot.py took 0.163 seconds
[2026-03-27T11:04:50.748+0000] {processor.py:157} INFO - Started process (PID=803) to work on /opt/airflow/dags/weather_project/iot.py
[2026-03-27T11:04:50.749+0000] {processor.py:829} INFO - Processing file /opt/airflow/dags/weather_project/iot.py for tasks to queue
[2026-03-27T11:04:50.751+0000] {logging_mixin.py:151} INFO - [2026-03-27T11:04:50.751+0000] {dagbag.py:539} INFO - Filling up the DagBag from /opt/airflow/dags/weather_project/iot.py
[2026-03-27T11:04:50.877+0000] {processor.py:839} INFO - DAG(s) dict_keys(['iot_temp_simple']) retrieved from /opt/airflow/dags/weather_project/iot.py
[2026-03-27T11:04:50.886+0000] {logging_mixin.py:151} INFO - [2026-03-27T11:04:50.885+0000] {dag.py:2907} INFO - Sync 1 DAGs
[2026-03-27T11:04:50.895+0000] {logging_mixin.py:151} INFO - [2026-03-27T11:04:50.894+0000] {dag.py:3677} INFO - Setting next_dagrun for iot_temp_simple to 2026-03-26T00:00:00+00:00, run_after=2026-03-27T00:00:00+00:00
[2026-03-27T11:04:50.904+0000] {processor.py:179} INFO - Processing /opt/airflow/dags/weather_project/iot.py took 0.158 seconds
[2026-03-27T11:05:01.232+0000] {processor.py:157} INFO - Started process (PID=851) to work on /opt/airflow/dags/weather_project/iot.py
[2026-03-27T11:05:01.234+0000] {processor.py:829} INFO - Processing file /opt/airflow/dags/weather_project/iot.py for tasks to queue
[2026-03-27T11:05:01.235+0000] {logging_mixin.py:151} INFO - [2026-03-27T11:05:01.235+0000] {dagbag.py:539} INFO - Filling up the DagBag from /opt/airflow/dags/weather_project/iot.py
[2026-03-27T11:05:01.362+0000] {processor.py:839} INFO - DAG(s) dict_keys(['iot_temp_simple']) retrieved from /opt/airflow/dags/weather_project/iot.py
[2026-03-27T11:05:01.372+0000] {logging_mixin.py:151} INFO - [2026-03-27T11:05:01.371+0000] {dag.py:2907} INFO - Sync 1 DAGs
[2026-03-27T11:05:01.381+0000] {logging_mixin.py:151} INFO - [2026-03-27T11:05:01.381+0000] {dag.py:3677} INFO - Setting next_dagrun for iot_temp_simple to 2026-03-26T00:00:00+00:00, run_after=2026-03-27T00:00:00+00:00
[2026-03-27T11:05:01.390+0000] {processor.py:179} INFO - Processing /opt/airflow/dags/weather_project/iot.py took 0.160 seconds
[2026-03-27T11:05:11.723+0000] {processor.py:157} INFO - Started process (PID=899) to work on /opt/airflow/dags/weather_project/iot.py
[2026-03-27T11:05:11.724+0000] {processor.py:829} INFO - Processing file /opt/airflow/dags/weather_project/iot.py for tasks to queue
[2026-03-27T11:05:11.727+0000] {logging_mixin.py:151} INFO - [2026-03-27T11:05:11.727+0000] {dagbag.py:539} INFO - Filling up the DagBag from /opt/airflow/dags/weather_project/iot.py
[2026-03-27T11:05:11.862+0000] {processor.py:839} INFO - DAG(s) dict_keys(['iot_temp_simple']) retrieved from /opt/airflow/dags/weather_project/iot.py
[2026-03-27T11:05:11.871+0000] {logging_mixin.py:151} INFO - [2026-03-27T11:05:11.871+0000] {dag.py:2907} INFO - Sync 1 DAGs
[2026-03-27T11:05:11.879+0000] {logging_mixin.py:151} INFO - [2026-03-27T11:05:11.879+0000] {dag.py:3677} INFO - Setting next_dagrun for iot_temp_simple to 2026-03-26T00:00:00+00:00, run_after=2026-03-27T00:00:00+00:00
[2026-03-27T11:05:11.888+0000] {processor.py:179} INFO - Processing /opt/airflow/dags/weather_project/iot.py took 0.168 seconds
[2026-03-27T11:05:22.201+0000] {processor.py:157} INFO - Started process (PID=947) to work on /opt/airflow/dags/weather_project/iot.py
[2026-03-27T11:05:22.202+0000] {processor.py:829} INFO - Processing file /opt/airflow/dags/weather_project/iot.py for tasks to queue
[2026-03-27T11:05:22.203+0000] {logging_mixin.py:151} INFO - [2026-03-27T11:05:22.202+0000] {dagbag.py:539} INFO - Filling up the DagBag from /opt/airflow/dags/weather_project/iot.py
[2026-03-27T11:05:22.371+0000] {processor.py:839} INFO - DAG(s) dict_keys(['iot_temp_simple']) retrieved from /opt/airflow/dags/weather_project/iot.py
[2026-03-27T11:05:22.384+0000] {logging_mixin.py:151} INFO - [2026-03-27T11:05:22.383+0000] {dag.py:2907} INFO - Sync 1 DAGs
[2026-03-27T11:05:22.395+0000] {logging_mixin.py:151} INFO - [2026-03-27T11:05:22.395+0000] {dag.py:3677} INFO - Setting next_dagrun for iot_temp_simple to 2026-03-26T00:00:00+00:00, run_after=2026-03-27T00:00:00+00:00
[2026-03-27T11:05:22.408+0000] {processor.py:179} INFO - Processing /opt/airflow/dags/weather_project/iot.py took 0.210 seconds
[2026-03-27T11:05:32.666+0000] {processor.py:157} INFO - Started process (PID=995) to work on /opt/airflow/dags/weather_project/iot.py
[2026-03-27T11:05:32.667+0000] {processor.py:829} INFO - Processing file /opt/airflow/dags/weather_project/iot.py for tasks to queue
[2026-03-27T11:05:32.669+0000] {logging_mixin.py:151} INFO - [2026-03-27T11:05:32.669+0000] {dagbag.py:539} INFO - Filling up the DagBag from /opt/airflow/dags/weather_project/iot.py
[2026-03-27T11:05:32.799+0000] {processor.py:839} INFO - DAG(s) dict_keys(['iot_temp_simple']) retrieved from /opt/airflow/dags/weather_project/iot.py
[2026-03-27T11:05:32.808+0000] {logging_mixin.py:151} INFO - [2026-03-27T11:05:32.808+0000] {dag.py:2907} INFO - Sync 1 DAGs
[2026-03-27T11:05:32.817+0000] {logging_mixin.py:151} INFO - [2026-03-27T11:05:32.817+0000] {dag.py:3677} INFO - Setting next_dagrun for iot_temp_simple to 2026-03-26T00:00:00+00:00, run_after=2026-03-27T00:00:00+00:00
[2026-03-27T11:05:32.828+0000] {processor.py:179} INFO - Processing /opt/airflow/dags/weather_project/iot.py took 0.163 seconds
[2026-03-27T11:05:43.175+0000] {processor.py:157} INFO - Started process (PID=1043) to work on /opt/airflow/dags/weather_project/iot.py
[2026-03-27T11:05:43.176+0000] {processor.py:829} INFO - Processing file /opt/airflow/dags/weather_project/iot.py for tasks to queue
[2026-03-27T11:05:43.178+0000] {logging_mixin.py:151} INFO - [2026-03-27T11:05:43.178+0000] {dagbag.py:539} INFO - Filling up the DagBag from /opt/airflow/dags/weather_project/iot.py
[2026-03-27T11:05:43.303+0000] {processor.py:839} INFO - DAG(s) dict_keys(['iot_temp_simple']) retrieved from /opt/airflow/dags/weather_project/iot.py
[2026-03-27T11:05:43.313+0000] {logging_mixin.py:151} INFO - [2026-03-27T11:05:43.313+0000] {dag.py:2907} INFO - Sync 1 DAGs
[2026-03-27T11:05:43.321+0000] {logging_mixin.py:151} INFO - [2026-03-27T11:05:43.321+0000] {dag.py:3677} INFO - Setting next_dagrun for iot_temp_simple to 2026-03-26T00:00:00+00:00, run_after=2026-03-27T00:00:00+00:00
[2026-03-27T11:05:43.328+0000] {processor.py:179} INFO - Processing /opt/airflow/dags/weather_project/iot.py took 0.155 seconds
[2026-03-27T11:06:03.637+0000] {processor.py:157} INFO - Started process (PID=182) to work on /opt/airflow/dags/weather_project/iot.py
[2026-03-27T11:06:03.638+0000] {processor.py:829} INFO - Processing file /opt/airflow/dags/weather_project/iot.py for tasks to queue
[2026-03-27T11:06:03.639+0000] {logging_mixin.py:151} INFO - [2026-03-27T11:06:03.638+0000] {dagbag.py:539} INFO - Filling up the DagBag from /opt/airflow/dags/weather_project/iot.py
[2026-03-27T11:06:03.849+0000] {processor.py:839} INFO - DAG(s) dict_keys(['iot_temp_simple']) retrieved from /opt/airflow/dags/weather_project/iot.py
[2026-03-27T11:06:03.858+0000] {logging_mixin.py:151} INFO - [2026-03-27T11:06:03.857+0000] {dag.py:2907} INFO - Sync 1 DAGs
[2026-03-27T11:06:03.867+0000] {logging_mixin.py:151} INFO - [2026-03-27T11:06:03.867+0000] {dag.py:3677} INFO - Setting next_dagrun for iot_temp_simple to 2026-03-26T00:00:00+00:00, run_after=2026-03-27T00:00:00+00:00
[2026-03-27T11:06:03.876+0000] {processor.py:179} INFO - Processing /opt/airflow/dags/weather_project/iot.py took 0.241 seconds
[2026-03-27T11:06:14.227+0000] {processor.py:157} INFO - Started process (PID=227) to work on /opt/airflow/dags/weather_project/iot.py
[2026-03-27T11:06:14.228+0000] {processor.py:829} INFO - Processing file /opt/airflow/dags/weather_project/iot.py for tasks to queue
[2026-03-27T11:06:14.230+0000] {logging_mixin.py:151} INFO - [2026-03-27T11:06:14.230+0000] {dagbag.py:539} INFO - Filling up the DagBag from /opt/airflow/dags/weather_project/iot.py
[2026-03-27T11:06:14.359+0000] {processor.py:839} INFO - DAG(s) dict_keys(['iot_temp_simple']) retrieved from /opt/airflow/dags/weather_project/iot.py
[2026-03-27T11:06:14.368+0000] {logging_mixin.py:151} INFO - [2026-03-27T11:06:14.368+0000] {dag.py:2907} INFO - Sync 1 DAGs
[2026-03-27T11:06:14.377+0000] {logging_mixin.py:151} INFO - [2026-03-27T11:06:14.377+0000] {dag.py:3677} INFO - Setting next_dagrun for iot_temp_simple to 2026-03-26T00:00:00+00:00, run_after=2026-03-27T00:00:00+00:00
[2026-03-27T11:06:14.386+0000] {processor.py:179} INFO - Processing /opt/airflow/dags/weather_project/iot.py took 0.161 seconds
[2026-03-27T11:06:24.638+0000] {processor.py:157} INFO - Started process (PID=275) to work on /opt/airflow/dags/weather_project/iot.py
[2026-03-27T11:06:24.639+0000] {processor.py:829} INFO - Processing file /opt/airflow/dags/weather_project/iot.py for tasks to queue
[2026-03-27T11:06:24.642+0000] {logging_mixin.py:151} INFO - [2026-03-27T11:06:24.642+0000] {dagbag.py:539} INFO - Filling up the DagBag from /opt/airflow/dags/weather_project/iot.py
[2026-03-27T11:06:24.767+0000] {processor.py:839} INFO - DAG(s) dict_keys(['iot_temp_simple']) retrieved from /opt/airflow/dags/weather_project/iot.py
[2026-03-27T11:06:24.773+0000] {logging_mixin.py:151} INFO - [2026-03-27T11:06:24.773+0000] {dag.py:2907} INFO - Sync 1 DAGs
[2026-03-27T11:06:24.783+0000] {logging_mixin.py:151} INFO - [2026-03-27T11:06:24.783+0000] {dag.py:3677} INFO - Setting next_dagrun for iot_temp_simple to 2026-03-26T00:00:00+00:00, run_after=2026-03-27T00:00:00+00:00
[2026-03-27T11:06:24.791+0000] {processor.py:179} INFO - Processing /opt/airflow/dags/weather_project/iot.py took 0.155 seconds
[2026-03-27T11:06:35.104+0000] {processor.py:157} INFO - Started process (PID=323) to work on /opt/airflow/dags/weather_project/iot.py
[2026-03-27T11:06:35.107+0000] {processor.py:829} INFO - Processing file /opt/airflow/dags/weather_project/iot.py for tasks to queue
[2026-03-27T11:06:35.109+0000] {logging_mixin.py:151} INFO - [2026-03-27T11:06:35.108+0000] {dagbag.py:539} INFO - Filling up the DagBag from /opt/airflow/dags/weather_project/iot.py
[2026-03-27T11:06:35.230+0000] {processor.py:839} INFO - DAG(s) dict_keys(['iot_temp_simple']) retrieved from /opt/airflow/dags/weather_project/iot.py
[2026-03-27T11:06:35.239+0000] {logging_mixin.py:151} INFO - [2026-03-27T11:06:35.239+0000] {dag.py:2907} INFO - Sync 1 DAGs
[2026-03-27T11:06:35.249+0000] {logging_mixin.py:151} INFO - [2026-03-27T11:06:35.248+0000] {dag.py:3677} INFO - Setting next_dagrun for iot_temp_simple to 2026-03-26T00:00:00+00:00, run_after=2026-03-27T00:00:00+00:00
[2026-03-27T11:06:35.257+0000] {processor.py:179} INFO - Processing /opt/airflow/dags/weather_project/iot.py took 0.154 seconds
[2026-03-27T11:06:45.606+0000] {processor.py:157} INFO - Started process (PID=371) to work on /opt/airflow/dags/weather_project/iot.py
[2026-03-27T11:06:45.607+0000] {processor.py:829} INFO - Processing file /opt/airflow/dags/weather_project/iot.py for tasks to queue
[2026-03-27T11:06:45.609+0000] {logging_mixin.py:151} INFO - [2026-03-27T11:06:45.608+0000] {dagbag.py:539} INFO - Filling up the DagBag from /opt/airflow/dags/weather_project/iot.py
[2026-03-27T11:06:45.736+0000] {processor.py:839} INFO - DAG(s) dict_keys(['iot_temp_simple']) retrieved from /opt/airflow/dags/weather_project/iot.py
[2026-03-27T11:06:45.746+0000] {logging_mixin.py:151} INFO - [2026-03-27T11:06:45.746+0000] {dag.py:2907} INFO - Sync 1 DAGs
[2026-03-27T11:06:45.757+0000] {logging_mixin.py:151} INFO - [2026-03-27T11:06:45.757+0000] {dag.py:3677} INFO - Setting next_dagrun for iot_temp_simple to 2026-03-26T00:00:00+00:00, run_after=2026-03-27T00:00:00+00:00
[2026-03-27T11:06:45.767+0000] {processor.py:179} INFO - Processing /opt/airflow/dags/weather_project/iot.py took 0.163 seconds
[2026-03-27T11:06:56.106+0000] {processor.py:157} INFO - Started process (PID=419) to work on /opt/airflow/dags/weather_project/iot.py
[2026-03-27T11:06:56.107+0000] {processor.py:829} INFO - Processing file /opt/airflow/dags/weather_project/iot.py for tasks to queue
[2026-03-27T11:06:56.108+0000] {logging_mixin.py:151} INFO - [2026-03-27T11:06:56.108+0000] {dagbag.py:539} INFO - Filling up the DagBag from /opt/airflow/dags/weather_project/iot.py
[2026-03-27T11:06:56.259+0000] {processor.py:839} INFO - DAG(s) dict_keys(['iot_temp_simple']) retrieved from /opt/airflow/dags/weather_project/iot.py
[2026-03-27T11:06:56.272+0000] {logging_mixin.py:151} INFO - [2026-03-27T11:06:56.272+0000] {dag.py:2907} INFO - Sync 1 DAGs
[2026-03-27T11:06:56.284+0000] {logging_mixin.py:151} INFO - [2026-03-27T11:06:56.284+0000] {dag.py:3677} INFO - Setting next_dagrun for iot_temp_simple to 2026-03-26T00:00:00+00:00, run_after=2026-03-27T00:00:00+00:00
[2026-03-27T11:06:56.295+0000] {processor.py:179} INFO - Processing /opt/airflow/dags/weather_project/iot.py took 0.192 seconds
[2026-03-27T11:07:06.611+0000] {processor.py:157} INFO - Started process (PID=467) to work on /opt/airflow/dags/weather_project/iot.py
[2026-03-27T11:07:06.616+0000] {processor.py:829} INFO - Processing file /opt/airflow/dags/weather_project/iot.py for tasks to queue
[2026-03-27T11:07:06.620+0000] {logging_mixin.py:151} INFO - [2026-03-27T11:07:06.619+0000] {dagbag.py:539} INFO - Filling up the DagBag from /opt/airflow/dags/weather_project/iot.py
[2026-03-27T11:07:06.795+0000] {processor.py:839} INFO - DAG(s) dict_keys(['iot_temp_simple']) retrieved from /opt/airflow/dags/weather_project/iot.py
[2026-03-27T11:07:06.808+0000] {logging_mixin.py:151} INFO - [2026-03-27T11:07:06.808+0000] {dag.py:2907} INFO - Sync 1 DAGs
[2026-03-27T11:07:06.820+0000] {logging_mixin.py:151} INFO - [2026-03-27T11:07:06.820+0000] {dag.py:3677} INFO - Setting next_dagrun for iot_temp_simple to 2026-03-26T00:00:00+00:00, run_after=2026-03-27T00:00:00+00:00
[2026-03-27T11:07:06.832+0000] {processor.py:179} INFO - Processing /opt/airflow/dags/weather_project/iot.py took 0.224 seconds
[2026-03-27T11:07:17.146+0000] {processor.py:157} INFO - Started process (PID=515) to work on /opt/airflow/dags/weather_project/iot.py
[2026-03-27T11:07:17.151+0000] {processor.py:829} INFO - Processing file /opt/airflow/dags/weather_project/iot.py for tasks to queue
[2026-03-27T11:07:17.153+0000] {logging_mixin.py:151} INFO - [2026-03-27T11:07:17.153+0000] {dagbag.py:539} INFO - Filling up the DagBag from /opt/airflow/dags/weather_project/iot.py
[2026-03-27T11:07:17.278+0000] {processor.py:839} INFO - DAG(s) dict_keys(['iot_temp_simple']) retrieved from /opt/airflow/dags/weather_project/iot.py
[2026-03-27T11:07:17.288+0000] {logging_mixin.py:151} INFO - [2026-03-27T11:07:17.288+0000] {dag.py:2907} INFO - Sync 1 DAGs
[2026-03-27T11:07:17.297+0000] {logging_mixin.py:151} INFO - [2026-03-27T11:07:17.297+0000] {dag.py:3677} INFO - Setting next_dagrun for iot_temp_simple to 2026-03-26T00:00:00+00:00, run_after=2026-03-27T00:00:00+00:00
[2026-03-27T11:07:17.306+0000] {processor.py:179} INFO - Processing /opt/airflow/dags/weather_project/iot.py took 0.163 seconds
[2026-03-27T11:07:27.608+0000] {processor.py:157} INFO - Started process (PID=563) to work on /opt/airflow/dags/weather_project/iot.py
[2026-03-27T11:07:27.611+0000] {processor.py:829} INFO - Processing file /opt/airflow/dags/weather_project/iot.py for tasks to queue
[2026-03-27T11:07:27.613+0000] {logging_mixin.py:151} INFO - [2026-03-27T11:07:27.613+0000] {dagbag.py:539} INFO - Filling up the DagBag from /opt/airflow/dags/weather_project/iot.py
[2026-03-27T11:07:27.753+0000] {processor.py:839} INFO - DAG(s) dict_keys(['iot_temp_simple']) retrieved from /opt/airflow/dags/weather_project/iot.py
[2026-03-27T11:07:27.764+0000] {logging_mixin.py:151} INFO - [2026-03-27T11:07:27.764+0000] {dag.py:2907} INFO - Sync 1 DAGs
[2026-03-27T11:07:27.773+0000] {logging_mixin.py:151} INFO - [2026-03-27T11:07:27.773+0000] {dag.py:3677} INFO - Setting next_dagrun for iot_temp_simple to 2026-03-26T00:00:00+00:00, run_after=2026-03-27T00:00:00+00:00
[2026-03-27T11:07:27.784+0000] {processor.py:179} INFO - Processing /opt/airflow/dags/weather_project/iot.py took 0.178 seconds
[2026-03-27T11:07:38.065+0000] {processor.py:157} INFO - Started process (PID=611) to work on /opt/airflow/dags/weather_project/iot.py
[2026-03-27T11:07:38.065+0000] {processor.py:829} INFO - Processing file /opt/airflow/dags/weather_project/iot.py for tasks to queue
[2026-03-27T11:07:38.067+0000] {logging_mixin.py:151} INFO - [2026-03-27T11:07:38.067+0000] {dagbag.py:539} INFO - Filling up the DagBag from /opt/airflow/dags/weather_project/iot.py
[2026-03-27T11:07:38.225+0000] {processor.py:839} INFO - DAG(s) dict_keys(['iot_temp_simple']) retrieved from /opt/airflow/dags/weather_project/iot.py
[2026-03-27T11:07:38.235+0000] {logging_mixin.py:151} INFO - [2026-03-27T11:07:38.235+0000] {dag.py:2907} INFO - Sync 1 DAGs
[2026-03-27T11:07:38.246+0000] {logging_mixin.py:151} INFO - [2026-03-27T11:07:38.246+0000] {dag.py:3677} INFO - Setting next_dagrun for iot_temp_simple to 2026-03-26T00:00:00+00:00, run_after=2026-03-27T00:00:00+00:00
[2026-03-27T11:07:38.255+0000] {processor.py:179} INFO - Processing /opt/airflow/dags/weather_project/iot.py took 0.192 seconds
[2026-03-27T11:08:06.530+0000] {processor.py:157} INFO - Started process (PID=182) to work on /opt/airflow/dags/weather_project/iot.py
[2026-03-27T11:08:06.531+0000] {processor.py:829} INFO - Processing file /opt/airflow/dags/weather_project/iot.py for tasks to queue
[2026-03-27T11:08:06.531+0000] {logging_mixin.py:151} INFO - [2026-03-27T11:08:06.531+0000] {dagbag.py:539} INFO - Filling up the DagBag from /opt/airflow/dags/weather_project/iot.py
[2026-03-27T11:08:06.731+0000] {processor.py:839} INFO - DAG(s) dict_keys(['iot_temp_simple']) retrieved from /opt/airflow/dags/weather_project/iot.py
[2026-03-27T11:08:06.738+0000] {logging_mixin.py:151} INFO - [2026-03-27T11:08:06.738+0000] {dag.py:2907} INFO - Sync 1 DAGs
[2026-03-27T11:08:06.747+0000] {logging_mixin.py:151} INFO - [2026-03-27T11:08:06.747+0000] {dag.py:3677} INFO - Setting next_dagrun for iot_temp_simple to 2026-03-26T00:00:00+00:00, run_after=2026-03-27T00:00:00+00:00
[2026-03-27T11:08:06.756+0000] {processor.py:179} INFO - Processing /opt/airflow/dags/weather_project/iot.py took 0.228 seconds
[2026-03-27T11:08:17.023+0000] {processor.py:157} INFO - Started process (PID=227) to work on /opt/airflow/dags/weather_project/iot.py
[2026-03-27T11:08:17.024+0000] {processor.py:829} INFO - Processing file /opt/airflow/dags/weather_project/iot.py for tasks to queue
[2026-03-27T11:08:17.025+0000] {logging_mixin.py:151} INFO - [2026-03-27T11:08:17.025+0000] {dagbag.py:539} INFO - Filling up the DagBag from /opt/airflow/dags/weather_project/iot.py
[2026-03-27T11:08:17.179+0000] {processor.py:839} INFO - DAG(s) dict_keys(['iot_temp_simple']) retrieved from /opt/airflow/dags/weather_project/iot.py
[2026-03-27T11:08:17.188+0000] {logging_mixin.py:151} INFO - [2026-03-27T11:08:17.188+0000] {dag.py:2907} INFO - Sync 1 DAGs
[2026-03-27T11:08:17.200+0000] {logging_mixin.py:151} INFO - [2026-03-27T11:08:17.200+0000] {dag.py:3677} INFO - Setting next_dagrun for iot_temp_simple to 2026-03-26T00:00:00+00:00, run_after=2026-03-27T00:00:00+00:00
[2026-03-27T11:08:17.210+0000] {processor.py:179} INFO - Processing /opt/airflow/dags/weather_project/iot.py took 0.189 seconds
[2026-03-27T11:08:27.492+0000] {processor.py:157} INFO - Started process (PID=275) to work on /opt/airflow/dags/weather_project/iot.py
[2026-03-27T11:08:27.493+0000] {processor.py:829} INFO - Processing file /opt/airflow/dags/weather_project/iot.py for tasks to queue
[2026-03-27T11:08:27.496+0000] {logging_mixin.py:151} INFO - [2026-03-27T11:08:27.496+0000] {dagbag.py:539} INFO - Filling up the DagBag from /opt/airflow/dags/weather_project/iot.py
[2026-03-27T11:08:27.628+0000] {processor.py:839} INFO - DAG(s) dict_keys(['iot_temp_simple']) retrieved from /opt/airflow/dags/weather_project/iot.py
[2026-03-27T11:08:27.636+0000] {logging_mixin.py:151} INFO - [2026-03-27T11:08:27.635+0000] {dag.py:2907} INFO - Sync 1 DAGs
[2026-03-27T11:08:27.647+0000] {logging_mixin.py:151} INFO - [2026-03-27T11:08:27.647+0000] {dag.py:3677} INFO - Setting next_dagrun for iot_temp_simple to 2026-03-26T00:00:00+00:00, run_after=2026-03-27T00:00:00+00:00
[2026-03-27T11:08:27.655+0000] {processor.py:179} INFO - Processing /opt/airflow/dags/weather_project/iot.py took 0.167 seconds
[2026-03-27T11:08:37.854+0000] {processor.py:157} INFO - Started process (PID=323) to work on /opt/airflow/dags/weather_project/iot.py
[2026-03-27T11:08:37.857+0000] {processor.py:829} INFO - Processing file /opt/airflow/dags/weather_project/iot.py for tasks to queue
[2026-03-27T11:08:37.859+0000] {logging_mixin.py:151} INFO - [2026-03-27T11:08:37.859+0000] {dagbag.py:539} INFO - Filling up the DagBag from /opt/airflow/dags/weather_project/iot.py
[2026-03-27T11:08:37.985+0000] {processor.py:839} INFO - DAG(s) dict_keys(['iot_temp_simple']) retrieved from /opt/airflow/dags/weather_project/iot.py
[2026-03-27T11:08:37.995+0000] {logging_mixin.py:151} INFO - [2026-03-27T11:08:37.994+0000] {dag.py:2907} INFO - Sync 1 DAGs
[2026-03-27T11:08:38.003+0000] {logging_mixin.py:151} INFO - [2026-03-27T11:08:38.003+0000] {dag.py:3677} INFO - Setting next_dagrun for iot_temp_simple to 2026-03-26T00:00:00+00:00, run_after=2026-03-27T00:00:00+00:00
[2026-03-27T11:08:38.010+0000] {processor.py:179} INFO - Processing /opt/airflow/dags/weather_project/iot.py took 0.159 seconds
[2026-03-27T11:08:48.317+0000] {processor.py:157} INFO - Started process (PID=371) to work on /opt/airflow/dags/weather_project/iot.py
[2026-03-27T11:08:48.319+0000] {processor.py:829} INFO - Processing file /opt/airflow/dags/weather_project/iot.py for tasks to queue
[2026-03-27T11:08:48.320+0000] {logging_mixin.py:151} INFO - [2026-03-27T11:08:48.320+0000] {dagbag.py:539} INFO - Filling up the DagBag from /opt/airflow/dags/weather_project/iot.py
[2026-03-27T11:08:48.451+0000] {processor.py:839} INFO - DAG(s) dict_keys(['iot_temp_simple']) retrieved from /opt/airflow/dags/weather_project/iot.py
[2026-03-27T11:08:48.460+0000] {logging_mixin.py:151} INFO - [2026-03-27T11:08:48.460+0000] {dag.py:2907} INFO - Sync 1 DAGs
[2026-03-27T11:08:48.468+0000] {logging_mixin.py:151} INFO - [2026-03-27T11:08:48.468+0000] {dag.py:3677} INFO - Setting next_dagrun for iot_temp_simple to 2026-03-26T00:00:00+00:00, run_after=2026-03-27T00:00:00+00:00
[2026-03-27T11:08:48.476+0000] {processor.py:179} INFO - Processing /opt/airflow/dags/weather_project/iot.py took 0.162 seconds
[2026-03-27T11:08:58.817+0000] {processor.py:157} INFO - Started process (PID=419) to work on /opt/airflow/dags/weather_project/iot.py
[2026-03-27T11:08:58.818+0000] {processor.py:829} INFO - Processing file /opt/airflow/dags/weather_project/iot.py for tasks to queue
[2026-03-27T11:08:58.820+0000] {logging_mixin.py:151} INFO - [2026-03-27T11:08:58.820+0000] {dagbag.py:539} INFO - Filling up the DagBag from /opt/airflow/dags/weather_project/iot.py
[2026-03-27T11:08:58.947+0000] {processor.py:839} INFO - DAG(s) dict_keys(['iot_temp_simple']) retrieved from /opt/airflow/dags/weather_project/iot.py
[2026-03-27T11:08:58.956+0000] {logging_mixin.py:151} INFO - [2026-03-27T11:08:58.956+0000] {dag.py:2907} INFO - Sync 1 DAGs
[2026-03-27T11:08:58.965+0000] {logging_mixin.py:151} INFO - [2026-03-27T11:08:58.965+0000] {dag.py:3677} INFO - Setting next_dagrun for iot_temp_simple to 2026-03-26T00:00:00+00:00, run_after=2026-03-27T00:00:00+00:00
[2026-03-27T11:08:58.971+0000] {processor.py:179} INFO - Processing /opt/airflow/dags/weather_project/iot.py took 0.156 seconds
[2026-03-27T11:09:09.287+0000] {processor.py:157} INFO - Started process (PID=467) to work on /opt/airflow/dags/weather_project/iot.py
[2026-03-27T11:09:09.288+0000] {processor.py:829} INFO - Processing file /opt/airflow/dags/weather_project/iot.py for tasks to queue
[2026-03-27T11:09:09.291+0000] {logging_mixin.py:151} INFO - [2026-03-27T11:09:09.291+0000] {dagbag.py:539} INFO - Filling up the DagBag from /opt/airflow/dags/weather_project/iot.py
[2026-03-27T11:09:09.416+0000] {processor.py:839} INFO - DAG(s) dict_keys(['iot_temp_simple']) retrieved from /opt/airflow/dags/weather_project/iot.py
[2026-03-27T11:09:09.426+0000] {logging_mixin.py:151} INFO - [2026-03-27T11:09:09.426+0000] {dag.py:2907} INFO - Sync 1 DAGs
[2026-03-27T11:09:09.435+0000] {logging_mixin.py:151} INFO - [2026-03-27T11:09:09.435+0000] {dag.py:3677} INFO - Setting next_dagrun for iot_temp_simple to 2026-03-26T00:00:00+00:00, run_after=2026-03-27T00:00:00+00:00
[2026-03-27T11:09:09.445+0000] {processor.py:179} INFO - Processing /opt/airflow/dags/weather_project/iot.py took 0.160 seconds
[2026-03-27T11:09:19.693+0000] {processor.py:157} INFO - Started process (PID=515) to work on /opt/airflow/dags/weather_project/iot.py
[2026-03-27T11:09:19.694+0000] {processor.py:829} INFO - Processing file /opt/airflow/dags/weather_project/iot.py for tasks to queue
[2026-03-27T11:09:19.696+0000] {logging_mixin.py:151} INFO - [2026-03-27T11:09:19.696+0000] {dagbag.py:539} INFO - Filling up the DagBag from /opt/airflow/dags/weather_project/iot.py
[2026-03-27T11:09:19.822+0000] {processor.py:839} INFO - DAG(s) dict_keys(['iot_temp_simple']) retrieved from /opt/airflow/dags/weather_project/iot.py
[2026-03-27T11:09:19.833+0000] {logging_mixin.py:151} INFO - [2026-03-27T11:09:19.833+0000] {dag.py:2907} INFO - Sync 1 DAGs
[2026-03-27T11:09:19.844+0000] {logging_mixin.py:151} INFO - [2026-03-27T11:09:19.843+0000] {dag.py:3677} INFO - Setting next_dagrun for iot_temp_simple to 2026-03-26T00:00:00+00:00, run_after=2026-03-27T00:00:00+00:00
[2026-03-27T11:09:19.854+0000] {processor.py:179} INFO - Processing /opt/airflow/dags/weather_project/iot.py took 0.163 seconds
[2026-03-27T11:09:30.103+0000] {processor.py:157} INFO - Started process (PID=563) to work on /opt/airflow/dags/weather_project/iot.py
[2026-03-27T11:09:30.104+0000] {processor.py:829} INFO - Processing file /opt/airflow/dags/weather_project/iot.py for tasks to queue
[2026-03-27T11:09:30.108+0000] {logging_mixin.py:151} INFO - [2026-03-27T11:09:30.108+0000] {dagbag.py:539} INFO - Filling up the DagBag from /opt/airflow/dags/weather_project/iot.py
[2026-03-27T11:09:30.233+0000] {processor.py:839} INFO - DAG(s) dict_keys(['iot_temp_simple']) retrieved from /opt/airflow/dags/weather_project/iot.py
[2026-03-27T11:09:30.244+0000] {logging_mixin.py:151} INFO - [2026-03-27T11:09:30.244+0000] {dag.py:2907} INFO - Sync 1 DAGs
[2026-03-27T11:09:30.253+0000] {logging_mixin.py:151} INFO - [2026-03-27T11:09:30.253+0000] {dag.py:3677} INFO - Setting next_dagrun for iot_temp_simple to 2026-03-26T00:00:00+00:00, run_after=2026-03-27T00:00:00+00:00
[2026-03-27T11:09:30.265+0000] {processor.py:179} INFO - Processing /opt/airflow/dags/weather_project/iot.py took 0.164 seconds
[2026-03-27T11:09:40.578+0000] {processor.py:157} INFO - Started process (PID=611) to work on /opt/airflow/dags/weather_project/iot.py
[2026-03-27T11:09:40.579+0000] {processor.py:829} INFO - Processing file /opt/airflow/dags/weather_project/iot.py for tasks to queue
[2026-03-27T11:09:40.580+0000] {logging_mixin.py:151} INFO - [2026-03-27T11:09:40.580+0000] {dagbag.py:539} INFO - Filling up the DagBag from /opt/airflow/dags/weather_project/iot.py
[2026-03-27T11:09:40.714+0000] {processor.py:839} INFO - DAG(s) dict_keys(['iot_temp_simple']) retrieved from /opt/airflow/dags/weather_project/iot.py
[2026-03-27T11:09:40.724+0000] {logging_mixin.py:151} INFO - [2026-03-27T11:09:40.724+0000] {dag.py:2907} INFO - Sync 1 DAGs
[2026-03-27T11:09:40.735+0000] {logging_mixin.py:151} INFO - [2026-03-27T11:09:40.735+0000] {dag.py:3677} INFO - Setting next_dagrun for iot_temp_simple to 2026-03-26T00:00:00+00:00, run_after=2026-03-27T00:00:00+00:00
[2026-03-27T11:09:40.744+0000] {processor.py:179} INFO - Processing /opt/airflow/dags/weather_project/iot.py took 0.168 seconds
[2026-03-27T11:09:51.007+0000] {processor.py:157} INFO - Started process (PID=659) to work on /opt/airflow/dags/weather_project/iot.py
[2026-03-27T11:09:51.007+0000] {processor.py:829} INFO - Processing file /opt/airflow/dags/weather_project/iot.py for tasks to queue
[2026-03-27T11:09:51.010+0000] {logging_mixin.py:151} INFO - [2026-03-27T11:09:51.010+0000] {dagbag.py:539} INFO - Filling up the DagBag from /opt/airflow/dags/weather_project/iot.py
[2026-03-27T11:09:51.136+0000] {processor.py:839} INFO - DAG(s) dict_keys(['iot_temp_simple']) retrieved from /opt/airflow/dags/weather_project/iot.py
[2026-03-27T11:09:51.148+0000] {logging_mixin.py:151} INFO - [2026-03-27T11:09:51.148+0000] {dag.py:2907} INFO - Sync 1 DAGs
[2026-03-27T11:09:51.160+0000] {logging_mixin.py:151} INFO - [2026-03-27T11:09:51.160+0000] {dag.py:3677} INFO - Setting next_dagrun for iot_temp_simple to 2026-03-26T00:00:00+00:00, run_after=2026-03-27T00:00:00+00:00
[2026-03-27T11:09:51.169+0000] {processor.py:179} INFO - Processing /opt/airflow/dags/weather_project/iot.py took 0.165 seconds
[2026-03-27T11:10:01.507+0000] {processor.py:157} INFO - Started process (PID=707) to work on /opt/airflow/dags/weather_project/iot.py
[2026-03-27T11:10:01.513+0000] {processor.py:829} INFO - Processing file /opt/airflow/dags/weather_project/iot.py for tasks to queue
[2026-03-27T11:10:01.516+0000] {logging_mixin.py:151} INFO - [2026-03-27T11:10:01.516+0000] {dagbag.py:539} INFO - Filling up the DagBag from /opt/airflow/dags/weather_project/iot.py
[2026-03-27T11:10:01.711+0000] {processor.py:839} INFO - DAG(s) dict_keys(['iot_temp_simple']) retrieved from /opt/airflow/dags/weather_project/iot.py
[2026-03-27T11:10:01.719+0000] {logging_mixin.py:151} INFO - [2026-03-27T11:10:01.719+0000] {dag.py:2907} INFO - Sync 1 DAGs
[2026-03-27T11:10:01.728+0000] {logging_mixin.py:151} INFO - [2026-03-27T11:10:01.728+0000] {dag.py:3677} INFO - Setting next_dagrun for iot_temp_simple to 2026-03-26T00:00:00+00:00, run_after=2026-03-27T00:00:00+00:00
[2026-03-27T11:10:01.737+0000] {processor.py:179} INFO - Processing /opt/airflow/dags/weather_project/iot.py took 0.234 seconds
[2026-03-27T11:10:12.000+0000] {processor.py:157} INFO - Started process (PID=755) to work on /opt/airflow/dags/weather_project/iot.py
[2026-03-27T11:10:12.001+0000] {processor.py:829} INFO - Processing file /opt/airflow/dags/weather_project/iot.py for tasks to queue
[2026-03-27T11:10:12.003+0000] {logging_mixin.py:151} INFO - [2026-03-27T11:10:12.003+0000] {dagbag.py:539} INFO - Filling up the DagBag from /opt/airflow/dags/weather_project/iot.py
[2026-03-27T11:10:12.135+0000] {processor.py:839} INFO - DAG(s) dict_keys(['iot_temp_simple']) retrieved from /opt/airflow/dags/weather_project/iot.py
[2026-03-27T11:10:12.146+0000] {logging_mixin.py:151} INFO - [2026-03-27T11:10:12.145+0000] {dag.py:2907} INFO - Sync 1 DAGs
[2026-03-27T11:10:12.158+0000] {logging_mixin.py:151} INFO - [2026-03-27T11:10:12.158+0000] {dag.py:3677} INFO - Setting next_dagrun for iot_temp_simple to 2026-03-26T00:00:00+00:00, run_after=2026-03-27T00:00:00+00:00
[2026-03-27T11:10:12.169+0000] {processor.py:179} INFO - Processing /opt/airflow/dags/weather_project/iot.py took 0.171 seconds
[2026-03-27T11:10:22.488+0000] {processor.py:157} INFO - Started process (PID=803) to work on /opt/airflow/dags/weather_project/iot.py
[2026-03-27T11:10:22.489+0000] {processor.py:829} INFO - Processing file /opt/airflow/dags/weather_project/iot.py for tasks to queue
[2026-03-27T11:10:22.491+0000] {logging_mixin.py:151} INFO - [2026-03-27T11:10:22.490+0000] {dagbag.py:539} INFO - Filling up the DagBag from /opt/airflow/dags/weather_project/iot.py
[2026-03-27T11:10:22.629+0000] {processor.py:839} INFO - DAG(s) dict_keys(['iot_temp_simple']) retrieved from /opt/airflow/dags/weather_project/iot.py
[2026-03-27T11:10:22.639+0000] {logging_mixin.py:151} INFO - [2026-03-27T11:10:22.639+0000] {dag.py:2907} INFO - Sync 1 DAGs
[2026-03-27T11:10:22.652+0000] {logging_mixin.py:151} INFO - [2026-03-27T11:10:22.652+0000] {dag.py:3677} INFO - Setting next_dagrun for iot_temp_simple to 2026-03-26T00:00:00+00:00, run_after=2026-03-27T00:00:00+00:00
[2026-03-27T11:10:22.661+0000] {processor.py:179} INFO - Processing /opt/airflow/dags/weather_project/iot.py took 0.176 seconds
[2026-03-27T11:10:32.972+0000] {processor.py:157} INFO - Started process (PID=851) to work on /opt/airflow/dags/weather_project/iot.py
[2026-03-27T11:10:32.973+0000] {processor.py:829} INFO - Processing file /opt/airflow/dags/weather_project/iot.py for tasks to queue
[2026-03-27T11:10:32.976+0000] {logging_mixin.py:151} INFO - [2026-03-27T11:10:32.976+0000] {dagbag.py:539} INFO - Filling up the DagBag from /opt/airflow/dags/weather_project/iot.py
[2026-03-27T11:10:33.108+0000] {processor.py:839} INFO - DAG(s) dict_keys(['iot_temp_simple']) retrieved from /opt/airflow/dags/weather_project/iot.py
[2026-03-27T11:10:33.119+0000] {logging_mixin.py:151} INFO - [2026-03-27T11:10:33.119+0000] {dag.py:2907} INFO - Sync 1 DAGs
[2026-03-27T11:10:33.128+0000] {logging_mixin.py:151} INFO - [2026-03-27T11:10:33.128+0000] {dag.py:3677} INFO - Setting next_dagrun for iot_temp_simple to 2026-03-26T00:00:00+00:00, run_after=2026-03-27T00:00:00+00:00
[2026-03-27T11:10:33.136+0000] {processor.py:179} INFO - Processing /opt/airflow/dags/weather_project/iot.py took 0.166 seconds
