[2026-03-27T10:55:56.859+0000] {processor.py:157} INFO - Started process (PID=174) to work on /opt/airflow/dags/weather_project/read_and_pretable.py
[2026-03-27T10:55:56.862+0000] {processor.py:829} INFO - Processing file /opt/airflow/dags/weather_project/read_and_pretable.py for tasks to queue
[2026-03-27T10:55:56.862+0000] {logging_mixin.py:151} INFO - [2026-03-27T10:55:56.862+0000] {dagbag.py:539} INFO - Filling up the DagBag from /opt/airflow/dags/weather_project/read_and_pretable.py
[2026-03-27T10:55:57.690+0000] {processor.py:839} INFO - DAG(s) dict_keys(['iot_temperature_processing']) retrieved from /opt/airflow/dags/weather_project/read_and_pretable.py
[2026-03-27T10:55:57.733+0000] {logging_mixin.py:151} INFO - [2026-03-27T10:55:57.733+0000] {manager.py:501} INFO - Created Permission View: can edit on DAG:iot_temperature_processing
[2026-03-27T10:55:57.740+0000] {logging_mixin.py:151} INFO - [2026-03-27T10:55:57.740+0000] {manager.py:501} INFO - Created Permission View: can read on DAG:iot_temperature_processing
[2026-03-27T10:55:57.744+0000] {logging_mixin.py:151} INFO - [2026-03-27T10:55:57.744+0000] {manager.py:501} INFO - Created Permission View: can delete on DAG:iot_temperature_processing
[2026-03-27T10:55:57.751+0000] {logging_mixin.py:151} INFO - [2026-03-27T10:55:57.751+0000] {dag.py:2907} INFO - Sync 1 DAGs
[2026-03-27T10:55:57.757+0000] {logging_mixin.py:151} INFO - [2026-03-27T10:55:57.757+0000] {dag.py:2929} INFO - Creating ORM DAG for iot_temperature_processing
[2026-03-27T10:55:57.763+0000] {logging_mixin.py:151} INFO - [2026-03-27T10:55:57.763+0000] {dag.py:3677} INFO - Setting next_dagrun for iot_temperature_processing to 2026-03-26T00:00:00+00:00, run_after=2026-03-27T00:00:00+00:00
[2026-03-27T10:55:57.772+0000] {processor.py:179} INFO - Processing /opt/airflow/dags/weather_project/read_and_pretable.py took 0.915 seconds
[2026-03-27T10:56:08.255+0000] {processor.py:157} INFO - Started process (PID=227) to work on /opt/airflow/dags/weather_project/read_and_pretable.py
[2026-03-27T10:56:08.256+0000] {processor.py:829} INFO - Processing file /opt/airflow/dags/weather_project/read_and_pretable.py for tasks to queue
[2026-03-27T10:56:08.258+0000] {logging_mixin.py:151} INFO - [2026-03-27T10:56:08.257+0000] {dagbag.py:539} INFO - Filling up the DagBag from /opt/airflow/dags/weather_project/read_and_pretable.py
[2026-03-27T10:56:08.407+0000] {processor.py:839} INFO - DAG(s) dict_keys(['iot_temperature_processing']) retrieved from /opt/airflow/dags/weather_project/read_and_pretable.py
[2026-03-27T10:56:08.415+0000] {logging_mixin.py:151} INFO - [2026-03-27T10:56:08.414+0000] {dag.py:2907} INFO - Sync 1 DAGs
[2026-03-27T10:56:08.426+0000] {logging_mixin.py:151} INFO - [2026-03-27T10:56:08.426+0000] {dag.py:3677} INFO - Setting next_dagrun for iot_temperature_processing to 2026-03-27T00:00:00+00:00, run_after=2026-03-28T00:00:00+00:00
[2026-03-27T10:56:08.436+0000] {processor.py:179} INFO - Processing /opt/airflow/dags/weather_project/read_and_pretable.py took 0.186 seconds
[2026-03-27T10:56:18.727+0000] {processor.py:157} INFO - Started process (PID=275) to work on /opt/airflow/dags/weather_project/read_and_pretable.py
[2026-03-27T10:56:18.728+0000] {processor.py:829} INFO - Processing file /opt/airflow/dags/weather_project/read_and_pretable.py for tasks to queue
[2026-03-27T10:56:18.729+0000] {logging_mixin.py:151} INFO - [2026-03-27T10:56:18.729+0000] {dagbag.py:539} INFO - Filling up the DagBag from /opt/airflow/dags/weather_project/read_and_pretable.py
[2026-03-27T10:56:18.861+0000] {processor.py:839} INFO - DAG(s) dict_keys(['iot_temperature_processing']) retrieved from /opt/airflow/dags/weather_project/read_and_pretable.py
[2026-03-27T10:56:18.868+0000] {logging_mixin.py:151} INFO - [2026-03-27T10:56:18.868+0000] {dag.py:2907} INFO - Sync 1 DAGs
[2026-03-27T10:56:18.877+0000] {logging_mixin.py:151} INFO - [2026-03-27T10:56:18.877+0000] {dag.py:3677} INFO - Setting next_dagrun for iot_temperature_processing to 2026-03-27T00:00:00+00:00, run_after=2026-03-28T00:00:00+00:00
[2026-03-27T10:56:18.884+0000] {processor.py:179} INFO - Processing /opt/airflow/dags/weather_project/read_and_pretable.py took 0.161 seconds
[2026-03-27T10:56:29.200+0000] {processor.py:157} INFO - Started process (PID=323) to work on /opt/airflow/dags/weather_project/read_and_pretable.py
[2026-03-27T10:56:29.201+0000] {processor.py:829} INFO - Processing file /opt/airflow/dags/weather_project/read_and_pretable.py for tasks to queue
[2026-03-27T10:56:29.203+0000] {logging_mixin.py:151} INFO - [2026-03-27T10:56:29.203+0000] {dagbag.py:539} INFO - Filling up the DagBag from /opt/airflow/dags/weather_project/read_and_pretable.py
[2026-03-27T10:56:29.336+0000] {processor.py:839} INFO - DAG(s) dict_keys(['iot_temperature_processing']) retrieved from /opt/airflow/dags/weather_project/read_and_pretable.py
[2026-03-27T10:56:29.349+0000] {logging_mixin.py:151} INFO - [2026-03-27T10:56:29.349+0000] {dag.py:2907} INFO - Sync 1 DAGs
[2026-03-27T10:56:29.359+0000] {logging_mixin.py:151} INFO - [2026-03-27T10:56:29.359+0000] {dag.py:3677} INFO - Setting next_dagrun for iot_temperature_processing to 2026-03-27T00:00:00+00:00, run_after=2026-03-28T00:00:00+00:00
[2026-03-27T10:56:29.370+0000] {processor.py:179} INFO - Processing /opt/airflow/dags/weather_project/read_and_pretable.py took 0.175 seconds
[2026-03-27T10:56:39.653+0000] {processor.py:157} INFO - Started process (PID=371) to work on /opt/airflow/dags/weather_project/read_and_pretable.py
[2026-03-27T10:56:39.654+0000] {processor.py:829} INFO - Processing file /opt/airflow/dags/weather_project/read_and_pretable.py for tasks to queue
[2026-03-27T10:56:39.655+0000] {logging_mixin.py:151} INFO - [2026-03-27T10:56:39.655+0000] {dagbag.py:539} INFO - Filling up the DagBag from /opt/airflow/dags/weather_project/read_and_pretable.py
[2026-03-27T10:56:39.796+0000] {processor.py:839} INFO - DAG(s) dict_keys(['iot_temperature_processing']) retrieved from /opt/airflow/dags/weather_project/read_and_pretable.py
[2026-03-27T10:56:39.806+0000] {logging_mixin.py:151} INFO - [2026-03-27T10:56:39.806+0000] {dag.py:2907} INFO - Sync 1 DAGs
[2026-03-27T10:56:39.815+0000] {logging_mixin.py:151} INFO - [2026-03-27T10:56:39.815+0000] {dag.py:3677} INFO - Setting next_dagrun for iot_temperature_processing to 2026-03-27T00:00:00+00:00, run_after=2026-03-28T00:00:00+00:00
[2026-03-27T10:56:39.825+0000] {processor.py:179} INFO - Processing /opt/airflow/dags/weather_project/read_and_pretable.py took 0.175 seconds
[2026-03-27T10:56:50.055+0000] {processor.py:157} INFO - Started process (PID=419) to work on /opt/airflow/dags/weather_project/read_and_pretable.py
[2026-03-27T10:56:50.057+0000] {processor.py:829} INFO - Processing file /opt/airflow/dags/weather_project/read_and_pretable.py for tasks to queue
[2026-03-27T10:56:50.059+0000] {logging_mixin.py:151} INFO - [2026-03-27T10:56:50.059+0000] {dagbag.py:539} INFO - Filling up the DagBag from /opt/airflow/dags/weather_project/read_and_pretable.py
[2026-03-27T10:56:50.239+0000] {processor.py:839} INFO - DAG(s) dict_keys(['iot_temperature_processing']) retrieved from /opt/airflow/dags/weather_project/read_and_pretable.py
[2026-03-27T10:56:50.252+0000] {logging_mixin.py:151} INFO - [2026-03-27T10:56:50.252+0000] {dag.py:2907} INFO - Sync 1 DAGs
[2026-03-27T10:56:50.266+0000] {logging_mixin.py:151} INFO - [2026-03-27T10:56:50.266+0000] {dag.py:3677} INFO - Setting next_dagrun for iot_temperature_processing to 2026-03-27T00:00:00+00:00, run_after=2026-03-28T00:00:00+00:00
[2026-03-27T10:56:50.279+0000] {processor.py:179} INFO - Processing /opt/airflow/dags/weather_project/read_and_pretable.py took 0.227 seconds
[2026-03-27T10:57:00.544+0000] {processor.py:157} INFO - Started process (PID=467) to work on /opt/airflow/dags/weather_project/read_and_pretable.py
[2026-03-27T10:57:00.545+0000] {processor.py:829} INFO - Processing file /opt/airflow/dags/weather_project/read_and_pretable.py for tasks to queue
[2026-03-27T10:57:00.546+0000] {logging_mixin.py:151} INFO - [2026-03-27T10:57:00.546+0000] {dagbag.py:539} INFO - Filling up the DagBag from /opt/airflow/dags/weather_project/read_and_pretable.py
[2026-03-27T10:57:00.673+0000] {processor.py:839} INFO - DAG(s) dict_keys(['iot_temperature_processing']) retrieved from /opt/airflow/dags/weather_project/read_and_pretable.py
[2026-03-27T10:57:00.684+0000] {logging_mixin.py:151} INFO - [2026-03-27T10:57:00.683+0000] {dag.py:2907} INFO - Sync 1 DAGs
[2026-03-27T10:57:00.692+0000] {logging_mixin.py:151} INFO - [2026-03-27T10:57:00.691+0000] {dag.py:3677} INFO - Setting next_dagrun for iot_temperature_processing to 2026-03-27T00:00:00+00:00, run_after=2026-03-28T00:00:00+00:00
[2026-03-27T10:57:00.699+0000] {processor.py:179} INFO - Processing /opt/airflow/dags/weather_project/read_and_pretable.py took 0.158 seconds
[2026-03-27T10:57:10.944+0000] {processor.py:157} INFO - Started process (PID=515) to work on /opt/airflow/dags/weather_project/read_and_pretable.py
[2026-03-27T10:57:10.946+0000] {processor.py:829} INFO - Processing file /opt/airflow/dags/weather_project/read_and_pretable.py for tasks to queue
[2026-03-27T10:57:10.948+0000] {logging_mixin.py:151} INFO - [2026-03-27T10:57:10.948+0000] {dagbag.py:539} INFO - Filling up the DagBag from /opt/airflow/dags/weather_project/read_and_pretable.py
[2026-03-27T10:57:11.087+0000] {processor.py:839} INFO - DAG(s) dict_keys(['iot_temperature_processing']) retrieved from /opt/airflow/dags/weather_project/read_and_pretable.py
[2026-03-27T10:57:11.097+0000] {logging_mixin.py:151} INFO - [2026-03-27T10:57:11.097+0000] {dag.py:2907} INFO - Sync 1 DAGs
[2026-03-27T10:57:11.107+0000] {logging_mixin.py:151} INFO - [2026-03-27T10:57:11.107+0000] {dag.py:3677} INFO - Setting next_dagrun for iot_temperature_processing to 2026-03-27T00:00:00+00:00, run_after=2026-03-28T00:00:00+00:00
[2026-03-27T10:57:11.116+0000] {processor.py:179} INFO - Processing /opt/airflow/dags/weather_project/read_and_pretable.py took 0.176 seconds
[2026-03-27T10:57:21.375+0000] {processor.py:157} INFO - Started process (PID=563) to work on /opt/airflow/dags/weather_project/read_and_pretable.py
[2026-03-27T10:57:21.376+0000] {processor.py:829} INFO - Processing file /opt/airflow/dags/weather_project/read_and_pretable.py for tasks to queue
[2026-03-27T10:57:21.377+0000] {logging_mixin.py:151} INFO - [2026-03-27T10:57:21.377+0000] {dagbag.py:539} INFO - Filling up the DagBag from /opt/airflow/dags/weather_project/read_and_pretable.py
[2026-03-27T10:57:21.502+0000] {processor.py:839} INFO - DAG(s) dict_keys(['iot_temperature_processing']) retrieved from /opt/airflow/dags/weather_project/read_and_pretable.py
[2026-03-27T10:57:21.512+0000] {logging_mixin.py:151} INFO - [2026-03-27T10:57:21.512+0000] {dag.py:2907} INFO - Sync 1 DAGs
[2026-03-27T10:57:21.521+0000] {logging_mixin.py:151} INFO - [2026-03-27T10:57:21.521+0000] {dag.py:3677} INFO - Setting next_dagrun for iot_temperature_processing to 2026-03-27T00:00:00+00:00, run_after=2026-03-28T00:00:00+00:00
[2026-03-27T10:57:21.530+0000] {processor.py:179} INFO - Processing /opt/airflow/dags/weather_project/read_and_pretable.py took 0.158 seconds
[2026-03-27T10:57:31.831+0000] {processor.py:157} INFO - Started process (PID=611) to work on /opt/airflow/dags/weather_project/read_and_pretable.py
[2026-03-27T10:57:31.836+0000] {processor.py:829} INFO - Processing file /opt/airflow/dags/weather_project/read_and_pretable.py for tasks to queue
[2026-03-27T10:57:31.840+0000] {logging_mixin.py:151} INFO - [2026-03-27T10:57:31.839+0000] {dagbag.py:539} INFO - Filling up the DagBag from /opt/airflow/dags/weather_project/read_and_pretable.py
[2026-03-27T10:57:32.040+0000] {processor.py:839} INFO - DAG(s) dict_keys(['iot_temperature_processing']) retrieved from /opt/airflow/dags/weather_project/read_and_pretable.py
[2026-03-27T10:57:32.052+0000] {logging_mixin.py:151} INFO - [2026-03-27T10:57:32.052+0000] {dag.py:2907} INFO - Sync 1 DAGs
[2026-03-27T10:57:32.063+0000] {logging_mixin.py:151} INFO - [2026-03-27T10:57:32.063+0000] {dag.py:3677} INFO - Setting next_dagrun for iot_temperature_processing to 2026-03-27T00:00:00+00:00, run_after=2026-03-28T00:00:00+00:00
[2026-03-27T10:57:32.071+0000] {processor.py:179} INFO - Processing /opt/airflow/dags/weather_project/read_and_pretable.py took 0.246 seconds
[2026-03-27T10:57:42.350+0000] {processor.py:157} INFO - Started process (PID=659) to work on /opt/airflow/dags/weather_project/read_and_pretable.py
[2026-03-27T10:57:42.352+0000] {processor.py:829} INFO - Processing file /opt/airflow/dags/weather_project/read_and_pretable.py for tasks to queue
[2026-03-27T10:57:42.353+0000] {logging_mixin.py:151} INFO - [2026-03-27T10:57:42.353+0000] {dagbag.py:539} INFO - Filling up the DagBag from /opt/airflow/dags/weather_project/read_and_pretable.py
[2026-03-27T10:57:42.481+0000] {processor.py:839} INFO - DAG(s) dict_keys(['iot_temperature_processing']) retrieved from /opt/airflow/dags/weather_project/read_and_pretable.py
[2026-03-27T10:57:42.491+0000] {logging_mixin.py:151} INFO - [2026-03-27T10:57:42.490+0000] {dag.py:2907} INFO - Sync 1 DAGs
[2026-03-27T10:57:42.499+0000] {logging_mixin.py:151} INFO - [2026-03-27T10:57:42.499+0000] {dag.py:3677} INFO - Setting next_dagrun for iot_temperature_processing to 2026-03-27T00:00:00+00:00, run_after=2026-03-28T00:00:00+00:00
[2026-03-27T10:57:42.508+0000] {processor.py:179} INFO - Processing /opt/airflow/dags/weather_project/read_and_pretable.py took 0.161 seconds
[2026-03-27T10:57:52.838+0000] {processor.py:157} INFO - Started process (PID=707) to work on /opt/airflow/dags/weather_project/read_and_pretable.py
[2026-03-27T10:57:52.841+0000] {processor.py:829} INFO - Processing file /opt/airflow/dags/weather_project/read_and_pretable.py for tasks to queue
[2026-03-27T10:57:52.842+0000] {logging_mixin.py:151} INFO - [2026-03-27T10:57:52.842+0000] {dagbag.py:539} INFO - Filling up the DagBag from /opt/airflow/dags/weather_project/read_and_pretable.py
[2026-03-27T10:57:52.970+0000] {processor.py:839} INFO - DAG(s) dict_keys(['iot_temperature_processing']) retrieved from /opt/airflow/dags/weather_project/read_and_pretable.py
[2026-03-27T10:57:52.980+0000] {logging_mixin.py:151} INFO - [2026-03-27T10:57:52.980+0000] {dag.py:2907} INFO - Sync 1 DAGs
[2026-03-27T10:57:52.988+0000] {logging_mixin.py:151} INFO - [2026-03-27T10:57:52.988+0000] {dag.py:3677} INFO - Setting next_dagrun for iot_temperature_processing to 2026-03-27T00:00:00+00:00, run_after=2026-03-28T00:00:00+00:00
[2026-03-27T10:57:52.996+0000] {processor.py:179} INFO - Processing /opt/airflow/dags/weather_project/read_and_pretable.py took 0.161 seconds
[2026-03-27T10:58:03.306+0000] {processor.py:157} INFO - Started process (PID=755) to work on /opt/airflow/dags/weather_project/read_and_pretable.py
[2026-03-27T10:58:03.307+0000] {processor.py:829} INFO - Processing file /opt/airflow/dags/weather_project/read_and_pretable.py for tasks to queue
[2026-03-27T10:58:03.308+0000] {logging_mixin.py:151} INFO - [2026-03-27T10:58:03.308+0000] {dagbag.py:539} INFO - Filling up the DagBag from /opt/airflow/dags/weather_project/read_and_pretable.py
[2026-03-27T10:58:03.436+0000] {processor.py:839} INFO - DAG(s) dict_keys(['iot_temperature_processing']) retrieved from /opt/airflow/dags/weather_project/read_and_pretable.py
[2026-03-27T10:58:03.446+0000] {logging_mixin.py:151} INFO - [2026-03-27T10:58:03.446+0000] {dag.py:2907} INFO - Sync 1 DAGs
[2026-03-27T10:58:03.455+0000] {logging_mixin.py:151} INFO - [2026-03-27T10:58:03.455+0000] {dag.py:3677} INFO - Setting next_dagrun for iot_temperature_processing to 2026-03-27T00:00:00+00:00, run_after=2026-03-28T00:00:00+00:00
[2026-03-27T10:58:03.464+0000] {processor.py:179} INFO - Processing /opt/airflow/dags/weather_project/read_and_pretable.py took 0.160 seconds
[2026-03-27T10:58:13.745+0000] {processor.py:157} INFO - Started process (PID=803) to work on /opt/airflow/dags/weather_project/read_and_pretable.py
[2026-03-27T10:58:13.745+0000] {processor.py:829} INFO - Processing file /opt/airflow/dags/weather_project/read_and_pretable.py for tasks to queue
[2026-03-27T10:58:13.747+0000] {logging_mixin.py:151} INFO - [2026-03-27T10:58:13.746+0000] {dagbag.py:539} INFO - Filling up the DagBag from /opt/airflow/dags/weather_project/read_and_pretable.py
[2026-03-27T10:58:13.882+0000] {processor.py:839} INFO - DAG(s) dict_keys(['iot_temperature_processing']) retrieved from /opt/airflow/dags/weather_project/read_and_pretable.py
[2026-03-27T10:58:13.893+0000] {logging_mixin.py:151} INFO - [2026-03-27T10:58:13.893+0000] {dag.py:2907} INFO - Sync 1 DAGs
[2026-03-27T10:58:13.904+0000] {logging_mixin.py:151} INFO - [2026-03-27T10:58:13.904+0000] {dag.py:3677} INFO - Setting next_dagrun for iot_temperature_processing to 2026-03-27T00:00:00+00:00, run_after=2026-03-28T00:00:00+00:00
[2026-03-27T10:58:13.911+0000] {processor.py:179} INFO - Processing /opt/airflow/dags/weather_project/read_and_pretable.py took 0.169 seconds
[2026-03-27T10:58:24.238+0000] {processor.py:157} INFO - Started process (PID=851) to work on /opt/airflow/dags/weather_project/read_and_pretable.py
[2026-03-27T10:58:24.238+0000] {processor.py:829} INFO - Processing file /opt/airflow/dags/weather_project/read_and_pretable.py for tasks to queue
[2026-03-27T10:58:24.241+0000] {logging_mixin.py:151} INFO - [2026-03-27T10:58:24.240+0000] {dagbag.py:539} INFO - Filling up the DagBag from /opt/airflow/dags/weather_project/read_and_pretable.py
[2026-03-27T10:58:24.371+0000] {processor.py:839} INFO - DAG(s) dict_keys(['iot_temperature_processing']) retrieved from /opt/airflow/dags/weather_project/read_and_pretable.py
[2026-03-27T10:58:24.382+0000] {logging_mixin.py:151} INFO - [2026-03-27T10:58:24.382+0000] {dag.py:2907} INFO - Sync 1 DAGs
[2026-03-27T10:58:24.392+0000] {logging_mixin.py:151} INFO - [2026-03-27T10:58:24.392+0000] {dag.py:3677} INFO - Setting next_dagrun for iot_temperature_processing to 2026-03-27T00:00:00+00:00, run_after=2026-03-28T00:00:00+00:00
[2026-03-27T10:58:24.400+0000] {processor.py:179} INFO - Processing /opt/airflow/dags/weather_project/read_and_pretable.py took 0.166 seconds
[2026-03-27T10:58:34.684+0000] {processor.py:157} INFO - Started process (PID=899) to work on /opt/airflow/dags/weather_project/read_and_pretable.py
[2026-03-27T10:58:34.685+0000] {processor.py:829} INFO - Processing file /opt/airflow/dags/weather_project/read_and_pretable.py for tasks to queue
[2026-03-27T10:58:34.687+0000] {logging_mixin.py:151} INFO - [2026-03-27T10:58:34.687+0000] {dagbag.py:539} INFO - Filling up the DagBag from /opt/airflow/dags/weather_project/read_and_pretable.py
[2026-03-27T10:58:34.826+0000] {processor.py:839} INFO - DAG(s) dict_keys(['iot_temperature_processing']) retrieved from /opt/airflow/dags/weather_project/read_and_pretable.py
[2026-03-27T10:58:34.837+0000] {logging_mixin.py:151} INFO - [2026-03-27T10:58:34.837+0000] {dag.py:2907} INFO - Sync 1 DAGs
[2026-03-27T10:58:34.847+0000] {logging_mixin.py:151} INFO - [2026-03-27T10:58:34.847+0000] {dag.py:3677} INFO - Setting next_dagrun for iot_temperature_processing to 2026-03-27T00:00:00+00:00, run_after=2026-03-28T00:00:00+00:00
[2026-03-27T10:58:34.855+0000] {processor.py:179} INFO - Processing /opt/airflow/dags/weather_project/read_and_pretable.py took 0.173 seconds
[2026-03-27T10:58:45.110+0000] {processor.py:157} INFO - Started process (PID=947) to work on /opt/airflow/dags/weather_project/read_and_pretable.py
[2026-03-27T10:58:45.111+0000] {processor.py:829} INFO - Processing file /opt/airflow/dags/weather_project/read_and_pretable.py for tasks to queue
[2026-03-27T10:58:45.113+0000] {logging_mixin.py:151} INFO - [2026-03-27T10:58:45.113+0000] {dagbag.py:539} INFO - Filling up the DagBag from /opt/airflow/dags/weather_project/read_and_pretable.py
[2026-03-27T10:58:45.257+0000] {processor.py:839} INFO - DAG(s) dict_keys(['iot_temperature_processing']) retrieved from /opt/airflow/dags/weather_project/read_and_pretable.py
[2026-03-27T10:58:45.268+0000] {logging_mixin.py:151} INFO - [2026-03-27T10:58:45.268+0000] {dag.py:2907} INFO - Sync 1 DAGs
[2026-03-27T10:58:45.280+0000] {logging_mixin.py:151} INFO - [2026-03-27T10:58:45.280+0000] {dag.py:3677} INFO - Setting next_dagrun for iot_temperature_processing to 2026-03-27T00:00:00+00:00, run_after=2026-03-28T00:00:00+00:00
[2026-03-27T10:58:45.290+0000] {processor.py:179} INFO - Processing /opt/airflow/dags/weather_project/read_and_pretable.py took 0.183 seconds
[2026-03-27T10:58:55.512+0000] {processor.py:157} INFO - Started process (PID=995) to work on /opt/airflow/dags/weather_project/read_and_pretable.py
[2026-03-27T10:58:55.513+0000] {processor.py:829} INFO - Processing file /opt/airflow/dags/weather_project/read_and_pretable.py for tasks to queue
[2026-03-27T10:58:55.515+0000] {logging_mixin.py:151} INFO - [2026-03-27T10:58:55.514+0000] {dagbag.py:539} INFO - Filling up the DagBag from /opt/airflow/dags/weather_project/read_and_pretable.py
[2026-03-27T10:58:55.676+0000] {processor.py:839} INFO - DAG(s) dict_keys(['iot_temperature_processing']) retrieved from /opt/airflow/dags/weather_project/read_and_pretable.py
[2026-03-27T10:58:55.690+0000] {logging_mixin.py:151} INFO - [2026-03-27T10:58:55.690+0000] {dag.py:2907} INFO - Sync 1 DAGs
[2026-03-27T10:58:55.702+0000] {logging_mixin.py:151} INFO - [2026-03-27T10:58:55.702+0000] {dag.py:3677} INFO - Setting next_dagrun for iot_temperature_processing to 2026-03-27T00:00:00+00:00, run_after=2026-03-28T00:00:00+00:00
[2026-03-27T10:58:55.714+0000] {processor.py:179} INFO - Processing /opt/airflow/dags/weather_project/read_and_pretable.py took 0.206 seconds
[2026-03-27T10:59:05.977+0000] {processor.py:157} INFO - Started process (PID=1043) to work on /opt/airflow/dags/weather_project/read_and_pretable.py
[2026-03-27T10:59:05.977+0000] {processor.py:829} INFO - Processing file /opt/airflow/dags/weather_project/read_and_pretable.py for tasks to queue
[2026-03-27T10:59:05.979+0000] {logging_mixin.py:151} INFO - [2026-03-27T10:59:05.979+0000] {dagbag.py:539} INFO - Filling up the DagBag from /opt/airflow/dags/weather_project/read_and_pretable.py
[2026-03-27T10:59:06.117+0000] {processor.py:839} INFO - DAG(s) dict_keys(['iot_temperature_processing']) retrieved from /opt/airflow/dags/weather_project/read_and_pretable.py
[2026-03-27T10:59:06.128+0000] {logging_mixin.py:151} INFO - [2026-03-27T10:59:06.128+0000] {dag.py:2907} INFO - Sync 1 DAGs
[2026-03-27T10:59:06.140+0000] {logging_mixin.py:151} INFO - [2026-03-27T10:59:06.140+0000] {dag.py:3677} INFO - Setting next_dagrun for iot_temperature_processing to 2026-03-27T00:00:00+00:00, run_after=2026-03-28T00:00:00+00:00
[2026-03-27T10:59:06.148+0000] {processor.py:179} INFO - Processing /opt/airflow/dags/weather_project/read_and_pretable.py took 0.175 seconds
[2026-03-27T10:59:16.468+0000] {processor.py:157} INFO - Started process (PID=1091) to work on /opt/airflow/dags/weather_project/read_and_pretable.py
[2026-03-27T10:59:16.470+0000] {processor.py:829} INFO - Processing file /opt/airflow/dags/weather_project/read_and_pretable.py for tasks to queue
[2026-03-27T10:59:16.472+0000] {logging_mixin.py:151} INFO - [2026-03-27T10:59:16.472+0000] {dagbag.py:539} INFO - Filling up the DagBag from /opt/airflow/dags/weather_project/read_and_pretable.py
[2026-03-27T10:59:16.605+0000] {processor.py:839} INFO - DAG(s) dict_keys(['iot_temperature_processing']) retrieved from /opt/airflow/dags/weather_project/read_and_pretable.py
[2026-03-27T10:59:16.615+0000] {logging_mixin.py:151} INFO - [2026-03-27T10:59:16.615+0000] {dag.py:2907} INFO - Sync 1 DAGs
[2026-03-27T10:59:16.624+0000] {logging_mixin.py:151} INFO - [2026-03-27T10:59:16.624+0000] {dag.py:3677} INFO - Setting next_dagrun for iot_temperature_processing to 2026-03-27T00:00:00+00:00, run_after=2026-03-28T00:00:00+00:00
[2026-03-27T10:59:16.632+0000] {processor.py:179} INFO - Processing /opt/airflow/dags/weather_project/read_and_pretable.py took 0.167 seconds
[2026-03-27T10:59:26.888+0000] {processor.py:157} INFO - Started process (PID=1139) to work on /opt/airflow/dags/weather_project/read_and_pretable.py
[2026-03-27T10:59:26.889+0000] {processor.py:829} INFO - Processing file /opt/airflow/dags/weather_project/read_and_pretable.py for tasks to queue
[2026-03-27T10:59:26.891+0000] {logging_mixin.py:151} INFO - [2026-03-27T10:59:26.891+0000] {dagbag.py:539} INFO - Filling up the DagBag from /opt/airflow/dags/weather_project/read_and_pretable.py
[2026-03-27T10:59:27.019+0000] {processor.py:839} INFO - DAG(s) dict_keys(['iot_temperature_processing']) retrieved from /opt/airflow/dags/weather_project/read_and_pretable.py
[2026-03-27T10:59:27.030+0000] {logging_mixin.py:151} INFO - [2026-03-27T10:59:27.030+0000] {dag.py:2907} INFO - Sync 1 DAGs
[2026-03-27T10:59:27.040+0000] {logging_mixin.py:151} INFO - [2026-03-27T10:59:27.040+0000] {dag.py:3677} INFO - Setting next_dagrun for iot_temperature_processing to 2026-03-27T00:00:00+00:00, run_after=2026-03-28T00:00:00+00:00
[2026-03-27T10:59:27.049+0000] {processor.py:179} INFO - Processing /opt/airflow/dags/weather_project/read_and_pretable.py took 0.163 seconds
[2026-03-27T10:59:37.372+0000] {processor.py:157} INFO - Started process (PID=1187) to work on /opt/airflow/dags/weather_project/read_and_pretable.py
[2026-03-27T10:59:37.374+0000] {processor.py:829} INFO - Processing file /opt/airflow/dags/weather_project/read_and_pretable.py for tasks to queue
[2026-03-27T10:59:37.376+0000] {logging_mixin.py:151} INFO - [2026-03-27T10:59:37.376+0000] {dagbag.py:539} INFO - Filling up the DagBag from /opt/airflow/dags/weather_project/read_and_pretable.py
[2026-03-27T10:59:37.566+0000] {processor.py:839} INFO - DAG(s) dict_keys(['iot_temperature_processing']) retrieved from /opt/airflow/dags/weather_project/read_and_pretable.py
[2026-03-27T10:59:37.581+0000] {logging_mixin.py:151} INFO - [2026-03-27T10:59:37.581+0000] {dag.py:2907} INFO - Sync 1 DAGs
[2026-03-27T10:59:37.595+0000] {logging_mixin.py:151} INFO - [2026-03-27T10:59:37.595+0000] {dag.py:3677} INFO - Setting next_dagrun for iot_temperature_processing to 2026-03-27T00:00:00+00:00, run_after=2026-03-28T00:00:00+00:00
[2026-03-27T10:59:37.608+0000] {processor.py:179} INFO - Processing /opt/airflow/dags/weather_project/read_and_pretable.py took 0.240 seconds
[2026-03-27T10:59:47.917+0000] {processor.py:157} INFO - Started process (PID=1235) to work on /opt/airflow/dags/weather_project/read_and_pretable.py
[2026-03-27T10:59:47.918+0000] {processor.py:829} INFO - Processing file /opt/airflow/dags/weather_project/read_and_pretable.py for tasks to queue
[2026-03-27T10:59:47.919+0000] {logging_mixin.py:151} INFO - [2026-03-27T10:59:47.919+0000] {dagbag.py:539} INFO - Filling up the DagBag from /opt/airflow/dags/weather_project/read_and_pretable.py
[2026-03-27T10:59:48.049+0000] {processor.py:839} INFO - DAG(s) dict_keys(['iot_temperature_processing']) retrieved from /opt/airflow/dags/weather_project/read_and_pretable.py
[2026-03-27T10:59:48.059+0000] {logging_mixin.py:151} INFO - [2026-03-27T10:59:48.059+0000] {dag.py:2907} INFO - Sync 1 DAGs
[2026-03-27T10:59:48.070+0000] {logging_mixin.py:151} INFO - [2026-03-27T10:59:48.070+0000] {dag.py:3677} INFO - Setting next_dagrun for iot_temperature_processing to 2026-03-27T00:00:00+00:00, run_after=2026-03-28T00:00:00+00:00
[2026-03-27T10:59:48.078+0000] {processor.py:179} INFO - Processing /opt/airflow/dags/weather_project/read_and_pretable.py took 0.164 seconds
[2026-03-27T10:59:58.302+0000] {processor.py:157} INFO - Started process (PID=1283) to work on /opt/airflow/dags/weather_project/read_and_pretable.py
[2026-03-27T10:59:58.305+0000] {processor.py:829} INFO - Processing file /opt/airflow/dags/weather_project/read_and_pretable.py for tasks to queue
[2026-03-27T10:59:58.307+0000] {logging_mixin.py:151} INFO - [2026-03-27T10:59:58.307+0000] {dagbag.py:539} INFO - Filling up the DagBag from /opt/airflow/dags/weather_project/read_and_pretable.py
[2026-03-27T10:59:58.443+0000] {processor.py:839} INFO - DAG(s) dict_keys(['iot_temperature_processing']) retrieved from /opt/airflow/dags/weather_project/read_and_pretable.py
[2026-03-27T10:59:58.454+0000] {logging_mixin.py:151} INFO - [2026-03-27T10:59:58.454+0000] {dag.py:2907} INFO - Sync 1 DAGs
[2026-03-27T10:59:58.465+0000] {logging_mixin.py:151} INFO - [2026-03-27T10:59:58.465+0000] {dag.py:3677} INFO - Setting next_dagrun for iot_temperature_processing to 2026-03-27T00:00:00+00:00, run_after=2026-03-28T00:00:00+00:00
[2026-03-27T10:59:58.476+0000] {processor.py:179} INFO - Processing /opt/airflow/dags/weather_project/read_and_pretable.py took 0.178 seconds
[2026-03-27T11:00:08.732+0000] {processor.py:157} INFO - Started process (PID=1331) to work on /opt/airflow/dags/weather_project/read_and_pretable.py
[2026-03-27T11:00:08.733+0000] {processor.py:829} INFO - Processing file /opt/airflow/dags/weather_project/read_and_pretable.py for tasks to queue
[2026-03-27T11:00:08.734+0000] {logging_mixin.py:151} INFO - [2026-03-27T11:00:08.734+0000] {dagbag.py:539} INFO - Filling up the DagBag from /opt/airflow/dags/weather_project/read_and_pretable.py
[2026-03-27T11:00:08.865+0000] {processor.py:839} INFO - DAG(s) dict_keys(['iot_temperature_processing']) retrieved from /opt/airflow/dags/weather_project/read_and_pretable.py
[2026-03-27T11:00:08.875+0000] {logging_mixin.py:151} INFO - [2026-03-27T11:00:08.875+0000] {dag.py:2907} INFO - Sync 1 DAGs
[2026-03-27T11:00:08.884+0000] {logging_mixin.py:151} INFO - [2026-03-27T11:00:08.884+0000] {dag.py:3677} INFO - Setting next_dagrun for iot_temperature_processing to 2026-03-27T00:00:00+00:00, run_after=2026-03-28T00:00:00+00:00
[2026-03-27T11:00:08.892+0000] {processor.py:179} INFO - Processing /opt/airflow/dags/weather_project/read_and_pretable.py took 0.164 seconds
[2026-03-27T11:00:19.147+0000] {processor.py:157} INFO - Started process (PID=1379) to work on /opt/airflow/dags/weather_project/read_and_pretable.py
[2026-03-27T11:00:19.149+0000] {processor.py:829} INFO - Processing file /opt/airflow/dags/weather_project/read_and_pretable.py for tasks to queue
[2026-03-27T11:00:19.151+0000] {logging_mixin.py:151} INFO - [2026-03-27T11:00:19.151+0000] {dagbag.py:539} INFO - Filling up the DagBag from /opt/airflow/dags/weather_project/read_and_pretable.py
[2026-03-27T11:00:19.279+0000] {processor.py:839} INFO - DAG(s) dict_keys(['iot_temperature_processing']) retrieved from /opt/airflow/dags/weather_project/read_and_pretable.py
[2026-03-27T11:00:19.291+0000] {logging_mixin.py:151} INFO - [2026-03-27T11:00:19.291+0000] {dag.py:2907} INFO - Sync 1 DAGs
[2026-03-27T11:00:19.303+0000] {logging_mixin.py:151} INFO - [2026-03-27T11:00:19.303+0000] {dag.py:3677} INFO - Setting next_dagrun for iot_temperature_processing to 2026-03-27T00:00:00+00:00, run_after=2026-03-28T00:00:00+00:00
[2026-03-27T11:00:19.311+0000] {processor.py:179} INFO - Processing /opt/airflow/dags/weather_project/read_and_pretable.py took 0.168 seconds
[2026-03-27T11:00:29.610+0000] {processor.py:157} INFO - Started process (PID=1427) to work on /opt/airflow/dags/weather_project/read_and_pretable.py
[2026-03-27T11:00:29.611+0000] {processor.py:829} INFO - Processing file /opt/airflow/dags/weather_project/read_and_pretable.py for tasks to queue
[2026-03-27T11:00:29.613+0000] {logging_mixin.py:151} INFO - [2026-03-27T11:00:29.613+0000] {dagbag.py:539} INFO - Filling up the DagBag from /opt/airflow/dags/weather_project/read_and_pretable.py
[2026-03-27T11:00:29.746+0000] {processor.py:839} INFO - DAG(s) dict_keys(['iot_temperature_processing']) retrieved from /opt/airflow/dags/weather_project/read_and_pretable.py
[2026-03-27T11:00:29.755+0000] {logging_mixin.py:151} INFO - [2026-03-27T11:00:29.755+0000] {dag.py:2907} INFO - Sync 1 DAGs
[2026-03-27T11:00:29.765+0000] {logging_mixin.py:151} INFO - [2026-03-27T11:00:29.765+0000] {dag.py:3677} INFO - Setting next_dagrun for iot_temperature_processing to 2026-03-27T00:00:00+00:00, run_after=2026-03-28T00:00:00+00:00
[2026-03-27T11:00:29.774+0000] {processor.py:179} INFO - Processing /opt/airflow/dags/weather_project/read_and_pretable.py took 0.167 seconds
[2026-03-27T11:00:40.038+0000] {processor.py:157} INFO - Started process (PID=1475) to work on /opt/airflow/dags/weather_project/read_and_pretable.py
[2026-03-27T11:00:40.039+0000] {processor.py:829} INFO - Processing file /opt/airflow/dags/weather_project/read_and_pretable.py for tasks to queue
[2026-03-27T11:00:40.041+0000] {logging_mixin.py:151} INFO - [2026-03-27T11:00:40.041+0000] {dagbag.py:539} INFO - Filling up the DagBag from /opt/airflow/dags/weather_project/read_and_pretable.py
[2026-03-27T11:00:40.212+0000] {processor.py:839} INFO - DAG(s) dict_keys(['iot_temperature_processing']) retrieved from /opt/airflow/dags/weather_project/read_and_pretable.py
[2026-03-27T11:00:40.226+0000] {logging_mixin.py:151} INFO - [2026-03-27T11:00:40.226+0000] {dag.py:2907} INFO - Sync 1 DAGs
[2026-03-27T11:00:40.237+0000] {logging_mixin.py:151} INFO - [2026-03-27T11:00:40.237+0000] {dag.py:3677} INFO - Setting next_dagrun for iot_temperature_processing to 2026-03-27T00:00:00+00:00, run_after=2026-03-28T00:00:00+00:00
[2026-03-27T11:00:40.247+0000] {processor.py:179} INFO - Processing /opt/airflow/dags/weather_project/read_and_pretable.py took 0.212 seconds
[2026-03-27T11:00:50.499+0000] {processor.py:157} INFO - Started process (PID=1523) to work on /opt/airflow/dags/weather_project/read_and_pretable.py
[2026-03-27T11:00:50.499+0000] {processor.py:829} INFO - Processing file /opt/airflow/dags/weather_project/read_and_pretable.py for tasks to queue
[2026-03-27T11:00:50.501+0000] {logging_mixin.py:151} INFO - [2026-03-27T11:00:50.501+0000] {dagbag.py:539} INFO - Filling up the DagBag from /opt/airflow/dags/weather_project/read_and_pretable.py
[2026-03-27T11:00:50.632+0000] {processor.py:839} INFO - DAG(s) dict_keys(['iot_temperature_processing']) retrieved from /opt/airflow/dags/weather_project/read_and_pretable.py
[2026-03-27T11:00:50.642+0000] {logging_mixin.py:151} INFO - [2026-03-27T11:00:50.641+0000] {dag.py:2907} INFO - Sync 1 DAGs
[2026-03-27T11:00:50.654+0000] {logging_mixin.py:151} INFO - [2026-03-27T11:00:50.653+0000] {dag.py:3677} INFO - Setting next_dagrun for iot_temperature_processing to 2026-03-27T00:00:00+00:00, run_after=2026-03-28T00:00:00+00:00
[2026-03-27T11:00:50.664+0000] {processor.py:179} INFO - Processing /opt/airflow/dags/weather_project/read_and_pretable.py took 0.168 seconds
[2026-03-27T11:01:00.998+0000] {processor.py:157} INFO - Started process (PID=1571) to work on /opt/airflow/dags/weather_project/read_and_pretable.py
[2026-03-27T11:01:00.999+0000] {processor.py:829} INFO - Processing file /opt/airflow/dags/weather_project/read_and_pretable.py for tasks to queue
[2026-03-27T11:01:01.002+0000] {logging_mixin.py:151} INFO - [2026-03-27T11:01:01.001+0000] {dagbag.py:539} INFO - Filling up the DagBag from /opt/airflow/dags/weather_project/read_and_pretable.py
[2026-03-27T11:01:01.137+0000] {processor.py:839} INFO - DAG(s) dict_keys(['iot_temperature_processing']) retrieved from /opt/airflow/dags/weather_project/read_and_pretable.py
[2026-03-27T11:01:01.147+0000] {logging_mixin.py:151} INFO - [2026-03-27T11:01:01.147+0000] {dag.py:2907} INFO - Sync 1 DAGs
[2026-03-27T11:01:01.156+0000] {logging_mixin.py:151} INFO - [2026-03-27T11:01:01.156+0000] {dag.py:3677} INFO - Setting next_dagrun for iot_temperature_processing to 2026-03-27T00:00:00+00:00, run_after=2026-03-28T00:00:00+00:00
[2026-03-27T11:01:01.165+0000] {processor.py:179} INFO - Processing /opt/airflow/dags/weather_project/read_and_pretable.py took 0.170 seconds
[2026-03-27T11:01:11.429+0000] {processor.py:157} INFO - Started process (PID=1619) to work on /opt/airflow/dags/weather_project/read_and_pretable.py
[2026-03-27T11:01:11.430+0000] {processor.py:829} INFO - Processing file /opt/airflow/dags/weather_project/read_and_pretable.py for tasks to queue
[2026-03-27T11:01:11.431+0000] {logging_mixin.py:151} INFO - [2026-03-27T11:01:11.431+0000] {dagbag.py:539} INFO - Filling up the DagBag from /opt/airflow/dags/weather_project/read_and_pretable.py
[2026-03-27T11:01:11.561+0000] {processor.py:839} INFO - DAG(s) dict_keys(['iot_temperature_processing']) retrieved from /opt/airflow/dags/weather_project/read_and_pretable.py
[2026-03-27T11:01:11.571+0000] {logging_mixin.py:151} INFO - [2026-03-27T11:01:11.571+0000] {dag.py:2907} INFO - Sync 1 DAGs
[2026-03-27T11:01:11.580+0000] {logging_mixin.py:151} INFO - [2026-03-27T11:01:11.580+0000] {dag.py:3677} INFO - Setting next_dagrun for iot_temperature_processing to 2026-03-27T00:00:00+00:00, run_after=2026-03-28T00:00:00+00:00
[2026-03-27T11:01:11.588+0000] {processor.py:179} INFO - Processing /opt/airflow/dags/weather_project/read_and_pretable.py took 0.162 seconds
[2026-03-27T11:01:21.850+0000] {processor.py:157} INFO - Started process (PID=1667) to work on /opt/airflow/dags/weather_project/read_and_pretable.py
[2026-03-27T11:01:21.852+0000] {processor.py:829} INFO - Processing file /opt/airflow/dags/weather_project/read_and_pretable.py for tasks to queue
[2026-03-27T11:01:21.855+0000] {logging_mixin.py:151} INFO - [2026-03-27T11:01:21.854+0000] {dagbag.py:539} INFO - Filling up the DagBag from /opt/airflow/dags/weather_project/read_and_pretable.py
[2026-03-27T11:01:22.044+0000] {processor.py:839} INFO - DAG(s) dict_keys(['iot_temperature_processing']) retrieved from /opt/airflow/dags/weather_project/read_and_pretable.py
[2026-03-27T11:01:22.053+0000] {logging_mixin.py:151} INFO - [2026-03-27T11:01:22.053+0000] {dag.py:2907} INFO - Sync 1 DAGs
[2026-03-27T11:01:22.061+0000] {logging_mixin.py:151} INFO - [2026-03-27T11:01:22.061+0000] {dag.py:3677} INFO - Setting next_dagrun for iot_temperature_processing to 2026-03-27T00:00:00+00:00, run_after=2026-03-28T00:00:00+00:00
[2026-03-27T11:01:22.069+0000] {processor.py:179} INFO - Processing /opt/airflow/dags/weather_project/read_and_pretable.py took 0.223 seconds
[2026-03-27T11:01:47.160+0000] {processor.py:157} INFO - Started process (PID=176) to work on /opt/airflow/dags/weather_project/read_and_pretable.py
[2026-03-27T11:01:47.160+0000] {processor.py:829} INFO - Processing file /opt/airflow/dags/weather_project/read_and_pretable.py for tasks to queue
[2026-03-27T11:01:47.160+0000] {logging_mixin.py:151} INFO - [2026-03-27T11:01:47.160+0000] {dagbag.py:539} INFO - Filling up the DagBag from /opt/airflow/dags/weather_project/read_and_pretable.py
[2026-03-27T11:01:47.778+0000] {processor.py:839} INFO - DAG(s) dict_keys(['iot_temperature_processing']) retrieved from /opt/airflow/dags/weather_project/read_and_pretable.py
[2026-03-27T11:01:47.783+0000] {logging_mixin.py:151} INFO - [2026-03-27T11:01:47.783+0000] {dag.py:2907} INFO - Sync 1 DAGs
[2026-03-27T11:01:47.792+0000] {logging_mixin.py:151} INFO - [2026-03-27T11:01:47.791+0000] {dag.py:3677} INFO - Setting next_dagrun for iot_temperature_processing to 2026-03-27T00:00:00+00:00, run_after=2026-03-28T00:00:00+00:00
[2026-03-27T11:01:47.797+0000] {processor.py:179} INFO - Processing /opt/airflow/dags/weather_project/read_and_pretable.py took 0.639 seconds
[2026-03-27T11:01:58.219+0000] {processor.py:157} INFO - Started process (PID=224) to work on /opt/airflow/dags/weather_project/read_and_pretable.py
[2026-03-27T11:01:58.221+0000] {processor.py:829} INFO - Processing file /opt/airflow/dags/weather_project/read_and_pretable.py for tasks to queue
[2026-03-27T11:01:58.224+0000] {logging_mixin.py:151} INFO - [2026-03-27T11:01:58.224+0000] {dagbag.py:539} INFO - Filling up the DagBag from /opt/airflow/dags/weather_project/read_and_pretable.py
[2026-03-27T11:01:58.355+0000] {processor.py:839} INFO - DAG(s) dict_keys(['iot_temperature_processing']) retrieved from /opt/airflow/dags/weather_project/read_and_pretable.py
[2026-03-27T11:01:58.361+0000] {logging_mixin.py:151} INFO - [2026-03-27T11:01:58.361+0000] {dag.py:2907} INFO - Sync 1 DAGs
[2026-03-27T11:01:58.370+0000] {logging_mixin.py:151} INFO - [2026-03-27T11:01:58.370+0000] {dag.py:3677} INFO - Setting next_dagrun for iot_temperature_processing to 2026-03-27T00:00:00+00:00, run_after=2026-03-28T00:00:00+00:00
[2026-03-27T11:01:58.380+0000] {processor.py:179} INFO - Processing /opt/airflow/dags/weather_project/read_and_pretable.py took 0.164 seconds
[2026-03-27T11:02:08.694+0000] {processor.py:157} INFO - Started process (PID=272) to work on /opt/airflow/dags/weather_project/read_and_pretable.py
[2026-03-27T11:02:08.696+0000] {processor.py:829} INFO - Processing file /opt/airflow/dags/weather_project/read_and_pretable.py for tasks to queue
[2026-03-27T11:02:08.698+0000] {logging_mixin.py:151} INFO - [2026-03-27T11:02:08.698+0000] {dagbag.py:539} INFO - Filling up the DagBag from /opt/airflow/dags/weather_project/read_and_pretable.py
[2026-03-27T11:02:08.838+0000] {processor.py:839} INFO - DAG(s) dict_keys(['iot_temperature_processing']) retrieved from /opt/airflow/dags/weather_project/read_and_pretable.py
[2026-03-27T11:02:08.845+0000] {logging_mixin.py:151} INFO - [2026-03-27T11:02:08.845+0000] {dag.py:2907} INFO - Sync 1 DAGs
[2026-03-27T11:02:08.857+0000] {logging_mixin.py:151} INFO - [2026-03-27T11:02:08.857+0000] {dag.py:3677} INFO - Setting next_dagrun for iot_temperature_processing to 2026-03-27T00:00:00+00:00, run_after=2026-03-28T00:00:00+00:00
[2026-03-27T11:02:08.868+0000] {processor.py:179} INFO - Processing /opt/airflow/dags/weather_project/read_and_pretable.py took 0.178 seconds
[2026-03-27T11:02:34.255+0000] {processor.py:157} INFO - Started process (PID=176) to work on /opt/airflow/dags/weather_project/read_and_pretable.py
[2026-03-27T11:02:34.255+0000] {processor.py:829} INFO - Processing file /opt/airflow/dags/weather_project/read_and_pretable.py for tasks to queue
[2026-03-27T11:02:34.256+0000] {logging_mixin.py:151} INFO - [2026-03-27T11:02:34.256+0000] {dagbag.py:539} INFO - Filling up the DagBag from /opt/airflow/dags/weather_project/read_and_pretable.py
[2026-03-27T11:02:34.819+0000] {processor.py:839} INFO - DAG(s) dict_keys(['iot_temperature_processing']) retrieved from /opt/airflow/dags/weather_project/read_and_pretable.py
[2026-03-27T11:02:34.824+0000] {logging_mixin.py:151} INFO - [2026-03-27T11:02:34.823+0000] {dag.py:2907} INFO - Sync 1 DAGs
[2026-03-27T11:02:34.831+0000] {logging_mixin.py:151} INFO - [2026-03-27T11:02:34.831+0000] {dag.py:3677} INFO - Setting next_dagrun for iot_temperature_processing to 2026-03-27T00:00:00+00:00, run_after=2026-03-28T00:00:00+00:00
[2026-03-27T11:02:34.838+0000] {processor.py:179} INFO - Processing /opt/airflow/dags/weather_project/read_and_pretable.py took 0.584 seconds
[2026-03-27T11:02:45.405+0000] {processor.py:157} INFO - Started process (PID=224) to work on /opt/airflow/dags/weather_project/read_and_pretable.py
[2026-03-27T11:02:45.406+0000] {processor.py:829} INFO - Processing file /opt/airflow/dags/weather_project/read_and_pretable.py for tasks to queue
[2026-03-27T11:02:45.409+0000] {logging_mixin.py:151} INFO - [2026-03-27T11:02:45.409+0000] {dagbag.py:539} INFO - Filling up the DagBag from /opt/airflow/dags/weather_project/read_and_pretable.py
[2026-03-27T11:02:45.546+0000] {processor.py:839} INFO - DAG(s) dict_keys(['iot_temperature_processing']) retrieved from /opt/airflow/dags/weather_project/read_and_pretable.py
[2026-03-27T11:02:45.553+0000] {logging_mixin.py:151} INFO - [2026-03-27T11:02:45.552+0000] {dag.py:2907} INFO - Sync 1 DAGs
[2026-03-27T11:02:45.562+0000] {logging_mixin.py:151} INFO - [2026-03-27T11:02:45.562+0000] {dag.py:3677} INFO - Setting next_dagrun for iot_temperature_processing to 2026-03-27T00:00:00+00:00, run_after=2026-03-28T00:00:00+00:00
[2026-03-27T11:02:45.571+0000] {processor.py:179} INFO - Processing /opt/airflow/dags/weather_project/read_and_pretable.py took 0.170 seconds
[2026-03-27T11:02:55.816+0000] {processor.py:157} INFO - Started process (PID=272) to work on /opt/airflow/dags/weather_project/read_and_pretable.py
[2026-03-27T11:02:55.818+0000] {processor.py:829} INFO - Processing file /opt/airflow/dags/weather_project/read_and_pretable.py for tasks to queue
[2026-03-27T11:02:55.820+0000] {logging_mixin.py:151} INFO - [2026-03-27T11:02:55.819+0000] {dagbag.py:539} INFO - Filling up the DagBag from /opt/airflow/dags/weather_project/read_and_pretable.py
[2026-03-27T11:02:55.950+0000] {processor.py:839} INFO - DAG(s) dict_keys(['iot_temperature_processing']) retrieved from /opt/airflow/dags/weather_project/read_and_pretable.py
[2026-03-27T11:02:55.957+0000] {logging_mixin.py:151} INFO - [2026-03-27T11:02:55.957+0000] {dag.py:2907} INFO - Sync 1 DAGs
[2026-03-27T11:02:55.966+0000] {logging_mixin.py:151} INFO - [2026-03-27T11:02:55.966+0000] {dag.py:3677} INFO - Setting next_dagrun for iot_temperature_processing to 2026-03-27T00:00:00+00:00, run_after=2026-03-28T00:00:00+00:00
[2026-03-27T11:02:55.973+0000] {processor.py:179} INFO - Processing /opt/airflow/dags/weather_project/read_and_pretable.py took 0.160 seconds
[2026-03-27T11:03:06.221+0000] {processor.py:157} INFO - Started process (PID=320) to work on /opt/airflow/dags/weather_project/read_and_pretable.py
[2026-03-27T11:03:06.224+0000] {processor.py:829} INFO - Processing file /opt/airflow/dags/weather_project/read_and_pretable.py for tasks to queue
[2026-03-27T11:03:06.226+0000] {logging_mixin.py:151} INFO - [2026-03-27T11:03:06.225+0000] {dagbag.py:539} INFO - Filling up the DagBag from /opt/airflow/dags/weather_project/read_and_pretable.py
[2026-03-27T11:03:06.356+0000] {processor.py:839} INFO - DAG(s) dict_keys(['iot_temperature_processing']) retrieved from /opt/airflow/dags/weather_project/read_and_pretable.py
[2026-03-27T11:03:06.368+0000] {logging_mixin.py:151} INFO - [2026-03-27T11:03:06.368+0000] {dag.py:2907} INFO - Sync 1 DAGs
[2026-03-27T11:03:06.377+0000] {logging_mixin.py:151} INFO - [2026-03-27T11:03:06.377+0000] {dag.py:3677} INFO - Setting next_dagrun for iot_temperature_processing to 2026-03-27T00:00:00+00:00, run_after=2026-03-28T00:00:00+00:00
[2026-03-27T11:03:06.386+0000] {processor.py:179} INFO - Processing /opt/airflow/dags/weather_project/read_and_pretable.py took 0.169 seconds
[2026-03-27T11:03:16.632+0000] {processor.py:157} INFO - Started process (PID=368) to work on /opt/airflow/dags/weather_project/read_and_pretable.py
[2026-03-27T11:03:16.633+0000] {processor.py:829} INFO - Processing file /opt/airflow/dags/weather_project/read_and_pretable.py for tasks to queue
[2026-03-27T11:03:16.634+0000] {logging_mixin.py:151} INFO - [2026-03-27T11:03:16.634+0000] {dagbag.py:539} INFO - Filling up the DagBag from /opt/airflow/dags/weather_project/read_and_pretable.py
[2026-03-27T11:03:16.774+0000] {processor.py:839} INFO - DAG(s) dict_keys(['iot_temperature_processing']) retrieved from /opt/airflow/dags/weather_project/read_and_pretable.py
[2026-03-27T11:03:16.784+0000] {logging_mixin.py:151} INFO - [2026-03-27T11:03:16.784+0000] {dag.py:2907} INFO - Sync 1 DAGs
[2026-03-27T11:03:16.795+0000] {logging_mixin.py:151} INFO - [2026-03-27T11:03:16.795+0000] {dag.py:3677} INFO - Setting next_dagrun for iot_temperature_processing to 2026-03-27T00:00:00+00:00, run_after=2026-03-28T00:00:00+00:00
[2026-03-27T11:03:16.803+0000] {processor.py:179} INFO - Processing /opt/airflow/dags/weather_project/read_and_pretable.py took 0.174 seconds
[2026-03-27T11:03:27.062+0000] {processor.py:157} INFO - Started process (PID=416) to work on /opt/airflow/dags/weather_project/read_and_pretable.py
[2026-03-27T11:03:27.063+0000] {processor.py:829} INFO - Processing file /opt/airflow/dags/weather_project/read_and_pretable.py for tasks to queue
[2026-03-27T11:03:27.065+0000] {logging_mixin.py:151} INFO - [2026-03-27T11:03:27.065+0000] {dagbag.py:539} INFO - Filling up the DagBag from /opt/airflow/dags/weather_project/read_and_pretable.py
[2026-03-27T11:03:27.195+0000] {processor.py:839} INFO - DAG(s) dict_keys(['iot_temperature_processing']) retrieved from /opt/airflow/dags/weather_project/read_and_pretable.py
[2026-03-27T11:03:27.204+0000] {logging_mixin.py:151} INFO - [2026-03-27T11:03:27.204+0000] {dag.py:2907} INFO - Sync 1 DAGs
[2026-03-27T11:03:27.215+0000] {logging_mixin.py:151} INFO - [2026-03-27T11:03:27.215+0000] {dag.py:3677} INFO - Setting next_dagrun for iot_temperature_processing to 2026-03-27T00:00:00+00:00, run_after=2026-03-28T00:00:00+00:00
[2026-03-27T11:03:27.222+0000] {processor.py:179} INFO - Processing /opt/airflow/dags/weather_project/read_and_pretable.py took 0.164 seconds
[2026-03-27T11:03:37.546+0000] {processor.py:157} INFO - Started process (PID=464) to work on /opt/airflow/dags/weather_project/read_and_pretable.py
[2026-03-27T11:03:37.547+0000] {processor.py:829} INFO - Processing file /opt/airflow/dags/weather_project/read_and_pretable.py for tasks to queue
[2026-03-27T11:03:37.549+0000] {logging_mixin.py:151} INFO - [2026-03-27T11:03:37.549+0000] {dagbag.py:539} INFO - Filling up the DagBag from /opt/airflow/dags/weather_project/read_and_pretable.py
[2026-03-27T11:03:37.676+0000] {processor.py:839} INFO - DAG(s) dict_keys(['iot_temperature_processing']) retrieved from /opt/airflow/dags/weather_project/read_and_pretable.py
[2026-03-27T11:03:37.688+0000] {logging_mixin.py:151} INFO - [2026-03-27T11:03:37.688+0000] {dag.py:2907} INFO - Sync 1 DAGs
[2026-03-27T11:03:37.696+0000] {logging_mixin.py:151} INFO - [2026-03-27T11:03:37.696+0000] {dag.py:3677} INFO - Setting next_dagrun for iot_temperature_processing to 2026-03-27T00:00:00+00:00, run_after=2026-03-28T00:00:00+00:00
[2026-03-27T11:03:37.703+0000] {processor.py:179} INFO - Processing /opt/airflow/dags/weather_project/read_and_pretable.py took 0.160 seconds
[2026-03-27T11:03:47.962+0000] {processor.py:157} INFO - Started process (PID=512) to work on /opt/airflow/dags/weather_project/read_and_pretable.py
[2026-03-27T11:03:47.963+0000] {processor.py:829} INFO - Processing file /opt/airflow/dags/weather_project/read_and_pretable.py for tasks to queue
[2026-03-27T11:03:47.966+0000] {logging_mixin.py:151} INFO - [2026-03-27T11:03:47.966+0000] {dagbag.py:539} INFO - Filling up the DagBag from /opt/airflow/dags/weather_project/read_and_pretable.py
[2026-03-27T11:03:48.128+0000] {processor.py:839} INFO - DAG(s) dict_keys(['iot_temperature_processing']) retrieved from /opt/airflow/dags/weather_project/read_and_pretable.py
[2026-03-27T11:03:48.139+0000] {logging_mixin.py:151} INFO - [2026-03-27T11:03:48.139+0000] {dag.py:2907} INFO - Sync 1 DAGs
[2026-03-27T11:03:48.151+0000] {logging_mixin.py:151} INFO - [2026-03-27T11:03:48.151+0000] {dag.py:3677} INFO - Setting next_dagrun for iot_temperature_processing to 2026-03-27T00:00:00+00:00, run_after=2026-03-28T00:00:00+00:00
[2026-03-27T11:03:48.159+0000] {processor.py:179} INFO - Processing /opt/airflow/dags/weather_project/read_and_pretable.py took 0.201 seconds
[2026-03-27T11:03:58.436+0000] {processor.py:157} INFO - Started process (PID=560) to work on /opt/airflow/dags/weather_project/read_and_pretable.py
[2026-03-27T11:03:58.437+0000] {processor.py:829} INFO - Processing file /opt/airflow/dags/weather_project/read_and_pretable.py for tasks to queue
[2026-03-27T11:03:58.439+0000] {logging_mixin.py:151} INFO - [2026-03-27T11:03:58.438+0000] {dagbag.py:539} INFO - Filling up the DagBag from /opt/airflow/dags/weather_project/read_and_pretable.py
[2026-03-27T11:03:58.571+0000] {processor.py:839} INFO - DAG(s) dict_keys(['iot_temperature_processing']) retrieved from /opt/airflow/dags/weather_project/read_and_pretable.py
[2026-03-27T11:03:58.580+0000] {logging_mixin.py:151} INFO - [2026-03-27T11:03:58.580+0000] {dag.py:2907} INFO - Sync 1 DAGs
[2026-03-27T11:03:58.588+0000] {logging_mixin.py:151} INFO - [2026-03-27T11:03:58.588+0000] {dag.py:3677} INFO - Setting next_dagrun for iot_temperature_processing to 2026-03-27T00:00:00+00:00, run_after=2026-03-28T00:00:00+00:00
[2026-03-27T11:03:58.597+0000] {processor.py:179} INFO - Processing /opt/airflow/dags/weather_project/read_and_pretable.py took 0.164 seconds
[2026-03-27T11:04:08.858+0000] {processor.py:157} INFO - Started process (PID=608) to work on /opt/airflow/dags/weather_project/read_and_pretable.py
[2026-03-27T11:04:08.859+0000] {processor.py:829} INFO - Processing file /opt/airflow/dags/weather_project/read_and_pretable.py for tasks to queue
[2026-03-27T11:04:08.861+0000] {logging_mixin.py:151} INFO - [2026-03-27T11:04:08.861+0000] {dagbag.py:539} INFO - Filling up the DagBag from /opt/airflow/dags/weather_project/read_and_pretable.py
[2026-03-27T11:04:08.991+0000] {processor.py:839} INFO - DAG(s) dict_keys(['iot_temperature_processing']) retrieved from /opt/airflow/dags/weather_project/read_and_pretable.py
[2026-03-27T11:04:09.000+0000] {logging_mixin.py:151} INFO - [2026-03-27T11:04:09.000+0000] {dag.py:2907} INFO - Sync 1 DAGs
[2026-03-27T11:04:09.009+0000] {logging_mixin.py:151} INFO - [2026-03-27T11:04:09.008+0000] {dag.py:3677} INFO - Setting next_dagrun for iot_temperature_processing to 2026-03-27T00:00:00+00:00, run_after=2026-03-28T00:00:00+00:00
[2026-03-27T11:04:09.017+0000] {processor.py:179} INFO - Processing /opt/airflow/dags/weather_project/read_and_pretable.py took 0.162 seconds
[2026-03-27T11:04:19.345+0000] {processor.py:157} INFO - Started process (PID=656) to work on /opt/airflow/dags/weather_project/read_and_pretable.py
[2026-03-27T11:04:19.346+0000] {processor.py:829} INFO - Processing file /opt/airflow/dags/weather_project/read_and_pretable.py for tasks to queue
[2026-03-27T11:04:19.347+0000] {logging_mixin.py:151} INFO - [2026-03-27T11:04:19.347+0000] {dagbag.py:539} INFO - Filling up the DagBag from /opt/airflow/dags/weather_project/read_and_pretable.py
[2026-03-27T11:04:19.483+0000] {processor.py:839} INFO - DAG(s) dict_keys(['iot_temperature_processing']) retrieved from /opt/airflow/dags/weather_project/read_and_pretable.py
[2026-03-27T11:04:19.493+0000] {logging_mixin.py:151} INFO - [2026-03-27T11:04:19.493+0000] {dag.py:2907} INFO - Sync 1 DAGs
[2026-03-27T11:04:19.503+0000] {logging_mixin.py:151} INFO - [2026-03-27T11:04:19.503+0000] {dag.py:3677} INFO - Setting next_dagrun for iot_temperature_processing to 2026-03-27T00:00:00+00:00, run_after=2026-03-28T00:00:00+00:00
[2026-03-27T11:04:19.510+0000] {processor.py:179} INFO - Processing /opt/airflow/dags/weather_project/read_and_pretable.py took 0.168 seconds
[2026-03-27T11:04:29.805+0000] {processor.py:157} INFO - Started process (PID=704) to work on /opt/airflow/dags/weather_project/read_and_pretable.py
[2026-03-27T11:04:29.807+0000] {processor.py:829} INFO - Processing file /opt/airflow/dags/weather_project/read_and_pretable.py for tasks to queue
[2026-03-27T11:04:29.810+0000] {logging_mixin.py:151} INFO - [2026-03-27T11:04:29.809+0000] {dagbag.py:539} INFO - Filling up the DagBag from /opt/airflow/dags/weather_project/read_and_pretable.py
[2026-03-27T11:04:29.961+0000] {processor.py:839} INFO - DAG(s) dict_keys(['iot_temperature_processing']) retrieved from /opt/airflow/dags/weather_project/read_and_pretable.py
[2026-03-27T11:04:29.972+0000] {logging_mixin.py:151} INFO - [2026-03-27T11:04:29.972+0000] {dag.py:2907} INFO - Sync 1 DAGs
[2026-03-27T11:04:29.981+0000] {logging_mixin.py:151} INFO - [2026-03-27T11:04:29.981+0000] {dag.py:3677} INFO - Setting next_dagrun for iot_temperature_processing to 2026-03-27T00:00:00+00:00, run_after=2026-03-28T00:00:00+00:00
[2026-03-27T11:04:29.991+0000] {processor.py:179} INFO - Processing /opt/airflow/dags/weather_project/read_and_pretable.py took 0.188 seconds
[2026-03-27T11:04:40.276+0000] {processor.py:157} INFO - Started process (PID=752) to work on /opt/airflow/dags/weather_project/read_and_pretable.py
[2026-03-27T11:04:40.276+0000] {processor.py:829} INFO - Processing file /opt/airflow/dags/weather_project/read_and_pretable.py for tasks to queue
[2026-03-27T11:04:40.278+0000] {logging_mixin.py:151} INFO - [2026-03-27T11:04:40.278+0000] {dagbag.py:539} INFO - Filling up the DagBag from /opt/airflow/dags/weather_project/read_and_pretable.py
[2026-03-27T11:04:40.412+0000] {processor.py:839} INFO - DAG(s) dict_keys(['iot_temperature_processing']) retrieved from /opt/airflow/dags/weather_project/read_and_pretable.py
[2026-03-27T11:04:40.421+0000] {logging_mixin.py:151} INFO - [2026-03-27T11:04:40.421+0000] {dag.py:2907} INFO - Sync 1 DAGs
[2026-03-27T11:04:40.434+0000] {logging_mixin.py:151} INFO - [2026-03-27T11:04:40.433+0000] {dag.py:3677} INFO - Setting next_dagrun for iot_temperature_processing to 2026-03-27T00:00:00+00:00, run_after=2026-03-28T00:00:00+00:00
[2026-03-27T11:04:40.442+0000] {processor.py:179} INFO - Processing /opt/airflow/dags/weather_project/read_and_pretable.py took 0.169 seconds
[2026-03-27T11:04:50.747+0000] {processor.py:157} INFO - Started process (PID=800) to work on /opt/airflow/dags/weather_project/read_and_pretable.py
[2026-03-27T11:04:50.748+0000] {processor.py:829} INFO - Processing file /opt/airflow/dags/weather_project/read_and_pretable.py for tasks to queue
[2026-03-27T11:04:50.750+0000] {logging_mixin.py:151} INFO - [2026-03-27T11:04:50.750+0000] {dagbag.py:539} INFO - Filling up the DagBag from /opt/airflow/dags/weather_project/read_and_pretable.py
[2026-03-27T11:04:50.877+0000] {processor.py:839} INFO - DAG(s) dict_keys(['iot_temperature_processing']) retrieved from /opt/airflow/dags/weather_project/read_and_pretable.py
[2026-03-27T11:04:50.886+0000] {logging_mixin.py:151} INFO - [2026-03-27T11:04:50.886+0000] {dag.py:2907} INFO - Sync 1 DAGs
[2026-03-27T11:04:50.897+0000] {logging_mixin.py:151} INFO - [2026-03-27T11:04:50.897+0000] {dag.py:3677} INFO - Setting next_dagrun for iot_temperature_processing to 2026-03-27T00:00:00+00:00, run_after=2026-03-28T00:00:00+00:00
[2026-03-27T11:04:50.905+0000] {processor.py:179} INFO - Processing /opt/airflow/dags/weather_project/read_and_pretable.py took 0.161 seconds
[2026-03-27T11:05:01.231+0000] {processor.py:157} INFO - Started process (PID=848) to work on /opt/airflow/dags/weather_project/read_and_pretable.py
[2026-03-27T11:05:01.232+0000] {processor.py:829} INFO - Processing file /opt/airflow/dags/weather_project/read_and_pretable.py for tasks to queue
[2026-03-27T11:05:01.234+0000] {logging_mixin.py:151} INFO - [2026-03-27T11:05:01.234+0000] {dagbag.py:539} INFO - Filling up the DagBag from /opt/airflow/dags/weather_project/read_and_pretable.py
[2026-03-27T11:05:01.361+0000] {processor.py:839} INFO - DAG(s) dict_keys(['iot_temperature_processing']) retrieved from /opt/airflow/dags/weather_project/read_and_pretable.py
[2026-03-27T11:05:01.371+0000] {logging_mixin.py:151} INFO - [2026-03-27T11:05:01.371+0000] {dag.py:2907} INFO - Sync 1 DAGs
[2026-03-27T11:05:01.380+0000] {logging_mixin.py:151} INFO - [2026-03-27T11:05:01.379+0000] {dag.py:3677} INFO - Setting next_dagrun for iot_temperature_processing to 2026-03-27T00:00:00+00:00, run_after=2026-03-28T00:00:00+00:00
[2026-03-27T11:05:01.389+0000] {processor.py:179} INFO - Processing /opt/airflow/dags/weather_project/read_and_pretable.py took 0.161 seconds
[2026-03-27T11:05:11.721+0000] {processor.py:157} INFO - Started process (PID=896) to work on /opt/airflow/dags/weather_project/read_and_pretable.py
[2026-03-27T11:05:11.722+0000] {processor.py:829} INFO - Processing file /opt/airflow/dags/weather_project/read_and_pretable.py for tasks to queue
[2026-03-27T11:05:11.724+0000] {logging_mixin.py:151} INFO - [2026-03-27T11:05:11.723+0000] {dagbag.py:539} INFO - Filling up the DagBag from /opt/airflow/dags/weather_project/read_and_pretable.py
[2026-03-27T11:05:11.862+0000] {processor.py:839} INFO - DAG(s) dict_keys(['iot_temperature_processing']) retrieved from /opt/airflow/dags/weather_project/read_and_pretable.py
[2026-03-27T11:05:11.873+0000] {logging_mixin.py:151} INFO - [2026-03-27T11:05:11.873+0000] {dag.py:2907} INFO - Sync 1 DAGs
[2026-03-27T11:05:11.883+0000] {logging_mixin.py:151} INFO - [2026-03-27T11:05:11.883+0000] {dag.py:3677} INFO - Setting next_dagrun for iot_temperature_processing to 2026-03-27T00:00:00+00:00, run_after=2026-03-28T00:00:00+00:00
[2026-03-27T11:05:11.891+0000] {processor.py:179} INFO - Processing /opt/airflow/dags/weather_project/read_and_pretable.py took 0.174 seconds
[2026-03-27T11:05:22.197+0000] {processor.py:157} INFO - Started process (PID=944) to work on /opt/airflow/dags/weather_project/read_and_pretable.py
[2026-03-27T11:05:22.199+0000] {processor.py:829} INFO - Processing file /opt/airflow/dags/weather_project/read_and_pretable.py for tasks to queue
[2026-03-27T11:05:22.201+0000] {logging_mixin.py:151} INFO - [2026-03-27T11:05:22.201+0000] {dagbag.py:539} INFO - Filling up the DagBag from /opt/airflow/dags/weather_project/read_and_pretable.py
[2026-03-27T11:05:22.371+0000] {processor.py:839} INFO - DAG(s) dict_keys(['iot_temperature_processing']) retrieved from /opt/airflow/dags/weather_project/read_and_pretable.py
[2026-03-27T11:05:22.384+0000] {logging_mixin.py:151} INFO - [2026-03-27T11:05:22.383+0000] {dag.py:2907} INFO - Sync 1 DAGs
[2026-03-27T11:05:22.395+0000] {logging_mixin.py:151} INFO - [2026-03-27T11:05:22.395+0000] {dag.py:3677} INFO - Setting next_dagrun for iot_temperature_processing to 2026-03-27T00:00:00+00:00, run_after=2026-03-28T00:00:00+00:00
[2026-03-27T11:05:22.408+0000] {processor.py:179} INFO - Processing /opt/airflow/dags/weather_project/read_and_pretable.py took 0.214 seconds
[2026-03-27T11:05:32.665+0000] {processor.py:157} INFO - Started process (PID=992) to work on /opt/airflow/dags/weather_project/read_and_pretable.py
[2026-03-27T11:05:32.665+0000] {processor.py:829} INFO - Processing file /opt/airflow/dags/weather_project/read_and_pretable.py for tasks to queue
[2026-03-27T11:05:32.666+0000] {logging_mixin.py:151} INFO - [2026-03-27T11:05:32.666+0000] {dagbag.py:539} INFO - Filling up the DagBag from /opt/airflow/dags/weather_project/read_and_pretable.py
[2026-03-27T11:05:32.799+0000] {processor.py:839} INFO - DAG(s) dict_keys(['iot_temperature_processing']) retrieved from /opt/airflow/dags/weather_project/read_and_pretable.py
[2026-03-27T11:05:32.809+0000] {logging_mixin.py:151} INFO - [2026-03-27T11:05:32.809+0000] {dag.py:2907} INFO - Sync 1 DAGs
[2026-03-27T11:05:32.822+0000] {logging_mixin.py:151} INFO - [2026-03-27T11:05:32.822+0000] {dag.py:3677} INFO - Setting next_dagrun for iot_temperature_processing to 2026-03-27T00:00:00+00:00, run_after=2026-03-28T00:00:00+00:00
[2026-03-27T11:05:32.833+0000] {processor.py:179} INFO - Processing /opt/airflow/dags/weather_project/read_and_pretable.py took 0.171 seconds
[2026-03-27T11:05:43.173+0000] {processor.py:157} INFO - Started process (PID=1040) to work on /opt/airflow/dags/weather_project/read_and_pretable.py
[2026-03-27T11:05:43.174+0000] {processor.py:829} INFO - Processing file /opt/airflow/dags/weather_project/read_and_pretable.py for tasks to queue
[2026-03-27T11:05:43.175+0000] {logging_mixin.py:151} INFO - [2026-03-27T11:05:43.175+0000] {dagbag.py:539} INFO - Filling up the DagBag from /opt/airflow/dags/weather_project/read_and_pretable.py
[2026-03-27T11:05:43.303+0000] {processor.py:839} INFO - DAG(s) dict_keys(['iot_temperature_processing']) retrieved from /opt/airflow/dags/weather_project/read_and_pretable.py
[2026-03-27T11:05:43.314+0000] {logging_mixin.py:151} INFO - [2026-03-27T11:05:43.314+0000] {dag.py:2907} INFO - Sync 1 DAGs
[2026-03-27T11:05:43.324+0000] {logging_mixin.py:151} INFO - [2026-03-27T11:05:43.324+0000] {dag.py:3677} INFO - Setting next_dagrun for iot_temperature_processing to 2026-03-27T00:00:00+00:00, run_after=2026-03-28T00:00:00+00:00
[2026-03-27T11:05:43.331+0000] {processor.py:179} INFO - Processing /opt/airflow/dags/weather_project/read_and_pretable.py took 0.162 seconds
[2026-03-27T11:06:03.021+0000] {processor.py:157} INFO - Started process (PID=176) to work on /opt/airflow/dags/weather_project/read_and_pretable.py
[2026-03-27T11:06:03.022+0000] {processor.py:829} INFO - Processing file /opt/airflow/dags/weather_project/read_and_pretable.py for tasks to queue
[2026-03-27T11:06:03.022+0000] {logging_mixin.py:151} INFO - [2026-03-27T11:06:03.022+0000] {dagbag.py:539} INFO - Filling up the DagBag from /opt/airflow/dags/weather_project/read_and_pretable.py
[2026-03-27T11:06:03.603+0000] {processor.py:839} INFO - DAG(s) dict_keys(['iot_temperature_processing']) retrieved from /opt/airflow/dags/weather_project/read_and_pretable.py
[2026-03-27T11:06:03.607+0000] {logging_mixin.py:151} INFO - [2026-03-27T11:06:03.607+0000] {dag.py:2907} INFO - Sync 1 DAGs
[2026-03-27T11:06:03.616+0000] {logging_mixin.py:151} INFO - [2026-03-27T11:06:03.616+0000] {dag.py:3677} INFO - Setting next_dagrun for iot_temperature_processing to 2026-03-27T00:00:00+00:00, run_after=2026-03-28T00:00:00+00:00
[2026-03-27T11:06:03.622+0000] {processor.py:179} INFO - Processing /opt/airflow/dags/weather_project/read_and_pretable.py took 0.602 seconds
[2026-03-27T11:06:14.226+0000] {processor.py:157} INFO - Started process (PID=224) to work on /opt/airflow/dags/weather_project/read_and_pretable.py
[2026-03-27T11:06:14.227+0000] {processor.py:829} INFO - Processing file /opt/airflow/dags/weather_project/read_and_pretable.py for tasks to queue
[2026-03-27T11:06:14.229+0000] {logging_mixin.py:151} INFO - [2026-03-27T11:06:14.229+0000] {dagbag.py:539} INFO - Filling up the DagBag from /opt/airflow/dags/weather_project/read_and_pretable.py
[2026-03-27T11:06:14.359+0000] {processor.py:839} INFO - DAG(s) dict_keys(['iot_temperature_processing']) retrieved from /opt/airflow/dags/weather_project/read_and_pretable.py
[2026-03-27T11:06:14.364+0000] {logging_mixin.py:151} INFO - [2026-03-27T11:06:14.364+0000] {dag.py:2907} INFO - Sync 1 DAGs
[2026-03-27T11:06:14.375+0000] {logging_mixin.py:151} INFO - [2026-03-27T11:06:14.375+0000] {dag.py:3677} INFO - Setting next_dagrun for iot_temperature_processing to 2026-03-27T00:00:00+00:00, run_after=2026-03-28T00:00:00+00:00
[2026-03-27T11:06:14.386+0000] {processor.py:179} INFO - Processing /opt/airflow/dags/weather_project/read_and_pretable.py took 0.163 seconds
[2026-03-27T11:06:24.636+0000] {processor.py:157} INFO - Started process (PID=272) to work on /opt/airflow/dags/weather_project/read_and_pretable.py
[2026-03-27T11:06:24.639+0000] {processor.py:829} INFO - Processing file /opt/airflow/dags/weather_project/read_and_pretable.py for tasks to queue
[2026-03-27T11:06:24.640+0000] {logging_mixin.py:151} INFO - [2026-03-27T11:06:24.640+0000] {dagbag.py:539} INFO - Filling up the DagBag from /opt/airflow/dags/weather_project/read_and_pretable.py
[2026-03-27T11:06:24.767+0000] {processor.py:839} INFO - DAG(s) dict_keys(['iot_temperature_processing']) retrieved from /opt/airflow/dags/weather_project/read_and_pretable.py
[2026-03-27T11:06:24.774+0000] {logging_mixin.py:151} INFO - [2026-03-27T11:06:24.774+0000] {dag.py:2907} INFO - Sync 1 DAGs
[2026-03-27T11:06:24.784+0000] {logging_mixin.py:151} INFO - [2026-03-27T11:06:24.784+0000] {dag.py:3677} INFO - Setting next_dagrun for iot_temperature_processing to 2026-03-27T00:00:00+00:00, run_after=2026-03-28T00:00:00+00:00
[2026-03-27T11:06:24.792+0000] {processor.py:179} INFO - Processing /opt/airflow/dags/weather_project/read_and_pretable.py took 0.159 seconds
[2026-03-27T11:06:35.100+0000] {processor.py:157} INFO - Started process (PID=320) to work on /opt/airflow/dags/weather_project/read_and_pretable.py
[2026-03-27T11:06:35.101+0000] {processor.py:829} INFO - Processing file /opt/airflow/dags/weather_project/read_and_pretable.py for tasks to queue
[2026-03-27T11:06:35.103+0000] {logging_mixin.py:151} INFO - [2026-03-27T11:06:35.103+0000] {dagbag.py:539} INFO - Filling up the DagBag from /opt/airflow/dags/weather_project/read_and_pretable.py
[2026-03-27T11:06:35.229+0000] {processor.py:839} INFO - DAG(s) dict_keys(['iot_temperature_processing']) retrieved from /opt/airflow/dags/weather_project/read_and_pretable.py
[2026-03-27T11:06:35.239+0000] {logging_mixin.py:151} INFO - [2026-03-27T11:06:35.239+0000] {dag.py:2907} INFO - Sync 1 DAGs
[2026-03-27T11:06:35.248+0000] {logging_mixin.py:151} INFO - [2026-03-27T11:06:35.248+0000] {dag.py:3677} INFO - Setting next_dagrun for iot_temperature_processing to 2026-03-27T00:00:00+00:00, run_after=2026-03-28T00:00:00+00:00
[2026-03-27T11:06:35.256+0000] {processor.py:179} INFO - Processing /opt/airflow/dags/weather_project/read_and_pretable.py took 0.158 seconds
[2026-03-27T11:06:45.605+0000] {processor.py:157} INFO - Started process (PID=368) to work on /opt/airflow/dags/weather_project/read_and_pretable.py
[2026-03-27T11:06:45.606+0000] {processor.py:829} INFO - Processing file /opt/airflow/dags/weather_project/read_and_pretable.py for tasks to queue
[2026-03-27T11:06:45.609+0000] {logging_mixin.py:151} INFO - [2026-03-27T11:06:45.608+0000] {dagbag.py:539} INFO - Filling up the DagBag from /opt/airflow/dags/weather_project/read_and_pretable.py
[2026-03-27T11:06:45.736+0000] {processor.py:839} INFO - DAG(s) dict_keys(['iot_temperature_processing']) retrieved from /opt/airflow/dags/weather_project/read_and_pretable.py
[2026-03-27T11:06:45.746+0000] {logging_mixin.py:151} INFO - [2026-03-27T11:06:45.746+0000] {dag.py:2907} INFO - Sync 1 DAGs
[2026-03-27T11:06:45.757+0000] {logging_mixin.py:151} INFO - [2026-03-27T11:06:45.757+0000] {dag.py:3677} INFO - Setting next_dagrun for iot_temperature_processing to 2026-03-27T00:00:00+00:00, run_after=2026-03-28T00:00:00+00:00
[2026-03-27T11:06:45.767+0000] {processor.py:179} INFO - Processing /opt/airflow/dags/weather_project/read_and_pretable.py took 0.165 seconds
[2026-03-27T11:06:56.104+0000] {processor.py:157} INFO - Started process (PID=416) to work on /opt/airflow/dags/weather_project/read_and_pretable.py
[2026-03-27T11:06:56.105+0000] {processor.py:829} INFO - Processing file /opt/airflow/dags/weather_project/read_and_pretable.py for tasks to queue
[2026-03-27T11:06:56.106+0000] {logging_mixin.py:151} INFO - [2026-03-27T11:06:56.106+0000] {dagbag.py:539} INFO - Filling up the DagBag from /opt/airflow/dags/weather_project/read_and_pretable.py
[2026-03-27T11:06:56.259+0000] {processor.py:839} INFO - DAG(s) dict_keys(['iot_temperature_processing']) retrieved from /opt/airflow/dags/weather_project/read_and_pretable.py
[2026-03-27T11:06:56.275+0000] {logging_mixin.py:151} INFO - [2026-03-27T11:06:56.275+0000] {dag.py:2907} INFO - Sync 1 DAGs
[2026-03-27T11:06:56.289+0000] {logging_mixin.py:151} INFO - [2026-03-27T11:06:56.289+0000] {dag.py:3677} INFO - Setting next_dagrun for iot_temperature_processing to 2026-03-27T00:00:00+00:00, run_after=2026-03-28T00:00:00+00:00
[2026-03-27T11:06:56.301+0000] {processor.py:179} INFO - Processing /opt/airflow/dags/weather_project/read_and_pretable.py took 0.201 seconds
[2026-03-27T11:07:06.606+0000] {processor.py:157} INFO - Started process (PID=464) to work on /opt/airflow/dags/weather_project/read_and_pretable.py
[2026-03-27T11:07:06.607+0000] {processor.py:829} INFO - Processing file /opt/airflow/dags/weather_project/read_and_pretable.py for tasks to queue
[2026-03-27T11:07:06.610+0000] {logging_mixin.py:151} INFO - [2026-03-27T11:07:06.610+0000] {dagbag.py:539} INFO - Filling up the DagBag from /opt/airflow/dags/weather_project/read_and_pretable.py
[2026-03-27T11:07:06.788+0000] {processor.py:839} INFO - DAG(s) dict_keys(['iot_temperature_processing']) retrieved from /opt/airflow/dags/weather_project/read_and_pretable.py
[2026-03-27T11:07:06.805+0000] {logging_mixin.py:151} INFO - [2026-03-27T11:07:06.804+0000] {dag.py:2907} INFO - Sync 1 DAGs
[2026-03-27T11:07:06.819+0000] {logging_mixin.py:151} INFO - [2026-03-27T11:07:06.819+0000] {dag.py:3677} INFO - Setting next_dagrun for iot_temperature_processing to 2026-03-27T00:00:00+00:00, run_after=2026-03-28T00:00:00+00:00
[2026-03-27T11:07:06.832+0000] {processor.py:179} INFO - Processing /opt/airflow/dags/weather_project/read_and_pretable.py took 0.230 seconds
[2026-03-27T11:07:17.141+0000] {processor.py:157} INFO - Started process (PID=512) to work on /opt/airflow/dags/weather_project/read_and_pretable.py
[2026-03-27T11:07:17.142+0000] {processor.py:829} INFO - Processing file /opt/airflow/dags/weather_project/read_and_pretable.py for tasks to queue
[2026-03-27T11:07:17.144+0000] {logging_mixin.py:151} INFO - [2026-03-27T11:07:17.144+0000] {dagbag.py:539} INFO - Filling up the DagBag from /opt/airflow/dags/weather_project/read_and_pretable.py
[2026-03-27T11:07:17.278+0000] {processor.py:839} INFO - DAG(s) dict_keys(['iot_temperature_processing']) retrieved from /opt/airflow/dags/weather_project/read_and_pretable.py
[2026-03-27T11:07:17.290+0000] {logging_mixin.py:151} INFO - [2026-03-27T11:07:17.290+0000] {dag.py:2907} INFO - Sync 1 DAGs
[2026-03-27T11:07:17.299+0000] {logging_mixin.py:151} INFO - [2026-03-27T11:07:17.299+0000] {dag.py:3677} INFO - Setting next_dagrun for iot_temperature_processing to 2026-03-27T00:00:00+00:00, run_after=2026-03-28T00:00:00+00:00
[2026-03-27T11:07:17.306+0000] {processor.py:179} INFO - Processing /opt/airflow/dags/weather_project/read_and_pretable.py took 0.169 seconds
[2026-03-27T11:07:27.604+0000] {processor.py:157} INFO - Started process (PID=560) to work on /opt/airflow/dags/weather_project/read_and_pretable.py
[2026-03-27T11:07:27.605+0000] {processor.py:829} INFO - Processing file /opt/airflow/dags/weather_project/read_and_pretable.py for tasks to queue
[2026-03-27T11:07:27.607+0000] {logging_mixin.py:151} INFO - [2026-03-27T11:07:27.607+0000] {dagbag.py:539} INFO - Filling up the DagBag from /opt/airflow/dags/weather_project/read_and_pretable.py
[2026-03-27T11:07:27.755+0000] {processor.py:839} INFO - DAG(s) dict_keys(['iot_temperature_processing']) retrieved from /opt/airflow/dags/weather_project/read_and_pretable.py
[2026-03-27T11:07:27.765+0000] {logging_mixin.py:151} INFO - [2026-03-27T11:07:27.765+0000] {dag.py:2907} INFO - Sync 1 DAGs
[2026-03-27T11:07:27.777+0000] {logging_mixin.py:151} INFO - [2026-03-27T11:07:27.777+0000] {dag.py:3677} INFO - Setting next_dagrun for iot_temperature_processing to 2026-03-27T00:00:00+00:00, run_after=2026-03-28T00:00:00+00:00
[2026-03-27T11:07:27.787+0000] {processor.py:179} INFO - Processing /opt/airflow/dags/weather_project/read_and_pretable.py took 0.185 seconds
[2026-03-27T11:07:38.063+0000] {processor.py:157} INFO - Started process (PID=608) to work on /opt/airflow/dags/weather_project/read_and_pretable.py
[2026-03-27T11:07:38.065+0000] {processor.py:829} INFO - Processing file /opt/airflow/dags/weather_project/read_and_pretable.py for tasks to queue
[2026-03-27T11:07:38.067+0000] {logging_mixin.py:151} INFO - [2026-03-27T11:07:38.067+0000] {dagbag.py:539} INFO - Filling up the DagBag from /opt/airflow/dags/weather_project/read_and_pretable.py
[2026-03-27T11:07:38.225+0000] {processor.py:839} INFO - DAG(s) dict_keys(['iot_temperature_processing']) retrieved from /opt/airflow/dags/weather_project/read_and_pretable.py
[2026-03-27T11:07:38.236+0000] {logging_mixin.py:151} INFO - [2026-03-27T11:07:38.236+0000] {dag.py:2907} INFO - Sync 1 DAGs
[2026-03-27T11:07:38.248+0000] {logging_mixin.py:151} INFO - [2026-03-27T11:07:38.248+0000] {dag.py:3677} INFO - Setting next_dagrun for iot_temperature_processing to 2026-03-27T00:00:00+00:00, run_after=2026-03-28T00:00:00+00:00
[2026-03-27T11:07:38.256+0000] {processor.py:179} INFO - Processing /opt/airflow/dags/weather_project/read_and_pretable.py took 0.197 seconds
[2026-03-27T11:08:05.944+0000] {processor.py:157} INFO - Started process (PID=176) to work on /opt/airflow/dags/weather_project/read_and_pretable.py
[2026-03-27T11:08:05.944+0000] {processor.py:829} INFO - Processing file /opt/airflow/dags/weather_project/read_and_pretable.py for tasks to queue
[2026-03-27T11:08:05.945+0000] {logging_mixin.py:151} INFO - [2026-03-27T11:08:05.944+0000] {dagbag.py:539} INFO - Filling up the DagBag from /opt/airflow/dags/weather_project/read_and_pretable.py
[2026-03-27T11:08:06.499+0000] {processor.py:839} INFO - DAG(s) dict_keys(['iot_temperature_processing']) retrieved from /opt/airflow/dags/weather_project/read_and_pretable.py
[2026-03-27T11:08:06.504+0000] {logging_mixin.py:151} INFO - [2026-03-27T11:08:06.504+0000] {dag.py:2907} INFO - Sync 1 DAGs
[2026-03-27T11:08:06.512+0000] {logging_mixin.py:151} INFO - [2026-03-27T11:08:06.512+0000] {dag.py:3677} INFO - Setting next_dagrun for iot_temperature_processing to 2026-03-27T00:00:00+00:00, run_after=2026-03-28T00:00:00+00:00
[2026-03-27T11:08:06.518+0000] {processor.py:179} INFO - Processing /opt/airflow/dags/weather_project/read_and_pretable.py took 0.576 seconds
[2026-03-27T11:08:17.019+0000] {processor.py:157} INFO - Started process (PID=224) to work on /opt/airflow/dags/weather_project/read_and_pretable.py
[2026-03-27T11:08:17.020+0000] {processor.py:829} INFO - Processing file /opt/airflow/dags/weather_project/read_and_pretable.py for tasks to queue
[2026-03-27T11:08:17.022+0000] {logging_mixin.py:151} INFO - [2026-03-27T11:08:17.022+0000] {dagbag.py:539} INFO - Filling up the DagBag from /opt/airflow/dags/weather_project/read_and_pretable.py
[2026-03-27T11:08:17.179+0000] {processor.py:839} INFO - DAG(s) dict_keys(['iot_temperature_processing']) retrieved from /opt/airflow/dags/weather_project/read_and_pretable.py
[2026-03-27T11:08:17.188+0000] {logging_mixin.py:151} INFO - [2026-03-27T11:08:17.187+0000] {dag.py:2907} INFO - Sync 1 DAGs
[2026-03-27T11:08:17.200+0000] {logging_mixin.py:151} INFO - [2026-03-27T11:08:17.200+0000] {dag.py:3677} INFO - Setting next_dagrun for iot_temperature_processing to 2026-03-27T00:00:00+00:00, run_after=2026-03-28T00:00:00+00:00
[2026-03-27T11:08:17.209+0000] {processor.py:179} INFO - Processing /opt/airflow/dags/weather_project/read_and_pretable.py took 0.193 seconds
[2026-03-27T11:08:27.489+0000] {processor.py:157} INFO - Started process (PID=272) to work on /opt/airflow/dags/weather_project/read_and_pretable.py
[2026-03-27T11:08:27.490+0000] {processor.py:829} INFO - Processing file /opt/airflow/dags/weather_project/read_and_pretable.py for tasks to queue
[2026-03-27T11:08:27.492+0000] {logging_mixin.py:151} INFO - [2026-03-27T11:08:27.492+0000] {dagbag.py:539} INFO - Filling up the DagBag from /opt/airflow/dags/weather_project/read_and_pretable.py
[2026-03-27T11:08:27.628+0000] {processor.py:839} INFO - DAG(s) dict_keys(['iot_temperature_processing']) retrieved from /opt/airflow/dags/weather_project/read_and_pretable.py
[2026-03-27T11:08:27.634+0000] {logging_mixin.py:151} INFO - [2026-03-27T11:08:27.634+0000] {dag.py:2907} INFO - Sync 1 DAGs
[2026-03-27T11:08:27.643+0000] {logging_mixin.py:151} INFO - [2026-03-27T11:08:27.643+0000] {dag.py:3677} INFO - Setting next_dagrun for iot_temperature_processing to 2026-03-27T00:00:00+00:00, run_after=2026-03-28T00:00:00+00:00
[2026-03-27T11:08:27.651+0000] {processor.py:179} INFO - Processing /opt/airflow/dags/weather_project/read_and_pretable.py took 0.166 seconds
[2026-03-27T11:08:37.849+0000] {processor.py:157} INFO - Started process (PID=320) to work on /opt/airflow/dags/weather_project/read_and_pretable.py
[2026-03-27T11:08:37.851+0000] {processor.py:829} INFO - Processing file /opt/airflow/dags/weather_project/read_and_pretable.py for tasks to queue
[2026-03-27T11:08:37.853+0000] {logging_mixin.py:151} INFO - [2026-03-27T11:08:37.852+0000] {dagbag.py:539} INFO - Filling up the DagBag from /opt/airflow/dags/weather_project/read_and_pretable.py
[2026-03-27T11:08:37.985+0000] {processor.py:839} INFO - DAG(s) dict_keys(['iot_temperature_processing']) retrieved from /opt/airflow/dags/weather_project/read_and_pretable.py
[2026-03-27T11:08:37.996+0000] {logging_mixin.py:151} INFO - [2026-03-27T11:08:37.996+0000] {dag.py:2907} INFO - Sync 1 DAGs
[2026-03-27T11:08:38.006+0000] {logging_mixin.py:151} INFO - [2026-03-27T11:08:38.006+0000] {dag.py:3677} INFO - Setting next_dagrun for iot_temperature_processing to 2026-03-27T00:00:00+00:00, run_after=2026-03-28T00:00:00+00:00
[2026-03-27T11:08:38.013+0000] {processor.py:179} INFO - Processing /opt/airflow/dags/weather_project/read_and_pretable.py took 0.167 seconds
[2026-03-27T11:08:48.315+0000] {processor.py:157} INFO - Started process (PID=368) to work on /opt/airflow/dags/weather_project/read_and_pretable.py
[2026-03-27T11:08:48.316+0000] {processor.py:829} INFO - Processing file /opt/airflow/dags/weather_project/read_and_pretable.py for tasks to queue
[2026-03-27T11:08:48.318+0000] {logging_mixin.py:151} INFO - [2026-03-27T11:08:48.317+0000] {dagbag.py:539} INFO - Filling up the DagBag from /opt/airflow/dags/weather_project/read_and_pretable.py
[2026-03-27T11:08:48.452+0000] {processor.py:839} INFO - DAG(s) dict_keys(['iot_temperature_processing']) retrieved from /opt/airflow/dags/weather_project/read_and_pretable.py
[2026-03-27T11:08:48.462+0000] {logging_mixin.py:151} INFO - [2026-03-27T11:08:48.462+0000] {dag.py:2907} INFO - Sync 1 DAGs
[2026-03-27T11:08:48.472+0000] {logging_mixin.py:151} INFO - [2026-03-27T11:08:48.472+0000] {dag.py:3677} INFO - Setting next_dagrun for iot_temperature_processing to 2026-03-27T00:00:00+00:00, run_after=2026-03-28T00:00:00+00:00
[2026-03-27T11:08:48.479+0000] {processor.py:179} INFO - Processing /opt/airflow/dags/weather_project/read_and_pretable.py took 0.167 seconds
[2026-03-27T11:08:58.814+0000] {processor.py:157} INFO - Started process (PID=416) to work on /opt/airflow/dags/weather_project/read_and_pretable.py
[2026-03-27T11:08:58.815+0000] {processor.py:829} INFO - Processing file /opt/airflow/dags/weather_project/read_and_pretable.py for tasks to queue
[2026-03-27T11:08:58.817+0000] {logging_mixin.py:151} INFO - [2026-03-27T11:08:58.817+0000] {dagbag.py:539} INFO - Filling up the DagBag from /opt/airflow/dags/weather_project/read_and_pretable.py
[2026-03-27T11:08:58.947+0000] {processor.py:839} INFO - DAG(s) dict_keys(['iot_temperature_processing']) retrieved from /opt/airflow/dags/weather_project/read_and_pretable.py
[2026-03-27T11:08:58.957+0000] {logging_mixin.py:151} INFO - [2026-03-27T11:08:58.956+0000] {dag.py:2907} INFO - Sync 1 DAGs
[2026-03-27T11:08:58.968+0000] {logging_mixin.py:151} INFO - [2026-03-27T11:08:58.968+0000] {dag.py:3677} INFO - Setting next_dagrun for iot_temperature_processing to 2026-03-27T00:00:00+00:00, run_after=2026-03-28T00:00:00+00:00
[2026-03-27T11:08:58.975+0000] {processor.py:179} INFO - Processing /opt/airflow/dags/weather_project/read_and_pretable.py took 0.164 seconds
[2026-03-27T11:09:09.285+0000] {processor.py:157} INFO - Started process (PID=464) to work on /opt/airflow/dags/weather_project/read_and_pretable.py
[2026-03-27T11:09:09.286+0000] {processor.py:829} INFO - Processing file /opt/airflow/dags/weather_project/read_and_pretable.py for tasks to queue
[2026-03-27T11:09:09.287+0000] {logging_mixin.py:151} INFO - [2026-03-27T11:09:09.287+0000] {dagbag.py:539} INFO - Filling up the DagBag from /opt/airflow/dags/weather_project/read_and_pretable.py
[2026-03-27T11:09:09.416+0000] {processor.py:839} INFO - DAG(s) dict_keys(['iot_temperature_processing']) retrieved from /opt/airflow/dags/weather_project/read_and_pretable.py
[2026-03-27T11:09:09.427+0000] {logging_mixin.py:151} INFO - [2026-03-27T11:09:09.427+0000] {dag.py:2907} INFO - Sync 1 DAGs
[2026-03-27T11:09:09.438+0000] {logging_mixin.py:151} INFO - [2026-03-27T11:09:09.438+0000] {dag.py:3677} INFO - Setting next_dagrun for iot_temperature_processing to 2026-03-27T00:00:00+00:00, run_after=2026-03-28T00:00:00+00:00
[2026-03-27T11:09:09.446+0000] {processor.py:179} INFO - Processing /opt/airflow/dags/weather_project/read_and_pretable.py took 0.164 seconds
[2026-03-27T11:09:19.691+0000] {processor.py:157} INFO - Started process (PID=512) to work on /opt/airflow/dags/weather_project/read_and_pretable.py
[2026-03-27T11:09:19.692+0000] {processor.py:829} INFO - Processing file /opt/airflow/dags/weather_project/read_and_pretable.py for tasks to queue
[2026-03-27T11:09:19.694+0000] {logging_mixin.py:151} INFO - [2026-03-27T11:09:19.693+0000] {dagbag.py:539} INFO - Filling up the DagBag from /opt/airflow/dags/weather_project/read_and_pretable.py
[2026-03-27T11:09:19.823+0000] {processor.py:839} INFO - DAG(s) dict_keys(['iot_temperature_processing']) retrieved from /opt/airflow/dags/weather_project/read_and_pretable.py
[2026-03-27T11:09:19.834+0000] {logging_mixin.py:151} INFO - [2026-03-27T11:09:19.834+0000] {dag.py:2907} INFO - Sync 1 DAGs
[2026-03-27T11:09:19.843+0000] {logging_mixin.py:151} INFO - [2026-03-27T11:09:19.843+0000] {dag.py:3677} INFO - Setting next_dagrun for iot_temperature_processing to 2026-03-27T00:00:00+00:00, run_after=2026-03-28T00:00:00+00:00
[2026-03-27T11:09:19.854+0000] {processor.py:179} INFO - Processing /opt/airflow/dags/weather_project/read_and_pretable.py took 0.166 seconds
[2026-03-27T11:09:30.101+0000] {processor.py:157} INFO - Started process (PID=560) to work on /opt/airflow/dags/weather_project/read_and_pretable.py
[2026-03-27T11:09:30.101+0000] {processor.py:829} INFO - Processing file /opt/airflow/dags/weather_project/read_and_pretable.py for tasks to queue
[2026-03-27T11:09:30.103+0000] {logging_mixin.py:151} INFO - [2026-03-27T11:09:30.103+0000] {dagbag.py:539} INFO - Filling up the DagBag from /opt/airflow/dags/weather_project/read_and_pretable.py
[2026-03-27T11:09:30.233+0000] {processor.py:839} INFO - DAG(s) dict_keys(['iot_temperature_processing']) retrieved from /opt/airflow/dags/weather_project/read_and_pretable.py
[2026-03-27T11:09:30.246+0000] {logging_mixin.py:151} INFO - [2026-03-27T11:09:30.246+0000] {dag.py:2907} INFO - Sync 1 DAGs
[2026-03-27T11:09:30.257+0000] {logging_mixin.py:151} INFO - [2026-03-27T11:09:30.257+0000] {dag.py:3677} INFO - Setting next_dagrun for iot_temperature_processing to 2026-03-27T00:00:00+00:00, run_after=2026-03-28T00:00:00+00:00
[2026-03-27T11:09:30.267+0000] {processor.py:179} INFO - Processing /opt/airflow/dags/weather_project/read_and_pretable.py took 0.170 seconds
[2026-03-27T11:09:40.576+0000] {processor.py:157} INFO - Started process (PID=608) to work on /opt/airflow/dags/weather_project/read_and_pretable.py
[2026-03-27T11:09:40.578+0000] {processor.py:829} INFO - Processing file /opt/airflow/dags/weather_project/read_and_pretable.py for tasks to queue
[2026-03-27T11:09:40.581+0000] {logging_mixin.py:151} INFO - [2026-03-27T11:09:40.580+0000] {dagbag.py:539} INFO - Filling up the DagBag from /opt/airflow/dags/weather_project/read_and_pretable.py
[2026-03-27T11:09:40.715+0000] {processor.py:839} INFO - DAG(s) dict_keys(['iot_temperature_processing']) retrieved from /opt/airflow/dags/weather_project/read_and_pretable.py
[2026-03-27T11:09:40.727+0000] {logging_mixin.py:151} INFO - [2026-03-27T11:09:40.726+0000] {dag.py:2907} INFO - Sync 1 DAGs
[2026-03-27T11:09:40.736+0000] {logging_mixin.py:151} INFO - [2026-03-27T11:09:40.736+0000] {dag.py:3677} INFO - Setting next_dagrun for iot_temperature_processing to 2026-03-27T00:00:00+00:00, run_after=2026-03-28T00:00:00+00:00
[2026-03-27T11:09:40.747+0000] {processor.py:179} INFO - Processing /opt/airflow/dags/weather_project/read_and_pretable.py took 0.174 seconds
[2026-03-27T11:09:51.004+0000] {processor.py:157} INFO - Started process (PID=656) to work on /opt/airflow/dags/weather_project/read_and_pretable.py
[2026-03-27T11:09:51.005+0000] {processor.py:829} INFO - Processing file /opt/airflow/dags/weather_project/read_and_pretable.py for tasks to queue
[2026-03-27T11:09:51.006+0000] {logging_mixin.py:151} INFO - [2026-03-27T11:09:51.006+0000] {dagbag.py:539} INFO - Filling up the DagBag from /opt/airflow/dags/weather_project/read_and_pretable.py
[2026-03-27T11:09:51.137+0000] {processor.py:839} INFO - DAG(s) dict_keys(['iot_temperature_processing']) retrieved from /opt/airflow/dags/weather_project/read_and_pretable.py
[2026-03-27T11:09:51.149+0000] {logging_mixin.py:151} INFO - [2026-03-27T11:09:51.149+0000] {dag.py:2907} INFO - Sync 1 DAGs
[2026-03-27T11:09:51.161+0000] {logging_mixin.py:151} INFO - [2026-03-27T11:09:51.161+0000] {dag.py:3677} INFO - Setting next_dagrun for iot_temperature_processing to 2026-03-27T00:00:00+00:00, run_after=2026-03-28T00:00:00+00:00
[2026-03-27T11:09:51.171+0000] {processor.py:179} INFO - Processing /opt/airflow/dags/weather_project/read_and_pretable.py took 0.170 seconds
[2026-03-27T11:10:01.500+0000] {processor.py:157} INFO - Started process (PID=704) to work on /opt/airflow/dags/weather_project/read_and_pretable.py
[2026-03-27T11:10:01.502+0000] {processor.py:829} INFO - Processing file /opt/airflow/dags/weather_project/read_and_pretable.py for tasks to queue
[2026-03-27T11:10:01.504+0000] {logging_mixin.py:151} INFO - [2026-03-27T11:10:01.504+0000] {dagbag.py:539} INFO - Filling up the DagBag from /opt/airflow/dags/weather_project/read_and_pretable.py
[2026-03-27T11:10:01.698+0000] {processor.py:839} INFO - DAG(s) dict_keys(['iot_temperature_processing']) retrieved from /opt/airflow/dags/weather_project/read_and_pretable.py
[2026-03-27T11:10:01.708+0000] {logging_mixin.py:151} INFO - [2026-03-27T11:10:01.708+0000] {dag.py:2907} INFO - Sync 1 DAGs
[2026-03-27T11:10:01.718+0000] {logging_mixin.py:151} INFO - [2026-03-27T11:10:01.718+0000] {dag.py:3677} INFO - Setting next_dagrun for iot_temperature_processing to 2026-03-27T00:00:00+00:00, run_after=2026-03-28T00:00:00+00:00
[2026-03-27T11:10:01.730+0000] {processor.py:179} INFO - Processing /opt/airflow/dags/weather_project/read_and_pretable.py took 0.234 seconds
[2026-03-27T11:10:11.995+0000] {processor.py:157} INFO - Started process (PID=752) to work on /opt/airflow/dags/weather_project/read_and_pretable.py
[2026-03-27T11:10:11.995+0000] {processor.py:829} INFO - Processing file /opt/airflow/dags/weather_project/read_and_pretable.py for tasks to queue
[2026-03-27T11:10:11.997+0000] {logging_mixin.py:151} INFO - [2026-03-27T11:10:11.997+0000] {dagbag.py:539} INFO - Filling up the DagBag from /opt/airflow/dags/weather_project/read_and_pretable.py
[2026-03-27T11:10:12.135+0000] {processor.py:839} INFO - DAG(s) dict_keys(['iot_temperature_processing']) retrieved from /opt/airflow/dags/weather_project/read_and_pretable.py
[2026-03-27T11:10:12.149+0000] {logging_mixin.py:151} INFO - [2026-03-27T11:10:12.148+0000] {dag.py:2907} INFO - Sync 1 DAGs
[2026-03-27T11:10:12.160+0000] {logging_mixin.py:151} INFO - [2026-03-27T11:10:12.160+0000] {dag.py:3677} INFO - Setting next_dagrun for iot_temperature_processing to 2026-03-27T00:00:00+00:00, run_after=2026-03-28T00:00:00+00:00
[2026-03-27T11:10:12.173+0000] {processor.py:179} INFO - Processing /opt/airflow/dags/weather_project/read_and_pretable.py took 0.182 seconds
[2026-03-27T11:10:22.486+0000] {processor.py:157} INFO - Started process (PID=800) to work on /opt/airflow/dags/weather_project/read_and_pretable.py
[2026-03-27T11:10:22.487+0000] {processor.py:829} INFO - Processing file /opt/airflow/dags/weather_project/read_and_pretable.py for tasks to queue
[2026-03-27T11:10:22.489+0000] {logging_mixin.py:151} INFO - [2026-03-27T11:10:22.488+0000] {dagbag.py:539} INFO - Filling up the DagBag from /opt/airflow/dags/weather_project/read_and_pretable.py
[2026-03-27T11:10:22.629+0000] {processor.py:839} INFO - DAG(s) dict_keys(['iot_temperature_processing']) retrieved from /opt/airflow/dags/weather_project/read_and_pretable.py
[2026-03-27T11:10:22.639+0000] {logging_mixin.py:151} INFO - [2026-03-27T11:10:22.639+0000] {dag.py:2907} INFO - Sync 1 DAGs
[2026-03-27T11:10:22.649+0000] {logging_mixin.py:151} INFO - [2026-03-27T11:10:22.649+0000] {dag.py:3677} INFO - Setting next_dagrun for iot_temperature_processing to 2026-03-27T00:00:00+00:00, run_after=2026-03-28T00:00:00+00:00
[2026-03-27T11:10:22.659+0000] {processor.py:179} INFO - Processing /opt/airflow/dags/weather_project/read_and_pretable.py took 0.177 seconds
[2026-03-27T11:10:32.971+0000] {processor.py:157} INFO - Started process (PID=848) to work on /opt/airflow/dags/weather_project/read_and_pretable.py
[2026-03-27T11:10:32.971+0000] {processor.py:829} INFO - Processing file /opt/airflow/dags/weather_project/read_and_pretable.py for tasks to queue
[2026-03-27T11:10:32.973+0000] {logging_mixin.py:151} INFO - [2026-03-27T11:10:32.973+0000] {dagbag.py:539} INFO - Filling up the DagBag from /opt/airflow/dags/weather_project/read_and_pretable.py
[2026-03-27T11:10:33.108+0000] {processor.py:839} INFO - DAG(s) dict_keys(['iot_temperature_processing']) retrieved from /opt/airflow/dags/weather_project/read_and_pretable.py
[2026-03-27T11:10:33.119+0000] {logging_mixin.py:151} INFO - [2026-03-27T11:10:33.119+0000] {dag.py:2907} INFO - Sync 1 DAGs
[2026-03-27T11:10:33.128+0000] {logging_mixin.py:151} INFO - [2026-03-27T11:10:33.128+0000] {dag.py:3677} INFO - Setting next_dagrun for iot_temperature_processing to 2026-03-27T00:00:00+00:00, run_after=2026-03-28T00:00:00+00:00
[2026-03-27T11:10:33.136+0000] {processor.py:179} INFO - Processing /opt/airflow/dags/weather_project/read_and_pretable.py took 0.168 seconds
