[2026-03-27T10:55:56.667+0000] {processor.py:157} INFO - Started process (PID=169) to work on /opt/airflow/dags/weather_project/save_to_actual_table.py
[2026-03-27T10:55:56.668+0000] {processor.py:829} INFO - Processing file /opt/airflow/dags/weather_project/save_to_actual_table.py for tasks to queue
[2026-03-27T10:55:56.669+0000] {logging_mixin.py:151} INFO - [2026-03-27T10:55:56.669+0000] {dagbag.py:539} INFO - Filling up the DagBag from /opt/airflow/dags/weather_project/save_to_actual_table.py
[2026-03-27T10:55:56.691+0000] {processor.py:839} INFO - DAG(s) dict_keys(['temp_actual']) retrieved from /opt/airflow/dags/weather_project/save_to_actual_table.py
[2026-03-27T10:55:56.818+0000] {logging_mixin.py:151} INFO - [2026-03-27T10:55:56.817+0000] {manager.py:346} ERROR - Add Permission: (psycopg2.errors.UniqueViolation) duplicate key value violates unique constraint "ab_permission_name_uq"
DETAIL:  Key (name)=(can_edit) already exists.

[SQL: INSERT INTO ab_permission (name) VALUES (%(name)s) RETURNING ab_permission.id]
[parameters: {'name': 'can_edit'}]
(Background on this error at: https://sqlalche.me/e/14/gkpj)
[2026-03-27T10:55:56.821+0000] {logging_mixin.py:151} INFO - [2026-03-27T10:55:56.821+0000] {manager.py:501} INFO - Created Permission View: None on DAG:temp_actual
[2026-03-27T10:55:56.823+0000] {logging_mixin.py:151} INFO - [2026-03-27T10:55:56.823+0000] {manager.py:501} INFO - Created Permission View: can read on DAG:temp_actual
[2026-03-27T10:55:56.826+0000] {logging_mixin.py:151} INFO - [2026-03-27T10:55:56.826+0000] {manager.py:501} INFO - Created Permission View: can delete on DAG:temp_actual
[2026-03-27T10:55:56.833+0000] {logging_mixin.py:151} INFO - [2026-03-27T10:55:56.833+0000] {dag.py:2907} INFO - Sync 1 DAGs
[2026-03-27T10:55:56.838+0000] {logging_mixin.py:151} INFO - [2026-03-27T10:55:56.838+0000] {dag.py:2929} INFO - Creating ORM DAG for temp_actual
[2026-03-27T10:55:56.839+0000] {logging_mixin.py:151} INFO - [2026-03-27T10:55:56.838+0000] {dag.py:3677} INFO - Setting next_dagrun for temp_actual to None, run_after=None
[2026-03-27T10:55:56.846+0000] {processor.py:179} INFO - Processing /opt/airflow/dags/weather_project/save_to_actual_table.py took 0.180 seconds
[2026-03-27T10:56:07.229+0000] {processor.py:157} INFO - Started process (PID=220) to work on /opt/airflow/dags/weather_project/save_to_actual_table.py
[2026-03-27T10:56:07.230+0000] {processor.py:829} INFO - Processing file /opt/airflow/dags/weather_project/save_to_actual_table.py for tasks to queue
[2026-03-27T10:56:07.231+0000] {logging_mixin.py:151} INFO - [2026-03-27T10:56:07.231+0000] {dagbag.py:539} INFO - Filling up the DagBag from /opt/airflow/dags/weather_project/save_to_actual_table.py
[2026-03-27T10:56:07.244+0000] {processor.py:839} INFO - DAG(s) dict_keys(['temp_actual']) retrieved from /opt/airflow/dags/weather_project/save_to_actual_table.py
[2026-03-27T10:56:07.252+0000] {logging_mixin.py:151} INFO - [2026-03-27T10:56:07.252+0000] {dag.py:2907} INFO - Sync 1 DAGs
[2026-03-27T10:56:07.259+0000] {logging_mixin.py:151} INFO - [2026-03-27T10:56:07.259+0000] {dag.py:3677} INFO - Setting next_dagrun for temp_actual to None, run_after=None
[2026-03-27T10:56:07.270+0000] {processor.py:179} INFO - Processing /opt/airflow/dags/weather_project/save_to_actual_table.py took 0.045 seconds
[2026-03-27T10:56:17.657+0000] {processor.py:157} INFO - Started process (PID=268) to work on /opt/airflow/dags/weather_project/save_to_actual_table.py
[2026-03-27T10:56:17.659+0000] {processor.py:829} INFO - Processing file /opt/airflow/dags/weather_project/save_to_actual_table.py for tasks to queue
[2026-03-27T10:56:17.660+0000] {logging_mixin.py:151} INFO - [2026-03-27T10:56:17.660+0000] {dagbag.py:539} INFO - Filling up the DagBag from /opt/airflow/dags/weather_project/save_to_actual_table.py
[2026-03-27T10:56:17.667+0000] {processor.py:839} INFO - DAG(s) dict_keys(['temp_actual']) retrieved from /opt/airflow/dags/weather_project/save_to_actual_table.py
[2026-03-27T10:56:17.678+0000] {logging_mixin.py:151} INFO - [2026-03-27T10:56:17.678+0000] {dag.py:2907} INFO - Sync 1 DAGs
[2026-03-27T10:56:17.685+0000] {logging_mixin.py:151} INFO - [2026-03-27T10:56:17.685+0000] {dag.py:3677} INFO - Setting next_dagrun for temp_actual to None, run_after=None
[2026-03-27T10:56:17.694+0000] {processor.py:179} INFO - Processing /opt/airflow/dags/weather_project/save_to_actual_table.py took 0.039 seconds
[2026-03-27T10:56:28.114+0000] {processor.py:157} INFO - Started process (PID=316) to work on /opt/airflow/dags/weather_project/save_to_actual_table.py
[2026-03-27T10:56:28.115+0000] {processor.py:829} INFO - Processing file /opt/airflow/dags/weather_project/save_to_actual_table.py for tasks to queue
[2026-03-27T10:56:28.117+0000] {logging_mixin.py:151} INFO - [2026-03-27T10:56:28.117+0000] {dagbag.py:539} INFO - Filling up the DagBag from /opt/airflow/dags/weather_project/save_to_actual_table.py
[2026-03-27T10:56:28.123+0000] {processor.py:839} INFO - DAG(s) dict_keys(['temp_actual']) retrieved from /opt/airflow/dags/weather_project/save_to_actual_table.py
[2026-03-27T10:56:28.139+0000] {logging_mixin.py:151} INFO - [2026-03-27T10:56:28.138+0000] {dag.py:2907} INFO - Sync 1 DAGs
[2026-03-27T10:56:28.147+0000] {logging_mixin.py:151} INFO - [2026-03-27T10:56:28.147+0000] {dag.py:3677} INFO - Setting next_dagrun for temp_actual to None, run_after=None
[2026-03-27T10:56:28.158+0000] {processor.py:179} INFO - Processing /opt/airflow/dags/weather_project/save_to_actual_table.py took 0.048 seconds
[2026-03-27T10:56:38.623+0000] {processor.py:157} INFO - Started process (PID=364) to work on /opt/airflow/dags/weather_project/save_to_actual_table.py
[2026-03-27T10:56:38.624+0000] {processor.py:829} INFO - Processing file /opt/airflow/dags/weather_project/save_to_actual_table.py for tasks to queue
[2026-03-27T10:56:38.626+0000] {logging_mixin.py:151} INFO - [2026-03-27T10:56:38.626+0000] {dagbag.py:539} INFO - Filling up the DagBag from /opt/airflow/dags/weather_project/save_to_actual_table.py
[2026-03-27T10:56:38.634+0000] {processor.py:839} INFO - DAG(s) dict_keys(['temp_actual']) retrieved from /opt/airflow/dags/weather_project/save_to_actual_table.py
[2026-03-27T10:56:38.646+0000] {logging_mixin.py:151} INFO - [2026-03-27T10:56:38.646+0000] {dag.py:2907} INFO - Sync 1 DAGs
[2026-03-27T10:56:38.653+0000] {logging_mixin.py:151} INFO - [2026-03-27T10:56:38.653+0000] {dag.py:3677} INFO - Setting next_dagrun for temp_actual to None, run_after=None
[2026-03-27T10:56:38.664+0000] {processor.py:179} INFO - Processing /opt/airflow/dags/weather_project/save_to_actual_table.py took 0.043 seconds
[2026-03-27T10:56:49.037+0000] {processor.py:157} INFO - Started process (PID=412) to work on /opt/airflow/dags/weather_project/save_to_actual_table.py
[2026-03-27T10:56:49.040+0000] {processor.py:829} INFO - Processing file /opt/airflow/dags/weather_project/save_to_actual_table.py for tasks to queue
[2026-03-27T10:56:49.043+0000] {logging_mixin.py:151} INFO - [2026-03-27T10:56:49.043+0000] {dagbag.py:539} INFO - Filling up the DagBag from /opt/airflow/dags/weather_project/save_to_actual_table.py
[2026-03-27T10:56:49.053+0000] {processor.py:839} INFO - DAG(s) dict_keys(['temp_actual']) retrieved from /opt/airflow/dags/weather_project/save_to_actual_table.py
[2026-03-27T10:56:49.071+0000] {logging_mixin.py:151} INFO - [2026-03-27T10:56:49.070+0000] {dag.py:2907} INFO - Sync 1 DAGs
[2026-03-27T10:56:49.079+0000] {logging_mixin.py:151} INFO - [2026-03-27T10:56:49.079+0000] {dag.py:3677} INFO - Setting next_dagrun for temp_actual to None, run_after=None
[2026-03-27T10:56:49.092+0000] {processor.py:179} INFO - Processing /opt/airflow/dags/weather_project/save_to_actual_table.py took 0.062 seconds
[2026-03-27T10:56:59.523+0000] {processor.py:157} INFO - Started process (PID=460) to work on /opt/airflow/dags/weather_project/save_to_actual_table.py
[2026-03-27T10:56:59.525+0000] {processor.py:829} INFO - Processing file /opt/airflow/dags/weather_project/save_to_actual_table.py for tasks to queue
[2026-03-27T10:56:59.526+0000] {logging_mixin.py:151} INFO - [2026-03-27T10:56:59.526+0000] {dagbag.py:539} INFO - Filling up the DagBag from /opt/airflow/dags/weather_project/save_to_actual_table.py
[2026-03-27T10:56:59.535+0000] {processor.py:839} INFO - DAG(s) dict_keys(['temp_actual']) retrieved from /opt/airflow/dags/weather_project/save_to_actual_table.py
[2026-03-27T10:56:59.548+0000] {logging_mixin.py:151} INFO - [2026-03-27T10:56:59.547+0000] {dag.py:2907} INFO - Sync 1 DAGs
[2026-03-27T10:56:59.554+0000] {logging_mixin.py:151} INFO - [2026-03-27T10:56:59.554+0000] {dag.py:3677} INFO - Setting next_dagrun for temp_actual to None, run_after=None
[2026-03-27T10:56:59.565+0000] {processor.py:179} INFO - Processing /opt/airflow/dags/weather_project/save_to_actual_table.py took 0.045 seconds
[2026-03-27T10:57:09.916+0000] {processor.py:157} INFO - Started process (PID=508) to work on /opt/airflow/dags/weather_project/save_to_actual_table.py
[2026-03-27T10:57:09.918+0000] {processor.py:829} INFO - Processing file /opt/airflow/dags/weather_project/save_to_actual_table.py for tasks to queue
[2026-03-27T10:57:09.921+0000] {logging_mixin.py:151} INFO - [2026-03-27T10:57:09.921+0000] {dagbag.py:539} INFO - Filling up the DagBag from /opt/airflow/dags/weather_project/save_to_actual_table.py
[2026-03-27T10:57:09.935+0000] {processor.py:839} INFO - DAG(s) dict_keys(['temp_actual']) retrieved from /opt/airflow/dags/weather_project/save_to_actual_table.py
[2026-03-27T10:57:09.947+0000] {logging_mixin.py:151} INFO - [2026-03-27T10:57:09.947+0000] {dag.py:2907} INFO - Sync 1 DAGs
[2026-03-27T10:57:09.953+0000] {logging_mixin.py:151} INFO - [2026-03-27T10:57:09.953+0000] {dag.py:3677} INFO - Setting next_dagrun for temp_actual to None, run_after=None
[2026-03-27T10:57:09.962+0000] {processor.py:179} INFO - Processing /opt/airflow/dags/weather_project/save_to_actual_table.py took 0.049 seconds
[2026-03-27T10:57:20.317+0000] {processor.py:157} INFO - Started process (PID=556) to work on /opt/airflow/dags/weather_project/save_to_actual_table.py
[2026-03-27T10:57:20.320+0000] {processor.py:829} INFO - Processing file /opt/airflow/dags/weather_project/save_to_actual_table.py for tasks to queue
[2026-03-27T10:57:20.321+0000] {logging_mixin.py:151} INFO - [2026-03-27T10:57:20.321+0000] {dagbag.py:539} INFO - Filling up the DagBag from /opt/airflow/dags/weather_project/save_to_actual_table.py
[2026-03-27T10:57:20.328+0000] {processor.py:839} INFO - DAG(s) dict_keys(['temp_actual']) retrieved from /opt/airflow/dags/weather_project/save_to_actual_table.py
[2026-03-27T10:57:20.339+0000] {logging_mixin.py:151} INFO - [2026-03-27T10:57:20.338+0000] {dag.py:2907} INFO - Sync 1 DAGs
[2026-03-27T10:57:20.344+0000] {logging_mixin.py:151} INFO - [2026-03-27T10:57:20.344+0000] {dag.py:3677} INFO - Setting next_dagrun for temp_actual to None, run_after=None
[2026-03-27T10:57:20.352+0000] {processor.py:179} INFO - Processing /opt/airflow/dags/weather_project/save_to_actual_table.py took 0.039 seconds
[2026-03-27T10:57:30.771+0000] {processor.py:157} INFO - Started process (PID=604) to work on /opt/airflow/dags/weather_project/save_to_actual_table.py
[2026-03-27T10:57:30.772+0000] {processor.py:829} INFO - Processing file /opt/airflow/dags/weather_project/save_to_actual_table.py for tasks to queue
[2026-03-27T10:57:30.775+0000] {logging_mixin.py:151} INFO - [2026-03-27T10:57:30.774+0000] {dagbag.py:539} INFO - Filling up the DagBag from /opt/airflow/dags/weather_project/save_to_actual_table.py
[2026-03-27T10:57:30.782+0000] {processor.py:839} INFO - DAG(s) dict_keys(['temp_actual']) retrieved from /opt/airflow/dags/weather_project/save_to_actual_table.py
[2026-03-27T10:57:30.800+0000] {logging_mixin.py:151} INFO - [2026-03-27T10:57:30.800+0000] {dag.py:2907} INFO - Sync 1 DAGs
[2026-03-27T10:57:30.808+0000] {logging_mixin.py:151} INFO - [2026-03-27T10:57:30.808+0000] {dag.py:3677} INFO - Setting next_dagrun for temp_actual to None, run_after=None
[2026-03-27T10:57:30.821+0000] {processor.py:179} INFO - Processing /opt/airflow/dags/weather_project/save_to_actual_table.py took 0.054 seconds
[2026-03-27T10:57:41.324+0000] {processor.py:157} INFO - Started process (PID=652) to work on /opt/airflow/dags/weather_project/save_to_actual_table.py
[2026-03-27T10:57:41.325+0000] {processor.py:829} INFO - Processing file /opt/airflow/dags/weather_project/save_to_actual_table.py for tasks to queue
[2026-03-27T10:57:41.326+0000] {logging_mixin.py:151} INFO - [2026-03-27T10:57:41.326+0000] {dagbag.py:539} INFO - Filling up the DagBag from /opt/airflow/dags/weather_project/save_to_actual_table.py
[2026-03-27T10:57:41.332+0000] {processor.py:839} INFO - DAG(s) dict_keys(['temp_actual']) retrieved from /opt/airflow/dags/weather_project/save_to_actual_table.py
[2026-03-27T10:57:41.346+0000] {logging_mixin.py:151} INFO - [2026-03-27T10:57:41.346+0000] {dag.py:2907} INFO - Sync 1 DAGs
[2026-03-27T10:57:41.353+0000] {logging_mixin.py:151} INFO - [2026-03-27T10:57:41.353+0000] {dag.py:3677} INFO - Setting next_dagrun for temp_actual to None, run_after=None
[2026-03-27T10:57:41.364+0000] {processor.py:179} INFO - Processing /opt/airflow/dags/weather_project/save_to_actual_table.py took 0.044 seconds
[2026-03-27T10:57:51.714+0000] {processor.py:157} INFO - Started process (PID=700) to work on /opt/airflow/dags/weather_project/save_to_actual_table.py
[2026-03-27T10:57:51.715+0000] {processor.py:829} INFO - Processing file /opt/airflow/dags/weather_project/save_to_actual_table.py for tasks to queue
[2026-03-27T10:57:51.716+0000] {logging_mixin.py:151} INFO - [2026-03-27T10:57:51.716+0000] {dagbag.py:539} INFO - Filling up the DagBag from /opt/airflow/dags/weather_project/save_to_actual_table.py
[2026-03-27T10:57:51.725+0000] {processor.py:839} INFO - DAG(s) dict_keys(['temp_actual']) retrieved from /opt/airflow/dags/weather_project/save_to_actual_table.py
[2026-03-27T10:57:51.756+0000] {logging_mixin.py:151} INFO - [2026-03-27T10:57:51.755+0000] {dag.py:2907} INFO - Sync 1 DAGs
[2026-03-27T10:57:51.772+0000] {logging_mixin.py:151} INFO - [2026-03-27T10:57:51.772+0000] {dag.py:3677} INFO - Setting next_dagrun for temp_actual to None, run_after=None
[2026-03-27T10:57:51.800+0000] {processor.py:179} INFO - Processing /opt/airflow/dags/weather_project/save_to_actual_table.py took 0.089 seconds
[2026-03-27T10:58:02.234+0000] {processor.py:157} INFO - Started process (PID=748) to work on /opt/airflow/dags/weather_project/save_to_actual_table.py
[2026-03-27T10:58:02.235+0000] {processor.py:829} INFO - Processing file /opt/airflow/dags/weather_project/save_to_actual_table.py for tasks to queue
[2026-03-27T10:58:02.238+0000] {logging_mixin.py:151} INFO - [2026-03-27T10:58:02.237+0000] {dagbag.py:539} INFO - Filling up the DagBag from /opt/airflow/dags/weather_project/save_to_actual_table.py
[2026-03-27T10:58:02.244+0000] {processor.py:839} INFO - DAG(s) dict_keys(['temp_actual']) retrieved from /opt/airflow/dags/weather_project/save_to_actual_table.py
[2026-03-27T10:58:02.256+0000] {logging_mixin.py:151} INFO - [2026-03-27T10:58:02.256+0000] {dag.py:2907} INFO - Sync 1 DAGs
[2026-03-27T10:58:02.262+0000] {logging_mixin.py:151} INFO - [2026-03-27T10:58:02.262+0000] {dag.py:3677} INFO - Setting next_dagrun for temp_actual to None, run_after=None
[2026-03-27T10:58:02.272+0000] {processor.py:179} INFO - Processing /opt/airflow/dags/weather_project/save_to_actual_table.py took 0.040 seconds
[2026-03-27T10:58:12.674+0000] {processor.py:157} INFO - Started process (PID=796) to work on /opt/airflow/dags/weather_project/save_to_actual_table.py
[2026-03-27T10:58:12.675+0000] {processor.py:829} INFO - Processing file /opt/airflow/dags/weather_project/save_to_actual_table.py for tasks to queue
[2026-03-27T10:58:12.678+0000] {logging_mixin.py:151} INFO - [2026-03-27T10:58:12.677+0000] {dagbag.py:539} INFO - Filling up the DagBag from /opt/airflow/dags/weather_project/save_to_actual_table.py
[2026-03-27T10:58:12.686+0000] {processor.py:839} INFO - DAG(s) dict_keys(['temp_actual']) retrieved from /opt/airflow/dags/weather_project/save_to_actual_table.py
[2026-03-27T10:58:12.702+0000] {logging_mixin.py:151} INFO - [2026-03-27T10:58:12.702+0000] {dag.py:2907} INFO - Sync 1 DAGs
[2026-03-27T10:58:12.709+0000] {logging_mixin.py:151} INFO - [2026-03-27T10:58:12.709+0000] {dag.py:3677} INFO - Setting next_dagrun for temp_actual to None, run_after=None
[2026-03-27T10:58:12.719+0000] {processor.py:179} INFO - Processing /opt/airflow/dags/weather_project/save_to_actual_table.py took 0.048 seconds
[2026-03-27T10:58:23.156+0000] {processor.py:157} INFO - Started process (PID=844) to work on /opt/airflow/dags/weather_project/save_to_actual_table.py
[2026-03-27T10:58:23.157+0000] {processor.py:829} INFO - Processing file /opt/airflow/dags/weather_project/save_to_actual_table.py for tasks to queue
[2026-03-27T10:58:23.159+0000] {logging_mixin.py:151} INFO - [2026-03-27T10:58:23.159+0000] {dagbag.py:539} INFO - Filling up the DagBag from /opt/airflow/dags/weather_project/save_to_actual_table.py
[2026-03-27T10:58:23.165+0000] {processor.py:839} INFO - DAG(s) dict_keys(['temp_actual']) retrieved from /opt/airflow/dags/weather_project/save_to_actual_table.py
[2026-03-27T10:58:23.179+0000] {logging_mixin.py:151} INFO - [2026-03-27T10:58:23.179+0000] {dag.py:2907} INFO - Sync 1 DAGs
[2026-03-27T10:58:23.188+0000] {logging_mixin.py:151} INFO - [2026-03-27T10:58:23.187+0000] {dag.py:3677} INFO - Setting next_dagrun for temp_actual to None, run_after=None
[2026-03-27T10:58:23.197+0000] {processor.py:179} INFO - Processing /opt/airflow/dags/weather_project/save_to_actual_table.py took 0.043 seconds
[2026-03-27T10:58:33.618+0000] {processor.py:157} INFO - Started process (PID=892) to work on /opt/airflow/dags/weather_project/save_to_actual_table.py
[2026-03-27T10:58:33.618+0000] {processor.py:829} INFO - Processing file /opt/airflow/dags/weather_project/save_to_actual_table.py for tasks to queue
[2026-03-27T10:58:33.620+0000] {logging_mixin.py:151} INFO - [2026-03-27T10:58:33.619+0000] {dagbag.py:539} INFO - Filling up the DagBag from /opt/airflow/dags/weather_project/save_to_actual_table.py
[2026-03-27T10:58:33.625+0000] {processor.py:839} INFO - DAG(s) dict_keys(['temp_actual']) retrieved from /opt/airflow/dags/weather_project/save_to_actual_table.py
[2026-03-27T10:58:33.640+0000] {logging_mixin.py:151} INFO - [2026-03-27T10:58:33.639+0000] {dag.py:2907} INFO - Sync 1 DAGs
[2026-03-27T10:58:33.646+0000] {logging_mixin.py:151} INFO - [2026-03-27T10:58:33.646+0000] {dag.py:3677} INFO - Setting next_dagrun for temp_actual to None, run_after=None
[2026-03-27T10:58:33.655+0000] {processor.py:179} INFO - Processing /opt/airflow/dags/weather_project/save_to_actual_table.py took 0.041 seconds
[2026-03-27T10:58:44.040+0000] {processor.py:157} INFO - Started process (PID=940) to work on /opt/airflow/dags/weather_project/save_to_actual_table.py
[2026-03-27T10:58:44.040+0000] {processor.py:829} INFO - Processing file /opt/airflow/dags/weather_project/save_to_actual_table.py for tasks to queue
[2026-03-27T10:58:44.041+0000] {logging_mixin.py:151} INFO - [2026-03-27T10:58:44.041+0000] {dagbag.py:539} INFO - Filling up the DagBag from /opt/airflow/dags/weather_project/save_to_actual_table.py
[2026-03-27T10:58:44.049+0000] {processor.py:839} INFO - DAG(s) dict_keys(['temp_actual']) retrieved from /opt/airflow/dags/weather_project/save_to_actual_table.py
[2026-03-27T10:58:44.060+0000] {logging_mixin.py:151} INFO - [2026-03-27T10:58:44.060+0000] {dag.py:2907} INFO - Sync 1 DAGs
[2026-03-27T10:58:44.065+0000] {logging_mixin.py:151} INFO - [2026-03-27T10:58:44.065+0000] {dag.py:3677} INFO - Setting next_dagrun for temp_actual to None, run_after=None
[2026-03-27T10:58:44.073+0000] {processor.py:179} INFO - Processing /opt/airflow/dags/weather_project/save_to_actual_table.py took 0.035 seconds
[2026-03-27T10:58:54.490+0000] {processor.py:157} INFO - Started process (PID=988) to work on /opt/airflow/dags/weather_project/save_to_actual_table.py
[2026-03-27T10:58:54.491+0000] {processor.py:829} INFO - Processing file /opt/airflow/dags/weather_project/save_to_actual_table.py for tasks to queue
[2026-03-27T10:58:54.495+0000] {logging_mixin.py:151} INFO - [2026-03-27T10:58:54.494+0000] {dagbag.py:539} INFO - Filling up the DagBag from /opt/airflow/dags/weather_project/save_to_actual_table.py
[2026-03-27T10:58:54.507+0000] {processor.py:839} INFO - DAG(s) dict_keys(['temp_actual']) retrieved from /opt/airflow/dags/weather_project/save_to_actual_table.py
[2026-03-27T10:58:54.522+0000] {logging_mixin.py:151} INFO - [2026-03-27T10:58:54.522+0000] {dag.py:2907} INFO - Sync 1 DAGs
[2026-03-27T10:58:54.530+0000] {logging_mixin.py:151} INFO - [2026-03-27T10:58:54.530+0000] {dag.py:3677} INFO - Setting next_dagrun for temp_actual to None, run_after=None
[2026-03-27T10:58:54.540+0000] {processor.py:179} INFO - Processing /opt/airflow/dags/weather_project/save_to_actual_table.py took 0.055 seconds
[2026-03-27T10:59:04.954+0000] {processor.py:157} INFO - Started process (PID=1036) to work on /opt/airflow/dags/weather_project/save_to_actual_table.py
[2026-03-27T10:59:04.955+0000] {processor.py:829} INFO - Processing file /opt/airflow/dags/weather_project/save_to_actual_table.py for tasks to queue
[2026-03-27T10:59:04.958+0000] {logging_mixin.py:151} INFO - [2026-03-27T10:59:04.958+0000] {dagbag.py:539} INFO - Filling up the DagBag from /opt/airflow/dags/weather_project/save_to_actual_table.py
[2026-03-27T10:59:04.965+0000] {processor.py:839} INFO - DAG(s) dict_keys(['temp_actual']) retrieved from /opt/airflow/dags/weather_project/save_to_actual_table.py
[2026-03-27T10:59:04.979+0000] {logging_mixin.py:151} INFO - [2026-03-27T10:59:04.979+0000] {dag.py:2907} INFO - Sync 1 DAGs
[2026-03-27T10:59:04.986+0000] {logging_mixin.py:151} INFO - [2026-03-27T10:59:04.986+0000] {dag.py:3677} INFO - Setting next_dagrun for temp_actual to None, run_after=None
[2026-03-27T10:59:05.002+0000] {processor.py:179} INFO - Processing /opt/airflow/dags/weather_project/save_to_actual_table.py took 0.050 seconds
[2026-03-27T10:59:15.389+0000] {processor.py:157} INFO - Started process (PID=1084) to work on /opt/airflow/dags/weather_project/save_to_actual_table.py
[2026-03-27T10:59:15.391+0000] {processor.py:829} INFO - Processing file /opt/airflow/dags/weather_project/save_to_actual_table.py for tasks to queue
[2026-03-27T10:59:15.393+0000] {logging_mixin.py:151} INFO - [2026-03-27T10:59:15.393+0000] {dagbag.py:539} INFO - Filling up the DagBag from /opt/airflow/dags/weather_project/save_to_actual_table.py
[2026-03-27T10:59:15.401+0000] {processor.py:839} INFO - DAG(s) dict_keys(['temp_actual']) retrieved from /opt/airflow/dags/weather_project/save_to_actual_table.py
[2026-03-27T10:59:15.413+0000] {logging_mixin.py:151} INFO - [2026-03-27T10:59:15.412+0000] {dag.py:2907} INFO - Sync 1 DAGs
[2026-03-27T10:59:15.423+0000] {logging_mixin.py:151} INFO - [2026-03-27T10:59:15.423+0000] {dag.py:3677} INFO - Setting next_dagrun for temp_actual to None, run_after=None
[2026-03-27T10:59:15.433+0000] {processor.py:179} INFO - Processing /opt/airflow/dags/weather_project/save_to_actual_table.py took 0.047 seconds
[2026-03-27T10:59:25.865+0000] {processor.py:157} INFO - Started process (PID=1132) to work on /opt/airflow/dags/weather_project/save_to_actual_table.py
[2026-03-27T10:59:25.866+0000] {processor.py:829} INFO - Processing file /opt/airflow/dags/weather_project/save_to_actual_table.py for tasks to queue
[2026-03-27T10:59:25.869+0000] {logging_mixin.py:151} INFO - [2026-03-27T10:59:25.868+0000] {dagbag.py:539} INFO - Filling up the DagBag from /opt/airflow/dags/weather_project/save_to_actual_table.py
[2026-03-27T10:59:25.875+0000] {processor.py:839} INFO - DAG(s) dict_keys(['temp_actual']) retrieved from /opt/airflow/dags/weather_project/save_to_actual_table.py
[2026-03-27T10:59:25.890+0000] {logging_mixin.py:151} INFO - [2026-03-27T10:59:25.890+0000] {dag.py:2907} INFO - Sync 1 DAGs
[2026-03-27T10:59:25.896+0000] {logging_mixin.py:151} INFO - [2026-03-27T10:59:25.896+0000] {dag.py:3677} INFO - Setting next_dagrun for temp_actual to None, run_after=None
[2026-03-27T10:59:25.907+0000] {processor.py:179} INFO - Processing /opt/airflow/dags/weather_project/save_to_actual_table.py took 0.045 seconds
[2026-03-27T10:59:36.286+0000] {processor.py:157} INFO - Started process (PID=1180) to work on /opt/airflow/dags/weather_project/save_to_actual_table.py
[2026-03-27T10:59:36.287+0000] {processor.py:829} INFO - Processing file /opt/airflow/dags/weather_project/save_to_actual_table.py for tasks to queue
[2026-03-27T10:59:36.289+0000] {logging_mixin.py:151} INFO - [2026-03-27T10:59:36.289+0000] {dagbag.py:539} INFO - Filling up the DagBag from /opt/airflow/dags/weather_project/save_to_actual_table.py
[2026-03-27T10:59:36.296+0000] {processor.py:839} INFO - DAG(s) dict_keys(['temp_actual']) retrieved from /opt/airflow/dags/weather_project/save_to_actual_table.py
[2026-03-27T10:59:36.313+0000] {logging_mixin.py:151} INFO - [2026-03-27T10:59:36.313+0000] {dag.py:2907} INFO - Sync 1 DAGs
[2026-03-27T10:59:36.320+0000] {logging_mixin.py:151} INFO - [2026-03-27T10:59:36.320+0000] {dag.py:3677} INFO - Setting next_dagrun for temp_actual to None, run_after=None
[2026-03-27T10:59:36.329+0000] {processor.py:179} INFO - Processing /opt/airflow/dags/weather_project/save_to_actual_table.py took 0.046 seconds
[2026-03-27T10:59:46.889+0000] {processor.py:157} INFO - Started process (PID=1228) to work on /opt/airflow/dags/weather_project/save_to_actual_table.py
[2026-03-27T10:59:46.890+0000] {processor.py:829} INFO - Processing file /opt/airflow/dags/weather_project/save_to_actual_table.py for tasks to queue
[2026-03-27T10:59:46.894+0000] {logging_mixin.py:151} INFO - [2026-03-27T10:59:46.893+0000] {dagbag.py:539} INFO - Filling up the DagBag from /opt/airflow/dags/weather_project/save_to_actual_table.py
[2026-03-27T10:59:46.903+0000] {processor.py:839} INFO - DAG(s) dict_keys(['temp_actual']) retrieved from /opt/airflow/dags/weather_project/save_to_actual_table.py
[2026-03-27T10:59:46.918+0000] {logging_mixin.py:151} INFO - [2026-03-27T10:59:46.918+0000] {dag.py:2907} INFO - Sync 1 DAGs
[2026-03-27T10:59:46.925+0000] {logging_mixin.py:151} INFO - [2026-03-27T10:59:46.924+0000] {dag.py:3677} INFO - Setting next_dagrun for temp_actual to None, run_after=None
[2026-03-27T10:59:46.935+0000] {processor.py:179} INFO - Processing /opt/airflow/dags/weather_project/save_to_actual_table.py took 0.049 seconds
[2026-03-27T10:59:57.273+0000] {processor.py:157} INFO - Started process (PID=1276) to work on /opt/airflow/dags/weather_project/save_to_actual_table.py
[2026-03-27T10:59:57.274+0000] {processor.py:829} INFO - Processing file /opt/airflow/dags/weather_project/save_to_actual_table.py for tasks to queue
[2026-03-27T10:59:57.277+0000] {logging_mixin.py:151} INFO - [2026-03-27T10:59:57.277+0000] {dagbag.py:539} INFO - Filling up the DagBag from /opt/airflow/dags/weather_project/save_to_actual_table.py
[2026-03-27T10:59:57.284+0000] {processor.py:839} INFO - DAG(s) dict_keys(['temp_actual']) retrieved from /opt/airflow/dags/weather_project/save_to_actual_table.py
[2026-03-27T10:59:57.296+0000] {logging_mixin.py:151} INFO - [2026-03-27T10:59:57.296+0000] {dag.py:2907} INFO - Sync 1 DAGs
[2026-03-27T10:59:57.301+0000] {logging_mixin.py:151} INFO - [2026-03-27T10:59:57.301+0000] {dag.py:3677} INFO - Setting next_dagrun for temp_actual to None, run_after=None
[2026-03-27T10:59:57.311+0000] {processor.py:179} INFO - Processing /opt/airflow/dags/weather_project/save_to_actual_table.py took 0.040 seconds
[2026-03-27T11:00:07.702+0000] {processor.py:157} INFO - Started process (PID=1324) to work on /opt/airflow/dags/weather_project/save_to_actual_table.py
[2026-03-27T11:00:07.703+0000] {processor.py:829} INFO - Processing file /opt/airflow/dags/weather_project/save_to_actual_table.py for tasks to queue
[2026-03-27T11:00:07.706+0000] {logging_mixin.py:151} INFO - [2026-03-27T11:00:07.706+0000] {dagbag.py:539} INFO - Filling up the DagBag from /opt/airflow/dags/weather_project/save_to_actual_table.py
[2026-03-27T11:00:07.711+0000] {processor.py:839} INFO - DAG(s) dict_keys(['temp_actual']) retrieved from /opt/airflow/dags/weather_project/save_to_actual_table.py
[2026-03-27T11:00:07.724+0000] {logging_mixin.py:151} INFO - [2026-03-27T11:00:07.724+0000] {dag.py:2907} INFO - Sync 1 DAGs
[2026-03-27T11:00:07.730+0000] {logging_mixin.py:151} INFO - [2026-03-27T11:00:07.730+0000] {dag.py:3677} INFO - Setting next_dagrun for temp_actual to None, run_after=None
[2026-03-27T11:00:07.740+0000] {processor.py:179} INFO - Processing /opt/airflow/dags/weather_project/save_to_actual_table.py took 0.041 seconds
[2026-03-27T11:00:18.119+0000] {processor.py:157} INFO - Started process (PID=1372) to work on /opt/airflow/dags/weather_project/save_to_actual_table.py
[2026-03-27T11:00:18.120+0000] {processor.py:829} INFO - Processing file /opt/airflow/dags/weather_project/save_to_actual_table.py for tasks to queue
[2026-03-27T11:00:18.123+0000] {logging_mixin.py:151} INFO - [2026-03-27T11:00:18.123+0000] {dagbag.py:539} INFO - Filling up the DagBag from /opt/airflow/dags/weather_project/save_to_actual_table.py
[2026-03-27T11:00:18.129+0000] {processor.py:839} INFO - DAG(s) dict_keys(['temp_actual']) retrieved from /opt/airflow/dags/weather_project/save_to_actual_table.py
[2026-03-27T11:00:18.145+0000] {logging_mixin.py:151} INFO - [2026-03-27T11:00:18.145+0000] {dag.py:2907} INFO - Sync 1 DAGs
[2026-03-27T11:00:18.153+0000] {logging_mixin.py:151} INFO - [2026-03-27T11:00:18.153+0000] {dag.py:3677} INFO - Setting next_dagrun for temp_actual to None, run_after=None
[2026-03-27T11:00:18.161+0000] {processor.py:179} INFO - Processing /opt/airflow/dags/weather_project/save_to_actual_table.py took 0.045 seconds
[2026-03-27T11:00:28.531+0000] {processor.py:157} INFO - Started process (PID=1420) to work on /opt/airflow/dags/weather_project/save_to_actual_table.py
[2026-03-27T11:00:28.532+0000] {processor.py:829} INFO - Processing file /opt/airflow/dags/weather_project/save_to_actual_table.py for tasks to queue
[2026-03-27T11:00:28.534+0000] {logging_mixin.py:151} INFO - [2026-03-27T11:00:28.534+0000] {dagbag.py:539} INFO - Filling up the DagBag from /opt/airflow/dags/weather_project/save_to_actual_table.py
[2026-03-27T11:00:28.541+0000] {processor.py:839} INFO - DAG(s) dict_keys(['temp_actual']) retrieved from /opt/airflow/dags/weather_project/save_to_actual_table.py
[2026-03-27T11:00:28.555+0000] {logging_mixin.py:151} INFO - [2026-03-27T11:00:28.555+0000] {dag.py:2907} INFO - Sync 1 DAGs
[2026-03-27T11:00:28.564+0000] {logging_mixin.py:151} INFO - [2026-03-27T11:00:28.563+0000] {dag.py:3677} INFO - Setting next_dagrun for temp_actual to None, run_after=None
[2026-03-27T11:00:28.572+0000] {processor.py:179} INFO - Processing /opt/airflow/dags/weather_project/save_to_actual_table.py took 0.043 seconds
[2026-03-27T11:00:39.016+0000] {processor.py:157} INFO - Started process (PID=1468) to work on /opt/airflow/dags/weather_project/save_to_actual_table.py
[2026-03-27T11:00:39.018+0000] {processor.py:829} INFO - Processing file /opt/airflow/dags/weather_project/save_to_actual_table.py for tasks to queue
[2026-03-27T11:00:39.020+0000] {logging_mixin.py:151} INFO - [2026-03-27T11:00:39.020+0000] {dagbag.py:539} INFO - Filling up the DagBag from /opt/airflow/dags/weather_project/save_to_actual_table.py
[2026-03-27T11:00:39.028+0000] {processor.py:839} INFO - DAG(s) dict_keys(['temp_actual']) retrieved from /opt/airflow/dags/weather_project/save_to_actual_table.py
[2026-03-27T11:00:39.046+0000] {logging_mixin.py:151} INFO - [2026-03-27T11:00:39.045+0000] {dag.py:2907} INFO - Sync 1 DAGs
[2026-03-27T11:00:39.054+0000] {logging_mixin.py:151} INFO - [2026-03-27T11:00:39.054+0000] {dag.py:3677} INFO - Setting next_dagrun for temp_actual to None, run_after=None
[2026-03-27T11:00:39.066+0000] {processor.py:179} INFO - Processing /opt/airflow/dags/weather_project/save_to_actual_table.py took 0.053 seconds
[2026-03-27T11:00:49.466+0000] {processor.py:157} INFO - Started process (PID=1516) to work on /opt/airflow/dags/weather_project/save_to_actual_table.py
[2026-03-27T11:00:49.467+0000] {processor.py:829} INFO - Processing file /opt/airflow/dags/weather_project/save_to_actual_table.py for tasks to queue
[2026-03-27T11:00:49.469+0000] {logging_mixin.py:151} INFO - [2026-03-27T11:00:49.469+0000] {dagbag.py:539} INFO - Filling up the DagBag from /opt/airflow/dags/weather_project/save_to_actual_table.py
[2026-03-27T11:00:49.476+0000] {processor.py:839} INFO - DAG(s) dict_keys(['temp_actual']) retrieved from /opt/airflow/dags/weather_project/save_to_actual_table.py
[2026-03-27T11:00:49.491+0000] {logging_mixin.py:151} INFO - [2026-03-27T11:00:49.490+0000] {dag.py:2907} INFO - Sync 1 DAGs
[2026-03-27T11:00:49.497+0000] {logging_mixin.py:151} INFO - [2026-03-27T11:00:49.497+0000] {dag.py:3677} INFO - Setting next_dagrun for temp_actual to None, run_after=None
[2026-03-27T11:00:49.507+0000] {processor.py:179} INFO - Processing /opt/airflow/dags/weather_project/save_to_actual_table.py took 0.044 seconds
[2026-03-27T11:00:59.917+0000] {processor.py:157} INFO - Started process (PID=1564) to work on /opt/airflow/dags/weather_project/save_to_actual_table.py
[2026-03-27T11:00:59.917+0000] {processor.py:829} INFO - Processing file /opt/airflow/dags/weather_project/save_to_actual_table.py for tasks to queue
[2026-03-27T11:00:59.919+0000] {logging_mixin.py:151} INFO - [2026-03-27T11:00:59.919+0000] {dagbag.py:539} INFO - Filling up the DagBag from /opt/airflow/dags/weather_project/save_to_actual_table.py
[2026-03-27T11:00:59.926+0000] {processor.py:839} INFO - DAG(s) dict_keys(['temp_actual']) retrieved from /opt/airflow/dags/weather_project/save_to_actual_table.py
[2026-03-27T11:00:59.942+0000] {logging_mixin.py:151} INFO - [2026-03-27T11:00:59.942+0000] {dag.py:2907} INFO - Sync 1 DAGs
[2026-03-27T11:00:59.951+0000] {logging_mixin.py:151} INFO - [2026-03-27T11:00:59.951+0000] {dag.py:3677} INFO - Setting next_dagrun for temp_actual to None, run_after=None
[2026-03-27T11:00:59.963+0000] {processor.py:179} INFO - Processing /opt/airflow/dags/weather_project/save_to_actual_table.py took 0.049 seconds
[2026-03-27T11:01:10.407+0000] {processor.py:157} INFO - Started process (PID=1612) to work on /opt/airflow/dags/weather_project/save_to_actual_table.py
[2026-03-27T11:01:10.409+0000] {processor.py:829} INFO - Processing file /opt/airflow/dags/weather_project/save_to_actual_table.py for tasks to queue
[2026-03-27T11:01:10.411+0000] {logging_mixin.py:151} INFO - [2026-03-27T11:01:10.410+0000] {dagbag.py:539} INFO - Filling up the DagBag from /opt/airflow/dags/weather_project/save_to_actual_table.py
[2026-03-27T11:01:10.417+0000] {processor.py:839} INFO - DAG(s) dict_keys(['temp_actual']) retrieved from /opt/airflow/dags/weather_project/save_to_actual_table.py
[2026-03-27T11:01:10.427+0000] {logging_mixin.py:151} INFO - [2026-03-27T11:01:10.427+0000] {dag.py:2907} INFO - Sync 1 DAGs
[2026-03-27T11:01:10.433+0000] {logging_mixin.py:151} INFO - [2026-03-27T11:01:10.433+0000] {dag.py:3677} INFO - Setting next_dagrun for temp_actual to None, run_after=None
[2026-03-27T11:01:10.442+0000] {processor.py:179} INFO - Processing /opt/airflow/dags/weather_project/save_to_actual_table.py took 0.039 seconds
[2026-03-27T11:01:20.824+0000] {processor.py:157} INFO - Started process (PID=1660) to work on /opt/airflow/dags/weather_project/save_to_actual_table.py
[2026-03-27T11:01:20.826+0000] {processor.py:829} INFO - Processing file /opt/airflow/dags/weather_project/save_to_actual_table.py for tasks to queue
[2026-03-27T11:01:20.827+0000] {logging_mixin.py:151} INFO - [2026-03-27T11:01:20.827+0000] {dagbag.py:539} INFO - Filling up the DagBag from /opt/airflow/dags/weather_project/save_to_actual_table.py
[2026-03-27T11:01:20.838+0000] {processor.py:839} INFO - DAG(s) dict_keys(['temp_actual']) retrieved from /opt/airflow/dags/weather_project/save_to_actual_table.py
[2026-03-27T11:01:20.851+0000] {logging_mixin.py:151} INFO - [2026-03-27T11:01:20.851+0000] {dag.py:2907} INFO - Sync 1 DAGs
[2026-03-27T11:01:20.860+0000] {logging_mixin.py:151} INFO - [2026-03-27T11:01:20.860+0000] {dag.py:3677} INFO - Setting next_dagrun for temp_actual to None, run_after=None
[2026-03-27T11:01:20.869+0000] {processor.py:179} INFO - Processing /opt/airflow/dags/weather_project/save_to_actual_table.py took 0.048 seconds
[2026-03-27T11:01:47.098+0000] {processor.py:157} INFO - Started process (PID=169) to work on /opt/airflow/dags/weather_project/save_to_actual_table.py
[2026-03-27T11:01:47.099+0000] {processor.py:829} INFO - Processing file /opt/airflow/dags/weather_project/save_to_actual_table.py for tasks to queue
[2026-03-27T11:01:47.099+0000] {logging_mixin.py:151} INFO - [2026-03-27T11:01:47.099+0000] {dagbag.py:539} INFO - Filling up the DagBag from /opt/airflow/dags/weather_project/save_to_actual_table.py
[2026-03-27T11:01:47.105+0000] {processor.py:839} INFO - DAG(s) dict_keys(['temp_actual']) retrieved from /opt/airflow/dags/weather_project/save_to_actual_table.py
[2026-03-27T11:01:47.128+0000] {logging_mixin.py:151} INFO - [2026-03-27T11:01:47.128+0000] {dag.py:2907} INFO - Sync 1 DAGs
[2026-03-27T11:01:47.138+0000] {logging_mixin.py:151} INFO - [2026-03-27T11:01:47.137+0000] {dag.py:3677} INFO - Setting next_dagrun for temp_actual to None, run_after=None
[2026-03-27T11:01:47.149+0000] {processor.py:179} INFO - Processing /opt/airflow/dags/weather_project/save_to_actual_table.py took 0.052 seconds
[2026-03-27T11:01:57.188+0000] {processor.py:157} INFO - Started process (PID=217) to work on /opt/airflow/dags/weather_project/save_to_actual_table.py
[2026-03-27T11:01:57.189+0000] {processor.py:829} INFO - Processing file /opt/airflow/dags/weather_project/save_to_actual_table.py for tasks to queue
[2026-03-27T11:01:57.190+0000] {logging_mixin.py:151} INFO - [2026-03-27T11:01:57.190+0000] {dagbag.py:539} INFO - Filling up the DagBag from /opt/airflow/dags/weather_project/save_to_actual_table.py
[2026-03-27T11:01:57.199+0000] {processor.py:839} INFO - DAG(s) dict_keys(['temp_actual']) retrieved from /opt/airflow/dags/weather_project/save_to_actual_table.py
[2026-03-27T11:01:57.207+0000] {logging_mixin.py:151} INFO - [2026-03-27T11:01:57.207+0000] {dag.py:2907} INFO - Sync 1 DAGs
[2026-03-27T11:01:57.215+0000] {logging_mixin.py:151} INFO - [2026-03-27T11:01:57.215+0000] {dag.py:3677} INFO - Setting next_dagrun for temp_actual to None, run_after=None
[2026-03-27T11:01:57.224+0000] {processor.py:179} INFO - Processing /opt/airflow/dags/weather_project/save_to_actual_table.py took 0.039 seconds
[2026-03-27T11:02:07.622+0000] {processor.py:157} INFO - Started process (PID=265) to work on /opt/airflow/dags/weather_project/save_to_actual_table.py
[2026-03-27T11:02:07.623+0000] {processor.py:829} INFO - Processing file /opt/airflow/dags/weather_project/save_to_actual_table.py for tasks to queue
[2026-03-27T11:02:07.625+0000] {logging_mixin.py:151} INFO - [2026-03-27T11:02:07.625+0000] {dagbag.py:539} INFO - Filling up the DagBag from /opt/airflow/dags/weather_project/save_to_actual_table.py
[2026-03-27T11:02:07.636+0000] {processor.py:839} INFO - DAG(s) dict_keys(['temp_actual']) retrieved from /opt/airflow/dags/weather_project/save_to_actual_table.py
[2026-03-27T11:02:07.645+0000] {logging_mixin.py:151} INFO - [2026-03-27T11:02:07.645+0000] {dag.py:2907} INFO - Sync 1 DAGs
[2026-03-27T11:02:07.656+0000] {logging_mixin.py:151} INFO - [2026-03-27T11:02:07.656+0000] {dag.py:3677} INFO - Setting next_dagrun for temp_actual to None, run_after=None
[2026-03-27T11:02:07.670+0000] {processor.py:179} INFO - Processing /opt/airflow/dags/weather_project/save_to_actual_table.py took 0.053 seconds
[2026-03-27T11:02:34.200+0000] {processor.py:157} INFO - Started process (PID=169) to work on /opt/airflow/dags/weather_project/save_to_actual_table.py
[2026-03-27T11:02:34.200+0000] {processor.py:829} INFO - Processing file /opt/airflow/dags/weather_project/save_to_actual_table.py for tasks to queue
[2026-03-27T11:02:34.201+0000] {logging_mixin.py:151} INFO - [2026-03-27T11:02:34.201+0000] {dagbag.py:539} INFO - Filling up the DagBag from /opt/airflow/dags/weather_project/save_to_actual_table.py
[2026-03-27T11:02:34.210+0000] {processor.py:839} INFO - DAG(s) dict_keys(['temp_actual']) retrieved from /opt/airflow/dags/weather_project/save_to_actual_table.py
[2026-03-27T11:02:34.232+0000] {logging_mixin.py:151} INFO - [2026-03-27T11:02:34.232+0000] {dag.py:2907} INFO - Sync 1 DAGs
[2026-03-27T11:02:34.237+0000] {logging_mixin.py:151} INFO - [2026-03-27T11:02:34.237+0000] {dag.py:3677} INFO - Setting next_dagrun for temp_actual to None, run_after=None
[2026-03-27T11:02:34.244+0000] {processor.py:179} INFO - Processing /opt/airflow/dags/weather_project/save_to_actual_table.py took 0.045 seconds
[2026-03-27T11:02:44.329+0000] {processor.py:157} INFO - Started process (PID=217) to work on /opt/airflow/dags/weather_project/save_to_actual_table.py
[2026-03-27T11:02:44.330+0000] {processor.py:829} INFO - Processing file /opt/airflow/dags/weather_project/save_to_actual_table.py for tasks to queue
[2026-03-27T11:02:44.332+0000] {logging_mixin.py:151} INFO - [2026-03-27T11:02:44.332+0000] {dagbag.py:539} INFO - Filling up the DagBag from /opt/airflow/dags/weather_project/save_to_actual_table.py
[2026-03-27T11:02:44.337+0000] {processor.py:839} INFO - DAG(s) dict_keys(['temp_actual']) retrieved from /opt/airflow/dags/weather_project/save_to_actual_table.py
[2026-03-27T11:02:44.347+0000] {logging_mixin.py:151} INFO - [2026-03-27T11:02:44.346+0000] {dag.py:2907} INFO - Sync 1 DAGs
[2026-03-27T11:02:44.354+0000] {logging_mixin.py:151} INFO - [2026-03-27T11:02:44.354+0000] {dag.py:3677} INFO - Setting next_dagrun for temp_actual to None, run_after=None
[2026-03-27T11:02:44.367+0000] {processor.py:179} INFO - Processing /opt/airflow/dags/weather_project/save_to_actual_table.py took 0.039 seconds
[2026-03-27T11:02:54.796+0000] {processor.py:157} INFO - Started process (PID=265) to work on /opt/airflow/dags/weather_project/save_to_actual_table.py
[2026-03-27T11:02:54.798+0000] {processor.py:829} INFO - Processing file /opt/airflow/dags/weather_project/save_to_actual_table.py for tasks to queue
[2026-03-27T11:02:54.799+0000] {logging_mixin.py:151} INFO - [2026-03-27T11:02:54.799+0000] {dagbag.py:539} INFO - Filling up the DagBag from /opt/airflow/dags/weather_project/save_to_actual_table.py
[2026-03-27T11:02:54.807+0000] {processor.py:839} INFO - DAG(s) dict_keys(['temp_actual']) retrieved from /opt/airflow/dags/weather_project/save_to_actual_table.py
[2026-03-27T11:02:54.816+0000] {logging_mixin.py:151} INFO - [2026-03-27T11:02:54.816+0000] {dag.py:2907} INFO - Sync 1 DAGs
[2026-03-27T11:02:54.823+0000] {logging_mixin.py:151} INFO - [2026-03-27T11:02:54.823+0000] {dag.py:3677} INFO - Setting next_dagrun for temp_actual to None, run_after=None
[2026-03-27T11:02:54.835+0000] {processor.py:179} INFO - Processing /opt/airflow/dags/weather_project/save_to_actual_table.py took 0.043 seconds
[2026-03-27T11:03:05.187+0000] {processor.py:157} INFO - Started process (PID=313) to work on /opt/airflow/dags/weather_project/save_to_actual_table.py
[2026-03-27T11:03:05.188+0000] {processor.py:829} INFO - Processing file /opt/airflow/dags/weather_project/save_to_actual_table.py for tasks to queue
[2026-03-27T11:03:05.189+0000] {logging_mixin.py:151} INFO - [2026-03-27T11:03:05.189+0000] {dagbag.py:539} INFO - Filling up the DagBag from /opt/airflow/dags/weather_project/save_to_actual_table.py
[2026-03-27T11:03:05.195+0000] {processor.py:839} INFO - DAG(s) dict_keys(['temp_actual']) retrieved from /opt/airflow/dags/weather_project/save_to_actual_table.py
[2026-03-27T11:03:05.208+0000] {logging_mixin.py:151} INFO - [2026-03-27T11:03:05.207+0000] {dag.py:2907} INFO - Sync 1 DAGs
[2026-03-27T11:03:05.213+0000] {logging_mixin.py:151} INFO - [2026-03-27T11:03:05.213+0000] {dag.py:3677} INFO - Setting next_dagrun for temp_actual to None, run_after=None
[2026-03-27T11:03:05.223+0000] {processor.py:179} INFO - Processing /opt/airflow/dags/weather_project/save_to_actual_table.py took 0.038 seconds
[2026-03-27T11:03:15.617+0000] {processor.py:157} INFO - Started process (PID=361) to work on /opt/airflow/dags/weather_project/save_to_actual_table.py
[2026-03-27T11:03:15.620+0000] {processor.py:829} INFO - Processing file /opt/airflow/dags/weather_project/save_to_actual_table.py for tasks to queue
[2026-03-27T11:03:15.624+0000] {logging_mixin.py:151} INFO - [2026-03-27T11:03:15.624+0000] {dagbag.py:539} INFO - Filling up the DagBag from /opt/airflow/dags/weather_project/save_to_actual_table.py
[2026-03-27T11:03:15.630+0000] {processor.py:839} INFO - DAG(s) dict_keys(['temp_actual']) retrieved from /opt/airflow/dags/weather_project/save_to_actual_table.py
[2026-03-27T11:03:15.643+0000] {logging_mixin.py:151} INFO - [2026-03-27T11:03:15.643+0000] {dag.py:2907} INFO - Sync 1 DAGs
[2026-03-27T11:03:15.649+0000] {logging_mixin.py:151} INFO - [2026-03-27T11:03:15.649+0000] {dag.py:3677} INFO - Setting next_dagrun for temp_actual to None, run_after=None
[2026-03-27T11:03:15.659+0000] {processor.py:179} INFO - Processing /opt/airflow/dags/weather_project/save_to_actual_table.py took 0.045 seconds
[2026-03-27T11:03:26.034+0000] {processor.py:157} INFO - Started process (PID=409) to work on /opt/airflow/dags/weather_project/save_to_actual_table.py
[2026-03-27T11:03:26.035+0000] {processor.py:829} INFO - Processing file /opt/airflow/dags/weather_project/save_to_actual_table.py for tasks to queue
[2026-03-27T11:03:26.038+0000] {logging_mixin.py:151} INFO - [2026-03-27T11:03:26.038+0000] {dagbag.py:539} INFO - Filling up the DagBag from /opt/airflow/dags/weather_project/save_to_actual_table.py
[2026-03-27T11:03:26.045+0000] {processor.py:839} INFO - DAG(s) dict_keys(['temp_actual']) retrieved from /opt/airflow/dags/weather_project/save_to_actual_table.py
[2026-03-27T11:03:26.059+0000] {logging_mixin.py:151} INFO - [2026-03-27T11:03:26.059+0000] {dag.py:2907} INFO - Sync 1 DAGs
[2026-03-27T11:03:26.065+0000] {logging_mixin.py:151} INFO - [2026-03-27T11:03:26.065+0000] {dag.py:3677} INFO - Setting next_dagrun for temp_actual to None, run_after=None
[2026-03-27T11:03:26.074+0000] {processor.py:179} INFO - Processing /opt/airflow/dags/weather_project/save_to_actual_table.py took 0.042 seconds
[2026-03-27T11:03:36.470+0000] {processor.py:157} INFO - Started process (PID=457) to work on /opt/airflow/dags/weather_project/save_to_actual_table.py
[2026-03-27T11:03:36.471+0000] {processor.py:829} INFO - Processing file /opt/airflow/dags/weather_project/save_to_actual_table.py for tasks to queue
[2026-03-27T11:03:36.474+0000] {logging_mixin.py:151} INFO - [2026-03-27T11:03:36.474+0000] {dagbag.py:539} INFO - Filling up the DagBag from /opt/airflow/dags/weather_project/save_to_actual_table.py
[2026-03-27T11:03:36.481+0000] {processor.py:839} INFO - DAG(s) dict_keys(['temp_actual']) retrieved from /opt/airflow/dags/weather_project/save_to_actual_table.py
[2026-03-27T11:03:36.492+0000] {logging_mixin.py:151} INFO - [2026-03-27T11:03:36.492+0000] {dag.py:2907} INFO - Sync 1 DAGs
[2026-03-27T11:03:36.499+0000] {logging_mixin.py:151} INFO - [2026-03-27T11:03:36.499+0000] {dag.py:3677} INFO - Setting next_dagrun for temp_actual to None, run_after=None
[2026-03-27T11:03:36.510+0000] {processor.py:179} INFO - Processing /opt/airflow/dags/weather_project/save_to_actual_table.py took 0.043 seconds
[2026-03-27T11:03:46.938+0000] {processor.py:157} INFO - Started process (PID=505) to work on /opt/airflow/dags/weather_project/save_to_actual_table.py
[2026-03-27T11:03:46.939+0000] {processor.py:829} INFO - Processing file /opt/airflow/dags/weather_project/save_to_actual_table.py for tasks to queue
[2026-03-27T11:03:46.941+0000] {logging_mixin.py:151} INFO - [2026-03-27T11:03:46.940+0000] {dagbag.py:539} INFO - Filling up the DagBag from /opt/airflow/dags/weather_project/save_to_actual_table.py
[2026-03-27T11:03:46.947+0000] {processor.py:839} INFO - DAG(s) dict_keys(['temp_actual']) retrieved from /opt/airflow/dags/weather_project/save_to_actual_table.py
[2026-03-27T11:03:46.965+0000] {logging_mixin.py:151} INFO - [2026-03-27T11:03:46.965+0000] {dag.py:2907} INFO - Sync 1 DAGs
[2026-03-27T11:03:46.975+0000] {logging_mixin.py:151} INFO - [2026-03-27T11:03:46.975+0000] {dag.py:3677} INFO - Setting next_dagrun for temp_actual to None, run_after=None
[2026-03-27T11:03:46.986+0000] {processor.py:179} INFO - Processing /opt/airflow/dags/weather_project/save_to_actual_table.py took 0.051 seconds
[2026-03-27T11:03:57.407+0000] {processor.py:157} INFO - Started process (PID=553) to work on /opt/airflow/dags/weather_project/save_to_actual_table.py
[2026-03-27T11:03:57.407+0000] {processor.py:829} INFO - Processing file /opt/airflow/dags/weather_project/save_to_actual_table.py for tasks to queue
[2026-03-27T11:03:57.410+0000] {logging_mixin.py:151} INFO - [2026-03-27T11:03:57.409+0000] {dagbag.py:539} INFO - Filling up the DagBag from /opt/airflow/dags/weather_project/save_to_actual_table.py
[2026-03-27T11:03:57.418+0000] {processor.py:839} INFO - DAG(s) dict_keys(['temp_actual']) retrieved from /opt/airflow/dags/weather_project/save_to_actual_table.py
[2026-03-27T11:03:57.431+0000] {logging_mixin.py:151} INFO - [2026-03-27T11:03:57.431+0000] {dag.py:2907} INFO - Sync 1 DAGs
[2026-03-27T11:03:57.439+0000] {logging_mixin.py:151} INFO - [2026-03-27T11:03:57.439+0000] {dag.py:3677} INFO - Setting next_dagrun for temp_actual to None, run_after=None
[2026-03-27T11:03:57.448+0000] {processor.py:179} INFO - Processing /opt/airflow/dags/weather_project/save_to_actual_table.py took 0.045 seconds
[2026-03-27T11:04:07.835+0000] {processor.py:157} INFO - Started process (PID=601) to work on /opt/airflow/dags/weather_project/save_to_actual_table.py
[2026-03-27T11:04:07.836+0000] {processor.py:829} INFO - Processing file /opt/airflow/dags/weather_project/save_to_actual_table.py for tasks to queue
[2026-03-27T11:04:07.838+0000] {logging_mixin.py:151} INFO - [2026-03-27T11:04:07.837+0000] {dagbag.py:539} INFO - Filling up the DagBag from /opt/airflow/dags/weather_project/save_to_actual_table.py
[2026-03-27T11:04:07.844+0000] {processor.py:839} INFO - DAG(s) dict_keys(['temp_actual']) retrieved from /opt/airflow/dags/weather_project/save_to_actual_table.py
[2026-03-27T11:04:07.857+0000] {logging_mixin.py:151} INFO - [2026-03-27T11:04:07.857+0000] {dag.py:2907} INFO - Sync 1 DAGs
[2026-03-27T11:04:07.864+0000] {logging_mixin.py:151} INFO - [2026-03-27T11:04:07.864+0000] {dag.py:3677} INFO - Setting next_dagrun for temp_actual to None, run_after=None
[2026-03-27T11:04:07.875+0000] {processor.py:179} INFO - Processing /opt/airflow/dags/weather_project/save_to_actual_table.py took 0.043 seconds
[2026-03-27T11:04:18.259+0000] {processor.py:157} INFO - Started process (PID=649) to work on /opt/airflow/dags/weather_project/save_to_actual_table.py
[2026-03-27T11:04:18.260+0000] {processor.py:829} INFO - Processing file /opt/airflow/dags/weather_project/save_to_actual_table.py for tasks to queue
[2026-03-27T11:04:18.263+0000] {logging_mixin.py:151} INFO - [2026-03-27T11:04:18.263+0000] {dagbag.py:539} INFO - Filling up the DagBag from /opt/airflow/dags/weather_project/save_to_actual_table.py
[2026-03-27T11:04:18.272+0000] {processor.py:839} INFO - DAG(s) dict_keys(['temp_actual']) retrieved from /opt/airflow/dags/weather_project/save_to_actual_table.py
[2026-03-27T11:04:18.285+0000] {logging_mixin.py:151} INFO - [2026-03-27T11:04:18.285+0000] {dag.py:2907} INFO - Sync 1 DAGs
[2026-03-27T11:04:18.292+0000] {logging_mixin.py:151} INFO - [2026-03-27T11:04:18.291+0000] {dag.py:3677} INFO - Setting next_dagrun for temp_actual to None, run_after=None
[2026-03-27T11:04:18.302+0000] {processor.py:179} INFO - Processing /opt/airflow/dags/weather_project/save_to_actual_table.py took 0.046 seconds
[2026-03-27T11:04:28.727+0000] {processor.py:157} INFO - Started process (PID=697) to work on /opt/airflow/dags/weather_project/save_to_actual_table.py
[2026-03-27T11:04:28.728+0000] {processor.py:829} INFO - Processing file /opt/airflow/dags/weather_project/save_to_actual_table.py for tasks to queue
[2026-03-27T11:04:28.730+0000] {logging_mixin.py:151} INFO - [2026-03-27T11:04:28.729+0000] {dagbag.py:539} INFO - Filling up the DagBag from /opt/airflow/dags/weather_project/save_to_actual_table.py
[2026-03-27T11:04:28.734+0000] {processor.py:839} INFO - DAG(s) dict_keys(['temp_actual']) retrieved from /opt/airflow/dags/weather_project/save_to_actual_table.py
[2026-03-27T11:04:28.747+0000] {logging_mixin.py:151} INFO - [2026-03-27T11:04:28.747+0000] {dag.py:2907} INFO - Sync 1 DAGs
[2026-03-27T11:04:28.753+0000] {logging_mixin.py:151} INFO - [2026-03-27T11:04:28.753+0000] {dag.py:3677} INFO - Setting next_dagrun for temp_actual to None, run_after=None
[2026-03-27T11:04:28.763+0000] {processor.py:179} INFO - Processing /opt/airflow/dags/weather_project/save_to_actual_table.py took 0.038 seconds
[2026-03-27T11:04:39.199+0000] {processor.py:157} INFO - Started process (PID=745) to work on /opt/airflow/dags/weather_project/save_to_actual_table.py
[2026-03-27T11:04:39.200+0000] {processor.py:829} INFO - Processing file /opt/airflow/dags/weather_project/save_to_actual_table.py for tasks to queue
[2026-03-27T11:04:39.201+0000] {logging_mixin.py:151} INFO - [2026-03-27T11:04:39.201+0000] {dagbag.py:539} INFO - Filling up the DagBag from /opt/airflow/dags/weather_project/save_to_actual_table.py
[2026-03-27T11:04:39.207+0000] {processor.py:839} INFO - DAG(s) dict_keys(['temp_actual']) retrieved from /opt/airflow/dags/weather_project/save_to_actual_table.py
[2026-03-27T11:04:39.221+0000] {logging_mixin.py:151} INFO - [2026-03-27T11:04:39.221+0000] {dag.py:2907} INFO - Sync 1 DAGs
[2026-03-27T11:04:39.230+0000] {logging_mixin.py:151} INFO - [2026-03-27T11:04:39.230+0000] {dag.py:3677} INFO - Setting next_dagrun for temp_actual to None, run_after=None
[2026-03-27T11:04:39.240+0000] {processor.py:179} INFO - Processing /opt/airflow/dags/weather_project/save_to_actual_table.py took 0.044 seconds
[2026-03-27T11:04:49.665+0000] {processor.py:157} INFO - Started process (PID=793) to work on /opt/airflow/dags/weather_project/save_to_actual_table.py
[2026-03-27T11:04:49.667+0000] {processor.py:829} INFO - Processing file /opt/airflow/dags/weather_project/save_to_actual_table.py for tasks to queue
[2026-03-27T11:04:49.669+0000] {logging_mixin.py:151} INFO - [2026-03-27T11:04:49.669+0000] {dagbag.py:539} INFO - Filling up the DagBag from /opt/airflow/dags/weather_project/save_to_actual_table.py
[2026-03-27T11:04:49.674+0000] {processor.py:839} INFO - DAG(s) dict_keys(['temp_actual']) retrieved from /opt/airflow/dags/weather_project/save_to_actual_table.py
[2026-03-27T11:04:49.689+0000] {logging_mixin.py:151} INFO - [2026-03-27T11:04:49.689+0000] {dag.py:2907} INFO - Sync 1 DAGs
[2026-03-27T11:04:49.696+0000] {logging_mixin.py:151} INFO - [2026-03-27T11:04:49.696+0000] {dag.py:3677} INFO - Setting next_dagrun for temp_actual to None, run_after=None
[2026-03-27T11:04:49.705+0000] {processor.py:179} INFO - Processing /opt/airflow/dags/weather_project/save_to_actual_table.py took 0.043 seconds
[2026-03-27T11:05:00.152+0000] {processor.py:157} INFO - Started process (PID=841) to work on /opt/airflow/dags/weather_project/save_to_actual_table.py
[2026-03-27T11:05:00.153+0000] {processor.py:829} INFO - Processing file /opt/airflow/dags/weather_project/save_to_actual_table.py for tasks to queue
[2026-03-27T11:05:00.155+0000] {logging_mixin.py:151} INFO - [2026-03-27T11:05:00.155+0000] {dagbag.py:539} INFO - Filling up the DagBag from /opt/airflow/dags/weather_project/save_to_actual_table.py
[2026-03-27T11:05:00.161+0000] {processor.py:839} INFO - DAG(s) dict_keys(['temp_actual']) retrieved from /opt/airflow/dags/weather_project/save_to_actual_table.py
[2026-03-27T11:05:00.175+0000] {logging_mixin.py:151} INFO - [2026-03-27T11:05:00.175+0000] {dag.py:2907} INFO - Sync 1 DAGs
[2026-03-27T11:05:00.182+0000] {logging_mixin.py:151} INFO - [2026-03-27T11:05:00.182+0000] {dag.py:3677} INFO - Setting next_dagrun for temp_actual to None, run_after=None
[2026-03-27T11:05:00.193+0000] {processor.py:179} INFO - Processing /opt/airflow/dags/weather_project/save_to_actual_table.py took 0.044 seconds
[2026-03-27T11:05:10.634+0000] {processor.py:157} INFO - Started process (PID=889) to work on /opt/airflow/dags/weather_project/save_to_actual_table.py
[2026-03-27T11:05:10.635+0000] {processor.py:829} INFO - Processing file /opt/airflow/dags/weather_project/save_to_actual_table.py for tasks to queue
[2026-03-27T11:05:10.638+0000] {logging_mixin.py:151} INFO - [2026-03-27T11:05:10.638+0000] {dagbag.py:539} INFO - Filling up the DagBag from /opt/airflow/dags/weather_project/save_to_actual_table.py
[2026-03-27T11:05:10.646+0000] {processor.py:839} INFO - DAG(s) dict_keys(['temp_actual']) retrieved from /opt/airflow/dags/weather_project/save_to_actual_table.py
[2026-03-27T11:05:10.660+0000] {logging_mixin.py:151} INFO - [2026-03-27T11:05:10.660+0000] {dag.py:2907} INFO - Sync 1 DAGs
[2026-03-27T11:05:10.667+0000] {logging_mixin.py:151} INFO - [2026-03-27T11:05:10.667+0000] {dag.py:3677} INFO - Setting next_dagrun for temp_actual to None, run_after=None
[2026-03-27T11:05:10.678+0000] {processor.py:179} INFO - Processing /opt/airflow/dags/weather_project/save_to_actual_table.py took 0.048 seconds
[2026-03-27T11:05:21.118+0000] {processor.py:157} INFO - Started process (PID=937) to work on /opt/airflow/dags/weather_project/save_to_actual_table.py
[2026-03-27T11:05:21.120+0000] {processor.py:829} INFO - Processing file /opt/airflow/dags/weather_project/save_to_actual_table.py for tasks to queue
[2026-03-27T11:05:21.123+0000] {logging_mixin.py:151} INFO - [2026-03-27T11:05:21.123+0000] {dagbag.py:539} INFO - Filling up the DagBag from /opt/airflow/dags/weather_project/save_to_actual_table.py
[2026-03-27T11:05:21.129+0000] {processor.py:839} INFO - DAG(s) dict_keys(['temp_actual']) retrieved from /opt/airflow/dags/weather_project/save_to_actual_table.py
[2026-03-27T11:05:21.144+0000] {logging_mixin.py:151} INFO - [2026-03-27T11:05:21.144+0000] {dag.py:2907} INFO - Sync 1 DAGs
[2026-03-27T11:05:21.151+0000] {logging_mixin.py:151} INFO - [2026-03-27T11:05:21.151+0000] {dag.py:3677} INFO - Setting next_dagrun for temp_actual to None, run_after=None
[2026-03-27T11:05:21.162+0000] {processor.py:179} INFO - Processing /opt/airflow/dags/weather_project/save_to_actual_table.py took 0.047 seconds
[2026-03-27T11:05:31.652+0000] {processor.py:157} INFO - Started process (PID=985) to work on /opt/airflow/dags/weather_project/save_to_actual_table.py
[2026-03-27T11:05:31.654+0000] {processor.py:829} INFO - Processing file /opt/airflow/dags/weather_project/save_to_actual_table.py for tasks to queue
[2026-03-27T11:05:31.655+0000] {logging_mixin.py:151} INFO - [2026-03-27T11:05:31.655+0000] {dagbag.py:539} INFO - Filling up the DagBag from /opt/airflow/dags/weather_project/save_to_actual_table.py
[2026-03-27T11:05:31.662+0000] {processor.py:839} INFO - DAG(s) dict_keys(['temp_actual']) retrieved from /opt/airflow/dags/weather_project/save_to_actual_table.py
[2026-03-27T11:05:31.678+0000] {logging_mixin.py:151} INFO - [2026-03-27T11:05:31.678+0000] {dag.py:2907} INFO - Sync 1 DAGs
[2026-03-27T11:05:31.687+0000] {logging_mixin.py:151} INFO - [2026-03-27T11:05:31.687+0000] {dag.py:3677} INFO - Setting next_dagrun for temp_actual to None, run_after=None
[2026-03-27T11:05:31.699+0000] {processor.py:179} INFO - Processing /opt/airflow/dags/weather_project/save_to_actual_table.py took 0.050 seconds
[2026-03-27T11:05:42.092+0000] {processor.py:157} INFO - Started process (PID=1033) to work on /opt/airflow/dags/weather_project/save_to_actual_table.py
[2026-03-27T11:05:42.094+0000] {processor.py:829} INFO - Processing file /opt/airflow/dags/weather_project/save_to_actual_table.py for tasks to queue
[2026-03-27T11:05:42.096+0000] {logging_mixin.py:151} INFO - [2026-03-27T11:05:42.096+0000] {dagbag.py:539} INFO - Filling up the DagBag from /opt/airflow/dags/weather_project/save_to_actual_table.py
[2026-03-27T11:05:42.103+0000] {processor.py:839} INFO - DAG(s) dict_keys(['temp_actual']) retrieved from /opt/airflow/dags/weather_project/save_to_actual_table.py
[2026-03-27T11:05:42.116+0000] {logging_mixin.py:151} INFO - [2026-03-27T11:05:42.116+0000] {dag.py:2907} INFO - Sync 1 DAGs
[2026-03-27T11:05:42.123+0000] {logging_mixin.py:151} INFO - [2026-03-27T11:05:42.123+0000] {dag.py:3677} INFO - Setting next_dagrun for temp_actual to None, run_after=None
[2026-03-27T11:05:42.132+0000] {processor.py:179} INFO - Processing /opt/airflow/dags/weather_project/save_to_actual_table.py took 0.043 seconds
[2026-03-27T11:06:02.962+0000] {processor.py:157} INFO - Started process (PID=169) to work on /opt/airflow/dags/weather_project/save_to_actual_table.py
[2026-03-27T11:06:02.962+0000] {processor.py:829} INFO - Processing file /opt/airflow/dags/weather_project/save_to_actual_table.py for tasks to queue
[2026-03-27T11:06:02.963+0000] {logging_mixin.py:151} INFO - [2026-03-27T11:06:02.963+0000] {dagbag.py:539} INFO - Filling up the DagBag from /opt/airflow/dags/weather_project/save_to_actual_table.py
[2026-03-27T11:06:02.975+0000] {processor.py:839} INFO - DAG(s) dict_keys(['temp_actual']) retrieved from /opt/airflow/dags/weather_project/save_to_actual_table.py
[2026-03-27T11:06:02.991+0000] {logging_mixin.py:151} INFO - [2026-03-27T11:06:02.991+0000] {dag.py:2907} INFO - Sync 1 DAGs
[2026-03-27T11:06:02.997+0000] {logging_mixin.py:151} INFO - [2026-03-27T11:06:02.997+0000] {dag.py:3677} INFO - Setting next_dagrun for temp_actual to None, run_after=None
[2026-03-27T11:06:03.009+0000] {processor.py:179} INFO - Processing /opt/airflow/dags/weather_project/save_to_actual_table.py took 0.048 seconds
[2026-03-27T11:06:13.143+0000] {processor.py:157} INFO - Started process (PID=217) to work on /opt/airflow/dags/weather_project/save_to_actual_table.py
[2026-03-27T11:06:13.146+0000] {processor.py:829} INFO - Processing file /opt/airflow/dags/weather_project/save_to_actual_table.py for tasks to queue
[2026-03-27T11:06:13.149+0000] {logging_mixin.py:151} INFO - [2026-03-27T11:06:13.149+0000] {dagbag.py:539} INFO - Filling up the DagBag from /opt/airflow/dags/weather_project/save_to_actual_table.py
[2026-03-27T11:06:13.155+0000] {processor.py:839} INFO - DAG(s) dict_keys(['temp_actual']) retrieved from /opt/airflow/dags/weather_project/save_to_actual_table.py
[2026-03-27T11:06:13.167+0000] {logging_mixin.py:151} INFO - [2026-03-27T11:06:13.166+0000] {dag.py:2907} INFO - Sync 1 DAGs
[2026-03-27T11:06:13.173+0000] {logging_mixin.py:151} INFO - [2026-03-27T11:06:13.173+0000] {dag.py:3677} INFO - Setting next_dagrun for temp_actual to None, run_after=None
[2026-03-27T11:06:13.184+0000] {processor.py:179} INFO - Processing /opt/airflow/dags/weather_project/save_to_actual_table.py took 0.043 seconds
[2026-03-27T11:06:23.608+0000] {processor.py:157} INFO - Started process (PID=265) to work on /opt/airflow/dags/weather_project/save_to_actual_table.py
[2026-03-27T11:06:23.609+0000] {processor.py:829} INFO - Processing file /opt/airflow/dags/weather_project/save_to_actual_table.py for tasks to queue
[2026-03-27T11:06:23.613+0000] {logging_mixin.py:151} INFO - [2026-03-27T11:06:23.613+0000] {dagbag.py:539} INFO - Filling up the DagBag from /opt/airflow/dags/weather_project/save_to_actual_table.py
[2026-03-27T11:06:23.619+0000] {processor.py:839} INFO - DAG(s) dict_keys(['temp_actual']) retrieved from /opt/airflow/dags/weather_project/save_to_actual_table.py
[2026-03-27T11:06:23.627+0000] {logging_mixin.py:151} INFO - [2026-03-27T11:06:23.627+0000] {dag.py:2907} INFO - Sync 1 DAGs
[2026-03-27T11:06:23.633+0000] {logging_mixin.py:151} INFO - [2026-03-27T11:06:23.633+0000] {dag.py:3677} INFO - Setting next_dagrun for temp_actual to None, run_after=None
[2026-03-27T11:06:23.643+0000] {processor.py:179} INFO - Processing /opt/airflow/dags/weather_project/save_to_actual_table.py took 0.038 seconds
[2026-03-27T11:06:34.036+0000] {processor.py:157} INFO - Started process (PID=313) to work on /opt/airflow/dags/weather_project/save_to_actual_table.py
[2026-03-27T11:06:34.038+0000] {processor.py:829} INFO - Processing file /opt/airflow/dags/weather_project/save_to_actual_table.py for tasks to queue
[2026-03-27T11:06:34.040+0000] {logging_mixin.py:151} INFO - [2026-03-27T11:06:34.040+0000] {dagbag.py:539} INFO - Filling up the DagBag from /opt/airflow/dags/weather_project/save_to_actual_table.py
[2026-03-27T11:06:34.049+0000] {processor.py:839} INFO - DAG(s) dict_keys(['temp_actual']) retrieved from /opt/airflow/dags/weather_project/save_to_actual_table.py
[2026-03-27T11:06:34.066+0000] {logging_mixin.py:151} INFO - [2026-03-27T11:06:34.065+0000] {dag.py:2907} INFO - Sync 1 DAGs
[2026-03-27T11:06:34.073+0000] {logging_mixin.py:151} INFO - [2026-03-27T11:06:34.073+0000] {dag.py:3677} INFO - Setting next_dagrun for temp_actual to None, run_after=None
[2026-03-27T11:06:34.083+0000] {processor.py:179} INFO - Processing /opt/airflow/dags/weather_project/save_to_actual_table.py took 0.049 seconds
[2026-03-27T11:06:44.526+0000] {processor.py:157} INFO - Started process (PID=361) to work on /opt/airflow/dags/weather_project/save_to_actual_table.py
[2026-03-27T11:06:44.530+0000] {processor.py:829} INFO - Processing file /opt/airflow/dags/weather_project/save_to_actual_table.py for tasks to queue
[2026-03-27T11:06:44.533+0000] {logging_mixin.py:151} INFO - [2026-03-27T11:06:44.533+0000] {dagbag.py:539} INFO - Filling up the DagBag from /opt/airflow/dags/weather_project/save_to_actual_table.py
[2026-03-27T11:06:44.540+0000] {processor.py:839} INFO - DAG(s) dict_keys(['temp_actual']) retrieved from /opt/airflow/dags/weather_project/save_to_actual_table.py
[2026-03-27T11:06:44.554+0000] {logging_mixin.py:151} INFO - [2026-03-27T11:06:44.554+0000] {dag.py:2907} INFO - Sync 1 DAGs
[2026-03-27T11:06:44.562+0000] {logging_mixin.py:151} INFO - [2026-03-27T11:06:44.562+0000] {dag.py:3677} INFO - Setting next_dagrun for temp_actual to None, run_after=None
[2026-03-27T11:06:44.571+0000] {processor.py:179} INFO - Processing /opt/airflow/dags/weather_project/save_to_actual_table.py took 0.048 seconds
[2026-03-27T11:06:54.997+0000] {processor.py:157} INFO - Started process (PID=409) to work on /opt/airflow/dags/weather_project/save_to_actual_table.py
[2026-03-27T11:06:55.000+0000] {processor.py:829} INFO - Processing file /opt/airflow/dags/weather_project/save_to_actual_table.py for tasks to queue
[2026-03-27T11:06:55.006+0000] {logging_mixin.py:151} INFO - [2026-03-27T11:06:55.005+0000] {dagbag.py:539} INFO - Filling up the DagBag from /opt/airflow/dags/weather_project/save_to_actual_table.py
[2026-03-27T11:06:55.019+0000] {processor.py:839} INFO - DAG(s) dict_keys(['temp_actual']) retrieved from /opt/airflow/dags/weather_project/save_to_actual_table.py
[2026-03-27T11:06:55.041+0000] {logging_mixin.py:151} INFO - [2026-03-27T11:06:55.040+0000] {dag.py:2907} INFO - Sync 1 DAGs
[2026-03-27T11:06:55.049+0000] {logging_mixin.py:151} INFO - [2026-03-27T11:06:55.049+0000] {dag.py:3677} INFO - Setting next_dagrun for temp_actual to None, run_after=None
[2026-03-27T11:06:55.064+0000] {processor.py:179} INFO - Processing /opt/airflow/dags/weather_project/save_to_actual_table.py took 0.070 seconds
[2026-03-27T11:07:05.531+0000] {processor.py:157} INFO - Started process (PID=457) to work on /opt/airflow/dags/weather_project/save_to_actual_table.py
[2026-03-27T11:07:05.532+0000] {processor.py:829} INFO - Processing file /opt/airflow/dags/weather_project/save_to_actual_table.py for tasks to queue
[2026-03-27T11:07:05.534+0000] {logging_mixin.py:151} INFO - [2026-03-27T11:07:05.534+0000] {dagbag.py:539} INFO - Filling up the DagBag from /opt/airflow/dags/weather_project/save_to_actual_table.py
[2026-03-27T11:07:05.539+0000] {processor.py:839} INFO - DAG(s) dict_keys(['temp_actual']) retrieved from /opt/airflow/dags/weather_project/save_to_actual_table.py
[2026-03-27T11:07:05.552+0000] {logging_mixin.py:151} INFO - [2026-03-27T11:07:05.552+0000] {dag.py:2907} INFO - Sync 1 DAGs
[2026-03-27T11:07:05.558+0000] {logging_mixin.py:151} INFO - [2026-03-27T11:07:05.558+0000] {dag.py:3677} INFO - Setting next_dagrun for temp_actual to None, run_after=None
[2026-03-27T11:07:05.569+0000] {processor.py:179} INFO - Processing /opt/airflow/dags/weather_project/save_to_actual_table.py took 0.040 seconds
[2026-03-27T11:07:16.115+0000] {processor.py:157} INFO - Started process (PID=505) to work on /opt/airflow/dags/weather_project/save_to_actual_table.py
[2026-03-27T11:07:16.115+0000] {processor.py:829} INFO - Processing file /opt/airflow/dags/weather_project/save_to_actual_table.py for tasks to queue
[2026-03-27T11:07:16.118+0000] {logging_mixin.py:151} INFO - [2026-03-27T11:07:16.118+0000] {dagbag.py:539} INFO - Filling up the DagBag from /opt/airflow/dags/weather_project/save_to_actual_table.py
[2026-03-27T11:07:16.124+0000] {processor.py:839} INFO - DAG(s) dict_keys(['temp_actual']) retrieved from /opt/airflow/dags/weather_project/save_to_actual_table.py
[2026-03-27T11:07:16.138+0000] {logging_mixin.py:151} INFO - [2026-03-27T11:07:16.138+0000] {dag.py:2907} INFO - Sync 1 DAGs
[2026-03-27T11:07:16.145+0000] {logging_mixin.py:151} INFO - [2026-03-27T11:07:16.145+0000] {dag.py:3677} INFO - Setting next_dagrun for temp_actual to None, run_after=None
[2026-03-27T11:07:16.157+0000] {processor.py:179} INFO - Processing /opt/airflow/dags/weather_project/save_to_actual_table.py took 0.045 seconds
[2026-03-27T11:07:26.523+0000] {processor.py:157} INFO - Started process (PID=553) to work on /opt/airflow/dags/weather_project/save_to_actual_table.py
[2026-03-27T11:07:26.524+0000] {processor.py:829} INFO - Processing file /opt/airflow/dags/weather_project/save_to_actual_table.py for tasks to queue
[2026-03-27T11:07:26.526+0000] {logging_mixin.py:151} INFO - [2026-03-27T11:07:26.525+0000] {dagbag.py:539} INFO - Filling up the DagBag from /opt/airflow/dags/weather_project/save_to_actual_table.py
[2026-03-27T11:07:26.532+0000] {processor.py:839} INFO - DAG(s) dict_keys(['temp_actual']) retrieved from /opt/airflow/dags/weather_project/save_to_actual_table.py
[2026-03-27T11:07:26.545+0000] {logging_mixin.py:151} INFO - [2026-03-27T11:07:26.545+0000] {dag.py:2907} INFO - Sync 1 DAGs
[2026-03-27T11:07:26.552+0000] {logging_mixin.py:151} INFO - [2026-03-27T11:07:26.552+0000] {dag.py:3677} INFO - Setting next_dagrun for temp_actual to None, run_after=None
[2026-03-27T11:07:26.561+0000] {processor.py:179} INFO - Processing /opt/airflow/dags/weather_project/save_to_actual_table.py took 0.041 seconds
[2026-03-27T11:07:37.036+0000] {processor.py:157} INFO - Started process (PID=601) to work on /opt/airflow/dags/weather_project/save_to_actual_table.py
[2026-03-27T11:07:37.037+0000] {processor.py:829} INFO - Processing file /opt/airflow/dags/weather_project/save_to_actual_table.py for tasks to queue
[2026-03-27T11:07:37.038+0000] {logging_mixin.py:151} INFO - [2026-03-27T11:07:37.038+0000] {dagbag.py:539} INFO - Filling up the DagBag from /opt/airflow/dags/weather_project/save_to_actual_table.py
[2026-03-27T11:07:37.044+0000] {processor.py:839} INFO - DAG(s) dict_keys(['temp_actual']) retrieved from /opt/airflow/dags/weather_project/save_to_actual_table.py
[2026-03-27T11:07:37.057+0000] {logging_mixin.py:151} INFO - [2026-03-27T11:07:37.057+0000] {dag.py:2907} INFO - Sync 1 DAGs
[2026-03-27T11:07:37.063+0000] {logging_mixin.py:151} INFO - [2026-03-27T11:07:37.063+0000] {dag.py:3677} INFO - Setting next_dagrun for temp_actual to None, run_after=None
[2026-03-27T11:07:37.074+0000] {processor.py:179} INFO - Processing /opt/airflow/dags/weather_project/save_to_actual_table.py took 0.042 seconds
[2026-03-27T11:08:05.884+0000] {processor.py:157} INFO - Started process (PID=169) to work on /opt/airflow/dags/weather_project/save_to_actual_table.py
[2026-03-27T11:08:05.884+0000] {processor.py:829} INFO - Processing file /opt/airflow/dags/weather_project/save_to_actual_table.py for tasks to queue
[2026-03-27T11:08:05.885+0000] {logging_mixin.py:151} INFO - [2026-03-27T11:08:05.885+0000] {dagbag.py:539} INFO - Filling up the DagBag from /opt/airflow/dags/weather_project/save_to_actual_table.py
[2026-03-27T11:08:05.895+0000] {processor.py:839} INFO - DAG(s) dict_keys(['temp_actual']) retrieved from /opt/airflow/dags/weather_project/save_to_actual_table.py
[2026-03-27T11:08:05.914+0000] {logging_mixin.py:151} INFO - [2026-03-27T11:08:05.914+0000] {dag.py:2907} INFO - Sync 1 DAGs
[2026-03-27T11:08:05.925+0000] {logging_mixin.py:151} INFO - [2026-03-27T11:08:05.925+0000] {dag.py:3677} INFO - Setting next_dagrun for temp_actual to None, run_after=None
[2026-03-27T11:08:05.932+0000] {processor.py:179} INFO - Processing /opt/airflow/dags/weather_project/save_to_actual_table.py took 0.049 seconds
[2026-03-27T11:08:15.997+0000] {processor.py:157} INFO - Started process (PID=217) to work on /opt/airflow/dags/weather_project/save_to_actual_table.py
[2026-03-27T11:08:15.998+0000] {processor.py:829} INFO - Processing file /opt/airflow/dags/weather_project/save_to_actual_table.py for tasks to queue
[2026-03-27T11:08:16.000+0000] {logging_mixin.py:151} INFO - [2026-03-27T11:08:16.000+0000] {dagbag.py:539} INFO - Filling up the DagBag from /opt/airflow/dags/weather_project/save_to_actual_table.py
[2026-03-27T11:08:16.007+0000] {processor.py:839} INFO - DAG(s) dict_keys(['temp_actual']) retrieved from /opt/airflow/dags/weather_project/save_to_actual_table.py
[2026-03-27T11:08:16.019+0000] {logging_mixin.py:151} INFO - [2026-03-27T11:08:16.019+0000] {dag.py:2907} INFO - Sync 1 DAGs
[2026-03-27T11:08:16.026+0000] {logging_mixin.py:151} INFO - [2026-03-27T11:08:16.026+0000] {dag.py:3677} INFO - Setting next_dagrun for temp_actual to None, run_after=None
[2026-03-27T11:08:16.036+0000] {processor.py:179} INFO - Processing /opt/airflow/dags/weather_project/save_to_actual_table.py took 0.041 seconds
[2026-03-27T11:08:26.462+0000] {processor.py:157} INFO - Started process (PID=265) to work on /opt/airflow/dags/weather_project/save_to_actual_table.py
[2026-03-27T11:08:26.463+0000] {processor.py:829} INFO - Processing file /opt/airflow/dags/weather_project/save_to_actual_table.py for tasks to queue
[2026-03-27T11:08:26.464+0000] {logging_mixin.py:151} INFO - [2026-03-27T11:08:26.464+0000] {dagbag.py:539} INFO - Filling up the DagBag from /opt/airflow/dags/weather_project/save_to_actual_table.py
[2026-03-27T11:08:26.475+0000] {processor.py:839} INFO - DAG(s) dict_keys(['temp_actual']) retrieved from /opt/airflow/dags/weather_project/save_to_actual_table.py
[2026-03-27T11:08:26.484+0000] {logging_mixin.py:151} INFO - [2026-03-27T11:08:26.484+0000] {dag.py:2907} INFO - Sync 1 DAGs
[2026-03-27T11:08:26.491+0000] {logging_mixin.py:151} INFO - [2026-03-27T11:08:26.490+0000] {dag.py:3677} INFO - Setting next_dagrun for temp_actual to None, run_after=None
[2026-03-27T11:08:26.502+0000] {processor.py:179} INFO - Processing /opt/airflow/dags/weather_project/save_to_actual_table.py took 0.044 seconds
[2026-03-27T11:08:36.823+0000] {processor.py:157} INFO - Started process (PID=313) to work on /opt/airflow/dags/weather_project/save_to_actual_table.py
[2026-03-27T11:08:36.825+0000] {processor.py:829} INFO - Processing file /opt/airflow/dags/weather_project/save_to_actual_table.py for tasks to queue
[2026-03-27T11:08:36.826+0000] {logging_mixin.py:151} INFO - [2026-03-27T11:08:36.826+0000] {dagbag.py:539} INFO - Filling up the DagBag from /opt/airflow/dags/weather_project/save_to_actual_table.py
[2026-03-27T11:08:36.831+0000] {processor.py:839} INFO - DAG(s) dict_keys(['temp_actual']) retrieved from /opt/airflow/dags/weather_project/save_to_actual_table.py
[2026-03-27T11:08:36.844+0000] {logging_mixin.py:151} INFO - [2026-03-27T11:08:36.843+0000] {dag.py:2907} INFO - Sync 1 DAGs
[2026-03-27T11:08:36.849+0000] {logging_mixin.py:151} INFO - [2026-03-27T11:08:36.849+0000] {dag.py:3677} INFO - Setting next_dagrun for temp_actual to None, run_after=None
[2026-03-27T11:08:36.859+0000] {processor.py:179} INFO - Processing /opt/airflow/dags/weather_project/save_to_actual_table.py took 0.037 seconds
[2026-03-27T11:08:47.230+0000] {processor.py:157} INFO - Started process (PID=361) to work on /opt/airflow/dags/weather_project/save_to_actual_table.py
[2026-03-27T11:08:47.232+0000] {processor.py:829} INFO - Processing file /opt/airflow/dags/weather_project/save_to_actual_table.py for tasks to queue
[2026-03-27T11:08:47.239+0000] {logging_mixin.py:151} INFO - [2026-03-27T11:08:47.239+0000] {dagbag.py:539} INFO - Filling up the DagBag from /opt/airflow/dags/weather_project/save_to_actual_table.py
[2026-03-27T11:08:47.243+0000] {processor.py:839} INFO - DAG(s) dict_keys(['temp_actual']) retrieved from /opt/airflow/dags/weather_project/save_to_actual_table.py
[2026-03-27T11:08:47.256+0000] {logging_mixin.py:151} INFO - [2026-03-27T11:08:47.256+0000] {dag.py:2907} INFO - Sync 1 DAGs
[2026-03-27T11:08:47.264+0000] {logging_mixin.py:151} INFO - [2026-03-27T11:08:47.264+0000] {dag.py:3677} INFO - Setting next_dagrun for temp_actual to None, run_after=None
[2026-03-27T11:08:47.274+0000] {processor.py:179} INFO - Processing /opt/airflow/dags/weather_project/save_to_actual_table.py took 0.046 seconds
[2026-03-27T11:08:57.724+0000] {processor.py:157} INFO - Started process (PID=409) to work on /opt/airflow/dags/weather_project/save_to_actual_table.py
[2026-03-27T11:08:57.725+0000] {processor.py:829} INFO - Processing file /opt/airflow/dags/weather_project/save_to_actual_table.py for tasks to queue
[2026-03-27T11:08:57.728+0000] {logging_mixin.py:151} INFO - [2026-03-27T11:08:57.727+0000] {dagbag.py:539} INFO - Filling up the DagBag from /opt/airflow/dags/weather_project/save_to_actual_table.py
[2026-03-27T11:08:57.734+0000] {processor.py:839} INFO - DAG(s) dict_keys(['temp_actual']) retrieved from /opt/airflow/dags/weather_project/save_to_actual_table.py
[2026-03-27T11:08:57.751+0000] {logging_mixin.py:151} INFO - [2026-03-27T11:08:57.750+0000] {dag.py:2907} INFO - Sync 1 DAGs
[2026-03-27T11:08:57.758+0000] {logging_mixin.py:151} INFO - [2026-03-27T11:08:57.758+0000] {dag.py:3677} INFO - Setting next_dagrun for temp_actual to None, run_after=None
[2026-03-27T11:08:57.772+0000] {processor.py:179} INFO - Processing /opt/airflow/dags/weather_project/save_to_actual_table.py took 0.051 seconds
[2026-03-27T11:09:08.208+0000] {processor.py:157} INFO - Started process (PID=457) to work on /opt/airflow/dags/weather_project/save_to_actual_table.py
[2026-03-27T11:09:08.210+0000] {processor.py:829} INFO - Processing file /opt/airflow/dags/weather_project/save_to_actual_table.py for tasks to queue
[2026-03-27T11:09:08.212+0000] {logging_mixin.py:151} INFO - [2026-03-27T11:09:08.212+0000] {dagbag.py:539} INFO - Filling up the DagBag from /opt/airflow/dags/weather_project/save_to_actual_table.py
[2026-03-27T11:09:08.220+0000] {processor.py:839} INFO - DAG(s) dict_keys(['temp_actual']) retrieved from /opt/airflow/dags/weather_project/save_to_actual_table.py
[2026-03-27T11:09:08.233+0000] {logging_mixin.py:151} INFO - [2026-03-27T11:09:08.232+0000] {dag.py:2907} INFO - Sync 1 DAGs
[2026-03-27T11:09:08.240+0000] {logging_mixin.py:151} INFO - [2026-03-27T11:09:08.240+0000] {dag.py:3677} INFO - Setting next_dagrun for temp_actual to None, run_after=None
[2026-03-27T11:09:08.250+0000] {processor.py:179} INFO - Processing /opt/airflow/dags/weather_project/save_to_actual_table.py took 0.046 seconds
[2026-03-27T11:09:18.663+0000] {processor.py:157} INFO - Started process (PID=505) to work on /opt/airflow/dags/weather_project/save_to_actual_table.py
[2026-03-27T11:09:18.664+0000] {processor.py:829} INFO - Processing file /opt/airflow/dags/weather_project/save_to_actual_table.py for tasks to queue
[2026-03-27T11:09:18.666+0000] {logging_mixin.py:151} INFO - [2026-03-27T11:09:18.666+0000] {dagbag.py:539} INFO - Filling up the DagBag from /opt/airflow/dags/weather_project/save_to_actual_table.py
[2026-03-27T11:09:18.674+0000] {processor.py:839} INFO - DAG(s) dict_keys(['temp_actual']) retrieved from /opt/airflow/dags/weather_project/save_to_actual_table.py
[2026-03-27T11:09:18.688+0000] {logging_mixin.py:151} INFO - [2026-03-27T11:09:18.688+0000] {dag.py:2907} INFO - Sync 1 DAGs
[2026-03-27T11:09:18.694+0000] {logging_mixin.py:151} INFO - [2026-03-27T11:09:18.694+0000] {dag.py:3677} INFO - Setting next_dagrun for temp_actual to None, run_after=None
[2026-03-27T11:09:18.703+0000] {processor.py:179} INFO - Processing /opt/airflow/dags/weather_project/save_to_actual_table.py took 0.042 seconds
[2026-03-27T11:09:29.069+0000] {processor.py:157} INFO - Started process (PID=553) to work on /opt/airflow/dags/weather_project/save_to_actual_table.py
[2026-03-27T11:09:29.070+0000] {processor.py:829} INFO - Processing file /opt/airflow/dags/weather_project/save_to_actual_table.py for tasks to queue
[2026-03-27T11:09:29.075+0000] {logging_mixin.py:151} INFO - [2026-03-27T11:09:29.075+0000] {dagbag.py:539} INFO - Filling up the DagBag from /opt/airflow/dags/weather_project/save_to_actual_table.py
[2026-03-27T11:09:29.083+0000] {processor.py:839} INFO - DAG(s) dict_keys(['temp_actual']) retrieved from /opt/airflow/dags/weather_project/save_to_actual_table.py
[2026-03-27T11:09:29.094+0000] {logging_mixin.py:151} INFO - [2026-03-27T11:09:29.094+0000] {dag.py:2907} INFO - Sync 1 DAGs
[2026-03-27T11:09:29.100+0000] {logging_mixin.py:151} INFO - [2026-03-27T11:09:29.100+0000] {dag.py:3677} INFO - Setting next_dagrun for temp_actual to None, run_after=None
[2026-03-27T11:09:29.110+0000] {processor.py:179} INFO - Processing /opt/airflow/dags/weather_project/save_to_actual_table.py took 0.044 seconds
[2026-03-27T11:09:39.502+0000] {processor.py:157} INFO - Started process (PID=601) to work on /opt/airflow/dags/weather_project/save_to_actual_table.py
[2026-03-27T11:09:39.503+0000] {processor.py:829} INFO - Processing file /opt/airflow/dags/weather_project/save_to_actual_table.py for tasks to queue
[2026-03-27T11:09:39.506+0000] {logging_mixin.py:151} INFO - [2026-03-27T11:09:39.506+0000] {dagbag.py:539} INFO - Filling up the DagBag from /opt/airflow/dags/weather_project/save_to_actual_table.py
[2026-03-27T11:09:39.512+0000] {processor.py:839} INFO - DAG(s) dict_keys(['temp_actual']) retrieved from /opt/airflow/dags/weather_project/save_to_actual_table.py
[2026-03-27T11:09:39.524+0000] {logging_mixin.py:151} INFO - [2026-03-27T11:09:39.524+0000] {dag.py:2907} INFO - Sync 1 DAGs
[2026-03-27T11:09:39.532+0000] {logging_mixin.py:151} INFO - [2026-03-27T11:09:39.532+0000] {dag.py:3677} INFO - Setting next_dagrun for temp_actual to None, run_after=None
[2026-03-27T11:09:39.543+0000] {processor.py:179} INFO - Processing /opt/airflow/dags/weather_project/save_to_actual_table.py took 0.043 seconds
[2026-03-27T11:09:49.981+0000] {processor.py:157} INFO - Started process (PID=649) to work on /opt/airflow/dags/weather_project/save_to_actual_table.py
[2026-03-27T11:09:49.982+0000] {processor.py:829} INFO - Processing file /opt/airflow/dags/weather_project/save_to_actual_table.py for tasks to queue
[2026-03-27T11:09:49.984+0000] {logging_mixin.py:151} INFO - [2026-03-27T11:09:49.984+0000] {dagbag.py:539} INFO - Filling up the DagBag from /opt/airflow/dags/weather_project/save_to_actual_table.py
[2026-03-27T11:09:49.991+0000] {processor.py:839} INFO - DAG(s) dict_keys(['temp_actual']) retrieved from /opt/airflow/dags/weather_project/save_to_actual_table.py
[2026-03-27T11:09:50.005+0000] {logging_mixin.py:151} INFO - [2026-03-27T11:09:50.005+0000] {dag.py:2907} INFO - Sync 1 DAGs
[2026-03-27T11:09:50.012+0000] {logging_mixin.py:151} INFO - [2026-03-27T11:09:50.012+0000] {dag.py:3677} INFO - Setting next_dagrun for temp_actual to None, run_after=None
[2026-03-27T11:09:50.022+0000] {processor.py:179} INFO - Processing /opt/airflow/dags/weather_project/save_to_actual_table.py took 0.043 seconds
[2026-03-27T11:10:00.423+0000] {processor.py:157} INFO - Started process (PID=697) to work on /opt/airflow/dags/weather_project/save_to_actual_table.py
[2026-03-27T11:10:00.424+0000] {processor.py:829} INFO - Processing file /opt/airflow/dags/weather_project/save_to_actual_table.py for tasks to queue
[2026-03-27T11:10:00.426+0000] {logging_mixin.py:151} INFO - [2026-03-27T11:10:00.426+0000] {dagbag.py:539} INFO - Filling up the DagBag from /opt/airflow/dags/weather_project/save_to_actual_table.py
[2026-03-27T11:10:00.432+0000] {processor.py:839} INFO - DAG(s) dict_keys(['temp_actual']) retrieved from /opt/airflow/dags/weather_project/save_to_actual_table.py
[2026-03-27T11:10:00.445+0000] {logging_mixin.py:151} INFO - [2026-03-27T11:10:00.444+0000] {dag.py:2907} INFO - Sync 1 DAGs
[2026-03-27T11:10:00.450+0000] {logging_mixin.py:151} INFO - [2026-03-27T11:10:00.450+0000] {dag.py:3677} INFO - Setting next_dagrun for temp_actual to None, run_after=None
[2026-03-27T11:10:00.460+0000] {processor.py:179} INFO - Processing /opt/airflow/dags/weather_project/save_to_actual_table.py took 0.040 seconds
[2026-03-27T11:10:10.919+0000] {processor.py:157} INFO - Started process (PID=745) to work on /opt/airflow/dags/weather_project/save_to_actual_table.py
[2026-03-27T11:10:10.920+0000] {processor.py:829} INFO - Processing file /opt/airflow/dags/weather_project/save_to_actual_table.py for tasks to queue
[2026-03-27T11:10:10.922+0000] {logging_mixin.py:151} INFO - [2026-03-27T11:10:10.922+0000] {dagbag.py:539} INFO - Filling up the DagBag from /opt/airflow/dags/weather_project/save_to_actual_table.py
[2026-03-27T11:10:10.927+0000] {processor.py:839} INFO - DAG(s) dict_keys(['temp_actual']) retrieved from /opt/airflow/dags/weather_project/save_to_actual_table.py
[2026-03-27T11:10:10.942+0000] {logging_mixin.py:151} INFO - [2026-03-27T11:10:10.942+0000] {dag.py:2907} INFO - Sync 1 DAGs
[2026-03-27T11:10:10.948+0000] {logging_mixin.py:151} INFO - [2026-03-27T11:10:10.948+0000] {dag.py:3677} INFO - Setting next_dagrun for temp_actual to None, run_after=None
[2026-03-27T11:10:10.958+0000] {processor.py:179} INFO - Processing /opt/airflow/dags/weather_project/save_to_actual_table.py took 0.042 seconds
[2026-03-27T11:10:21.401+0000] {processor.py:157} INFO - Started process (PID=793) to work on /opt/airflow/dags/weather_project/save_to_actual_table.py
[2026-03-27T11:10:21.403+0000] {processor.py:829} INFO - Processing file /opt/airflow/dags/weather_project/save_to_actual_table.py for tasks to queue
[2026-03-27T11:10:21.405+0000] {logging_mixin.py:151} INFO - [2026-03-27T11:10:21.405+0000] {dagbag.py:539} INFO - Filling up the DagBag from /opt/airflow/dags/weather_project/save_to_actual_table.py
[2026-03-27T11:10:21.413+0000] {processor.py:839} INFO - DAG(s) dict_keys(['temp_actual']) retrieved from /opt/airflow/dags/weather_project/save_to_actual_table.py
[2026-03-27T11:10:21.425+0000] {logging_mixin.py:151} INFO - [2026-03-27T11:10:21.424+0000] {dag.py:2907} INFO - Sync 1 DAGs
[2026-03-27T11:10:21.430+0000] {logging_mixin.py:151} INFO - [2026-03-27T11:10:21.430+0000] {dag.py:3677} INFO - Setting next_dagrun for temp_actual to None, run_after=None
[2026-03-27T11:10:21.444+0000] {processor.py:179} INFO - Processing /opt/airflow/dags/weather_project/save_to_actual_table.py took 0.045 seconds
[2026-03-27T11:10:31.902+0000] {processor.py:157} INFO - Started process (PID=841) to work on /opt/airflow/dags/weather_project/save_to_actual_table.py
[2026-03-27T11:10:31.903+0000] {processor.py:829} INFO - Processing file /opt/airflow/dags/weather_project/save_to_actual_table.py for tasks to queue
[2026-03-27T11:10:31.905+0000] {logging_mixin.py:151} INFO - [2026-03-27T11:10:31.905+0000] {dagbag.py:539} INFO - Filling up the DagBag from /opt/airflow/dags/weather_project/save_to_actual_table.py
[2026-03-27T11:10:31.910+0000] {processor.py:839} INFO - DAG(s) dict_keys(['temp_actual']) retrieved from /opt/airflow/dags/weather_project/save_to_actual_table.py
[2026-03-27T11:10:31.927+0000] {logging_mixin.py:151} INFO - [2026-03-27T11:10:31.926+0000] {dag.py:2907} INFO - Sync 1 DAGs
[2026-03-27T11:10:31.935+0000] {logging_mixin.py:151} INFO - [2026-03-27T11:10:31.935+0000] {dag.py:3677} INFO - Setting next_dagrun for temp_actual to None, run_after=None
[2026-03-27T11:10:31.944+0000] {processor.py:179} INFO - Processing /opt/airflow/dags/weather_project/save_to_actual_table.py took 0.044 seconds
