[2026-03-27T10:55:56.666+0000] {processor.py:157} INFO - Started process (PID=166) to work on /opt/airflow/dags/weather_project/save_to_hist_table.py
[2026-03-27T10:55:56.667+0000] {processor.py:829} INFO - Processing file /opt/airflow/dags/weather_project/save_to_hist_table.py for tasks to queue
[2026-03-27T10:55:56.668+0000] {logging_mixin.py:151} INFO - [2026-03-27T10:55:56.667+0000] {dagbag.py:539} INFO - Filling up the DagBag from /opt/airflow/dags/weather_project/save_to_hist_table.py
[2026-03-27T10:55:56.690+0000] {processor.py:839} INFO - DAG(s) dict_keys(['temp_history']) retrieved from /opt/airflow/dags/weather_project/save_to_hist_table.py
[2026-03-27T10:55:56.820+0000] {logging_mixin.py:151} INFO - [2026-03-27T10:55:56.819+0000] {manager.py:501} INFO - Created Permission View: can edit on DAG:temp_history
[2026-03-27T10:55:56.823+0000] {logging_mixin.py:151} INFO - [2026-03-27T10:55:56.823+0000] {manager.py:501} INFO - Created Permission View: can read on DAG:temp_history
[2026-03-27T10:55:56.826+0000] {logging_mixin.py:151} INFO - [2026-03-27T10:55:56.825+0000] {manager.py:346} ERROR - Add Permission: (psycopg2.errors.UniqueViolation) duplicate key value violates unique constraint "ab_permission_name_uq"
DETAIL:  Key (name)=(can_delete) already exists.

[SQL: INSERT INTO ab_permission (name) VALUES (%(name)s) RETURNING ab_permission.id]
[parameters: {'name': 'can_delete'}]
(Background on this error at: https://sqlalche.me/e/14/gkpj)
[2026-03-27T10:55:56.830+0000] {logging_mixin.py:151} INFO - [2026-03-27T10:55:56.829+0000] {manager.py:501} INFO - Created Permission View: None on DAG:temp_history
[2026-03-27T10:55:56.839+0000] {logging_mixin.py:151} INFO - [2026-03-27T10:55:56.839+0000] {dag.py:2907} INFO - Sync 1 DAGs
[2026-03-27T10:55:56.844+0000] {logging_mixin.py:151} INFO - [2026-03-27T10:55:56.844+0000] {dag.py:2929} INFO - Creating ORM DAG for temp_history
[2026-03-27T10:55:56.844+0000] {logging_mixin.py:151} INFO - [2026-03-27T10:55:56.844+0000] {dag.py:3677} INFO - Setting next_dagrun for temp_history to None, run_after=None
[2026-03-27T10:55:56.854+0000] {processor.py:179} INFO - Processing /opt/airflow/dags/weather_project/save_to_hist_table.py took 0.191 seconds
[2026-03-27T10:56:07.225+0000] {processor.py:157} INFO - Started process (PID=217) to work on /opt/airflow/dags/weather_project/save_to_hist_table.py
[2026-03-27T10:56:07.226+0000] {processor.py:829} INFO - Processing file /opt/airflow/dags/weather_project/save_to_hist_table.py for tasks to queue
[2026-03-27T10:56:07.228+0000] {logging_mixin.py:151} INFO - [2026-03-27T10:56:07.228+0000] {dagbag.py:539} INFO - Filling up the DagBag from /opt/airflow/dags/weather_project/save_to_hist_table.py
[2026-03-27T10:56:07.239+0000] {processor.py:839} INFO - DAG(s) dict_keys(['temp_history']) retrieved from /opt/airflow/dags/weather_project/save_to_hist_table.py
[2026-03-27T10:56:07.249+0000] {logging_mixin.py:151} INFO - [2026-03-27T10:56:07.249+0000] {dag.py:2907} INFO - Sync 1 DAGs
[2026-03-27T10:56:07.260+0000] {logging_mixin.py:151} INFO - [2026-03-27T10:56:07.259+0000] {dag.py:3677} INFO - Setting next_dagrun for temp_history to None, run_after=None
[2026-03-27T10:56:07.271+0000] {processor.py:179} INFO - Processing /opt/airflow/dags/weather_project/save_to_hist_table.py took 0.050 seconds
[2026-03-27T10:56:17.656+0000] {processor.py:157} INFO - Started process (PID=265) to work on /opt/airflow/dags/weather_project/save_to_hist_table.py
[2026-03-27T10:56:17.657+0000] {processor.py:829} INFO - Processing file /opt/airflow/dags/weather_project/save_to_hist_table.py for tasks to queue
[2026-03-27T10:56:17.658+0000] {logging_mixin.py:151} INFO - [2026-03-27T10:56:17.658+0000] {dagbag.py:539} INFO - Filling up the DagBag from /opt/airflow/dags/weather_project/save_to_hist_table.py
[2026-03-27T10:56:17.667+0000] {processor.py:839} INFO - DAG(s) dict_keys(['temp_history']) retrieved from /opt/airflow/dags/weather_project/save_to_hist_table.py
[2026-03-27T10:56:17.675+0000] {logging_mixin.py:151} INFO - [2026-03-27T10:56:17.674+0000] {dag.py:2907} INFO - Sync 1 DAGs
[2026-03-27T10:56:17.681+0000] {logging_mixin.py:151} INFO - [2026-03-27T10:56:17.681+0000] {dag.py:3677} INFO - Setting next_dagrun for temp_history to None, run_after=None
[2026-03-27T10:56:17.691+0000] {processor.py:179} INFO - Processing /opt/airflow/dags/weather_project/save_to_hist_table.py took 0.039 seconds
[2026-03-27T10:56:28.110+0000] {processor.py:157} INFO - Started process (PID=313) to work on /opt/airflow/dags/weather_project/save_to_hist_table.py
[2026-03-27T10:56:28.111+0000] {processor.py:829} INFO - Processing file /opt/airflow/dags/weather_project/save_to_hist_table.py for tasks to queue
[2026-03-27T10:56:28.114+0000] {logging_mixin.py:151} INFO - [2026-03-27T10:56:28.113+0000] {dagbag.py:539} INFO - Filling up the DagBag from /opt/airflow/dags/weather_project/save_to_hist_table.py
[2026-03-27T10:56:28.123+0000] {processor.py:839} INFO - DAG(s) dict_keys(['temp_history']) retrieved from /opt/airflow/dags/weather_project/save_to_hist_table.py
[2026-03-27T10:56:28.139+0000] {logging_mixin.py:151} INFO - [2026-03-27T10:56:28.139+0000] {dag.py:2907} INFO - Sync 1 DAGs
[2026-03-27T10:56:28.150+0000] {logging_mixin.py:151} INFO - [2026-03-27T10:56:28.150+0000] {dag.py:3677} INFO - Setting next_dagrun for temp_history to None, run_after=None
[2026-03-27T10:56:28.161+0000] {processor.py:179} INFO - Processing /opt/airflow/dags/weather_project/save_to_hist_table.py took 0.056 seconds
[2026-03-27T10:56:38.622+0000] {processor.py:157} INFO - Started process (PID=361) to work on /opt/airflow/dags/weather_project/save_to_hist_table.py
[2026-03-27T10:56:38.623+0000] {processor.py:829} INFO - Processing file /opt/airflow/dags/weather_project/save_to_hist_table.py for tasks to queue
[2026-03-27T10:56:38.625+0000] {logging_mixin.py:151} INFO - [2026-03-27T10:56:38.625+0000] {dagbag.py:539} INFO - Filling up the DagBag from /opt/airflow/dags/weather_project/save_to_hist_table.py
[2026-03-27T10:56:38.633+0000] {processor.py:839} INFO - DAG(s) dict_keys(['temp_history']) retrieved from /opt/airflow/dags/weather_project/save_to_hist_table.py
[2026-03-27T10:56:38.647+0000] {logging_mixin.py:151} INFO - [2026-03-27T10:56:38.647+0000] {dag.py:2907} INFO - Sync 1 DAGs
[2026-03-27T10:56:38.652+0000] {logging_mixin.py:151} INFO - [2026-03-27T10:56:38.652+0000] {dag.py:3677} INFO - Setting next_dagrun for temp_history to None, run_after=None
[2026-03-27T10:56:38.662+0000] {processor.py:179} INFO - Processing /opt/airflow/dags/weather_project/save_to_hist_table.py took 0.043 seconds
[2026-03-27T10:56:49.030+0000] {processor.py:157} INFO - Started process (PID=409) to work on /opt/airflow/dags/weather_project/save_to_hist_table.py
[2026-03-27T10:56:49.031+0000] {processor.py:829} INFO - Processing file /opt/airflow/dags/weather_project/save_to_hist_table.py for tasks to queue
[2026-03-27T10:56:49.041+0000] {logging_mixin.py:151} INFO - [2026-03-27T10:56:49.040+0000] {dagbag.py:539} INFO - Filling up the DagBag from /opt/airflow/dags/weather_project/save_to_hist_table.py
[2026-03-27T10:56:49.050+0000] {processor.py:839} INFO - DAG(s) dict_keys(['temp_history']) retrieved from /opt/airflow/dags/weather_project/save_to_hist_table.py
[2026-03-27T10:56:49.070+0000] {logging_mixin.py:151} INFO - [2026-03-27T10:56:49.070+0000] {dag.py:2907} INFO - Sync 1 DAGs
[2026-03-27T10:56:49.079+0000] {logging_mixin.py:151} INFO - [2026-03-27T10:56:49.079+0000] {dag.py:3677} INFO - Setting next_dagrun for temp_history to None, run_after=None
[2026-03-27T10:56:49.092+0000] {processor.py:179} INFO - Processing /opt/airflow/dags/weather_project/save_to_hist_table.py took 0.067 seconds
[2026-03-27T10:56:59.520+0000] {processor.py:157} INFO - Started process (PID=457) to work on /opt/airflow/dags/weather_project/save_to_hist_table.py
[2026-03-27T10:56:59.521+0000] {processor.py:829} INFO - Processing file /opt/airflow/dags/weather_project/save_to_hist_table.py for tasks to queue
[2026-03-27T10:56:59.523+0000] {logging_mixin.py:151} INFO - [2026-03-27T10:56:59.523+0000] {dagbag.py:539} INFO - Filling up the DagBag from /opt/airflow/dags/weather_project/save_to_hist_table.py
[2026-03-27T10:56:59.531+0000] {processor.py:839} INFO - DAG(s) dict_keys(['temp_history']) retrieved from /opt/airflow/dags/weather_project/save_to_hist_table.py
[2026-03-27T10:56:59.548+0000] {logging_mixin.py:151} INFO - [2026-03-27T10:56:59.547+0000] {dag.py:2907} INFO - Sync 1 DAGs
[2026-03-27T10:56:59.554+0000] {logging_mixin.py:151} INFO - [2026-03-27T10:56:59.554+0000] {dag.py:3677} INFO - Setting next_dagrun for temp_history to None, run_after=None
[2026-03-27T10:56:59.565+0000] {processor.py:179} INFO - Processing /opt/airflow/dags/weather_project/save_to_hist_table.py took 0.049 seconds
[2026-03-27T10:57:09.914+0000] {processor.py:157} INFO - Started process (PID=505) to work on /opt/airflow/dags/weather_project/save_to_hist_table.py
[2026-03-27T10:57:09.915+0000] {processor.py:829} INFO - Processing file /opt/airflow/dags/weather_project/save_to_hist_table.py for tasks to queue
[2026-03-27T10:57:09.919+0000] {logging_mixin.py:151} INFO - [2026-03-27T10:57:09.919+0000] {dagbag.py:539} INFO - Filling up the DagBag from /opt/airflow/dags/weather_project/save_to_hist_table.py
[2026-03-27T10:57:09.926+0000] {processor.py:839} INFO - DAG(s) dict_keys(['temp_history']) retrieved from /opt/airflow/dags/weather_project/save_to_hist_table.py
[2026-03-27T10:57:09.942+0000] {logging_mixin.py:151} INFO - [2026-03-27T10:57:09.942+0000] {dag.py:2907} INFO - Sync 1 DAGs
[2026-03-27T10:57:09.950+0000] {logging_mixin.py:151} INFO - [2026-03-27T10:57:09.950+0000] {dag.py:3677} INFO - Setting next_dagrun for temp_history to None, run_after=None
[2026-03-27T10:57:09.961+0000] {processor.py:179} INFO - Processing /opt/airflow/dags/weather_project/save_to_hist_table.py took 0.052 seconds
[2026-03-27T10:57:20.313+0000] {processor.py:157} INFO - Started process (PID=553) to work on /opt/airflow/dags/weather_project/save_to_hist_table.py
[2026-03-27T10:57:20.313+0000] {processor.py:829} INFO - Processing file /opt/airflow/dags/weather_project/save_to_hist_table.py for tasks to queue
[2026-03-27T10:57:20.316+0000] {logging_mixin.py:151} INFO - [2026-03-27T10:57:20.316+0000] {dagbag.py:539} INFO - Filling up the DagBag from /opt/airflow/dags/weather_project/save_to_hist_table.py
[2026-03-27T10:57:20.322+0000] {processor.py:839} INFO - DAG(s) dict_keys(['temp_history']) retrieved from /opt/airflow/dags/weather_project/save_to_hist_table.py
[2026-03-27T10:57:20.335+0000] {logging_mixin.py:151} INFO - [2026-03-27T10:57:20.335+0000] {dag.py:2907} INFO - Sync 1 DAGs
[2026-03-27T10:57:20.341+0000] {logging_mixin.py:151} INFO - [2026-03-27T10:57:20.341+0000] {dag.py:3677} INFO - Setting next_dagrun for temp_history to None, run_after=None
[2026-03-27T10:57:20.351+0000] {processor.py:179} INFO - Processing /opt/airflow/dags/weather_project/save_to_hist_table.py took 0.041 seconds
[2026-03-27T10:57:30.767+0000] {processor.py:157} INFO - Started process (PID=601) to work on /opt/airflow/dags/weather_project/save_to_hist_table.py
[2026-03-27T10:57:30.770+0000] {processor.py:829} INFO - Processing file /opt/airflow/dags/weather_project/save_to_hist_table.py for tasks to queue
[2026-03-27T10:57:30.774+0000] {logging_mixin.py:151} INFO - [2026-03-27T10:57:30.774+0000] {dagbag.py:539} INFO - Filling up the DagBag from /opt/airflow/dags/weather_project/save_to_hist_table.py
[2026-03-27T10:57:30.782+0000] {processor.py:839} INFO - DAG(s) dict_keys(['temp_history']) retrieved from /opt/airflow/dags/weather_project/save_to_hist_table.py
[2026-03-27T10:57:30.800+0000] {logging_mixin.py:151} INFO - [2026-03-27T10:57:30.799+0000] {dag.py:2907} INFO - Sync 1 DAGs
[2026-03-27T10:57:30.808+0000] {logging_mixin.py:151} INFO - [2026-03-27T10:57:30.808+0000] {dag.py:3677} INFO - Setting next_dagrun for temp_history to None, run_after=None
[2026-03-27T10:57:30.823+0000] {processor.py:179} INFO - Processing /opt/airflow/dags/weather_project/save_to_hist_table.py took 0.060 seconds
[2026-03-27T10:57:41.322+0000] {processor.py:157} INFO - Started process (PID=649) to work on /opt/airflow/dags/weather_project/save_to_hist_table.py
[2026-03-27T10:57:41.324+0000] {processor.py:829} INFO - Processing file /opt/airflow/dags/weather_project/save_to_hist_table.py for tasks to queue
[2026-03-27T10:57:41.326+0000] {logging_mixin.py:151} INFO - [2026-03-27T10:57:41.326+0000] {dagbag.py:539} INFO - Filling up the DagBag from /opt/airflow/dags/weather_project/save_to_hist_table.py
[2026-03-27T10:57:41.332+0000] {processor.py:839} INFO - DAG(s) dict_keys(['temp_history']) retrieved from /opt/airflow/dags/weather_project/save_to_hist_table.py
[2026-03-27T10:57:41.347+0000] {logging_mixin.py:151} INFO - [2026-03-27T10:57:41.347+0000] {dag.py:2907} INFO - Sync 1 DAGs
[2026-03-27T10:57:41.354+0000] {logging_mixin.py:151} INFO - [2026-03-27T10:57:41.354+0000] {dag.py:3677} INFO - Setting next_dagrun for temp_history to None, run_after=None
[2026-03-27T10:57:41.364+0000] {processor.py:179} INFO - Processing /opt/airflow/dags/weather_project/save_to_hist_table.py took 0.046 seconds
[2026-03-27T10:57:51.711+0000] {processor.py:157} INFO - Started process (PID=697) to work on /opt/airflow/dags/weather_project/save_to_hist_table.py
[2026-03-27T10:57:51.712+0000] {processor.py:829} INFO - Processing file /opt/airflow/dags/weather_project/save_to_hist_table.py for tasks to queue
[2026-03-27T10:57:51.716+0000] {logging_mixin.py:151} INFO - [2026-03-27T10:57:51.716+0000] {dagbag.py:539} INFO - Filling up the DagBag from /opt/airflow/dags/weather_project/save_to_hist_table.py
[2026-03-27T10:57:51.725+0000] {processor.py:839} INFO - DAG(s) dict_keys(['temp_history']) retrieved from /opt/airflow/dags/weather_project/save_to_hist_table.py
[2026-03-27T10:57:51.748+0000] {logging_mixin.py:151} INFO - [2026-03-27T10:57:51.748+0000] {dag.py:2907} INFO - Sync 1 DAGs
[2026-03-27T10:57:51.761+0000] {logging_mixin.py:151} INFO - [2026-03-27T10:57:51.761+0000] {dag.py:3677} INFO - Setting next_dagrun for temp_history to None, run_after=None
[2026-03-27T10:57:51.793+0000] {processor.py:179} INFO - Processing /opt/airflow/dags/weather_project/save_to_hist_table.py took 0.086 seconds
[2026-03-27T10:58:02.232+0000] {processor.py:157} INFO - Started process (PID=745) to work on /opt/airflow/dags/weather_project/save_to_hist_table.py
[2026-03-27T10:58:02.234+0000] {processor.py:829} INFO - Processing file /opt/airflow/dags/weather_project/save_to_hist_table.py for tasks to queue
[2026-03-27T10:58:02.237+0000] {logging_mixin.py:151} INFO - [2026-03-27T10:58:02.236+0000] {dagbag.py:539} INFO - Filling up the DagBag from /opt/airflow/dags/weather_project/save_to_hist_table.py
[2026-03-27T10:58:02.244+0000] {processor.py:839} INFO - DAG(s) dict_keys(['temp_history']) retrieved from /opt/airflow/dags/weather_project/save_to_hist_table.py
[2026-03-27T10:58:02.259+0000] {logging_mixin.py:151} INFO - [2026-03-27T10:58:02.258+0000] {dag.py:2907} INFO - Sync 1 DAGs
[2026-03-27T10:58:02.268+0000] {logging_mixin.py:151} INFO - [2026-03-27T10:58:02.268+0000] {dag.py:3677} INFO - Setting next_dagrun for temp_history to None, run_after=None
[2026-03-27T10:58:02.276+0000] {processor.py:179} INFO - Processing /opt/airflow/dags/weather_project/save_to_hist_table.py took 0.047 seconds
[2026-03-27T10:58:12.672+0000] {processor.py:157} INFO - Started process (PID=793) to work on /opt/airflow/dags/weather_project/save_to_hist_table.py
[2026-03-27T10:58:12.674+0000] {processor.py:829} INFO - Processing file /opt/airflow/dags/weather_project/save_to_hist_table.py for tasks to queue
[2026-03-27T10:58:12.677+0000] {logging_mixin.py:151} INFO - [2026-03-27T10:58:12.677+0000] {dagbag.py:539} INFO - Filling up the DagBag from /opt/airflow/dags/weather_project/save_to_hist_table.py
[2026-03-27T10:58:12.686+0000] {processor.py:839} INFO - DAG(s) dict_keys(['temp_history']) retrieved from /opt/airflow/dags/weather_project/save_to_hist_table.py
[2026-03-27T10:58:12.703+0000] {logging_mixin.py:151} INFO - [2026-03-27T10:58:12.702+0000] {dag.py:2907} INFO - Sync 1 DAGs
[2026-03-27T10:58:12.712+0000] {logging_mixin.py:151} INFO - [2026-03-27T10:58:12.712+0000] {dag.py:3677} INFO - Setting next_dagrun for temp_history to None, run_after=None
[2026-03-27T10:58:12.723+0000] {processor.py:179} INFO - Processing /opt/airflow/dags/weather_project/save_to_hist_table.py took 0.054 seconds
[2026-03-27T10:58:23.154+0000] {processor.py:157} INFO - Started process (PID=841) to work on /opt/airflow/dags/weather_project/save_to_hist_table.py
[2026-03-27T10:58:23.155+0000] {processor.py:829} INFO - Processing file /opt/airflow/dags/weather_project/save_to_hist_table.py for tasks to queue
[2026-03-27T10:58:23.157+0000] {logging_mixin.py:151} INFO - [2026-03-27T10:58:23.157+0000] {dagbag.py:539} INFO - Filling up the DagBag from /opt/airflow/dags/weather_project/save_to_hist_table.py
[2026-03-27T10:58:23.164+0000] {processor.py:839} INFO - DAG(s) dict_keys(['temp_history']) retrieved from /opt/airflow/dags/weather_project/save_to_hist_table.py
[2026-03-27T10:58:23.178+0000] {logging_mixin.py:151} INFO - [2026-03-27T10:58:23.178+0000] {dag.py:2907} INFO - Sync 1 DAGs
[2026-03-27T10:58:23.184+0000] {logging_mixin.py:151} INFO - [2026-03-27T10:58:23.184+0000] {dag.py:3677} INFO - Setting next_dagrun for temp_history to None, run_after=None
[2026-03-27T10:58:23.193+0000] {processor.py:179} INFO - Processing /opt/airflow/dags/weather_project/save_to_hist_table.py took 0.043 seconds
[2026-03-27T10:58:33.614+0000] {processor.py:157} INFO - Started process (PID=889) to work on /opt/airflow/dags/weather_project/save_to_hist_table.py
[2026-03-27T10:58:33.615+0000] {processor.py:829} INFO - Processing file /opt/airflow/dags/weather_project/save_to_hist_table.py for tasks to queue
[2026-03-27T10:58:33.618+0000] {logging_mixin.py:151} INFO - [2026-03-27T10:58:33.618+0000] {dagbag.py:539} INFO - Filling up the DagBag from /opt/airflow/dags/weather_project/save_to_hist_table.py
[2026-03-27T10:58:33.625+0000] {processor.py:839} INFO - DAG(s) dict_keys(['temp_history']) retrieved from /opt/airflow/dags/weather_project/save_to_hist_table.py
[2026-03-27T10:58:33.640+0000] {logging_mixin.py:151} INFO - [2026-03-27T10:58:33.640+0000] {dag.py:2907} INFO - Sync 1 DAGs
[2026-03-27T10:58:33.649+0000] {logging_mixin.py:151} INFO - [2026-03-27T10:58:33.649+0000] {dag.py:3677} INFO - Setting next_dagrun for temp_history to None, run_after=None
[2026-03-27T10:58:33.659+0000] {processor.py:179} INFO - Processing /opt/airflow/dags/weather_project/save_to_hist_table.py took 0.048 seconds
[2026-03-27T10:58:44.037+0000] {processor.py:157} INFO - Started process (PID=937) to work on /opt/airflow/dags/weather_project/save_to_hist_table.py
[2026-03-27T10:58:44.038+0000] {processor.py:829} INFO - Processing file /opt/airflow/dags/weather_project/save_to_hist_table.py for tasks to queue
[2026-03-27T10:58:44.039+0000] {logging_mixin.py:151} INFO - [2026-03-27T10:58:44.039+0000] {dagbag.py:539} INFO - Filling up the DagBag from /opt/airflow/dags/weather_project/save_to_hist_table.py
[2026-03-27T10:58:44.045+0000] {processor.py:839} INFO - DAG(s) dict_keys(['temp_history']) retrieved from /opt/airflow/dags/weather_project/save_to_hist_table.py
[2026-03-27T10:58:44.056+0000] {logging_mixin.py:151} INFO - [2026-03-27T10:58:44.056+0000] {dag.py:2907} INFO - Sync 1 DAGs
[2026-03-27T10:58:44.062+0000] {logging_mixin.py:151} INFO - [2026-03-27T10:58:44.062+0000] {dag.py:3677} INFO - Setting next_dagrun for temp_history to None, run_after=None
[2026-03-27T10:58:44.072+0000] {processor.py:179} INFO - Processing /opt/airflow/dags/weather_project/save_to_hist_table.py took 0.036 seconds
[2026-03-27T10:58:54.484+0000] {processor.py:157} INFO - Started process (PID=985) to work on /opt/airflow/dags/weather_project/save_to_hist_table.py
[2026-03-27T10:58:54.485+0000] {processor.py:829} INFO - Processing file /opt/airflow/dags/weather_project/save_to_hist_table.py for tasks to queue
[2026-03-27T10:58:54.489+0000] {logging_mixin.py:151} INFO - [2026-03-27T10:58:54.489+0000] {dagbag.py:539} INFO - Filling up the DagBag from /opt/airflow/dags/weather_project/save_to_hist_table.py
[2026-03-27T10:58:54.497+0000] {processor.py:839} INFO - DAG(s) dict_keys(['temp_history']) retrieved from /opt/airflow/dags/weather_project/save_to_hist_table.py
[2026-03-27T10:58:54.516+0000] {logging_mixin.py:151} INFO - [2026-03-27T10:58:54.516+0000] {dag.py:2907} INFO - Sync 1 DAGs
[2026-03-27T10:58:54.527+0000] {logging_mixin.py:151} INFO - [2026-03-27T10:58:54.527+0000] {dag.py:3677} INFO - Setting next_dagrun for temp_history to None, run_after=None
[2026-03-27T10:58:54.539+0000] {processor.py:179} INFO - Processing /opt/airflow/dags/weather_project/save_to_hist_table.py took 0.058 seconds
[2026-03-27T10:59:04.952+0000] {processor.py:157} INFO - Started process (PID=1033) to work on /opt/airflow/dags/weather_project/save_to_hist_table.py
[2026-03-27T10:59:04.953+0000] {processor.py:829} INFO - Processing file /opt/airflow/dags/weather_project/save_to_hist_table.py for tasks to queue
[2026-03-27T10:59:04.957+0000] {logging_mixin.py:151} INFO - [2026-03-27T10:59:04.957+0000] {dagbag.py:539} INFO - Filling up the DagBag from /opt/airflow/dags/weather_project/save_to_hist_table.py
[2026-03-27T10:59:04.965+0000] {processor.py:839} INFO - DAG(s) dict_keys(['temp_history']) retrieved from /opt/airflow/dags/weather_project/save_to_hist_table.py
[2026-03-27T10:59:04.979+0000] {logging_mixin.py:151} INFO - [2026-03-27T10:59:04.979+0000] {dag.py:2907} INFO - Sync 1 DAGs
[2026-03-27T10:59:04.986+0000] {logging_mixin.py:151} INFO - [2026-03-27T10:59:04.985+0000] {dag.py:3677} INFO - Setting next_dagrun for temp_history to None, run_after=None
[2026-03-27T10:59:05.001+0000] {processor.py:179} INFO - Processing /opt/airflow/dags/weather_project/save_to_hist_table.py took 0.052 seconds
[2026-03-27T10:59:15.387+0000] {processor.py:157} INFO - Started process (PID=1081) to work on /opt/airflow/dags/weather_project/save_to_hist_table.py
[2026-03-27T10:59:15.389+0000] {processor.py:829} INFO - Processing file /opt/airflow/dags/weather_project/save_to_hist_table.py for tasks to queue
[2026-03-27T10:59:15.392+0000] {logging_mixin.py:151} INFO - [2026-03-27T10:59:15.391+0000] {dagbag.py:539} INFO - Filling up the DagBag from /opt/airflow/dags/weather_project/save_to_hist_table.py
[2026-03-27T10:59:15.398+0000] {processor.py:839} INFO - DAG(s) dict_keys(['temp_history']) retrieved from /opt/airflow/dags/weather_project/save_to_hist_table.py
[2026-03-27T10:59:15.413+0000] {logging_mixin.py:151} INFO - [2026-03-27T10:59:15.412+0000] {dag.py:2907} INFO - Sync 1 DAGs
[2026-03-27T10:59:15.419+0000] {logging_mixin.py:151} INFO - [2026-03-27T10:59:15.419+0000] {dag.py:3677} INFO - Setting next_dagrun for temp_history to None, run_after=None
[2026-03-27T10:59:15.429+0000] {processor.py:179} INFO - Processing /opt/airflow/dags/weather_project/save_to_hist_table.py took 0.046 seconds
[2026-03-27T10:59:25.863+0000] {processor.py:157} INFO - Started process (PID=1129) to work on /opt/airflow/dags/weather_project/save_to_hist_table.py
[2026-03-27T10:59:25.864+0000] {processor.py:829} INFO - Processing file /opt/airflow/dags/weather_project/save_to_hist_table.py for tasks to queue
[2026-03-27T10:59:25.867+0000] {logging_mixin.py:151} INFO - [2026-03-27T10:59:25.867+0000] {dagbag.py:539} INFO - Filling up the DagBag from /opt/airflow/dags/weather_project/save_to_hist_table.py
[2026-03-27T10:59:25.875+0000] {processor.py:839} INFO - DAG(s) dict_keys(['temp_history']) retrieved from /opt/airflow/dags/weather_project/save_to_hist_table.py
[2026-03-27T10:59:25.889+0000] {logging_mixin.py:151} INFO - [2026-03-27T10:59:25.889+0000] {dag.py:2907} INFO - Sync 1 DAGs
[2026-03-27T10:59:25.896+0000] {logging_mixin.py:151} INFO - [2026-03-27T10:59:25.896+0000] {dag.py:3677} INFO - Setting next_dagrun for temp_history to None, run_after=None
[2026-03-27T10:59:25.907+0000] {processor.py:179} INFO - Processing /opt/airflow/dags/weather_project/save_to_hist_table.py took 0.047 seconds
[2026-03-27T10:59:36.283+0000] {processor.py:157} INFO - Started process (PID=1177) to work on /opt/airflow/dags/weather_project/save_to_hist_table.py
[2026-03-27T10:59:36.284+0000] {processor.py:829} INFO - Processing file /opt/airflow/dags/weather_project/save_to_hist_table.py for tasks to queue
[2026-03-27T10:59:36.288+0000] {logging_mixin.py:151} INFO - [2026-03-27T10:59:36.288+0000] {dagbag.py:539} INFO - Filling up the DagBag from /opt/airflow/dags/weather_project/save_to_hist_table.py
[2026-03-27T10:59:36.300+0000] {processor.py:839} INFO - DAG(s) dict_keys(['temp_history']) retrieved from /opt/airflow/dags/weather_project/save_to_hist_table.py
[2026-03-27T10:59:36.313+0000] {logging_mixin.py:151} INFO - [2026-03-27T10:59:36.313+0000] {dag.py:2907} INFO - Sync 1 DAGs
[2026-03-27T10:59:36.323+0000] {logging_mixin.py:151} INFO - [2026-03-27T10:59:36.322+0000] {dag.py:3677} INFO - Setting next_dagrun for temp_history to None, run_after=None
[2026-03-27T10:59:36.333+0000] {processor.py:179} INFO - Processing /opt/airflow/dags/weather_project/save_to_hist_table.py took 0.054 seconds
[2026-03-27T10:59:46.887+0000] {processor.py:157} INFO - Started process (PID=1225) to work on /opt/airflow/dags/weather_project/save_to_hist_table.py
[2026-03-27T10:59:46.888+0000] {processor.py:829} INFO - Processing file /opt/airflow/dags/weather_project/save_to_hist_table.py for tasks to queue
[2026-03-27T10:59:46.892+0000] {logging_mixin.py:151} INFO - [2026-03-27T10:59:46.892+0000] {dagbag.py:539} INFO - Filling up the DagBag from /opt/airflow/dags/weather_project/save_to_hist_table.py
[2026-03-27T10:59:46.900+0000] {processor.py:839} INFO - DAG(s) dict_keys(['temp_history']) retrieved from /opt/airflow/dags/weather_project/save_to_hist_table.py
[2026-03-27T10:59:46.916+0000] {logging_mixin.py:151} INFO - [2026-03-27T10:59:46.916+0000] {dag.py:2907} INFO - Sync 1 DAGs
[2026-03-27T10:59:46.922+0000] {logging_mixin.py:151} INFO - [2026-03-27T10:59:46.922+0000] {dag.py:3677} INFO - Setting next_dagrun for temp_history to None, run_after=None
[2026-03-27T10:59:46.934+0000] {processor.py:179} INFO - Processing /opt/airflow/dags/weather_project/save_to_hist_table.py took 0.051 seconds
[2026-03-27T10:59:57.272+0000] {processor.py:157} INFO - Started process (PID=1273) to work on /opt/airflow/dags/weather_project/save_to_hist_table.py
[2026-03-27T10:59:57.273+0000] {processor.py:829} INFO - Processing file /opt/airflow/dags/weather_project/save_to_hist_table.py for tasks to queue
[2026-03-27T10:59:57.275+0000] {logging_mixin.py:151} INFO - [2026-03-27T10:59:57.275+0000] {dagbag.py:539} INFO - Filling up the DagBag from /opt/airflow/dags/weather_project/save_to_hist_table.py
[2026-03-27T10:59:57.280+0000] {processor.py:839} INFO - DAG(s) dict_keys(['temp_history']) retrieved from /opt/airflow/dags/weather_project/save_to_hist_table.py
[2026-03-27T10:59:57.295+0000] {logging_mixin.py:151} INFO - [2026-03-27T10:59:57.294+0000] {dag.py:2907} INFO - Sync 1 DAGs
[2026-03-27T10:59:57.300+0000] {logging_mixin.py:151} INFO - [2026-03-27T10:59:57.300+0000] {dag.py:3677} INFO - Setting next_dagrun for temp_history to None, run_after=None
[2026-03-27T10:59:57.311+0000] {processor.py:179} INFO - Processing /opt/airflow/dags/weather_project/save_to_hist_table.py took 0.042 seconds
[2026-03-27T11:00:07.699+0000] {processor.py:157} INFO - Started process (PID=1321) to work on /opt/airflow/dags/weather_project/save_to_hist_table.py
[2026-03-27T11:00:07.700+0000] {processor.py:829} INFO - Processing file /opt/airflow/dags/weather_project/save_to_hist_table.py for tasks to queue
[2026-03-27T11:00:07.702+0000] {logging_mixin.py:151} INFO - [2026-03-27T11:00:07.702+0000] {dagbag.py:539} INFO - Filling up the DagBag from /opt/airflow/dags/weather_project/save_to_hist_table.py
[2026-03-27T11:00:07.710+0000] {processor.py:839} INFO - DAG(s) dict_keys(['temp_history']) retrieved from /opt/airflow/dags/weather_project/save_to_hist_table.py
[2026-03-27T11:00:07.724+0000] {logging_mixin.py:151} INFO - [2026-03-27T11:00:07.724+0000] {dag.py:2907} INFO - Sync 1 DAGs
[2026-03-27T11:00:07.732+0000] {logging_mixin.py:151} INFO - [2026-03-27T11:00:07.732+0000] {dag.py:3677} INFO - Setting next_dagrun for temp_history to None, run_after=None
[2026-03-27T11:00:07.741+0000] {processor.py:179} INFO - Processing /opt/airflow/dags/weather_project/save_to_hist_table.py took 0.045 seconds
[2026-03-27T11:00:18.117+0000] {processor.py:157} INFO - Started process (PID=1369) to work on /opt/airflow/dags/weather_project/save_to_hist_table.py
[2026-03-27T11:00:18.118+0000] {processor.py:829} INFO - Processing file /opt/airflow/dags/weather_project/save_to_hist_table.py for tasks to queue
[2026-03-27T11:00:18.122+0000] {logging_mixin.py:151} INFO - [2026-03-27T11:00:18.121+0000] {dagbag.py:539} INFO - Filling up the DagBag from /opt/airflow/dags/weather_project/save_to_hist_table.py
[2026-03-27T11:00:18.130+0000] {processor.py:839} INFO - DAG(s) dict_keys(['temp_history']) retrieved from /opt/airflow/dags/weather_project/save_to_hist_table.py
[2026-03-27T11:00:18.144+0000] {logging_mixin.py:151} INFO - [2026-03-27T11:00:18.144+0000] {dag.py:2907} INFO - Sync 1 DAGs
[2026-03-27T11:00:18.150+0000] {logging_mixin.py:151} INFO - [2026-03-27T11:00:18.150+0000] {dag.py:3677} INFO - Setting next_dagrun for temp_history to None, run_after=None
[2026-03-27T11:00:18.160+0000] {processor.py:179} INFO - Processing /opt/airflow/dags/weather_project/save_to_hist_table.py took 0.046 seconds
[2026-03-27T11:00:28.529+0000] {processor.py:157} INFO - Started process (PID=1417) to work on /opt/airflow/dags/weather_project/save_to_hist_table.py
[2026-03-27T11:00:28.530+0000] {processor.py:829} INFO - Processing file /opt/airflow/dags/weather_project/save_to_hist_table.py for tasks to queue
[2026-03-27T11:00:28.533+0000] {logging_mixin.py:151} INFO - [2026-03-27T11:00:28.533+0000] {dagbag.py:539} INFO - Filling up the DagBag from /opt/airflow/dags/weather_project/save_to_hist_table.py
[2026-03-27T11:00:28.540+0000] {processor.py:839} INFO - DAG(s) dict_keys(['temp_history']) retrieved from /opt/airflow/dags/weather_project/save_to_hist_table.py
[2026-03-27T11:00:28.552+0000] {logging_mixin.py:151} INFO - [2026-03-27T11:00:28.552+0000] {dag.py:2907} INFO - Sync 1 DAGs
[2026-03-27T11:00:28.558+0000] {logging_mixin.py:151} INFO - [2026-03-27T11:00:28.558+0000] {dag.py:3677} INFO - Setting next_dagrun for temp_history to None, run_after=None
[2026-03-27T11:00:28.570+0000] {processor.py:179} INFO - Processing /opt/airflow/dags/weather_project/save_to_hist_table.py took 0.045 seconds
[2026-03-27T11:00:39.014+0000] {processor.py:157} INFO - Started process (PID=1465) to work on /opt/airflow/dags/weather_project/save_to_hist_table.py
[2026-03-27T11:00:39.015+0000] {processor.py:829} INFO - Processing file /opt/airflow/dags/weather_project/save_to_hist_table.py for tasks to queue
[2026-03-27T11:00:39.019+0000] {logging_mixin.py:151} INFO - [2026-03-27T11:00:39.019+0000] {dagbag.py:539} INFO - Filling up the DagBag from /opt/airflow/dags/weather_project/save_to_hist_table.py
[2026-03-27T11:00:39.029+0000] {processor.py:839} INFO - DAG(s) dict_keys(['temp_history']) retrieved from /opt/airflow/dags/weather_project/save_to_hist_table.py
[2026-03-27T11:00:39.046+0000] {logging_mixin.py:151} INFO - [2026-03-27T11:00:39.046+0000] {dag.py:2907} INFO - Sync 1 DAGs
[2026-03-27T11:00:39.058+0000] {logging_mixin.py:151} INFO - [2026-03-27T11:00:39.058+0000] {dag.py:3677} INFO - Setting next_dagrun for temp_history to None, run_after=None
[2026-03-27T11:00:39.067+0000] {processor.py:179} INFO - Processing /opt/airflow/dags/weather_project/save_to_hist_table.py took 0.058 seconds
[2026-03-27T11:00:49.464+0000] {processor.py:157} INFO - Started process (PID=1513) to work on /opt/airflow/dags/weather_project/save_to_hist_table.py
[2026-03-27T11:00:49.466+0000] {processor.py:829} INFO - Processing file /opt/airflow/dags/weather_project/save_to_hist_table.py for tasks to queue
[2026-03-27T11:00:49.469+0000] {logging_mixin.py:151} INFO - [2026-03-27T11:00:49.469+0000] {dagbag.py:539} INFO - Filling up the DagBag from /opt/airflow/dags/weather_project/save_to_hist_table.py
[2026-03-27T11:00:49.477+0000] {processor.py:839} INFO - DAG(s) dict_keys(['temp_history']) retrieved from /opt/airflow/dags/weather_project/save_to_hist_table.py
[2026-03-27T11:00:49.493+0000] {logging_mixin.py:151} INFO - [2026-03-27T11:00:49.493+0000] {dag.py:2907} INFO - Sync 1 DAGs
[2026-03-27T11:00:49.499+0000] {logging_mixin.py:151} INFO - [2026-03-27T11:00:49.499+0000] {dag.py:3677} INFO - Setting next_dagrun for temp_history to None, run_after=None
[2026-03-27T11:00:49.509+0000] {processor.py:179} INFO - Processing /opt/airflow/dags/weather_project/save_to_hist_table.py took 0.048 seconds
[2026-03-27T11:00:59.915+0000] {processor.py:157} INFO - Started process (PID=1561) to work on /opt/airflow/dags/weather_project/save_to_hist_table.py
[2026-03-27T11:00:59.916+0000] {processor.py:829} INFO - Processing file /opt/airflow/dags/weather_project/save_to_hist_table.py for tasks to queue
[2026-03-27T11:00:59.917+0000] {logging_mixin.py:151} INFO - [2026-03-27T11:00:59.917+0000] {dagbag.py:539} INFO - Filling up the DagBag from /opt/airflow/dags/weather_project/save_to_hist_table.py
[2026-03-27T11:00:59.926+0000] {processor.py:839} INFO - DAG(s) dict_keys(['temp_history']) retrieved from /opt/airflow/dags/weather_project/save_to_hist_table.py
[2026-03-27T11:00:59.942+0000] {logging_mixin.py:151} INFO - [2026-03-27T11:00:59.942+0000] {dag.py:2907} INFO - Sync 1 DAGs
[2026-03-27T11:00:59.948+0000] {logging_mixin.py:151} INFO - [2026-03-27T11:00:59.948+0000] {dag.py:3677} INFO - Setting next_dagrun for temp_history to None, run_after=None
[2026-03-27T11:00:59.958+0000] {processor.py:179} INFO - Processing /opt/airflow/dags/weather_project/save_to_hist_table.py took 0.047 seconds
[2026-03-27T11:01:10.401+0000] {processor.py:157} INFO - Started process (PID=1609) to work on /opt/airflow/dags/weather_project/save_to_hist_table.py
[2026-03-27T11:01:10.402+0000] {processor.py:829} INFO - Processing file /opt/airflow/dags/weather_project/save_to_hist_table.py for tasks to queue
[2026-03-27T11:01:10.404+0000] {logging_mixin.py:151} INFO - [2026-03-27T11:01:10.404+0000] {dagbag.py:539} INFO - Filling up the DagBag from /opt/airflow/dags/weather_project/save_to_hist_table.py
[2026-03-27T11:01:10.410+0000] {processor.py:839} INFO - DAG(s) dict_keys(['temp_history']) retrieved from /opt/airflow/dags/weather_project/save_to_hist_table.py
[2026-03-27T11:01:10.424+0000] {logging_mixin.py:151} INFO - [2026-03-27T11:01:10.423+0000] {dag.py:2907} INFO - Sync 1 DAGs
[2026-03-27T11:01:10.431+0000] {logging_mixin.py:151} INFO - [2026-03-27T11:01:10.431+0000] {dag.py:3677} INFO - Setting next_dagrun for temp_history to None, run_after=None
[2026-03-27T11:01:10.442+0000] {processor.py:179} INFO - Processing /opt/airflow/dags/weather_project/save_to_hist_table.py took 0.044 seconds
[2026-03-27T11:01:20.822+0000] {processor.py:157} INFO - Started process (PID=1657) to work on /opt/airflow/dags/weather_project/save_to_hist_table.py
[2026-03-27T11:01:20.823+0000] {processor.py:829} INFO - Processing file /opt/airflow/dags/weather_project/save_to_hist_table.py for tasks to queue
[2026-03-27T11:01:20.827+0000] {logging_mixin.py:151} INFO - [2026-03-27T11:01:20.827+0000] {dagbag.py:539} INFO - Filling up the DagBag from /opt/airflow/dags/weather_project/save_to_hist_table.py
[2026-03-27T11:01:20.836+0000] {processor.py:839} INFO - DAG(s) dict_keys(['temp_history']) retrieved from /opt/airflow/dags/weather_project/save_to_hist_table.py
[2026-03-27T11:01:20.851+0000] {logging_mixin.py:151} INFO - [2026-03-27T11:01:20.850+0000] {dag.py:2907} INFO - Sync 1 DAGs
[2026-03-27T11:01:20.857+0000] {logging_mixin.py:151} INFO - [2026-03-27T11:01:20.857+0000] {dag.py:3677} INFO - Setting next_dagrun for temp_history to None, run_after=None
[2026-03-27T11:01:20.867+0000] {processor.py:179} INFO - Processing /opt/airflow/dags/weather_project/save_to_hist_table.py took 0.049 seconds
[2026-03-27T11:01:47.091+0000] {processor.py:157} INFO - Started process (PID=166) to work on /opt/airflow/dags/weather_project/save_to_hist_table.py
[2026-03-27T11:01:47.092+0000] {processor.py:829} INFO - Processing file /opt/airflow/dags/weather_project/save_to_hist_table.py for tasks to queue
[2026-03-27T11:01:47.092+0000] {logging_mixin.py:151} INFO - [2026-03-27T11:01:47.092+0000] {dagbag.py:539} INFO - Filling up the DagBag from /opt/airflow/dags/weather_project/save_to_hist_table.py
[2026-03-27T11:01:47.105+0000] {processor.py:839} INFO - DAG(s) dict_keys(['temp_history']) retrieved from /opt/airflow/dags/weather_project/save_to_hist_table.py
[2026-03-27T11:01:47.130+0000] {logging_mixin.py:151} INFO - [2026-03-27T11:01:47.130+0000] {dag.py:2907} INFO - Sync 1 DAGs
[2026-03-27T11:01:47.138+0000] {logging_mixin.py:151} INFO - [2026-03-27T11:01:47.137+0000] {dag.py:3677} INFO - Setting next_dagrun for temp_history to None, run_after=None
[2026-03-27T11:01:47.148+0000] {processor.py:179} INFO - Processing /opt/airflow/dags/weather_project/save_to_hist_table.py took 0.059 seconds
[2026-03-27T11:01:57.183+0000] {processor.py:157} INFO - Started process (PID=214) to work on /opt/airflow/dags/weather_project/save_to_hist_table.py
[2026-03-27T11:01:57.185+0000] {processor.py:829} INFO - Processing file /opt/airflow/dags/weather_project/save_to_hist_table.py for tasks to queue
[2026-03-27T11:01:57.187+0000] {logging_mixin.py:151} INFO - [2026-03-27T11:01:57.187+0000] {dagbag.py:539} INFO - Filling up the DagBag from /opt/airflow/dags/weather_project/save_to_hist_table.py
[2026-03-27T11:01:57.198+0000] {processor.py:839} INFO - DAG(s) dict_keys(['temp_history']) retrieved from /opt/airflow/dags/weather_project/save_to_hist_table.py
[2026-03-27T11:01:57.207+0000] {logging_mixin.py:151} INFO - [2026-03-27T11:01:57.207+0000] {dag.py:2907} INFO - Sync 1 DAGs
[2026-03-27T11:01:57.214+0000] {logging_mixin.py:151} INFO - [2026-03-27T11:01:57.214+0000] {dag.py:3677} INFO - Setting next_dagrun for temp_history to None, run_after=None
[2026-03-27T11:01:57.223+0000] {processor.py:179} INFO - Processing /opt/airflow/dags/weather_project/save_to_hist_table.py took 0.043 seconds
[2026-03-27T11:02:07.617+0000] {processor.py:157} INFO - Started process (PID=262) to work on /opt/airflow/dags/weather_project/save_to_hist_table.py
[2026-03-27T11:02:07.619+0000] {processor.py:829} INFO - Processing file /opt/airflow/dags/weather_project/save_to_hist_table.py for tasks to queue
[2026-03-27T11:02:07.621+0000] {logging_mixin.py:151} INFO - [2026-03-27T11:02:07.621+0000] {dagbag.py:539} INFO - Filling up the DagBag from /opt/airflow/dags/weather_project/save_to_hist_table.py
[2026-03-27T11:02:07.633+0000] {processor.py:839} INFO - DAG(s) dict_keys(['temp_history']) retrieved from /opt/airflow/dags/weather_project/save_to_hist_table.py
[2026-03-27T11:02:07.645+0000] {logging_mixin.py:151} INFO - [2026-03-27T11:02:07.644+0000] {dag.py:2907} INFO - Sync 1 DAGs
[2026-03-27T11:02:07.654+0000] {logging_mixin.py:151} INFO - [2026-03-27T11:02:07.654+0000] {dag.py:3677} INFO - Setting next_dagrun for temp_history to None, run_after=None
[2026-03-27T11:02:07.668+0000] {processor.py:179} INFO - Processing /opt/airflow/dags/weather_project/save_to_hist_table.py took 0.056 seconds
[2026-03-27T11:02:34.198+0000] {processor.py:157} INFO - Started process (PID=166) to work on /opt/airflow/dags/weather_project/save_to_hist_table.py
[2026-03-27T11:02:34.198+0000] {processor.py:829} INFO - Processing file /opt/airflow/dags/weather_project/save_to_hist_table.py for tasks to queue
[2026-03-27T11:02:34.201+0000] {logging_mixin.py:151} INFO - [2026-03-27T11:02:34.200+0000] {dagbag.py:539} INFO - Filling up the DagBag from /opt/airflow/dags/weather_project/save_to_hist_table.py
[2026-03-27T11:02:34.211+0000] {processor.py:839} INFO - DAG(s) dict_keys(['temp_history']) retrieved from /opt/airflow/dags/weather_project/save_to_hist_table.py
[2026-03-27T11:02:34.232+0000] {logging_mixin.py:151} INFO - [2026-03-27T11:02:34.232+0000] {dag.py:2907} INFO - Sync 1 DAGs
[2026-03-27T11:02:34.237+0000] {logging_mixin.py:151} INFO - [2026-03-27T11:02:34.237+0000] {dag.py:3677} INFO - Setting next_dagrun for temp_history to None, run_after=None
[2026-03-27T11:02:34.245+0000] {processor.py:179} INFO - Processing /opt/airflow/dags/weather_project/save_to_hist_table.py took 0.049 seconds
[2026-03-27T11:02:44.327+0000] {processor.py:157} INFO - Started process (PID=214) to work on /opt/airflow/dags/weather_project/save_to_hist_table.py
[2026-03-27T11:02:44.328+0000] {processor.py:829} INFO - Processing file /opt/airflow/dags/weather_project/save_to_hist_table.py for tasks to queue
[2026-03-27T11:02:44.331+0000] {logging_mixin.py:151} INFO - [2026-03-27T11:02:44.331+0000] {dagbag.py:539} INFO - Filling up the DagBag from /opt/airflow/dags/weather_project/save_to_hist_table.py
[2026-03-27T11:02:44.337+0000] {processor.py:839} INFO - DAG(s) dict_keys(['temp_history']) retrieved from /opt/airflow/dags/weather_project/save_to_hist_table.py
[2026-03-27T11:02:44.345+0000] {logging_mixin.py:151} INFO - [2026-03-27T11:02:44.345+0000] {dag.py:2907} INFO - Sync 1 DAGs
[2026-03-27T11:02:44.352+0000] {logging_mixin.py:151} INFO - [2026-03-27T11:02:44.352+0000] {dag.py:3677} INFO - Setting next_dagrun for temp_history to None, run_after=None
[2026-03-27T11:02:44.364+0000] {processor.py:179} INFO - Processing /opt/airflow/dags/weather_project/save_to_hist_table.py took 0.038 seconds
[2026-03-27T11:02:54.792+0000] {processor.py:157} INFO - Started process (PID=262) to work on /opt/airflow/dags/weather_project/save_to_hist_table.py
[2026-03-27T11:02:54.794+0000] {processor.py:829} INFO - Processing file /opt/airflow/dags/weather_project/save_to_hist_table.py for tasks to queue
[2026-03-27T11:02:54.796+0000] {logging_mixin.py:151} INFO - [2026-03-27T11:02:54.796+0000] {dagbag.py:539} INFO - Filling up the DagBag from /opt/airflow/dags/weather_project/save_to_hist_table.py
[2026-03-27T11:02:54.806+0000] {processor.py:839} INFO - DAG(s) dict_keys(['temp_history']) retrieved from /opt/airflow/dags/weather_project/save_to_hist_table.py
[2026-03-27T11:02:54.818+0000] {logging_mixin.py:151} INFO - [2026-03-27T11:02:54.817+0000] {dag.py:2907} INFO - Sync 1 DAGs
[2026-03-27T11:02:54.826+0000] {logging_mixin.py:151} INFO - [2026-03-27T11:02:54.826+0000] {dag.py:3677} INFO - Setting next_dagrun for temp_history to None, run_after=None
[2026-03-27T11:02:54.836+0000] {processor.py:179} INFO - Processing /opt/airflow/dags/weather_project/save_to_hist_table.py took 0.048 seconds
[2026-03-27T11:03:05.185+0000] {processor.py:157} INFO - Started process (PID=310) to work on /opt/airflow/dags/weather_project/save_to_hist_table.py
[2026-03-27T11:03:05.185+0000] {processor.py:829} INFO - Processing file /opt/airflow/dags/weather_project/save_to_hist_table.py for tasks to queue
[2026-03-27T11:03:05.187+0000] {logging_mixin.py:151} INFO - [2026-03-27T11:03:05.186+0000] {dagbag.py:539} INFO - Filling up the DagBag from /opt/airflow/dags/weather_project/save_to_hist_table.py
[2026-03-27T11:03:05.195+0000] {processor.py:839} INFO - DAG(s) dict_keys(['temp_history']) retrieved from /opt/airflow/dags/weather_project/save_to_hist_table.py
[2026-03-27T11:03:05.208+0000] {logging_mixin.py:151} INFO - [2026-03-27T11:03:05.207+0000] {dag.py:2907} INFO - Sync 1 DAGs
[2026-03-27T11:03:05.213+0000] {logging_mixin.py:151} INFO - [2026-03-27T11:03:05.213+0000] {dag.py:3677} INFO - Setting next_dagrun for temp_history to None, run_after=None
[2026-03-27T11:03:05.223+0000] {processor.py:179} INFO - Processing /opt/airflow/dags/weather_project/save_to_hist_table.py took 0.040 seconds
[2026-03-27T11:03:15.610+0000] {processor.py:157} INFO - Started process (PID=358) to work on /opt/airflow/dags/weather_project/save_to_hist_table.py
[2026-03-27T11:03:15.611+0000] {processor.py:829} INFO - Processing file /opt/airflow/dags/weather_project/save_to_hist_table.py for tasks to queue
[2026-03-27T11:03:15.615+0000] {logging_mixin.py:151} INFO - [2026-03-27T11:03:15.615+0000] {dagbag.py:539} INFO - Filling up the DagBag from /opt/airflow/dags/weather_project/save_to_hist_table.py
[2026-03-27T11:03:15.621+0000] {processor.py:839} INFO - DAG(s) dict_keys(['temp_history']) retrieved from /opt/airflow/dags/weather_project/save_to_hist_table.py
[2026-03-27T11:03:15.637+0000] {logging_mixin.py:151} INFO - [2026-03-27T11:03:15.637+0000] {dag.py:2907} INFO - Sync 1 DAGs
[2026-03-27T11:03:15.644+0000] {logging_mixin.py:151} INFO - [2026-03-27T11:03:15.644+0000] {dag.py:3677} INFO - Setting next_dagrun for temp_history to None, run_after=None
[2026-03-27T11:03:15.658+0000] {processor.py:179} INFO - Processing /opt/airflow/dags/weather_project/save_to_hist_table.py took 0.052 seconds
[2026-03-27T11:03:26.032+0000] {processor.py:157} INFO - Started process (PID=406) to work on /opt/airflow/dags/weather_project/save_to_hist_table.py
[2026-03-27T11:03:26.033+0000] {processor.py:829} INFO - Processing file /opt/airflow/dags/weather_project/save_to_hist_table.py for tasks to queue
[2026-03-27T11:03:26.037+0000] {logging_mixin.py:151} INFO - [2026-03-27T11:03:26.037+0000] {dagbag.py:539} INFO - Filling up the DagBag from /opt/airflow/dags/weather_project/save_to_hist_table.py
[2026-03-27T11:03:26.045+0000] {processor.py:839} INFO - DAG(s) dict_keys(['temp_history']) retrieved from /opt/airflow/dags/weather_project/save_to_hist_table.py
[2026-03-27T11:03:26.059+0000] {logging_mixin.py:151} INFO - [2026-03-27T11:03:26.059+0000] {dag.py:2907} INFO - Sync 1 DAGs
[2026-03-27T11:03:26.065+0000] {logging_mixin.py:151} INFO - [2026-03-27T11:03:26.064+0000] {dag.py:3677} INFO - Setting next_dagrun for temp_history to None, run_after=None
[2026-03-27T11:03:26.074+0000] {processor.py:179} INFO - Processing /opt/airflow/dags/weather_project/save_to_hist_table.py took 0.045 seconds
[2026-03-27T11:03:36.468+0000] {processor.py:157} INFO - Started process (PID=454) to work on /opt/airflow/dags/weather_project/save_to_hist_table.py
[2026-03-27T11:03:36.469+0000] {processor.py:829} INFO - Processing file /opt/airflow/dags/weather_project/save_to_hist_table.py for tasks to queue
[2026-03-27T11:03:36.470+0000] {logging_mixin.py:151} INFO - [2026-03-27T11:03:36.470+0000] {dagbag.py:539} INFO - Filling up the DagBag from /opt/airflow/dags/weather_project/save_to_hist_table.py
[2026-03-27T11:03:36.476+0000] {processor.py:839} INFO - DAG(s) dict_keys(['temp_history']) retrieved from /opt/airflow/dags/weather_project/save_to_hist_table.py
[2026-03-27T11:03:36.490+0000] {logging_mixin.py:151} INFO - [2026-03-27T11:03:36.490+0000] {dag.py:2907} INFO - Sync 1 DAGs
[2026-03-27T11:03:36.497+0000] {logging_mixin.py:151} INFO - [2026-03-27T11:03:36.497+0000] {dag.py:3677} INFO - Setting next_dagrun for temp_history to None, run_after=None
[2026-03-27T11:03:36.508+0000] {processor.py:179} INFO - Processing /opt/airflow/dags/weather_project/save_to_hist_table.py took 0.043 seconds
[2026-03-27T11:03:46.936+0000] {processor.py:157} INFO - Started process (PID=502) to work on /opt/airflow/dags/weather_project/save_to_hist_table.py
[2026-03-27T11:03:46.937+0000] {processor.py:829} INFO - Processing file /opt/airflow/dags/weather_project/save_to_hist_table.py for tasks to queue
[2026-03-27T11:03:46.940+0000] {logging_mixin.py:151} INFO - [2026-03-27T11:03:46.939+0000] {dagbag.py:539} INFO - Filling up the DagBag from /opt/airflow/dags/weather_project/save_to_hist_table.py
[2026-03-27T11:03:46.947+0000] {processor.py:839} INFO - DAG(s) dict_keys(['temp_history']) retrieved from /opt/airflow/dags/weather_project/save_to_hist_table.py
[2026-03-27T11:03:46.965+0000] {logging_mixin.py:151} INFO - [2026-03-27T11:03:46.965+0000] {dag.py:2907} INFO - Sync 1 DAGs
[2026-03-27T11:03:46.973+0000] {logging_mixin.py:151} INFO - [2026-03-27T11:03:46.973+0000] {dag.py:3677} INFO - Setting next_dagrun for temp_history to None, run_after=None
[2026-03-27T11:03:46.986+0000] {processor.py:179} INFO - Processing /opt/airflow/dags/weather_project/save_to_hist_table.py took 0.054 seconds
[2026-03-27T11:03:57.404+0000] {processor.py:157} INFO - Started process (PID=550) to work on /opt/airflow/dags/weather_project/save_to_hist_table.py
[2026-03-27T11:03:57.405+0000] {processor.py:829} INFO - Processing file /opt/airflow/dags/weather_project/save_to_hist_table.py for tasks to queue
[2026-03-27T11:03:57.409+0000] {logging_mixin.py:151} INFO - [2026-03-27T11:03:57.409+0000] {dagbag.py:539} INFO - Filling up the DagBag from /opt/airflow/dags/weather_project/save_to_hist_table.py
[2026-03-27T11:03:57.417+0000] {processor.py:839} INFO - DAG(s) dict_keys(['temp_history']) retrieved from /opt/airflow/dags/weather_project/save_to_hist_table.py
[2026-03-27T11:03:57.431+0000] {logging_mixin.py:151} INFO - [2026-03-27T11:03:57.431+0000] {dag.py:2907} INFO - Sync 1 DAGs
[2026-03-27T11:03:57.437+0000] {logging_mixin.py:151} INFO - [2026-03-27T11:03:57.437+0000] {dag.py:3677} INFO - Setting next_dagrun for temp_history to None, run_after=None
[2026-03-27T11:03:57.447+0000] {processor.py:179} INFO - Processing /opt/airflow/dags/weather_project/save_to_hist_table.py took 0.046 seconds
[2026-03-27T11:04:07.833+0000] {processor.py:157} INFO - Started process (PID=598) to work on /opt/airflow/dags/weather_project/save_to_hist_table.py
[2026-03-27T11:04:07.833+0000] {processor.py:829} INFO - Processing file /opt/airflow/dags/weather_project/save_to_hist_table.py for tasks to queue
[2026-03-27T11:04:07.837+0000] {logging_mixin.py:151} INFO - [2026-03-27T11:04:07.836+0000] {dagbag.py:539} INFO - Filling up the DagBag from /opt/airflow/dags/weather_project/save_to_hist_table.py
[2026-03-27T11:04:07.844+0000] {processor.py:839} INFO - DAG(s) dict_keys(['temp_history']) retrieved from /opt/airflow/dags/weather_project/save_to_hist_table.py
[2026-03-27T11:04:07.858+0000] {logging_mixin.py:151} INFO - [2026-03-27T11:04:07.857+0000] {dag.py:2907} INFO - Sync 1 DAGs
[2026-03-27T11:04:07.865+0000] {logging_mixin.py:151} INFO - [2026-03-27T11:04:07.864+0000] {dag.py:3677} INFO - Setting next_dagrun for temp_history to None, run_after=None
[2026-03-27T11:04:07.875+0000] {processor.py:179} INFO - Processing /opt/airflow/dags/weather_project/save_to_hist_table.py took 0.046 seconds
[2026-03-27T11:04:18.257+0000] {processor.py:157} INFO - Started process (PID=646) to work on /opt/airflow/dags/weather_project/save_to_hist_table.py
[2026-03-27T11:04:18.258+0000] {processor.py:829} INFO - Processing file /opt/airflow/dags/weather_project/save_to_hist_table.py for tasks to queue
[2026-03-27T11:04:18.261+0000] {logging_mixin.py:151} INFO - [2026-03-27T11:04:18.261+0000] {dagbag.py:539} INFO - Filling up the DagBag from /opt/airflow/dags/weather_project/save_to_hist_table.py
[2026-03-27T11:04:18.271+0000] {processor.py:839} INFO - DAG(s) dict_keys(['temp_history']) retrieved from /opt/airflow/dags/weather_project/save_to_hist_table.py
[2026-03-27T11:04:18.286+0000] {logging_mixin.py:151} INFO - [2026-03-27T11:04:18.286+0000] {dag.py:2907} INFO - Sync 1 DAGs
[2026-03-27T11:04:18.297+0000] {logging_mixin.py:151} INFO - [2026-03-27T11:04:18.297+0000] {dag.py:3677} INFO - Setting next_dagrun for temp_history to None, run_after=None
[2026-03-27T11:04:18.306+0000] {processor.py:179} INFO - Processing /opt/airflow/dags/weather_project/save_to_hist_table.py took 0.053 seconds
[2026-03-27T11:04:28.726+0000] {processor.py:157} INFO - Started process (PID=694) to work on /opt/airflow/dags/weather_project/save_to_hist_table.py
[2026-03-27T11:04:28.726+0000] {processor.py:829} INFO - Processing file /opt/airflow/dags/weather_project/save_to_hist_table.py for tasks to queue
[2026-03-27T11:04:28.729+0000] {logging_mixin.py:151} INFO - [2026-03-27T11:04:28.729+0000] {dagbag.py:539} INFO - Filling up the DagBag from /opt/airflow/dags/weather_project/save_to_hist_table.py
[2026-03-27T11:04:28.737+0000] {processor.py:839} INFO - DAG(s) dict_keys(['temp_history']) retrieved from /opt/airflow/dags/weather_project/save_to_hist_table.py
[2026-03-27T11:04:28.750+0000] {logging_mixin.py:151} INFO - [2026-03-27T11:04:28.750+0000] {dag.py:2907} INFO - Sync 1 DAGs
[2026-03-27T11:04:28.757+0000] {logging_mixin.py:151} INFO - [2026-03-27T11:04:28.757+0000] {dag.py:3677} INFO - Setting next_dagrun for temp_history to None, run_after=None
[2026-03-27T11:04:28.767+0000] {processor.py:179} INFO - Processing /opt/airflow/dags/weather_project/save_to_hist_table.py took 0.044 seconds
[2026-03-27T11:04:39.196+0000] {processor.py:157} INFO - Started process (PID=742) to work on /opt/airflow/dags/weather_project/save_to_hist_table.py
[2026-03-27T11:04:39.197+0000] {processor.py:829} INFO - Processing file /opt/airflow/dags/weather_project/save_to_hist_table.py for tasks to queue
[2026-03-27T11:04:39.200+0000] {logging_mixin.py:151} INFO - [2026-03-27T11:04:39.199+0000] {dagbag.py:539} INFO - Filling up the DagBag from /opt/airflow/dags/weather_project/save_to_hist_table.py
[2026-03-27T11:04:39.207+0000] {processor.py:839} INFO - DAG(s) dict_keys(['temp_history']) retrieved from /opt/airflow/dags/weather_project/save_to_hist_table.py
[2026-03-27T11:04:39.221+0000] {logging_mixin.py:151} INFO - [2026-03-27T11:04:39.220+0000] {dag.py:2907} INFO - Sync 1 DAGs
[2026-03-27T11:04:39.227+0000] {logging_mixin.py:151} INFO - [2026-03-27T11:04:39.226+0000] {dag.py:3677} INFO - Setting next_dagrun for temp_history to None, run_after=None
[2026-03-27T11:04:39.237+0000] {processor.py:179} INFO - Processing /opt/airflow/dags/weather_project/save_to_hist_table.py took 0.044 seconds
[2026-03-27T11:04:49.661+0000] {processor.py:157} INFO - Started process (PID=790) to work on /opt/airflow/dags/weather_project/save_to_hist_table.py
[2026-03-27T11:04:49.662+0000] {processor.py:829} INFO - Processing file /opt/airflow/dags/weather_project/save_to_hist_table.py for tasks to queue
[2026-03-27T11:04:49.665+0000] {logging_mixin.py:151} INFO - [2026-03-27T11:04:49.665+0000] {dagbag.py:539} INFO - Filling up the DagBag from /opt/airflow/dags/weather_project/save_to_hist_table.py
[2026-03-27T11:04:49.673+0000] {processor.py:839} INFO - DAG(s) dict_keys(['temp_history']) retrieved from /opt/airflow/dags/weather_project/save_to_hist_table.py
[2026-03-27T11:04:49.690+0000] {logging_mixin.py:151} INFO - [2026-03-27T11:04:49.690+0000] {dag.py:2907} INFO - Sync 1 DAGs
[2026-03-27T11:04:49.699+0000] {logging_mixin.py:151} INFO - [2026-03-27T11:04:49.699+0000] {dag.py:3677} INFO - Setting next_dagrun for temp_history to None, run_after=None
[2026-03-27T11:04:49.710+0000] {processor.py:179} INFO - Processing /opt/airflow/dags/weather_project/save_to_hist_table.py took 0.051 seconds
[2026-03-27T11:05:00.149+0000] {processor.py:157} INFO - Started process (PID=838) to work on /opt/airflow/dags/weather_project/save_to_hist_table.py
[2026-03-27T11:05:00.150+0000] {processor.py:829} INFO - Processing file /opt/airflow/dags/weather_project/save_to_hist_table.py for tasks to queue
[2026-03-27T11:05:00.152+0000] {logging_mixin.py:151} INFO - [2026-03-27T11:05:00.152+0000] {dagbag.py:539} INFO - Filling up the DagBag from /opt/airflow/dags/weather_project/save_to_hist_table.py
[2026-03-27T11:05:00.161+0000] {processor.py:839} INFO - DAG(s) dict_keys(['temp_history']) retrieved from /opt/airflow/dags/weather_project/save_to_hist_table.py
[2026-03-27T11:05:00.177+0000] {logging_mixin.py:151} INFO - [2026-03-27T11:05:00.177+0000] {dag.py:2907} INFO - Sync 1 DAGs
[2026-03-27T11:05:00.185+0000] {logging_mixin.py:151} INFO - [2026-03-27T11:05:00.185+0000] {dag.py:3677} INFO - Setting next_dagrun for temp_history to None, run_after=None
[2026-03-27T11:05:00.197+0000] {processor.py:179} INFO - Processing /opt/airflow/dags/weather_project/save_to_hist_table.py took 0.051 seconds
[2026-03-27T11:05:10.630+0000] {processor.py:157} INFO - Started process (PID=886) to work on /opt/airflow/dags/weather_project/save_to_hist_table.py
[2026-03-27T11:05:10.632+0000] {processor.py:829} INFO - Processing file /opt/airflow/dags/weather_project/save_to_hist_table.py for tasks to queue
[2026-03-27T11:05:10.636+0000] {logging_mixin.py:151} INFO - [2026-03-27T11:05:10.636+0000] {dagbag.py:539} INFO - Filling up the DagBag from /opt/airflow/dags/weather_project/save_to_hist_table.py
[2026-03-27T11:05:10.644+0000] {processor.py:839} INFO - DAG(s) dict_keys(['temp_history']) retrieved from /opt/airflow/dags/weather_project/save_to_hist_table.py
[2026-03-27T11:05:10.661+0000] {logging_mixin.py:151} INFO - [2026-03-27T11:05:10.660+0000] {dag.py:2907} INFO - Sync 1 DAGs
[2026-03-27T11:05:10.667+0000] {logging_mixin.py:151} INFO - [2026-03-27T11:05:10.667+0000] {dag.py:3677} INFO - Setting next_dagrun for temp_history to None, run_after=None
[2026-03-27T11:05:10.680+0000] {processor.py:179} INFO - Processing /opt/airflow/dags/weather_project/save_to_hist_table.py took 0.053 seconds
[2026-03-27T11:05:21.116+0000] {processor.py:157} INFO - Started process (PID=934) to work on /opt/airflow/dags/weather_project/save_to_hist_table.py
[2026-03-27T11:05:21.117+0000] {processor.py:829} INFO - Processing file /opt/airflow/dags/weather_project/save_to_hist_table.py for tasks to queue
[2026-03-27T11:05:21.121+0000] {logging_mixin.py:151} INFO - [2026-03-27T11:05:21.121+0000] {dagbag.py:539} INFO - Filling up the DagBag from /opt/airflow/dags/weather_project/save_to_hist_table.py
[2026-03-27T11:05:21.129+0000] {processor.py:839} INFO - DAG(s) dict_keys(['temp_history']) retrieved from /opt/airflow/dags/weather_project/save_to_hist_table.py
[2026-03-27T11:05:21.145+0000] {logging_mixin.py:151} INFO - [2026-03-27T11:05:21.145+0000] {dag.py:2907} INFO - Sync 1 DAGs
[2026-03-27T11:05:21.154+0000] {logging_mixin.py:151} INFO - [2026-03-27T11:05:21.154+0000] {dag.py:3677} INFO - Setting next_dagrun for temp_history to None, run_after=None
[2026-03-27T11:05:21.166+0000] {processor.py:179} INFO - Processing /opt/airflow/dags/weather_project/save_to_hist_table.py took 0.053 seconds
[2026-03-27T11:05:31.650+0000] {processor.py:157} INFO - Started process (PID=982) to work on /opt/airflow/dags/weather_project/save_to_hist_table.py
[2026-03-27T11:05:31.651+0000] {processor.py:829} INFO - Processing file /opt/airflow/dags/weather_project/save_to_hist_table.py for tasks to queue
[2026-03-27T11:05:31.653+0000] {logging_mixin.py:151} INFO - [2026-03-27T11:05:31.653+0000] {dagbag.py:539} INFO - Filling up the DagBag from /opt/airflow/dags/weather_project/save_to_hist_table.py
[2026-03-27T11:05:31.662+0000] {processor.py:839} INFO - DAG(s) dict_keys(['temp_history']) retrieved from /opt/airflow/dags/weather_project/save_to_hist_table.py
[2026-03-27T11:05:31.678+0000] {logging_mixin.py:151} INFO - [2026-03-27T11:05:31.677+0000] {dag.py:2907} INFO - Sync 1 DAGs
[2026-03-27T11:05:31.685+0000] {logging_mixin.py:151} INFO - [2026-03-27T11:05:31.685+0000] {dag.py:3677} INFO - Setting next_dagrun for temp_history to None, run_after=None
[2026-03-27T11:05:31.699+0000] {processor.py:179} INFO - Processing /opt/airflow/dags/weather_project/save_to_hist_table.py took 0.052 seconds
[2026-03-27T11:05:42.090+0000] {processor.py:157} INFO - Started process (PID=1030) to work on /opt/airflow/dags/weather_project/save_to_hist_table.py
[2026-03-27T11:05:42.092+0000] {processor.py:829} INFO - Processing file /opt/airflow/dags/weather_project/save_to_hist_table.py for tasks to queue
[2026-03-27T11:05:42.096+0000] {logging_mixin.py:151} INFO - [2026-03-27T11:05:42.095+0000] {dagbag.py:539} INFO - Filling up the DagBag from /opt/airflow/dags/weather_project/save_to_hist_table.py
[2026-03-27T11:05:42.103+0000] {processor.py:839} INFO - DAG(s) dict_keys(['temp_history']) retrieved from /opt/airflow/dags/weather_project/save_to_hist_table.py
[2026-03-27T11:05:42.117+0000] {logging_mixin.py:151} INFO - [2026-03-27T11:05:42.116+0000] {dag.py:2907} INFO - Sync 1 DAGs
[2026-03-27T11:05:42.125+0000] {logging_mixin.py:151} INFO - [2026-03-27T11:05:42.125+0000] {dag.py:3677} INFO - Setting next_dagrun for temp_history to None, run_after=None
[2026-03-27T11:05:42.137+0000] {processor.py:179} INFO - Processing /opt/airflow/dags/weather_project/save_to_hist_table.py took 0.050 seconds
[2026-03-27T11:06:02.960+0000] {processor.py:157} INFO - Started process (PID=166) to work on /opt/airflow/dags/weather_project/save_to_hist_table.py
[2026-03-27T11:06:02.961+0000] {processor.py:829} INFO - Processing file /opt/airflow/dags/weather_project/save_to_hist_table.py for tasks to queue
[2026-03-27T11:06:02.961+0000] {logging_mixin.py:151} INFO - [2026-03-27T11:06:02.961+0000] {dagbag.py:539} INFO - Filling up the DagBag from /opt/airflow/dags/weather_project/save_to_hist_table.py
[2026-03-27T11:06:02.977+0000] {processor.py:839} INFO - DAG(s) dict_keys(['temp_history']) retrieved from /opt/airflow/dags/weather_project/save_to_hist_table.py
[2026-03-27T11:06:02.990+0000] {logging_mixin.py:151} INFO - [2026-03-27T11:06:02.990+0000] {dag.py:2907} INFO - Sync 1 DAGs
[2026-03-27T11:06:03.000+0000] {logging_mixin.py:151} INFO - [2026-03-27T11:06:02.999+0000] {dag.py:3677} INFO - Setting next_dagrun for temp_history to None, run_after=None
[2026-03-27T11:06:03.013+0000] {processor.py:179} INFO - Processing /opt/airflow/dags/weather_project/save_to_hist_table.py took 0.054 seconds
[2026-03-27T11:06:13.138+0000] {processor.py:157} INFO - Started process (PID=214) to work on /opt/airflow/dags/weather_project/save_to_hist_table.py
[2026-03-27T11:06:13.140+0000] {processor.py:829} INFO - Processing file /opt/airflow/dags/weather_project/save_to_hist_table.py for tasks to queue
[2026-03-27T11:06:13.142+0000] {logging_mixin.py:151} INFO - [2026-03-27T11:06:13.142+0000] {dagbag.py:539} INFO - Filling up the DagBag from /opt/airflow/dags/weather_project/save_to_hist_table.py
[2026-03-27T11:06:13.148+0000] {processor.py:839} INFO - DAG(s) dict_keys(['temp_history']) retrieved from /opt/airflow/dags/weather_project/save_to_hist_table.py
[2026-03-27T11:06:13.161+0000] {logging_mixin.py:151} INFO - [2026-03-27T11:06:13.160+0000] {dag.py:2907} INFO - Sync 1 DAGs
[2026-03-27T11:06:13.168+0000] {logging_mixin.py:151} INFO - [2026-03-27T11:06:13.168+0000] {dag.py:3677} INFO - Setting next_dagrun for temp_history to None, run_after=None
[2026-03-27T11:06:13.180+0000] {processor.py:179} INFO - Processing /opt/airflow/dags/weather_project/save_to_hist_table.py took 0.045 seconds
[2026-03-27T11:06:23.606+0000] {processor.py:157} INFO - Started process (PID=262) to work on /opt/airflow/dags/weather_project/save_to_hist_table.py
[2026-03-27T11:06:23.607+0000] {processor.py:829} INFO - Processing file /opt/airflow/dags/weather_project/save_to_hist_table.py for tasks to queue
[2026-03-27T11:06:23.609+0000] {logging_mixin.py:151} INFO - [2026-03-27T11:06:23.609+0000] {dagbag.py:539} INFO - Filling up the DagBag from /opt/airflow/dags/weather_project/save_to_hist_table.py
[2026-03-27T11:06:23.616+0000] {processor.py:839} INFO - DAG(s) dict_keys(['temp_history']) retrieved from /opt/airflow/dags/weather_project/save_to_hist_table.py
[2026-03-27T11:06:23.625+0000] {logging_mixin.py:151} INFO - [2026-03-27T11:06:23.625+0000] {dag.py:2907} INFO - Sync 1 DAGs
[2026-03-27T11:06:23.633+0000] {logging_mixin.py:151} INFO - [2026-03-27T11:06:23.633+0000] {dag.py:3677} INFO - Setting next_dagrun for temp_history to None, run_after=None
[2026-03-27T11:06:23.643+0000] {processor.py:179} INFO - Processing /opt/airflow/dags/weather_project/save_to_hist_table.py took 0.041 seconds
[2026-03-27T11:06:34.034+0000] {processor.py:157} INFO - Started process (PID=310) to work on /opt/airflow/dags/weather_project/save_to_hist_table.py
[2026-03-27T11:06:34.036+0000] {processor.py:829} INFO - Processing file /opt/airflow/dags/weather_project/save_to_hist_table.py for tasks to queue
[2026-03-27T11:06:34.039+0000] {logging_mixin.py:151} INFO - [2026-03-27T11:06:34.039+0000] {dagbag.py:539} INFO - Filling up the DagBag from /opt/airflow/dags/weather_project/save_to_hist_table.py
[2026-03-27T11:06:34.047+0000] {processor.py:839} INFO - DAG(s) dict_keys(['temp_history']) retrieved from /opt/airflow/dags/weather_project/save_to_hist_table.py
[2026-03-27T11:06:34.063+0000] {logging_mixin.py:151} INFO - [2026-03-27T11:06:34.063+0000] {dag.py:2907} INFO - Sync 1 DAGs
[2026-03-27T11:06:34.069+0000] {logging_mixin.py:151} INFO - [2026-03-27T11:06:34.069+0000] {dag.py:3677} INFO - Setting next_dagrun for temp_history to None, run_after=None
[2026-03-27T11:06:34.078+0000] {processor.py:179} INFO - Processing /opt/airflow/dags/weather_project/save_to_hist_table.py took 0.047 seconds
[2026-03-27T11:06:44.524+0000] {processor.py:157} INFO - Started process (PID=358) to work on /opt/airflow/dags/weather_project/save_to_hist_table.py
[2026-03-27T11:06:44.526+0000] {processor.py:829} INFO - Processing file /opt/airflow/dags/weather_project/save_to_hist_table.py for tasks to queue
[2026-03-27T11:06:44.530+0000] {logging_mixin.py:151} INFO - [2026-03-27T11:06:44.530+0000] {dagbag.py:539} INFO - Filling up the DagBag from /opt/airflow/dags/weather_project/save_to_hist_table.py
[2026-03-27T11:06:44.540+0000] {processor.py:839} INFO - DAG(s) dict_keys(['temp_history']) retrieved from /opt/airflow/dags/weather_project/save_to_hist_table.py
[2026-03-27T11:06:44.557+0000] {logging_mixin.py:151} INFO - [2026-03-27T11:06:44.556+0000] {dag.py:2907} INFO - Sync 1 DAGs
[2026-03-27T11:06:44.562+0000] {logging_mixin.py:151} INFO - [2026-03-27T11:06:44.562+0000] {dag.py:3677} INFO - Setting next_dagrun for temp_history to None, run_after=None
[2026-03-27T11:06:44.572+0000] {processor.py:179} INFO - Processing /opt/airflow/dags/weather_project/save_to_hist_table.py took 0.052 seconds
[2026-03-27T11:06:54.991+0000] {processor.py:157} INFO - Started process (PID=406) to work on /opt/airflow/dags/weather_project/save_to_hist_table.py
[2026-03-27T11:06:54.992+0000] {processor.py:829} INFO - Processing file /opt/airflow/dags/weather_project/save_to_hist_table.py for tasks to queue
[2026-03-27T11:06:54.996+0000] {logging_mixin.py:151} INFO - [2026-03-27T11:06:54.996+0000] {dagbag.py:539} INFO - Filling up the DagBag from /opt/airflow/dags/weather_project/save_to_hist_table.py
[2026-03-27T11:06:55.005+0000] {processor.py:839} INFO - DAG(s) dict_keys(['temp_history']) retrieved from /opt/airflow/dags/weather_project/save_to_hist_table.py
[2026-03-27T11:06:55.030+0000] {logging_mixin.py:151} INFO - [2026-03-27T11:06:55.030+0000] {dag.py:2907} INFO - Sync 1 DAGs
[2026-03-27T11:06:55.041+0000] {logging_mixin.py:151} INFO - [2026-03-27T11:06:55.040+0000] {dag.py:3677} INFO - Setting next_dagrun for temp_history to None, run_after=None
[2026-03-27T11:06:55.055+0000] {processor.py:179} INFO - Processing /opt/airflow/dags/weather_project/save_to_hist_table.py took 0.068 seconds
[2026-03-27T11:07:05.529+0000] {processor.py:157} INFO - Started process (PID=454) to work on /opt/airflow/dags/weather_project/save_to_hist_table.py
[2026-03-27T11:07:05.530+0000] {processor.py:829} INFO - Processing file /opt/airflow/dags/weather_project/save_to_hist_table.py for tasks to queue
[2026-03-27T11:07:05.532+0000] {logging_mixin.py:151} INFO - [2026-03-27T11:07:05.532+0000] {dagbag.py:539} INFO - Filling up the DagBag from /opt/airflow/dags/weather_project/save_to_hist_table.py
[2026-03-27T11:07:05.539+0000] {processor.py:839} INFO - DAG(s) dict_keys(['temp_history']) retrieved from /opt/airflow/dags/weather_project/save_to_hist_table.py
[2026-03-27T11:07:05.553+0000] {logging_mixin.py:151} INFO - [2026-03-27T11:07:05.552+0000] {dag.py:2907} INFO - Sync 1 DAGs
[2026-03-27T11:07:05.561+0000] {logging_mixin.py:151} INFO - [2026-03-27T11:07:05.561+0000] {dag.py:3677} INFO - Setting next_dagrun for temp_history to None, run_after=None
[2026-03-27T11:07:05.571+0000] {processor.py:179} INFO - Processing /opt/airflow/dags/weather_project/save_to_hist_table.py took 0.045 seconds
[2026-03-27T11:07:16.112+0000] {processor.py:157} INFO - Started process (PID=502) to work on /opt/airflow/dags/weather_project/save_to_hist_table.py
[2026-03-27T11:07:16.114+0000] {processor.py:829} INFO - Processing file /opt/airflow/dags/weather_project/save_to_hist_table.py for tasks to queue
[2026-03-27T11:07:16.117+0000] {logging_mixin.py:151} INFO - [2026-03-27T11:07:16.117+0000] {dagbag.py:539} INFO - Filling up the DagBag from /opt/airflow/dags/weather_project/save_to_hist_table.py
[2026-03-27T11:07:16.125+0000] {processor.py:839} INFO - DAG(s) dict_keys(['temp_history']) retrieved from /opt/airflow/dags/weather_project/save_to_hist_table.py
[2026-03-27T11:07:16.140+0000] {logging_mixin.py:151} INFO - [2026-03-27T11:07:16.140+0000] {dag.py:2907} INFO - Sync 1 DAGs
[2026-03-27T11:07:16.146+0000] {logging_mixin.py:151} INFO - [2026-03-27T11:07:16.146+0000] {dag.py:3677} INFO - Setting next_dagrun for temp_history to None, run_after=None
[2026-03-27T11:07:16.156+0000] {processor.py:179} INFO - Processing /opt/airflow/dags/weather_project/save_to_hist_table.py took 0.048 seconds
[2026-03-27T11:07:26.521+0000] {processor.py:157} INFO - Started process (PID=550) to work on /opt/airflow/dags/weather_project/save_to_hist_table.py
[2026-03-27T11:07:26.522+0000] {processor.py:829} INFO - Processing file /opt/airflow/dags/weather_project/save_to_hist_table.py for tasks to queue
[2026-03-27T11:07:26.526+0000] {logging_mixin.py:151} INFO - [2026-03-27T11:07:26.525+0000] {dagbag.py:539} INFO - Filling up the DagBag from /opt/airflow/dags/weather_project/save_to_hist_table.py
[2026-03-27T11:07:26.532+0000] {processor.py:839} INFO - DAG(s) dict_keys(['temp_history']) retrieved from /opt/airflow/dags/weather_project/save_to_hist_table.py
[2026-03-27T11:07:26.549+0000] {logging_mixin.py:151} INFO - [2026-03-27T11:07:26.549+0000] {dag.py:2907} INFO - Sync 1 DAGs
[2026-03-27T11:07:26.556+0000] {logging_mixin.py:151} INFO - [2026-03-27T11:07:26.556+0000] {dag.py:3677} INFO - Setting next_dagrun for temp_history to None, run_after=None
[2026-03-27T11:07:26.566+0000] {processor.py:179} INFO - Processing /opt/airflow/dags/weather_project/save_to_hist_table.py took 0.049 seconds
[2026-03-27T11:07:37.033+0000] {processor.py:157} INFO - Started process (PID=598) to work on /opt/airflow/dags/weather_project/save_to_hist_table.py
[2026-03-27T11:07:37.034+0000] {processor.py:829} INFO - Processing file /opt/airflow/dags/weather_project/save_to_hist_table.py for tasks to queue
[2026-03-27T11:07:37.037+0000] {logging_mixin.py:151} INFO - [2026-03-27T11:07:37.037+0000] {dagbag.py:539} INFO - Filling up the DagBag from /opt/airflow/dags/weather_project/save_to_hist_table.py
[2026-03-27T11:07:37.044+0000] {processor.py:839} INFO - DAG(s) dict_keys(['temp_history']) retrieved from /opt/airflow/dags/weather_project/save_to_hist_table.py
[2026-03-27T11:07:37.057+0000] {logging_mixin.py:151} INFO - [2026-03-27T11:07:37.057+0000] {dag.py:2907} INFO - Sync 1 DAGs
[2026-03-27T11:07:37.063+0000] {logging_mixin.py:151} INFO - [2026-03-27T11:07:37.063+0000] {dag.py:3677} INFO - Setting next_dagrun for temp_history to None, run_after=None
[2026-03-27T11:07:37.074+0000] {processor.py:179} INFO - Processing /opt/airflow/dags/weather_project/save_to_hist_table.py took 0.044 seconds
[2026-03-27T11:08:05.881+0000] {processor.py:157} INFO - Started process (PID=166) to work on /opt/airflow/dags/weather_project/save_to_hist_table.py
[2026-03-27T11:08:05.883+0000] {processor.py:829} INFO - Processing file /opt/airflow/dags/weather_project/save_to_hist_table.py for tasks to queue
[2026-03-27T11:08:05.884+0000] {logging_mixin.py:151} INFO - [2026-03-27T11:08:05.884+0000] {dagbag.py:539} INFO - Filling up the DagBag from /opt/airflow/dags/weather_project/save_to_hist_table.py
[2026-03-27T11:08:05.894+0000] {processor.py:839} INFO - DAG(s) dict_keys(['temp_history']) retrieved from /opt/airflow/dags/weather_project/save_to_hist_table.py
[2026-03-27T11:08:05.914+0000] {logging_mixin.py:151} INFO - [2026-03-27T11:08:05.914+0000] {dag.py:2907} INFO - Sync 1 DAGs
[2026-03-27T11:08:05.925+0000] {logging_mixin.py:151} INFO - [2026-03-27T11:08:05.925+0000] {dag.py:3677} INFO - Setting next_dagrun for temp_history to None, run_after=None
[2026-03-27T11:08:05.932+0000] {processor.py:179} INFO - Processing /opt/airflow/dags/weather_project/save_to_hist_table.py took 0.052 seconds
[2026-03-27T11:08:15.995+0000] {processor.py:157} INFO - Started process (PID=214) to work on /opt/airflow/dags/weather_project/save_to_hist_table.py
[2026-03-27T11:08:15.996+0000] {processor.py:829} INFO - Processing file /opt/airflow/dags/weather_project/save_to_hist_table.py for tasks to queue
[2026-03-27T11:08:15.998+0000] {logging_mixin.py:151} INFO - [2026-03-27T11:08:15.998+0000] {dagbag.py:539} INFO - Filling up the DagBag from /opt/airflow/dags/weather_project/save_to_hist_table.py
[2026-03-27T11:08:16.007+0000] {processor.py:839} INFO - DAG(s) dict_keys(['temp_history']) retrieved from /opt/airflow/dags/weather_project/save_to_hist_table.py
[2026-03-27T11:08:16.020+0000] {logging_mixin.py:151} INFO - [2026-03-27T11:08:16.020+0000] {dag.py:2907} INFO - Sync 1 DAGs
[2026-03-27T11:08:16.028+0000] {logging_mixin.py:151} INFO - [2026-03-27T11:08:16.027+0000] {dag.py:3677} INFO - Setting next_dagrun for temp_history to None, run_after=None
[2026-03-27T11:08:16.037+0000] {processor.py:179} INFO - Processing /opt/airflow/dags/weather_project/save_to_hist_table.py took 0.046 seconds
[2026-03-27T11:08:26.460+0000] {processor.py:157} INFO - Started process (PID=262) to work on /opt/airflow/dags/weather_project/save_to_hist_table.py
[2026-03-27T11:08:26.461+0000] {processor.py:829} INFO - Processing file /opt/airflow/dags/weather_project/save_to_hist_table.py for tasks to queue
[2026-03-27T11:08:26.464+0000] {logging_mixin.py:151} INFO - [2026-03-27T11:08:26.464+0000] {dagbag.py:539} INFO - Filling up the DagBag from /opt/airflow/dags/weather_project/save_to_hist_table.py
[2026-03-27T11:08:26.472+0000] {processor.py:839} INFO - DAG(s) dict_keys(['temp_history']) retrieved from /opt/airflow/dags/weather_project/save_to_hist_table.py
[2026-03-27T11:08:26.482+0000] {logging_mixin.py:151} INFO - [2026-03-27T11:08:26.481+0000] {dag.py:2907} INFO - Sync 1 DAGs
[2026-03-27T11:08:26.489+0000] {logging_mixin.py:151} INFO - [2026-03-27T11:08:26.489+0000] {dag.py:3677} INFO - Setting next_dagrun for temp_history to None, run_after=None
[2026-03-27T11:08:26.501+0000] {processor.py:179} INFO - Processing /opt/airflow/dags/weather_project/save_to_hist_table.py took 0.046 seconds
[2026-03-27T11:08:36.822+0000] {processor.py:157} INFO - Started process (PID=310) to work on /opt/airflow/dags/weather_project/save_to_hist_table.py
[2026-03-27T11:08:36.824+0000] {processor.py:829} INFO - Processing file /opt/airflow/dags/weather_project/save_to_hist_table.py for tasks to queue
[2026-03-27T11:08:36.825+0000] {logging_mixin.py:151} INFO - [2026-03-27T11:08:36.825+0000] {dagbag.py:539} INFO - Filling up the DagBag from /opt/airflow/dags/weather_project/save_to_hist_table.py
[2026-03-27T11:08:36.832+0000] {processor.py:839} INFO - DAG(s) dict_keys(['temp_history']) retrieved from /opt/airflow/dags/weather_project/save_to_hist_table.py
[2026-03-27T11:08:36.844+0000] {logging_mixin.py:151} INFO - [2026-03-27T11:08:36.844+0000] {dag.py:2907} INFO - Sync 1 DAGs
[2026-03-27T11:08:36.850+0000] {logging_mixin.py:151} INFO - [2026-03-27T11:08:36.850+0000] {dag.py:3677} INFO - Setting next_dagrun for temp_history to None, run_after=None
[2026-03-27T11:08:36.860+0000] {processor.py:179} INFO - Processing /opt/airflow/dags/weather_project/save_to_hist_table.py took 0.040 seconds
[2026-03-27T11:08:47.228+0000] {processor.py:157} INFO - Started process (PID=358) to work on /opt/airflow/dags/weather_project/save_to_hist_table.py
[2026-03-27T11:08:47.229+0000] {processor.py:829} INFO - Processing file /opt/airflow/dags/weather_project/save_to_hist_table.py for tasks to queue
[2026-03-27T11:08:47.233+0000] {logging_mixin.py:151} INFO - [2026-03-27T11:08:47.233+0000] {dagbag.py:539} INFO - Filling up the DagBag from /opt/airflow/dags/weather_project/save_to_hist_table.py
[2026-03-27T11:08:47.239+0000] {processor.py:839} INFO - DAG(s) dict_keys(['temp_history']) retrieved from /opt/airflow/dags/weather_project/save_to_hist_table.py
[2026-03-27T11:08:47.255+0000] {logging_mixin.py:151} INFO - [2026-03-27T11:08:47.255+0000] {dag.py:2907} INFO - Sync 1 DAGs
[2026-03-27T11:08:47.261+0000] {logging_mixin.py:151} INFO - [2026-03-27T11:08:47.261+0000] {dag.py:3677} INFO - Setting next_dagrun for temp_history to None, run_after=None
[2026-03-27T11:08:47.270+0000] {processor.py:179} INFO - Processing /opt/airflow/dags/weather_project/save_to_hist_table.py took 0.046 seconds
[2026-03-27T11:08:57.721+0000] {processor.py:157} INFO - Started process (PID=406) to work on /opt/airflow/dags/weather_project/save_to_hist_table.py
[2026-03-27T11:08:57.722+0000] {processor.py:829} INFO - Processing file /opt/airflow/dags/weather_project/save_to_hist_table.py for tasks to queue
[2026-03-27T11:08:57.724+0000] {logging_mixin.py:151} INFO - [2026-03-27T11:08:57.724+0000] {dagbag.py:539} INFO - Filling up the DagBag from /opt/airflow/dags/weather_project/save_to_hist_table.py
[2026-03-27T11:08:57.734+0000] {processor.py:839} INFO - DAG(s) dict_keys(['temp_history']) retrieved from /opt/airflow/dags/weather_project/save_to_hist_table.py
[2026-03-27T11:08:57.751+0000] {logging_mixin.py:151} INFO - [2026-03-27T11:08:57.750+0000] {dag.py:2907} INFO - Sync 1 DAGs
[2026-03-27T11:08:57.764+0000] {logging_mixin.py:151} INFO - [2026-03-27T11:08:57.763+0000] {dag.py:3677} INFO - Setting next_dagrun for temp_history to None, run_after=None
[2026-03-27T11:08:57.777+0000] {processor.py:179} INFO - Processing /opt/airflow/dags/weather_project/save_to_hist_table.py took 0.060 seconds
[2026-03-27T11:09:08.205+0000] {processor.py:157} INFO - Started process (PID=454) to work on /opt/airflow/dags/weather_project/save_to_hist_table.py
[2026-03-27T11:09:08.206+0000] {processor.py:829} INFO - Processing file /opt/airflow/dags/weather_project/save_to_hist_table.py for tasks to queue
[2026-03-27T11:09:08.208+0000] {logging_mixin.py:151} INFO - [2026-03-27T11:09:08.208+0000] {dagbag.py:539} INFO - Filling up the DagBag from /opt/airflow/dags/weather_project/save_to_hist_table.py
[2026-03-27T11:09:08.216+0000] {processor.py:839} INFO - DAG(s) dict_keys(['temp_history']) retrieved from /opt/airflow/dags/weather_project/save_to_hist_table.py
[2026-03-27T11:09:08.230+0000] {logging_mixin.py:151} INFO - [2026-03-27T11:09:08.230+0000] {dag.py:2907} INFO - Sync 1 DAGs
[2026-03-27T11:09:08.236+0000] {logging_mixin.py:151} INFO - [2026-03-27T11:09:08.236+0000] {dag.py:3677} INFO - Setting next_dagrun for temp_history to None, run_after=None
[2026-03-27T11:09:08.247+0000] {processor.py:179} INFO - Processing /opt/airflow/dags/weather_project/save_to_hist_table.py took 0.046 seconds
[2026-03-27T11:09:18.661+0000] {processor.py:157} INFO - Started process (PID=502) to work on /opt/airflow/dags/weather_project/save_to_hist_table.py
[2026-03-27T11:09:18.662+0000] {processor.py:829} INFO - Processing file /opt/airflow/dags/weather_project/save_to_hist_table.py for tasks to queue
[2026-03-27T11:09:18.664+0000] {logging_mixin.py:151} INFO - [2026-03-27T11:09:18.664+0000] {dagbag.py:539} INFO - Filling up the DagBag from /opt/airflow/dags/weather_project/save_to_hist_table.py
[2026-03-27T11:09:18.674+0000] {processor.py:839} INFO - DAG(s) dict_keys(['temp_history']) retrieved from /opt/airflow/dags/weather_project/save_to_hist_table.py
[2026-03-27T11:09:18.688+0000] {logging_mixin.py:151} INFO - [2026-03-27T11:09:18.687+0000] {dag.py:2907} INFO - Sync 1 DAGs
[2026-03-27T11:09:18.694+0000] {logging_mixin.py:151} INFO - [2026-03-27T11:09:18.693+0000] {dag.py:3677} INFO - Setting next_dagrun for temp_history to None, run_after=None
[2026-03-27T11:09:18.703+0000] {processor.py:179} INFO - Processing /opt/airflow/dags/weather_project/save_to_hist_table.py took 0.046 seconds
[2026-03-27T11:09:29.067+0000] {processor.py:157} INFO - Started process (PID=550) to work on /opt/airflow/dags/weather_project/save_to_hist_table.py
[2026-03-27T11:09:29.068+0000] {processor.py:829} INFO - Processing file /opt/airflow/dags/weather_project/save_to_hist_table.py for tasks to queue
[2026-03-27T11:09:29.071+0000] {logging_mixin.py:151} INFO - [2026-03-27T11:09:29.071+0000] {dagbag.py:539} INFO - Filling up the DagBag from /opt/airflow/dags/weather_project/save_to_hist_table.py
[2026-03-27T11:09:29.077+0000] {processor.py:839} INFO - DAG(s) dict_keys(['temp_history']) retrieved from /opt/airflow/dags/weather_project/save_to_hist_table.py
[2026-03-27T11:09:29.091+0000] {logging_mixin.py:151} INFO - [2026-03-27T11:09:29.091+0000] {dag.py:2907} INFO - Sync 1 DAGs
[2026-03-27T11:09:29.097+0000] {logging_mixin.py:151} INFO - [2026-03-27T11:09:29.097+0000] {dag.py:3677} INFO - Setting next_dagrun for temp_history to None, run_after=None
[2026-03-27T11:09:29.109+0000] {processor.py:179} INFO - Processing /opt/airflow/dags/weather_project/save_to_hist_table.py took 0.045 seconds
[2026-03-27T11:09:39.496+0000] {processor.py:157} INFO - Started process (PID=598) to work on /opt/airflow/dags/weather_project/save_to_hist_table.py
[2026-03-27T11:09:39.497+0000] {processor.py:829} INFO - Processing file /opt/airflow/dags/weather_project/save_to_hist_table.py for tasks to queue
[2026-03-27T11:09:39.499+0000] {logging_mixin.py:151} INFO - [2026-03-27T11:09:39.499+0000] {dagbag.py:539} INFO - Filling up the DagBag from /opt/airflow/dags/weather_project/save_to_hist_table.py
[2026-03-27T11:09:39.507+0000] {processor.py:839} INFO - DAG(s) dict_keys(['temp_history']) retrieved from /opt/airflow/dags/weather_project/save_to_hist_table.py
[2026-03-27T11:09:39.520+0000] {logging_mixin.py:151} INFO - [2026-03-27T11:09:39.520+0000] {dag.py:2907} INFO - Sync 1 DAGs
[2026-03-27T11:09:39.526+0000] {logging_mixin.py:151} INFO - [2026-03-27T11:09:39.526+0000] {dag.py:3677} INFO - Setting next_dagrun for temp_history to None, run_after=None
[2026-03-27T11:09:39.539+0000] {processor.py:179} INFO - Processing /opt/airflow/dags/weather_project/save_to_hist_table.py took 0.047 seconds
[2026-03-27T11:09:49.979+0000] {processor.py:157} INFO - Started process (PID=646) to work on /opt/airflow/dags/weather_project/save_to_hist_table.py
[2026-03-27T11:09:49.980+0000] {processor.py:829} INFO - Processing file /opt/airflow/dags/weather_project/save_to_hist_table.py for tasks to queue
[2026-03-27T11:09:49.983+0000] {logging_mixin.py:151} INFO - [2026-03-27T11:09:49.983+0000] {dagbag.py:539} INFO - Filling up the DagBag from /opt/airflow/dags/weather_project/save_to_hist_table.py
[2026-03-27T11:09:49.990+0000] {processor.py:839} INFO - DAG(s) dict_keys(['temp_history']) retrieved from /opt/airflow/dags/weather_project/save_to_hist_table.py
[2026-03-27T11:09:50.006+0000] {logging_mixin.py:151} INFO - [2026-03-27T11:09:50.005+0000] {dag.py:2907} INFO - Sync 1 DAGs
[2026-03-27T11:09:50.012+0000] {logging_mixin.py:151} INFO - [2026-03-27T11:09:50.012+0000] {dag.py:3677} INFO - Setting next_dagrun for temp_history to None, run_after=None
[2026-03-27T11:09:50.021+0000] {processor.py:179} INFO - Processing /opt/airflow/dags/weather_project/save_to_hist_table.py took 0.045 seconds
[2026-03-27T11:10:00.421+0000] {processor.py:157} INFO - Started process (PID=694) to work on /opt/airflow/dags/weather_project/save_to_hist_table.py
[2026-03-27T11:10:00.422+0000] {processor.py:829} INFO - Processing file /opt/airflow/dags/weather_project/save_to_hist_table.py for tasks to queue
[2026-03-27T11:10:00.425+0000] {logging_mixin.py:151} INFO - [2026-03-27T11:10:00.425+0000] {dagbag.py:539} INFO - Filling up the DagBag from /opt/airflow/dags/weather_project/save_to_hist_table.py
[2026-03-27T11:10:00.433+0000] {processor.py:839} INFO - DAG(s) dict_keys(['temp_history']) retrieved from /opt/airflow/dags/weather_project/save_to_hist_table.py
[2026-03-27T11:10:00.446+0000] {logging_mixin.py:151} INFO - [2026-03-27T11:10:00.445+0000] {dag.py:2907} INFO - Sync 1 DAGs
[2026-03-27T11:10:00.453+0000] {logging_mixin.py:151} INFO - [2026-03-27T11:10:00.453+0000] {dag.py:3677} INFO - Setting next_dagrun for temp_history to None, run_after=None
[2026-03-27T11:10:00.463+0000] {processor.py:179} INFO - Processing /opt/airflow/dags/weather_project/save_to_hist_table.py took 0.046 seconds
[2026-03-27T11:10:10.916+0000] {processor.py:157} INFO - Started process (PID=742) to work on /opt/airflow/dags/weather_project/save_to_hist_table.py
[2026-03-27T11:10:10.919+0000] {processor.py:829} INFO - Processing file /opt/airflow/dags/weather_project/save_to_hist_table.py for tasks to queue
[2026-03-27T11:10:10.921+0000] {logging_mixin.py:151} INFO - [2026-03-27T11:10:10.920+0000] {dagbag.py:539} INFO - Filling up the DagBag from /opt/airflow/dags/weather_project/save_to_hist_table.py
[2026-03-27T11:10:10.926+0000] {processor.py:839} INFO - DAG(s) dict_keys(['temp_history']) retrieved from /opt/airflow/dags/weather_project/save_to_hist_table.py
[2026-03-27T11:10:10.940+0000] {logging_mixin.py:151} INFO - [2026-03-27T11:10:10.940+0000] {dag.py:2907} INFO - Sync 1 DAGs
[2026-03-27T11:10:10.946+0000] {logging_mixin.py:151} INFO - [2026-03-27T11:10:10.946+0000] {dag.py:3677} INFO - Setting next_dagrun for temp_history to None, run_after=None
[2026-03-27T11:10:10.956+0000] {processor.py:179} INFO - Processing /opt/airflow/dags/weather_project/save_to_hist_table.py took 0.042 seconds
[2026-03-27T11:10:21.399+0000] {processor.py:157} INFO - Started process (PID=790) to work on /opt/airflow/dags/weather_project/save_to_hist_table.py
[2026-03-27T11:10:21.402+0000] {processor.py:829} INFO - Processing file /opt/airflow/dags/weather_project/save_to_hist_table.py for tasks to queue
[2026-03-27T11:10:21.404+0000] {logging_mixin.py:151} INFO - [2026-03-27T11:10:21.404+0000] {dagbag.py:539} INFO - Filling up the DagBag from /opt/airflow/dags/weather_project/save_to_hist_table.py
[2026-03-27T11:10:21.413+0000] {processor.py:839} INFO - DAG(s) dict_keys(['temp_history']) retrieved from /opt/airflow/dags/weather_project/save_to_hist_table.py
[2026-03-27T11:10:21.430+0000] {logging_mixin.py:151} INFO - [2026-03-27T11:10:21.430+0000] {dag.py:2907} INFO - Sync 1 DAGs
[2026-03-27T11:10:21.438+0000] {logging_mixin.py:151} INFO - [2026-03-27T11:10:21.438+0000] {dag.py:3677} INFO - Setting next_dagrun for temp_history to None, run_after=None
[2026-03-27T11:10:21.449+0000] {processor.py:179} INFO - Processing /opt/airflow/dags/weather_project/save_to_hist_table.py took 0.053 seconds
[2026-03-27T11:10:31.901+0000] {processor.py:157} INFO - Started process (PID=838) to work on /opt/airflow/dags/weather_project/save_to_hist_table.py
[2026-03-27T11:10:31.901+0000] {processor.py:829} INFO - Processing file /opt/airflow/dags/weather_project/save_to_hist_table.py for tasks to queue
[2026-03-27T11:10:31.904+0000] {logging_mixin.py:151} INFO - [2026-03-27T11:10:31.903+0000] {dagbag.py:539} INFO - Filling up the DagBag from /opt/airflow/dags/weather_project/save_to_hist_table.py
[2026-03-27T11:10:31.910+0000] {processor.py:839} INFO - DAG(s) dict_keys(['temp_history']) retrieved from /opt/airflow/dags/weather_project/save_to_hist_table.py
[2026-03-27T11:10:31.924+0000] {logging_mixin.py:151} INFO - [2026-03-27T11:10:31.924+0000] {dag.py:2907} INFO - Sync 1 DAGs
[2026-03-27T11:10:31.930+0000] {logging_mixin.py:151} INFO - [2026-03-27T11:10:31.930+0000] {dag.py:3677} INFO - Setting next_dagrun for temp_history to None, run_after=None
[2026-03-27T11:10:31.941+0000] {processor.py:179} INFO - Processing /opt/airflow/dags/weather_project/save_to_hist_table.py took 0.043 seconds
