[2026-03-27T11:14:12.142+0000] {taskinstance.py:1159} INFO - Dependencies all met for dep_context=non-requeueable deps ti=<TaskInstance: PDE_launcher.trigger_load_data_to_3nf scheduled__2024-01-01T00:00:00+00:00 [queued]>
[2026-03-27T11:14:12.145+0000] {taskinstance.py:1159} INFO - Dependencies all met for dep_context=requeueable deps ti=<TaskInstance: PDE_launcher.trigger_load_data_to_3nf scheduled__2024-01-01T00:00:00+00:00 [queued]>
[2026-03-27T11:14:12.145+0000] {taskinstance.py:1361} INFO - Starting attempt 1 of 2
[2026-03-27T11:14:12.149+0000] {taskinstance.py:1382} INFO - Executing <Task(TriggerDagRunOperator): trigger_load_data_to_3nf> on 2024-01-01 00:00:00+00:00
[2026-03-27T11:14:12.151+0000] {standard_task_runner.py:57} INFO - Started process 880 to run task
[2026-03-27T11:14:12.152+0000] {standard_task_runner.py:84} INFO - Running: ['***', 'tasks', 'run', 'PDE_launcher', 'trigger_load_data_to_3nf', 'scheduled__2024-01-01T00:00:00+00:00', '--job-id', '22', '--raw', '--subdir', 'DAGS_FOLDER/PDE_dags_launcher.py', '--cfg-path', '/tmp/tmp1x6evkrf']
[2026-03-27T11:14:12.153+0000] {standard_task_runner.py:85} INFO - Job 22: Subtask trigger_load_data_to_3nf
[2026-03-27T11:14:12.170+0000] {task_command.py:415} INFO - Running <TaskInstance: PDE_launcher.trigger_load_data_to_3nf scheduled__2024-01-01T00:00:00+00:00 [running]> on host b8b4e475d066
[2026-03-27T11:14:12.194+0000] {taskinstance.py:1660} INFO - Exporting env vars: AIRFLOW_CTX_DAG_OWNER='data_team' AIRFLOW_CTX_DAG_ID='PDE_launcher' AIRFLOW_CTX_TASK_ID='trigger_load_data_to_3nf' AIRFLOW_CTX_EXECUTION_DATE='2024-01-01T00:00:00+00:00' AIRFLOW_CTX_TRY_NUMBER='1' AIRFLOW_CTX_DAG_RUN_ID='scheduled__2024-01-01T00:00:00+00:00'
[2026-03-27T11:14:12.215+0000] {trigger_dagrun.py:209} INFO - Waiting for PDE_3_load_data_to_3nf on 2026-03-27T11:14:12.195282+00:00 to become allowed state ['success'] ...
[2026-03-27T11:14:22.223+0000] {trigger_dagrun.py:222} INFO - PDE_3_load_data_to_3nf finished with allowed state success
[2026-03-27T11:14:22.231+0000] {taskinstance.py:1400} INFO - Marking task as SUCCESS. dag_id=PDE_launcher, task_id=trigger_load_data_to_3nf, execution_date=20240101T000000, start_date=20260327T111412, end_date=20260327T111422
[2026-03-27T11:14:22.243+0000] {local_task_job_runner.py:228} INFO - Task exited with return code 0
[2026-03-27T11:14:22.257+0000] {taskinstance.py:2784} INFO - 1 downstream tasks scheduled from follow-on schedule check
[2026-03-28T11:44:46.979+0000] {taskinstance.py:1159} INFO - Dependencies all met for dep_context=non-requeueable deps ti=<TaskInstance: PDE_launcher.trigger_load_data_to_3nf scheduled__2024-01-01T00:00:00+00:00 [queued]>
[2026-03-28T11:44:46.997+0000] {taskinstance.py:1159} INFO - Dependencies all met for dep_context=requeueable deps ti=<TaskInstance: PDE_launcher.trigger_load_data_to_3nf scheduled__2024-01-01T00:00:00+00:00 [queued]>
[2026-03-28T11:44:46.998+0000] {taskinstance.py:1361} INFO - Starting attempt 1 of 2
[2026-03-28T11:44:47.021+0000] {taskinstance.py:1382} INFO - Executing <Task(TriggerDagRunOperator): trigger_load_data_to_3nf> on 2024-01-01 00:00:00+00:00
[2026-03-28T11:44:47.028+0000] {standard_task_runner.py:57} INFO - Started process 448 to run task
[2026-03-28T11:44:47.030+0000] {standard_task_runner.py:84} INFO - Running: ['***', 'tasks', 'run', 'PDE_launcher', 'trigger_load_data_to_3nf', 'scheduled__2024-01-01T00:00:00+00:00', '--job-id', '27', '--raw', '--subdir', 'DAGS_FOLDER/PDE_dags_launcher.py', '--cfg-path', '/tmp/tmpx27dmn2p']
[2026-03-28T11:44:47.031+0000] {standard_task_runner.py:85} INFO - Job 27: Subtask trigger_load_data_to_3nf
[2026-03-28T11:44:47.058+0000] {task_command.py:415} INFO - Running <TaskInstance: PDE_launcher.trigger_load_data_to_3nf scheduled__2024-01-01T00:00:00+00:00 [running]> on host fff55fa1f1fa
[2026-03-28T11:44:47.093+0000] {taskinstance.py:1660} INFO - Exporting env vars: AIRFLOW_CTX_DAG_OWNER='data_team' AIRFLOW_CTX_DAG_ID='PDE_launcher' AIRFLOW_CTX_TASK_ID='trigger_load_data_to_3nf' AIRFLOW_CTX_EXECUTION_DATE='2024-01-01T00:00:00+00:00' AIRFLOW_CTX_TRY_NUMBER='1' AIRFLOW_CTX_DAG_RUN_ID='scheduled__2024-01-01T00:00:00+00:00'
[2026-03-28T11:44:47.117+0000] {trigger_dagrun.py:209} INFO - Waiting for PDE_3_load_data_to_3nf on 2026-03-28T11:44:47.093551+00:00 to become allowed state ['success'] ...
[2026-03-28T11:44:57.126+0000] {trigger_dagrun.py:222} INFO - PDE_3_load_data_to_3nf finished with allowed state success
[2026-03-28T11:44:57.130+0000] {taskinstance.py:1400} INFO - Marking task as SUCCESS. dag_id=PDE_launcher, task_id=trigger_load_data_to_3nf, execution_date=20240101T000000, start_date=20260328T114446, end_date=20260328T114457
[2026-03-28T11:44:57.139+0000] {local_task_job_runner.py:228} INFO - Task exited with return code 0
[2026-03-28T11:44:57.152+0000] {taskinstance.py:2784} INFO - 1 downstream tasks scheduled from follow-on schedule check
