[2026-03-27T10:55:59.517+0000] {taskinstance.py:1159} INFO - Dependencies all met for dep_context=non-requeueable deps ti=<TaskInstance: iot_temperature_processing.process_data scheduled__2026-03-26T00:00:00+00:00 [queued]>
[2026-03-27T10:55:59.520+0000] {taskinstance.py:1159} INFO - Dependencies all met for dep_context=requeueable deps ti=<TaskInstance: iot_temperature_processing.process_data scheduled__2026-03-26T00:00:00+00:00 [queued]>
[2026-03-27T10:55:59.520+0000] {taskinstance.py:1361} INFO - Starting attempt 1 of 2
[2026-03-27T10:55:59.525+0000] {taskinstance.py:1382} INFO - Executing <Task(PythonOperator): process_data> on 2026-03-26 00:00:00+00:00
[2026-03-27T10:55:59.527+0000] {standard_task_runner.py:57} INFO - Started process 216 to run task
[2026-03-27T10:55:59.529+0000] {standard_task_runner.py:84} INFO - Running: ['***', 'tasks', 'run', 'iot_temperature_processing', 'process_data', 'scheduled__2026-03-26T00:00:00+00:00', '--job-id', '2', '--raw', '--subdir', 'DAGS_FOLDER/weather_project/read_and_pretable.py', '--cfg-path', '/tmp/tmpy8hrrq8h']
[2026-03-27T10:55:59.530+0000] {standard_task_runner.py:85} INFO - Job 2: Subtask process_data
[2026-03-27T10:55:59.549+0000] {task_command.py:415} INFO - Running <TaskInstance: iot_temperature_processing.process_data scheduled__2026-03-26T00:00:00+00:00 [running]> on host 70e23d85b5e3
[2026-03-27T10:55:59.655+0000] {taskinstance.py:1660} INFO - Exporting env vars: AIRFLOW_CTX_DAG_OWNER='***' AIRFLOW_CTX_DAG_ID='iot_temperature_processing' AIRFLOW_CTX_TASK_ID='process_data' AIRFLOW_CTX_EXECUTION_DATE='2026-03-26T00:00:00+00:00' AIRFLOW_CTX_TRY_NUMBER='1' AIRFLOW_CTX_DAG_RUN_ID='scheduled__2026-03-26T00:00:00+00:00'
[2026-03-27T10:55:59.656+0000] {logging_mixin.py:151} INFO - Ищу файл по пути: /opt/***/dags/weather_project/data/IOT-temp.csv
[2026-03-27T10:55:59.656+0000] {logging_mixin.py:151} INFO - Файл не найден. Проверяю альтернативные пути...
[2026-03-27T10:55:59.656+0000] {logging_mixin.py:151} INFO - Проверяю: /opt/***/dags/data/IOT-temp.csv
[2026-03-27T10:55:59.656+0000] {logging_mixin.py:151} INFO - Проверяю: /opt/***/dags/IOT-temp.csv
[2026-03-27T10:55:59.656+0000] {logging_mixin.py:151} INFO - Проверяю: /opt/***/data/IOT-temp.csv
[2026-03-27T10:55:59.656+0000] {logging_mixin.py:151} INFO - Проверяю: /opt/***/dags/weather_project/data/IOT-temp.csv
[2026-03-27T10:55:59.657+0000] {taskinstance.py:1943} ERROR - Task failed with exception
Traceback (most recent call last):
  File "/home/airflow/.local/lib/python3.8/site-packages/airflow/operators/python.py", line 192, in execute
    return_value = self.execute_callable()
  File "/home/airflow/.local/lib/python3.8/site-packages/airflow/operators/python.py", line 209, in execute_callable
    return self.python_callable(*self.op_args, **self.op_kwargs)
  File "/opt/airflow/dags/weather_project/read_and_pretable.py", line 58, in process_and_load_to_postgres
    raise FileNotFoundError(f"Файл IOT-temp.csv не найден ни по одному из путей")
FileNotFoundError: Файл IOT-temp.csv не найден ни по одному из путей
[2026-03-27T10:55:59.660+0000] {taskinstance.py:1400} INFO - Marking task as UP_FOR_RETRY. dag_id=iot_temperature_processing, task_id=process_data, execution_date=20260326T000000, start_date=20260327T105559, end_date=20260327T105559
[2026-03-27T10:55:59.663+0000] {standard_task_runner.py:104} ERROR - Failed to execute job 2 for task process_data (Файл IOT-temp.csv не найден ни по одному из путей; 216)
[2026-03-27T10:55:59.707+0000] {local_task_job_runner.py:228} INFO - Task exited with return code 1
[2026-03-27T10:55:59.716+0000] {taskinstance.py:2784} INFO - 0 downstream tasks scheduled from follow-on schedule check
