[2026-03-27T11:13:38.788+0000] {taskinstance.py:1159} INFO - Dependencies all met for dep_context=non-requeueable deps ti=<TaskInstance: PDE_launcher.trigger_create_schema_and_tables scheduled__2024-01-01T00:00:00+00:00 [queued]>
[2026-03-27T11:13:38.791+0000] {taskinstance.py:1159} INFO - Dependencies all met for dep_context=requeueable deps ti=<TaskInstance: PDE_launcher.trigger_create_schema_and_tables scheduled__2024-01-01T00:00:00+00:00 [queued]>
[2026-03-27T11:13:38.791+0000] {taskinstance.py:1361} INFO - Starting attempt 1 of 2
[2026-03-27T11:13:38.795+0000] {taskinstance.py:1382} INFO - Executing <Task(TriggerDagRunOperator): trigger_create_schema_and_tables> on 2024-01-01 00:00:00+00:00
[2026-03-27T11:13:38.797+0000] {standard_task_runner.py:57} INFO - Started process 757 to run task
[2026-03-27T11:13:38.798+0000] {standard_task_runner.py:84} INFO - Running: ['***', 'tasks', 'run', 'PDE_launcher', 'trigger_create_schema_and_tables', 'scheduled__2024-01-01T00:00:00+00:00', '--job-id', '15', '--raw', '--subdir', 'DAGS_FOLDER/PDE_dags_launcher.py', '--cfg-path', '/tmp/tmp6sw4f6px']
[2026-03-27T11:13:38.799+0000] {standard_task_runner.py:85} INFO - Job 15: Subtask trigger_create_schema_and_tables
[2026-03-27T11:13:38.822+0000] {task_command.py:415} INFO - Running <TaskInstance: PDE_launcher.trigger_create_schema_and_tables scheduled__2024-01-01T00:00:00+00:00 [running]> on host b8b4e475d066
[2026-03-27T11:13:38.850+0000] {taskinstance.py:1660} INFO - Exporting env vars: AIRFLOW_CTX_DAG_OWNER='data_team' AIRFLOW_CTX_DAG_ID='PDE_launcher' AIRFLOW_CTX_TASK_ID='trigger_create_schema_and_tables' AIRFLOW_CTX_EXECUTION_DATE='2024-01-01T00:00:00+00:00' AIRFLOW_CTX_TRY_NUMBER='1' AIRFLOW_CTX_DAG_RUN_ID='scheduled__2024-01-01T00:00:00+00:00'
[2026-03-27T11:13:38.872+0000] {trigger_dagrun.py:209} INFO - Waiting for PDE_0_create_schema_and_tables on 2026-03-27T11:13:38.851411+00:00 to become allowed state ['success'] ...
[2026-03-27T11:13:48.878+0000] {trigger_dagrun.py:222} INFO - PDE_0_create_schema_and_tables finished with allowed state success
[2026-03-27T11:13:48.885+0000] {taskinstance.py:1400} INFO - Marking task as SUCCESS. dag_id=PDE_launcher, task_id=trigger_create_schema_and_tables, execution_date=20240101T000000, start_date=20260327T111338, end_date=20260327T111348
[2026-03-27T11:13:48.899+0000] {local_task_job_runner.py:228} INFO - Task exited with return code 0
[2026-03-27T11:13:48.913+0000] {taskinstance.py:2784} INFO - 1 downstream tasks scheduled from follow-on schedule check
[2026-03-28T11:38:16.270+0000] {taskinstance.py:1159} INFO - Dependencies all met for dep_context=non-requeueable deps ti=<TaskInstance: PDE_launcher.trigger_create_schema_and_tables scheduled__2024-01-01T00:00:00+00:00 [queued]>
[2026-03-28T11:38:16.273+0000] {taskinstance.py:1159} INFO - Dependencies all met for dep_context=requeueable deps ti=<TaskInstance: PDE_launcher.trigger_create_schema_and_tables scheduled__2024-01-01T00:00:00+00:00 [queued]>
[2026-03-28T11:38:16.273+0000] {taskinstance.py:1361} INFO - Starting attempt 1 of 2
[2026-03-28T11:38:16.278+0000] {taskinstance.py:1382} INFO - Executing <Task(TriggerDagRunOperator): trigger_create_schema_and_tables> on 2024-01-01 00:00:00+00:00
[2026-03-28T11:38:16.279+0000] {standard_task_runner.py:57} INFO - Started process 239 to run task
[2026-03-28T11:38:16.281+0000] {standard_task_runner.py:84} INFO - Running: ['***', 'tasks', 'run', 'PDE_launcher', 'trigger_create_schema_and_tables', 'scheduled__2024-01-01T00:00:00+00:00', '--job-id', '2', '--raw', '--subdir', 'DAGS_FOLDER/PDE_dags_launcher.py', '--cfg-path', '/tmp/tmpmhfze8dm']
[2026-03-28T11:38:16.282+0000] {standard_task_runner.py:85} INFO - Job 2: Subtask trigger_create_schema_and_tables
[2026-03-28T11:38:16.298+0000] {task_command.py:415} INFO - Running <TaskInstance: PDE_launcher.trigger_create_schema_and_tables scheduled__2024-01-01T00:00:00+00:00 [running]> on host 54b7048a2b02
[2026-03-28T11:38:16.327+0000] {taskinstance.py:1660} INFO - Exporting env vars: AIRFLOW_CTX_DAG_OWNER='data_team' AIRFLOW_CTX_DAG_ID='PDE_launcher' AIRFLOW_CTX_TASK_ID='trigger_create_schema_and_tables' AIRFLOW_CTX_EXECUTION_DATE='2024-01-01T00:00:00+00:00' AIRFLOW_CTX_TRY_NUMBER='1' AIRFLOW_CTX_DAG_RUN_ID='scheduled__2024-01-01T00:00:00+00:00'
[2026-03-28T11:38:16.355+0000] {trigger_dagrun.py:209} INFO - Waiting for PDE_0_create_schema_and_tables on 2026-03-28T11:38:16.327765+00:00 to become allowed state ['success'] ...
[2026-03-28T11:38:26.382+0000] {trigger_dagrun.py:209} INFO - Waiting for PDE_0_create_schema_and_tables on 2026-03-28T11:38:16.327765+00:00 to become allowed state ['success'] ...
[2026-03-28T11:38:36.406+0000] {trigger_dagrun.py:209} INFO - Waiting for PDE_0_create_schema_and_tables on 2026-03-28T11:38:16.327765+00:00 to become allowed state ['success'] ...
[2026-03-28T11:38:46.430+0000] {trigger_dagrun.py:209} INFO - Waiting for PDE_0_create_schema_and_tables on 2026-03-28T11:38:16.327765+00:00 to become allowed state ['success'] ...
[2026-03-28T11:38:56.439+0000] {trigger_dagrun.py:209} INFO - Waiting for PDE_0_create_schema_and_tables on 2026-03-28T11:38:16.327765+00:00 to become allowed state ['success'] ...
[2026-03-28T11:39:06.469+0000] {trigger_dagrun.py:209} INFO - Waiting for PDE_0_create_schema_and_tables on 2026-03-28T11:38:16.327765+00:00 to become allowed state ['success'] ...
[2026-03-28T11:39:16.486+0000] {trigger_dagrun.py:209} INFO - Waiting for PDE_0_create_schema_and_tables on 2026-03-28T11:38:16.327765+00:00 to become allowed state ['success'] ...
[2026-03-28T11:39:26.515+0000] {trigger_dagrun.py:209} INFO - Waiting for PDE_0_create_schema_and_tables on 2026-03-28T11:38:16.327765+00:00 to become allowed state ['success'] ...
[2026-03-28T11:39:36.545+0000] {trigger_dagrun.py:209} INFO - Waiting for PDE_0_create_schema_and_tables on 2026-03-28T11:38:16.327765+00:00 to become allowed state ['success'] ...
[2026-03-28T11:39:46.569+0000] {trigger_dagrun.py:209} INFO - Waiting for PDE_0_create_schema_and_tables on 2026-03-28T11:38:16.327765+00:00 to become allowed state ['success'] ...
[2026-03-28T11:39:56.587+0000] {trigger_dagrun.py:209} INFO - Waiting for PDE_0_create_schema_and_tables on 2026-03-28T11:38:16.327765+00:00 to become allowed state ['success'] ...
[2026-03-28T11:40:06.615+0000] {trigger_dagrun.py:209} INFO - Waiting for PDE_0_create_schema_and_tables on 2026-03-28T11:38:16.327765+00:00 to become allowed state ['success'] ...
[2026-03-28T11:40:16.631+0000] {trigger_dagrun.py:209} INFO - Waiting for PDE_0_create_schema_and_tables on 2026-03-28T11:38:16.327765+00:00 to become allowed state ['success'] ...
[2026-03-28T11:40:26.662+0000] {trigger_dagrun.py:209} INFO - Waiting for PDE_0_create_schema_and_tables on 2026-03-28T11:38:16.327765+00:00 to become allowed state ['success'] ...
[2026-03-28T11:40:36.674+0000] {trigger_dagrun.py:209} INFO - Waiting for PDE_0_create_schema_and_tables on 2026-03-28T11:38:16.327765+00:00 to become allowed state ['success'] ...
[2026-03-28T11:40:46.700+0000] {trigger_dagrun.py:209} INFO - Waiting for PDE_0_create_schema_and_tables on 2026-03-28T11:38:16.327765+00:00 to become allowed state ['success'] ...
[2026-03-28T11:40:56.720+0000] {trigger_dagrun.py:209} INFO - Waiting for PDE_0_create_schema_and_tables on 2026-03-28T11:38:16.327765+00:00 to become allowed state ['success'] ...
[2026-03-28T11:41:06.727+0000] {trigger_dagrun.py:209} INFO - Waiting for PDE_0_create_schema_and_tables on 2026-03-28T11:38:16.327765+00:00 to become allowed state ['success'] ...
[2026-03-28T11:41:16.733+0000] {trigger_dagrun.py:209} INFO - Waiting for PDE_0_create_schema_and_tables on 2026-03-28T11:38:16.327765+00:00 to become allowed state ['success'] ...
[2026-03-28T11:41:26.765+0000] {trigger_dagrun.py:209} INFO - Waiting for PDE_0_create_schema_and_tables on 2026-03-28T11:38:16.327765+00:00 to become allowed state ['success'] ...
[2026-03-28T11:41:36.791+0000] {trigger_dagrun.py:209} INFO - Waiting for PDE_0_create_schema_and_tables on 2026-03-28T11:38:16.327765+00:00 to become allowed state ['success'] ...
[2026-03-28T11:41:46.814+0000] {trigger_dagrun.py:209} INFO - Waiting for PDE_0_create_schema_and_tables on 2026-03-28T11:38:16.327765+00:00 to become allowed state ['success'] ...
[2026-03-28T11:41:56.842+0000] {trigger_dagrun.py:209} INFO - Waiting for PDE_0_create_schema_and_tables on 2026-03-28T11:38:16.327765+00:00 to become allowed state ['success'] ...
[2026-03-28T11:42:06.868+0000] {trigger_dagrun.py:209} INFO - Waiting for PDE_0_create_schema_and_tables on 2026-03-28T11:38:16.327765+00:00 to become allowed state ['success'] ...
[2026-03-28T11:42:16.895+0000] {trigger_dagrun.py:209} INFO - Waiting for PDE_0_create_schema_and_tables on 2026-03-28T11:38:16.327765+00:00 to become allowed state ['success'] ...
[2026-03-28T11:42:26.910+0000] {trigger_dagrun.py:209} INFO - Waiting for PDE_0_create_schema_and_tables on 2026-03-28T11:38:16.327765+00:00 to become allowed state ['success'] ...
[2026-03-28T11:42:36.934+0000] {trigger_dagrun.py:209} INFO - Waiting for PDE_0_create_schema_and_tables on 2026-03-28T11:38:16.327765+00:00 to become allowed state ['success'] ...
[2026-03-28T11:42:46.954+0000] {trigger_dagrun.py:209} INFO - Waiting for PDE_0_create_schema_and_tables on 2026-03-28T11:38:16.327765+00:00 to become allowed state ['success'] ...
[2026-03-28T11:42:56.974+0000] {trigger_dagrun.py:209} INFO - Waiting for PDE_0_create_schema_and_tables on 2026-03-28T11:38:16.327765+00:00 to become allowed state ['success'] ...
[2026-03-28T11:43:06.979+0000] {trigger_dagrun.py:209} INFO - Waiting for PDE_0_create_schema_and_tables on 2026-03-28T11:38:16.327765+00:00 to become allowed state ['success'] ...
[2026-03-28T11:43:13.246+0000] {local_task_job_runner.py:115} ERROR - Received SIGTERM. Terminating subprocesses
[2026-03-28T11:43:13.274+0000] {process_utils.py:131} INFO - Sending 15 to group 239. PIDs of all processes in the group: [239]
[2026-03-28T11:43:13.279+0000] {process_utils.py:86} INFO - Sending the signal 15 to group 239
[2026-03-28T11:43:13.282+0000] {taskinstance.py:1632} ERROR - Received SIGTERM. Terminating subprocesses.
[2026-03-28T11:43:13.303+0000] {taskinstance.py:1943} ERROR - Task failed with exception
Traceback (most recent call last):
  File "/home/airflow/.local/lib/python3.8/site-packages/airflow/operators/trigger_dagrun.py", line 215, in execute
    time.sleep(self.poke_interval)
  File "/home/airflow/.local/lib/python3.8/site-packages/airflow/models/taskinstance.py", line 1634, in signal_handler
    raise AirflowException("Task received SIGTERM signal")
airflow.exceptions.AirflowException: Task received SIGTERM signal
[2026-03-28T11:43:13.308+0000] {taskinstance.py:1400} INFO - Marking task as UP_FOR_RETRY. dag_id=PDE_launcher, task_id=trigger_create_schema_and_tables, execution_date=20240101T000000, start_date=20260328T113816, end_date=20260328T114313
[2026-03-28T11:43:13.326+0000] {standard_task_runner.py:104} ERROR - Failed to execute job 2 for task trigger_create_schema_and_tables (Task received SIGTERM signal; 239)
[2026-03-28T11:43:13.342+0000] {process_utils.py:79} INFO - Process psutil.Process(pid=239, status='terminated', exitcode=1, started='11:38:15') (239) terminated with exit code 1
[2026-03-28T11:43:13.343+0000] {local_task_job_runner.py:228} INFO - Task exited with return code 143
[2026-03-28T11:43:13.368+0000] {taskinstance.py:2784} INFO - 0 downstream tasks scheduled from follow-on schedule check
