[2026-03-27T11:14:13.239+0000] {taskinstance.py:1159} INFO - Dependencies all met for dep_context=non-requeueable deps ti=<TaskInstance: PDE_3_load_data_to_3nf.load_to_3nf manual__2026-03-27T11:14:12.195282+00:00 [queued]>
[2026-03-27T11:14:13.241+0000] {taskinstance.py:1159} INFO - Dependencies all met for dep_context=requeueable deps ti=<TaskInstance: PDE_3_load_data_to_3nf.load_to_3nf manual__2026-03-27T11:14:12.195282+00:00 [queued]>
[2026-03-27T11:14:13.241+0000] {taskinstance.py:1361} INFO - Starting attempt 1 of 2
[2026-03-27T11:14:13.246+0000] {taskinstance.py:1382} INFO - Executing <Task(PythonOperator): load_to_3nf> on 2026-03-27 11:14:12.195282+00:00
[2026-03-27T11:14:13.248+0000] {standard_task_runner.py:57} INFO - Started process 882 to run task
[2026-03-27T11:14:13.249+0000] {standard_task_runner.py:84} INFO - Running: ['***', 'tasks', 'run', 'PDE_3_load_data_to_3nf', 'load_to_3nf', 'manual__2026-03-27T11:14:12.195282+00:00', '--job-id', '23', '--raw', '--subdir', 'DAGS_FOLDER/PDE_3_load_data_to_3nf.py', '--cfg-path', '/tmp/tmpchkdjtrb']
[2026-03-27T11:14:13.250+0000] {standard_task_runner.py:85} INFO - Job 23: Subtask load_to_3nf
[2026-03-27T11:14:13.266+0000] {task_command.py:415} INFO - Running <TaskInstance: PDE_3_load_data_to_3nf.load_to_3nf manual__2026-03-27T11:14:12.195282+00:00 [running]> on host b8b4e475d066
[2026-03-27T11:14:13.290+0000] {taskinstance.py:1660} INFO - Exporting env vars: AIRFLOW_CTX_DAG_OWNER='data_team' AIRFLOW_CTX_DAG_ID='PDE_3_load_data_to_3nf' AIRFLOW_CTX_TASK_ID='load_to_3nf' AIRFLOW_CTX_EXECUTION_DATE='2026-03-27T11:14:12.195282+00:00' AIRFLOW_CTX_TRY_NUMBER='1' AIRFLOW_CTX_DAG_RUN_ID='manual__2026-03-27T11:14:12.195282+00:00'
[2026-03-27T11:14:13.294+0000] {base.py:73} INFO - Using connection ID 'postgres_default' for task execution.
[2026-03-27T11:14:13.317+0000] {logging_mixin.py:151} INFO - 🗑️ Таблицы очищены (с каскадным удалением)
[2026-03-27T11:14:13.317+0000] {logging_mixin.py:151} INFO - ✅ Загружены users: 0 записей
[2026-03-27T11:14:13.318+0000] {logging_mixin.py:151} INFO - ✅ Загружены drivers: 0 записей
[2026-03-27T11:14:13.318+0000] {logging_mixin.py:151} INFO - ✅ Загружены stores: 0 записей
[2026-03-27T11:14:13.318+0000] {logging_mixin.py:151} INFO - ✅ Загружены items: 0 записей
[2026-03-27T11:14:13.318+0000] {logging_mixin.py:151} INFO - ✅ Загружены orders: 0 записей
[2026-03-27T11:14:13.319+0000] {logging_mixin.py:151} INFO - ✅ Загружены order_items: 0 записей
[2026-03-27T11:14:13.319+0000] {logging_mixin.py:151} INFO - ✅ Загружена order_status_history: 0 записей
[2026-03-27T11:14:13.319+0000] {logging_mixin.py:151} INFO - ✅ Загружены item_replacements: 0 записей
[2026-03-27T11:14:13.319+0000] {logging_mixin.py:151} INFO - 
📊 СТАТИСТИКА ЗАГРУЗКИ:
[2026-03-27T11:14:13.319+0000] {logging_mixin.py:151} INFO -    users: 0 записей
[2026-03-27T11:14:13.319+0000] {logging_mixin.py:151} INFO -    drivers: 0 записей
[2026-03-27T11:14:13.319+0000] {logging_mixin.py:151} INFO -    stores: 0 записей
[2026-03-27T11:14:13.320+0000] {logging_mixin.py:151} INFO -    items: 0 записей
[2026-03-27T11:14:13.320+0000] {logging_mixin.py:151} INFO -    orders: 0 записей
[2026-03-27T11:14:13.320+0000] {logging_mixin.py:151} INFO -    order_items: 0 записей
[2026-03-27T11:14:13.320+0000] {logging_mixin.py:151} INFO -    order_status_history: 0 записей
[2026-03-27T11:14:13.320+0000] {logging_mixin.py:151} INFO -    item_replacements: 0 записей
[2026-03-27T11:14:13.320+0000] {python.py:194} INFO - Done. Returned value was: None
[2026-03-27T11:14:13.323+0000] {taskinstance.py:1400} INFO - Marking task as SUCCESS. dag_id=PDE_3_load_data_to_3nf, task_id=load_to_3nf, execution_date=20260327T111412, start_date=20260327T111413, end_date=20260327T111413
[2026-03-27T11:14:13.346+0000] {local_task_job_runner.py:228} INFO - Task exited with return code 0
[2026-03-27T11:14:13.353+0000] {taskinstance.py:2784} INFO - 0 downstream tasks scheduled from follow-on schedule check
