[2026-03-27T11:13:33.871+0000] {taskinstance.py:1159} INFO - Dependencies all met for dep_context=non-requeueable deps ti=<TaskInstance: PDE_1_extract_parquet_data.load_parquet_data scheduled__2024-01-01T00:00:00+00:00 [queued]>
[2026-03-27T11:13:33.873+0000] {taskinstance.py:1159} INFO - Dependencies all met for dep_context=requeueable deps ti=<TaskInstance: PDE_1_extract_parquet_data.load_parquet_data scheduled__2024-01-01T00:00:00+00:00 [queued]>
[2026-03-27T11:13:33.873+0000] {taskinstance.py:1361} INFO - Starting attempt 1 of 1
[2026-03-27T11:13:33.877+0000] {taskinstance.py:1382} INFO - Executing <Task(PythonOperator): load_parquet_data> on 2024-01-01 00:00:00+00:00
[2026-03-27T11:13:33.879+0000] {standard_task_runner.py:57} INFO - Started process 747 to run task
[2026-03-27T11:13:33.881+0000] {standard_task_runner.py:84} INFO - Running: ['***', 'tasks', 'run', 'PDE_1_extract_parquet_data', 'load_parquet_data', 'scheduled__2024-01-01T00:00:00+00:00', '--job-id', '10', '--raw', '--subdir', 'DAGS_FOLDER/PDE_1_extract_parquet_data.py', '--cfg-path', '/tmp/tmpxnjcvai6']
[2026-03-27T11:13:33.882+0000] {standard_task_runner.py:85} INFO - Job 10: Subtask load_parquet_data
[2026-03-27T11:13:33.899+0000] {task_command.py:415} INFO - Running <TaskInstance: PDE_1_extract_parquet_data.load_parquet_data scheduled__2024-01-01T00:00:00+00:00 [running]> on host b8b4e475d066
[2026-03-27T11:13:33.925+0000] {taskinstance.py:1660} INFO - Exporting env vars: AIRFLOW_CTX_DAG_OWNER='data_team' AIRFLOW_CTX_DAG_ID='PDE_1_extract_parquet_data' AIRFLOW_CTX_TASK_ID='load_parquet_data' AIRFLOW_CTX_EXECUTION_DATE='2024-01-01T00:00:00+00:00' AIRFLOW_CTX_TRY_NUMBER='1' AIRFLOW_CTX_DAG_RUN_ID='scheduled__2024-01-01T00:00:00+00:00'
[2026-03-27T11:13:33.926+0000] {logging_mixin.py:151} INFO - ⚠️ Нет файлов в /opt/***/dags/data/parquet
[2026-03-27T11:13:33.926+0000] {python.py:194} INFO - Done. Returned value was: None
[2026-03-27T11:13:33.996+0000] {taskinstance.py:1400} INFO - Marking task as SUCCESS. dag_id=PDE_1_extract_parquet_data, task_id=load_parquet_data, execution_date=20240101T000000, start_date=20260327T111333, end_date=20260327T111333
[2026-03-27T11:13:34.022+0000] {local_task_job_runner.py:228} INFO - Task exited with return code 0
[2026-03-27T11:13:34.029+0000] {taskinstance.py:2784} INFO - 0 downstream tasks scheduled from follow-on schedule check
[2026-03-28T11:39:05.826+0000] {taskinstance.py:1159} INFO - Dependencies all met for dep_context=non-requeueable deps ti=<TaskInstance: PDE_1_extract_parquet_data.load_parquet_data scheduled__2024-01-01T00:00:00+00:00 [queued]>
[2026-03-28T11:39:05.830+0000] {taskinstance.py:1159} INFO - Dependencies all met for dep_context=requeueable deps ti=<TaskInstance: PDE_1_extract_parquet_data.load_parquet_data scheduled__2024-01-01T00:00:00+00:00 [queued]>
[2026-03-28T11:39:05.831+0000] {taskinstance.py:1361} INFO - Starting attempt 1 of 1
[2026-03-28T11:39:05.836+0000] {taskinstance.py:1382} INFO - Executing <Task(PythonOperator): load_parquet_data> on 2024-01-01 00:00:00+00:00
[2026-03-28T11:39:05.838+0000] {standard_task_runner.py:57} INFO - Started process 438 to run task
[2026-03-28T11:39:05.839+0000] {standard_task_runner.py:84} INFO - Running: ['***', 'tasks', 'run', 'PDE_1_extract_parquet_data', 'load_parquet_data', 'scheduled__2024-01-01T00:00:00+00:00', '--job-id', '11', '--raw', '--subdir', 'DAGS_FOLDER/PDE_1_extract_parquet_data.py', '--cfg-path', '/tmp/tmpsciuu5y8']
[2026-03-28T11:39:05.840+0000] {standard_task_runner.py:85} INFO - Job 11: Subtask load_parquet_data
[2026-03-28T11:39:05.857+0000] {task_command.py:415} INFO - Running <TaskInstance: PDE_1_extract_parquet_data.load_parquet_data scheduled__2024-01-01T00:00:00+00:00 [running]> on host 54b7048a2b02
[2026-03-28T11:39:05.882+0000] {taskinstance.py:1660} INFO - Exporting env vars: AIRFLOW_CTX_DAG_OWNER='data_team' AIRFLOW_CTX_DAG_ID='PDE_1_extract_parquet_data' AIRFLOW_CTX_TASK_ID='load_parquet_data' AIRFLOW_CTX_EXECUTION_DATE='2024-01-01T00:00:00+00:00' AIRFLOW_CTX_TRY_NUMBER='1' AIRFLOW_CTX_DAG_RUN_ID='scheduled__2024-01-01T00:00:00+00:00'
[2026-03-28T11:39:05.883+0000] {logging_mixin.py:151} INFO - ⚠️ Нет файлов в /opt/***/dags/data/parquet
[2026-03-28T11:39:05.883+0000] {python.py:194} INFO - Done. Returned value was: None
[2026-03-28T11:39:05.962+0000] {taskinstance.py:1400} INFO - Marking task as SUCCESS. dag_id=PDE_1_extract_parquet_data, task_id=load_parquet_data, execution_date=20240101T000000, start_date=20260328T113905, end_date=20260328T113905
[2026-03-28T11:39:05.978+0000] {local_task_job_runner.py:228} INFO - Task exited with return code 0
[2026-03-28T11:39:05.986+0000] {taskinstance.py:2784} INFO - 0 downstream tasks scheduled from follow-on schedule check
