[2026-03-27T11:13:34.589+0000] {taskinstance.py:1159} INFO - Dependencies all met for dep_context=non-requeueable deps ti=<TaskInstance: PDE_2_transform_raw_data.transform_data scheduled__2024-01-01T00:00:00+00:00 [queued]>
[2026-03-27T11:13:34.591+0000] {taskinstance.py:1159} INFO - Dependencies all met for dep_context=requeueable deps ti=<TaskInstance: PDE_2_transform_raw_data.transform_data scheduled__2024-01-01T00:00:00+00:00 [queued]>
[2026-03-27T11:13:34.591+0000] {taskinstance.py:1361} INFO - Starting attempt 1 of 1
[2026-03-27T11:13:34.596+0000] {taskinstance.py:1382} INFO - Executing <Task(PythonOperator): transform_data> on 2024-01-01 00:00:00+00:00
[2026-03-27T11:13:34.598+0000] {standard_task_runner.py:57} INFO - Started process 749 to run task
[2026-03-27T11:13:34.600+0000] {standard_task_runner.py:84} INFO - Running: ['***', 'tasks', 'run', 'PDE_2_transform_raw_data', 'transform_data', 'scheduled__2024-01-01T00:00:00+00:00', '--job-id', '11', '--raw', '--subdir', 'DAGS_FOLDER/PDE_2_transform_raw_data.py', '--cfg-path', '/tmp/tmp32ltebp0']
[2026-03-27T11:13:34.601+0000] {standard_task_runner.py:85} INFO - Job 11: Subtask transform_data
[2026-03-27T11:13:34.618+0000] {task_command.py:415} INFO - Running <TaskInstance: PDE_2_transform_raw_data.transform_data scheduled__2024-01-01T00:00:00+00:00 [running]> on host b8b4e475d066
[2026-03-27T11:13:34.642+0000] {taskinstance.py:1660} INFO - Exporting env vars: AIRFLOW_CTX_DAG_OWNER='data_team' AIRFLOW_CTX_DAG_ID='PDE_2_transform_raw_data' AIRFLOW_CTX_TASK_ID='transform_data' AIRFLOW_CTX_EXECUTION_DATE='2024-01-01T00:00:00+00:00' AIRFLOW_CTX_TRY_NUMBER='1' AIRFLOW_CTX_DAG_RUN_ID='scheduled__2024-01-01T00:00:00+00:00'
[2026-03-27T11:13:34.646+0000] {base.py:73} INFO - Using connection ID 'postgres_default' for task execution.
[2026-03-27T11:13:34.647+0000] {taskinstance.py:1943} ERROR - Task failed with exception
Traceback (most recent call last):
  File "/home/airflow/.local/lib/python3.8/site-packages/airflow/operators/python.py", line 192, in execute
    return_value = self.execute_callable()
  File "/home/airflow/.local/lib/python3.8/site-packages/airflow/operators/python.py", line 209, in execute_callable
    return self.python_callable(*self.op_args, **self.op_kwargs)
  File "/opt/airflow/dags/PDE_2_transform_raw_data.py", line 16, in transform_data
    cursor.execute("TRUNCATE TABLE hse_python_etl_project.transformed_data;")
psycopg2.errors.InvalidSchemaName: schema "hse_python_etl_project" does not exist

[2026-03-27T11:13:34.650+0000] {taskinstance.py:1400} INFO - Marking task as FAILED. dag_id=PDE_2_transform_raw_data, task_id=transform_data, execution_date=20240101T000000, start_date=20260327T111334, end_date=20260327T111334
[2026-03-27T11:13:34.654+0000] {standard_task_runner.py:104} ERROR - Failed to execute job 11 for task transform_data (schema "hse_python_etl_project" does not exist
; 749)
[2026-03-27T11:13:34.657+0000] {local_task_job_runner.py:228} INFO - Task exited with return code 1
[2026-03-27T11:13:34.663+0000] {taskinstance.py:2784} INFO - 0 downstream tasks scheduled from follow-on schedule check
[2026-03-28T11:39:04.519+0000] {taskinstance.py:1159} INFO - Dependencies all met for dep_context=non-requeueable deps ti=<TaskInstance: PDE_2_transform_raw_data.transform_data scheduled__2024-01-01T00:00:00+00:00 [queued]>
[2026-03-28T11:39:04.522+0000] {taskinstance.py:1159} INFO - Dependencies all met for dep_context=requeueable deps ti=<TaskInstance: PDE_2_transform_raw_data.transform_data scheduled__2024-01-01T00:00:00+00:00 [queued]>
[2026-03-28T11:39:04.522+0000] {taskinstance.py:1361} INFO - Starting attempt 1 of 1
[2026-03-28T11:39:04.527+0000] {taskinstance.py:1382} INFO - Executing <Task(PythonOperator): transform_data> on 2024-01-01 00:00:00+00:00
[2026-03-28T11:39:04.530+0000] {standard_task_runner.py:57} INFO - Started process 428 to run task
[2026-03-28T11:39:04.531+0000] {standard_task_runner.py:84} INFO - Running: ['***', 'tasks', 'run', 'PDE_2_transform_raw_data', 'transform_data', 'scheduled__2024-01-01T00:00:00+00:00', '--job-id', '6', '--raw', '--subdir', 'DAGS_FOLDER/PDE_2_transform_raw_data.py', '--cfg-path', '/tmp/tmpe6dhj0pt']
[2026-03-28T11:39:04.533+0000] {standard_task_runner.py:85} INFO - Job 6: Subtask transform_data
[2026-03-28T11:39:04.552+0000] {task_command.py:415} INFO - Running <TaskInstance: PDE_2_transform_raw_data.transform_data scheduled__2024-01-01T00:00:00+00:00 [running]> on host 54b7048a2b02
[2026-03-28T11:39:04.580+0000] {taskinstance.py:1660} INFO - Exporting env vars: AIRFLOW_CTX_DAG_OWNER='data_team' AIRFLOW_CTX_DAG_ID='PDE_2_transform_raw_data' AIRFLOW_CTX_TASK_ID='transform_data' AIRFLOW_CTX_EXECUTION_DATE='2024-01-01T00:00:00+00:00' AIRFLOW_CTX_TRY_NUMBER='1' AIRFLOW_CTX_DAG_RUN_ID='scheduled__2024-01-01T00:00:00+00:00'
[2026-03-28T11:39:04.587+0000] {taskinstance.py:1943} ERROR - Task failed with exception
Traceback (most recent call last):
  File "/home/airflow/.local/lib/python3.8/site-packages/airflow/operators/python.py", line 192, in execute
    return_value = self.execute_callable()
  File "/home/airflow/.local/lib/python3.8/site-packages/airflow/operators/python.py", line 209, in execute_callable
    return self.python_callable(*self.op_args, **self.op_kwargs)
  File "/opt/airflow/dags/PDE_2_transform_raw_data.py", line 13, in transform_data
    conn = pg_hook.get_conn()
  File "/home/airflow/.local/lib/python3.8/site-packages/airflow/providers/postgres/hooks/postgres.py", line 124, in get_conn
    conn = deepcopy(self.connection or self.get_connection(conn_id))
  File "/home/airflow/.local/lib/python3.8/site-packages/airflow/hooks/base.py", line 72, in get_connection
    conn = Connection.get_connection_from_secrets(conn_id)
  File "/home/airflow/.local/lib/python3.8/site-packages/airflow/models/connection.py", line 477, in get_connection_from_secrets
    raise AirflowNotFoundException(f"The conn_id `{conn_id}` isn't defined")
airflow.exceptions.AirflowNotFoundException: The conn_id `postgres_default` isn't defined
[2026-03-28T11:39:04.589+0000] {taskinstance.py:1400} INFO - Marking task as FAILED. dag_id=PDE_2_transform_raw_data, task_id=transform_data, execution_date=20240101T000000, start_date=20260328T113904, end_date=20260328T113904
[2026-03-28T11:39:04.593+0000] {standard_task_runner.py:104} ERROR - Failed to execute job 6 for task transform_data (The conn_id `postgres_default` isn't defined; 428)
[2026-03-28T11:39:04.628+0000] {local_task_job_runner.py:228} INFO - Task exited with return code 1
[2026-03-28T11:39:04.635+0000] {taskinstance.py:2784} INFO - 0 downstream tasks scheduled from follow-on schedule check
