[2026-03-28T11:53:12.292+0000] {taskinstance.py:1159} INFO - Dependencies all met for dep_context=non-requeueable deps ti=<TaskInstance: PDE_5_load_items_aggregates.load_items_aggregates manual__2026-03-28T11:53:11.225283+00:00 [queued]>
[2026-03-28T11:53:12.294+0000] {taskinstance.py:1159} INFO - Dependencies all met for dep_context=requeueable deps ti=<TaskInstance: PDE_5_load_items_aggregates.load_items_aggregates manual__2026-03-28T11:53:11.225283+00:00 [queued]>
[2026-03-28T11:53:12.295+0000] {taskinstance.py:1361} INFO - Starting attempt 1 of 2
[2026-03-28T11:53:12.300+0000] {taskinstance.py:1382} INFO - Executing <Task(PythonOperator): load_items_aggregates> on 2026-03-28 11:53:11.225283+00:00
[2026-03-28T11:53:12.302+0000] {standard_task_runner.py:57} INFO - Started process 2280 to run task
[2026-03-28T11:53:12.303+0000] {standard_task_runner.py:84} INFO - Running: ['***', 'tasks', 'run', 'PDE_5_load_items_aggregates', 'load_items_aggregates', 'manual__2026-03-28T11:53:11.225283+00:00', '--job-id', '56', '--raw', '--subdir', 'DAGS_FOLDER/PDE_5_mart_load_item_aggregates.py', '--cfg-path', '/tmp/tmp_zlm488g']
[2026-03-28T11:53:12.304+0000] {standard_task_runner.py:85} INFO - Job 56: Subtask load_items_aggregates
[2026-03-28T11:53:12.321+0000] {task_command.py:415} INFO - Running <TaskInstance: PDE_5_load_items_aggregates.load_items_aggregates manual__2026-03-28T11:53:11.225283+00:00 [running]> on host fff55fa1f1fa
[2026-03-28T11:53:12.350+0000] {taskinstance.py:1660} INFO - Exporting env vars: AIRFLOW_CTX_DAG_OWNER='data_team' AIRFLOW_CTX_DAG_ID='PDE_5_load_items_aggregates' AIRFLOW_CTX_TASK_ID='load_items_aggregates' AIRFLOW_CTX_EXECUTION_DATE='2026-03-28T11:53:11.225283+00:00' AIRFLOW_CTX_TRY_NUMBER='1' AIRFLOW_CTX_DAG_RUN_ID='manual__2026-03-28T11:53:11.225283+00:00'
[2026-03-28T11:53:12.351+0000] {crypto.py:82} WARNING - empty cryptography key - values will not be stored encrypted.
[2026-03-28T11:53:12.351+0000] {base.py:73} INFO - Using connection ID 'postgres_default' for task execution.
[2026-03-28T11:53:12.354+0000] {logging_mixin.py:151} INFO - 🗑️ Таблица items_aggregates очищена
[2026-03-28T11:53:12.792+0000] {logging_mixin.py:151} INFO - ✅ Загружены базовые метрики
[2026-03-28T11:53:12.809+0000] {logging_mixin.py:151} INFO - ✅ Обновлены флаги самых популярных товаров за день
[2026-03-28T11:53:12.825+0000] {logging_mixin.py:151} INFO - ✅ Обновлены флаги самых популярных товаров за неделю
[2026-03-28T11:53:12.841+0000] {logging_mixin.py:151} INFO - ✅ Обновлены флаги самых популярных товаров за месяц
[2026-03-28T11:53:12.842+0000] {python.py:194} INFO - Done. Returned value was: None
[2026-03-28T11:53:12.846+0000] {taskinstance.py:1400} INFO - Marking task as SUCCESS. dag_id=PDE_5_load_items_aggregates, task_id=load_items_aggregates, execution_date=20260328T115311, start_date=20260328T115312, end_date=20260328T115312
[2026-03-28T11:53:12.881+0000] {local_task_job_runner.py:228} INFO - Task exited with return code 0
[2026-03-28T11:53:12.888+0000] {taskinstance.py:2784} INFO - 0 downstream tasks scheduled from follow-on schedule check
