[2026-03-27T11:13:36.747+0000] {taskinstance.py:1159} INFO - Dependencies all met for dep_context=non-requeueable deps ti=<TaskInstance: PDE_5_load_items_aggregates.load_items_aggregates scheduled__2024-01-01T00:00:00+00:00 [queued]>
[2026-03-27T11:13:36.750+0000] {taskinstance.py:1159} INFO - Dependencies all met for dep_context=requeueable deps ti=<TaskInstance: PDE_5_load_items_aggregates.load_items_aggregates scheduled__2024-01-01T00:00:00+00:00 [queued]>
[2026-03-27T11:13:36.750+0000] {taskinstance.py:1361} INFO - Starting attempt 1 of 2
[2026-03-27T11:13:36.754+0000] {taskinstance.py:1382} INFO - Executing <Task(PythonOperator): load_items_aggregates> on 2024-01-01 00:00:00+00:00
[2026-03-27T11:13:36.756+0000] {standard_task_runner.py:57} INFO - Started process 755 to run task
[2026-03-27T11:13:36.757+0000] {standard_task_runner.py:84} INFO - Running: ['***', 'tasks', 'run', 'PDE_5_load_items_aggregates', 'load_items_aggregates', 'scheduled__2024-01-01T00:00:00+00:00', '--job-id', '14', '--raw', '--subdir', 'DAGS_FOLDER/PDE_5_mart_load_item_aggregates.py', '--cfg-path', '/tmp/tmpaq8y5fjy']
[2026-03-27T11:13:36.758+0000] {standard_task_runner.py:85} INFO - Job 14: Subtask load_items_aggregates
[2026-03-27T11:13:36.774+0000] {task_command.py:415} INFO - Running <TaskInstance: PDE_5_load_items_aggregates.load_items_aggregates scheduled__2024-01-01T00:00:00+00:00 [running]> on host b8b4e475d066
[2026-03-27T11:13:36.797+0000] {taskinstance.py:1660} INFO - Exporting env vars: AIRFLOW_CTX_DAG_OWNER='data_team' AIRFLOW_CTX_DAG_ID='PDE_5_load_items_aggregates' AIRFLOW_CTX_TASK_ID='load_items_aggregates' AIRFLOW_CTX_EXECUTION_DATE='2024-01-01T00:00:00+00:00' AIRFLOW_CTX_TRY_NUMBER='1' AIRFLOW_CTX_DAG_RUN_ID='scheduled__2024-01-01T00:00:00+00:00'
[2026-03-27T11:13:36.800+0000] {base.py:73} INFO - Using connection ID 'postgres_default' for task execution.
[2026-03-27T11:13:36.801+0000] {logging_mixin.py:151} INFO - ❌ Ошибка при загрузке: schema "hse_python_etl_project" does not exist
[2026-03-27T11:13:36.802+0000] {taskinstance.py:1943} ERROR - Task failed with exception
Traceback (most recent call last):
  File "/home/airflow/.local/lib/python3.8/site-packages/airflow/operators/python.py", line 192, in execute
    return_value = self.execute_callable()
  File "/home/airflow/.local/lib/python3.8/site-packages/airflow/operators/python.py", line 209, in execute_callable
    return self.python_callable(*self.op_args, **self.op_kwargs)
  File "/opt/airflow/dags/PDE_5_mart_load_item_aggregates.py", line 19, in load_items_aggregates
    cursor.execute("TRUNCATE TABLE hse_python_etl_project.items_aggregates;")
psycopg2.errors.InvalidSchemaName: schema "hse_python_etl_project" does not exist

[2026-03-27T11:13:36.804+0000] {taskinstance.py:1400} INFO - Marking task as UP_FOR_RETRY. dag_id=PDE_5_load_items_aggregates, task_id=load_items_aggregates, execution_date=20240101T000000, start_date=20260327T111336, end_date=20260327T111336
[2026-03-27T11:13:36.808+0000] {standard_task_runner.py:104} ERROR - Failed to execute job 14 for task load_items_aggregates (schema "hse_python_etl_project" does not exist
; 755)
[2026-03-27T11:13:36.814+0000] {local_task_job_runner.py:228} INFO - Task exited with return code 1
[2026-03-27T11:13:36.820+0000] {taskinstance.py:2784} INFO - 0 downstream tasks scheduled from follow-on schedule check
[2026-03-28T11:39:02.299+0000] {taskinstance.py:1159} INFO - Dependencies all met for dep_context=non-requeueable deps ti=<TaskInstance: PDE_5_load_items_aggregates.load_items_aggregates scheduled__2024-01-01T00:00:00+00:00 [queued]>
[2026-03-28T11:39:02.302+0000] {taskinstance.py:1159} INFO - Dependencies all met for dep_context=requeueable deps ti=<TaskInstance: PDE_5_load_items_aggregates.load_items_aggregates scheduled__2024-01-01T00:00:00+00:00 [queued]>
[2026-03-28T11:39:02.303+0000] {taskinstance.py:1361} INFO - Starting attempt 1 of 2
[2026-03-28T11:39:02.307+0000] {taskinstance.py:1382} INFO - Executing <Task(PythonOperator): load_items_aggregates> on 2024-01-01 00:00:00+00:00
[2026-03-28T11:39:02.309+0000] {standard_task_runner.py:57} INFO - Started process 423 to run task
[2026-03-28T11:39:02.311+0000] {standard_task_runner.py:84} INFO - Running: ['***', 'tasks', 'run', 'PDE_5_load_items_aggregates', 'load_items_aggregates', 'scheduled__2024-01-01T00:00:00+00:00', '--job-id', '4', '--raw', '--subdir', 'DAGS_FOLDER/PDE_5_mart_load_item_aggregates.py', '--cfg-path', '/tmp/tmpvnsxh8et']
[2026-03-28T11:39:02.313+0000] {standard_task_runner.py:85} INFO - Job 4: Subtask load_items_aggregates
[2026-03-28T11:39:02.330+0000] {task_command.py:415} INFO - Running <TaskInstance: PDE_5_load_items_aggregates.load_items_aggregates scheduled__2024-01-01T00:00:00+00:00 [running]> on host 54b7048a2b02
[2026-03-28T11:39:02.356+0000] {taskinstance.py:1660} INFO - Exporting env vars: AIRFLOW_CTX_DAG_OWNER='data_team' AIRFLOW_CTX_DAG_ID='PDE_5_load_items_aggregates' AIRFLOW_CTX_TASK_ID='load_items_aggregates' AIRFLOW_CTX_EXECUTION_DATE='2024-01-01T00:00:00+00:00' AIRFLOW_CTX_TRY_NUMBER='1' AIRFLOW_CTX_DAG_RUN_ID='scheduled__2024-01-01T00:00:00+00:00'
[2026-03-28T11:39:02.363+0000] {taskinstance.py:1943} ERROR - Task failed with exception
Traceback (most recent call last):
  File "/home/airflow/.local/lib/python3.8/site-packages/airflow/operators/python.py", line 192, in execute
    return_value = self.execute_callable()
  File "/home/airflow/.local/lib/python3.8/site-packages/airflow/operators/python.py", line 209, in execute_callable
    return self.python_callable(*self.op_args, **self.op_kwargs)
  File "/opt/airflow/dags/PDE_5_mart_load_item_aggregates.py", line 14, in load_items_aggregates
    conn = pg_hook.get_conn()
  File "/home/airflow/.local/lib/python3.8/site-packages/airflow/providers/postgres/hooks/postgres.py", line 124, in get_conn
    conn = deepcopy(self.connection or self.get_connection(conn_id))
  File "/home/airflow/.local/lib/python3.8/site-packages/airflow/hooks/base.py", line 72, in get_connection
    conn = Connection.get_connection_from_secrets(conn_id)
  File "/home/airflow/.local/lib/python3.8/site-packages/airflow/models/connection.py", line 477, in get_connection_from_secrets
    raise AirflowNotFoundException(f"The conn_id `{conn_id}` isn't defined")
airflow.exceptions.AirflowNotFoundException: The conn_id `postgres_default` isn't defined
[2026-03-28T11:39:02.365+0000] {taskinstance.py:1400} INFO - Marking task as UP_FOR_RETRY. dag_id=PDE_5_load_items_aggregates, task_id=load_items_aggregates, execution_date=20240101T000000, start_date=20260328T113902, end_date=20260328T113902
[2026-03-28T11:39:02.368+0000] {standard_task_runner.py:104} ERROR - Failed to execute job 4 for task load_items_aggregates (The conn_id `postgres_default` isn't defined; 423)
[2026-03-28T11:39:02.409+0000] {local_task_job_runner.py:228} INFO - Task exited with return code 1
[2026-03-28T11:39:02.416+0000] {taskinstance.py:2784} INFO - 0 downstream tasks scheduled from follow-on schedule check
