[2026-03-27T11:11:40.785+0000] {taskinstance.py:1159} INFO - Dependencies all met for dep_context=non-requeueable deps ti=<TaskInstance: PDE_0_create_schema_and_tables.create_objects scheduled__2024-01-01T00:00:00+00:00 [queued]>
[2026-03-27T11:11:40.788+0000] {taskinstance.py:1159} INFO - Dependencies all met for dep_context=requeueable deps ti=<TaskInstance: PDE_0_create_schema_and_tables.create_objects scheduled__2024-01-01T00:00:00+00:00 [queued]>
[2026-03-27T11:11:40.789+0000] {taskinstance.py:1361} INFO - Starting attempt 1 of 2
[2026-03-27T11:11:40.793+0000] {taskinstance.py:1382} INFO - Executing <Task(PythonOperator): create_objects> on 2024-01-01 00:00:00+00:00
[2026-03-27T11:11:40.794+0000] {standard_task_runner.py:57} INFO - Started process 346 to run task
[2026-03-27T11:11:40.796+0000] {standard_task_runner.py:84} INFO - Running: ['***', 'tasks', 'run', 'PDE_0_create_schema_and_tables', 'create_objects', 'scheduled__2024-01-01T00:00:00+00:00', '--job-id', '8', '--raw', '--subdir', 'DAGS_FOLDER/PDE_0_create_schema_and_tables.py', '--cfg-path', '/tmp/tmpq063rxwt']
[2026-03-27T11:11:40.796+0000] {standard_task_runner.py:85} INFO - Job 8: Subtask create_objects
[2026-03-27T11:11:40.813+0000] {task_command.py:415} INFO - Running <TaskInstance: PDE_0_create_schema_and_tables.create_objects scheduled__2024-01-01T00:00:00+00:00 [running]> on host b8b4e475d066
[2026-03-27T11:11:40.840+0000] {taskinstance.py:1660} INFO - Exporting env vars: AIRFLOW_CTX_DAG_OWNER='data_team' AIRFLOW_CTX_DAG_ID='PDE_0_create_schema_and_tables' AIRFLOW_CTX_TASK_ID='create_objects' AIRFLOW_CTX_EXECUTION_DATE='2024-01-01T00:00:00+00:00' AIRFLOW_CTX_TRY_NUMBER='1' AIRFLOW_CTX_DAG_RUN_ID='scheduled__2024-01-01T00:00:00+00:00'
[2026-03-27T11:11:40.846+0000] {taskinstance.py:1943} ERROR - Task failed with exception
Traceback (most recent call last):
  File "/home/airflow/.local/lib/python3.8/site-packages/airflow/operators/python.py", line 192, in execute
    return_value = self.execute_callable()
  File "/home/airflow/.local/lib/python3.8/site-packages/airflow/operators/python.py", line 209, in execute_callable
    return self.python_callable(*self.op_args, **self.op_kwargs)
  File "/opt/airflow/dags/PDE_0_create_schema_and_tables.py", line 14, in create_objects
    conn = pg_hook.get_conn()
  File "/home/airflow/.local/lib/python3.8/site-packages/airflow/providers/postgres/hooks/postgres.py", line 124, in get_conn
    conn = deepcopy(self.connection or self.get_connection(conn_id))
  File "/home/airflow/.local/lib/python3.8/site-packages/airflow/hooks/base.py", line 72, in get_connection
    conn = Connection.get_connection_from_secrets(conn_id)
  File "/home/airflow/.local/lib/python3.8/site-packages/airflow/models/connection.py", line 477, in get_connection_from_secrets
    raise AirflowNotFoundException(f"The conn_id `{conn_id}` isn't defined")
airflow.exceptions.AirflowNotFoundException: The conn_id `postgres_default` isn't defined
[2026-03-27T11:11:40.848+0000] {taskinstance.py:1400} INFO - Marking task as UP_FOR_RETRY. dag_id=PDE_0_create_schema_and_tables, task_id=create_objects, execution_date=20240101T000000, start_date=20260327T111140, end_date=20260327T111140
[2026-03-27T11:11:40.852+0000] {standard_task_runner.py:104} ERROR - Failed to execute job 8 for task create_objects (The conn_id `postgres_default` isn't defined; 346)
[2026-03-27T11:11:40.895+0000] {local_task_job_runner.py:228} INFO - Task exited with return code 1
[2026-03-27T11:11:40.901+0000] {taskinstance.py:2784} INFO - 0 downstream tasks scheduled from follow-on schedule check
[2026-03-28T11:39:05.701+0000] {taskinstance.py:1159} INFO - Dependencies all met for dep_context=non-requeueable deps ti=<TaskInstance: PDE_0_create_schema_and_tables.create_objects scheduled__2024-01-01T00:00:00+00:00 [queued]>
[2026-03-28T11:39:05.706+0000] {taskinstance.py:1159} INFO - Dependencies all met for dep_context=requeueable deps ti=<TaskInstance: PDE_0_create_schema_and_tables.create_objects scheduled__2024-01-01T00:00:00+00:00 [queued]>
[2026-03-28T11:39:05.707+0000] {taskinstance.py:1361} INFO - Starting attempt 1 of 2
[2026-03-28T11:39:05.713+0000] {taskinstance.py:1382} INFO - Executing <Task(PythonOperator): create_objects> on 2024-01-01 00:00:00+00:00
[2026-03-28T11:39:05.715+0000] {standard_task_runner.py:57} INFO - Started process 435 to run task
[2026-03-28T11:39:05.717+0000] {standard_task_runner.py:84} INFO - Running: ['***', 'tasks', 'run', 'PDE_0_create_schema_and_tables', 'create_objects', 'scheduled__2024-01-01T00:00:00+00:00', '--job-id', '8', '--raw', '--subdir', 'DAGS_FOLDER/PDE_0_create_schema_and_tables.py', '--cfg-path', '/tmp/tmpfkto85ak']
[2026-03-28T11:39:05.718+0000] {standard_task_runner.py:85} INFO - Job 8: Subtask create_objects
[2026-03-28T11:39:05.742+0000] {task_command.py:415} INFO - Running <TaskInstance: PDE_0_create_schema_and_tables.create_objects scheduled__2024-01-01T00:00:00+00:00 [running]> on host 54b7048a2b02
[2026-03-28T11:39:05.777+0000] {taskinstance.py:1660} INFO - Exporting env vars: AIRFLOW_CTX_DAG_OWNER='data_team' AIRFLOW_CTX_DAG_ID='PDE_0_create_schema_and_tables' AIRFLOW_CTX_TASK_ID='create_objects' AIRFLOW_CTX_EXECUTION_DATE='2024-01-01T00:00:00+00:00' AIRFLOW_CTX_TRY_NUMBER='1' AIRFLOW_CTX_DAG_RUN_ID='scheduled__2024-01-01T00:00:00+00:00'
[2026-03-28T11:39:05.784+0000] {taskinstance.py:1943} ERROR - Task failed with exception
Traceback (most recent call last):
  File "/home/airflow/.local/lib/python3.8/site-packages/airflow/operators/python.py", line 192, in execute
    return_value = self.execute_callable()
  File "/home/airflow/.local/lib/python3.8/site-packages/airflow/operators/python.py", line 209, in execute_callable
    return self.python_callable(*self.op_args, **self.op_kwargs)
  File "/opt/airflow/dags/PDE_0_create_schema_and_tables.py", line 14, in create_objects
    conn = pg_hook.get_conn()
  File "/home/airflow/.local/lib/python3.8/site-packages/airflow/providers/postgres/hooks/postgres.py", line 124, in get_conn
    conn = deepcopy(self.connection or self.get_connection(conn_id))
  File "/home/airflow/.local/lib/python3.8/site-packages/airflow/hooks/base.py", line 72, in get_connection
    conn = Connection.get_connection_from_secrets(conn_id)
  File "/home/airflow/.local/lib/python3.8/site-packages/airflow/models/connection.py", line 477, in get_connection_from_secrets
    raise AirflowNotFoundException(f"The conn_id `{conn_id}` isn't defined")
airflow.exceptions.AirflowNotFoundException: The conn_id `postgres_default` isn't defined
[2026-03-28T11:39:05.786+0000] {taskinstance.py:1400} INFO - Marking task as UP_FOR_RETRY. dag_id=PDE_0_create_schema_and_tables, task_id=create_objects, execution_date=20240101T000000, start_date=20260328T113905, end_date=20260328T113905
[2026-03-28T11:39:05.791+0000] {standard_task_runner.py:104} ERROR - Failed to execute job 8 for task create_objects (The conn_id `postgres_default` isn't defined; 435)
[2026-03-28T11:39:05.814+0000] {local_task_job_runner.py:228} INFO - Task exited with return code 1
[2026-03-28T11:39:05.820+0000] {taskinstance.py:2784} INFO - 0 downstream tasks scheduled from follow-on schedule check
