[2026-03-28T11:44:06.250+0000] {taskinstance.py:1159} INFO - Dependencies all met for dep_context=non-requeueable deps ti=<TaskInstance: PDE_0_create_schema_and_tables.create_objects scheduled__2024-01-01T00:00:00+00:00 [queued]>
[2026-03-28T11:44:06.254+0000] {taskinstance.py:1159} INFO - Dependencies all met for dep_context=requeueable deps ti=<TaskInstance: PDE_0_create_schema_and_tables.create_objects scheduled__2024-01-01T00:00:00+00:00 [queued]>
[2026-03-28T11:44:06.255+0000] {taskinstance.py:1361} INFO - Starting attempt 2 of 2
[2026-03-28T11:44:06.261+0000] {taskinstance.py:1382} INFO - Executing <Task(PythonOperator): create_objects> on 2024-01-01 00:00:00+00:00
[2026-03-28T11:44:06.263+0000] {standard_task_runner.py:57} INFO - Started process 285 to run task
[2026-03-28T11:44:06.265+0000] {standard_task_runner.py:84} INFO - Running: ['***', 'tasks', 'run', 'PDE_0_create_schema_and_tables', 'create_objects', 'scheduled__2024-01-01T00:00:00+00:00', '--job-id', '17', '--raw', '--subdir', 'DAGS_FOLDER/PDE_0_create_schema_and_tables.py', '--cfg-path', '/tmp/tmp_s3e_gqo']
[2026-03-28T11:44:06.267+0000] {standard_task_runner.py:85} INFO - Job 17: Subtask create_objects
[2026-03-28T11:44:06.292+0000] {task_command.py:415} INFO - Running <TaskInstance: PDE_0_create_schema_and_tables.create_objects scheduled__2024-01-01T00:00:00+00:00 [running]> on host fff55fa1f1fa
[2026-03-28T11:44:06.323+0000] {taskinstance.py:1660} INFO - Exporting env vars: AIRFLOW_CTX_DAG_OWNER='data_team' AIRFLOW_CTX_DAG_ID='PDE_0_create_schema_and_tables' AIRFLOW_CTX_TASK_ID='create_objects' AIRFLOW_CTX_EXECUTION_DATE='2024-01-01T00:00:00+00:00' AIRFLOW_CTX_TRY_NUMBER='2' AIRFLOW_CTX_DAG_RUN_ID='scheduled__2024-01-01T00:00:00+00:00'
[2026-03-28T11:44:06.325+0000] {crypto.py:82} WARNING - empty cryptography key - values will not be stored encrypted.
[2026-03-28T11:44:06.325+0000] {base.py:73} INFO - Using connection ID 'postgres_default' for task execution.
[2026-03-28T11:44:06.327+0000] {logging_mixin.py:151} INFO - 🗑️ Старые таблицы удалены
[2026-03-28T11:44:06.341+0000] {logging_mixin.py:151} INFO - ❌ Ошибка при создании объектов: relation "raw_parquet_data" already exists
[2026-03-28T11:44:06.341+0000] {taskinstance.py:1943} ERROR - Task failed with exception
Traceback (most recent call last):
  File "/home/airflow/.local/lib/python3.8/site-packages/airflow/operators/python.py", line 192, in execute
    return_value = self.execute_callable()
  File "/home/airflow/.local/lib/python3.8/site-packages/airflow/operators/python.py", line 209, in execute_callable
    return self.python_callable(*self.op_args, **self.op_kwargs)
  File "/opt/airflow/dags/PDE_0_create_schema_and_tables.py", line 40, in create_objects
    cursor.execute("""
psycopg2.errors.DuplicateTable: relation "raw_parquet_data" already exists

[2026-03-28T11:44:06.345+0000] {taskinstance.py:1400} INFO - Marking task as FAILED. dag_id=PDE_0_create_schema_and_tables, task_id=create_objects, execution_date=20240101T000000, start_date=20260328T114406, end_date=20260328T114406
[2026-03-28T11:44:06.350+0000] {standard_task_runner.py:104} ERROR - Failed to execute job 17 for task create_objects (relation "raw_parquet_data" already exists
; 285)
[2026-03-28T11:44:06.362+0000] {local_task_job_runner.py:228} INFO - Task exited with return code 1
[2026-03-28T11:44:06.370+0000] {taskinstance.py:2784} INFO - 0 downstream tasks scheduled from follow-on schedule check
