[2026-03-27T10:55:58.152+0000] {processor.py:157} INFO - Started process (PID=206) to work on /opt/airflow/dags/pets/pets_dag.py
[2026-03-27T10:55:58.153+0000] {processor.py:829} INFO - Processing file /opt/airflow/dags/pets/pets_dag.py for tasks to queue
[2026-03-27T10:55:58.154+0000] {logging_mixin.py:151} INFO - [2026-03-27T10:55:58.154+0000] {dagbag.py:539} INFO - Filling up the DagBag from /opt/airflow/dags/pets/pets_dag.py
[2026-03-27T10:55:58.288+0000] {processor.py:839} INFO - DAG(s) dict_keys(['pets_to_postgres']) retrieved from /opt/airflow/dags/pets/pets_dag.py
[2026-03-27T10:55:58.323+0000] {logging_mixin.py:151} INFO - [2026-03-27T10:55:58.323+0000] {manager.py:501} INFO - Created Permission View: can edit on DAG:pets_to_postgres
[2026-03-27T10:55:58.326+0000] {logging_mixin.py:151} INFO - [2026-03-27T10:55:58.326+0000] {manager.py:501} INFO - Created Permission View: can read on DAG:pets_to_postgres
[2026-03-27T10:55:58.328+0000] {logging_mixin.py:151} INFO - [2026-03-27T10:55:58.328+0000] {manager.py:501} INFO - Created Permission View: can delete on DAG:pets_to_postgres
[2026-03-27T10:55:58.332+0000] {logging_mixin.py:151} INFO - [2026-03-27T10:55:58.332+0000] {dag.py:2907} INFO - Sync 1 DAGs
[2026-03-27T10:55:58.337+0000] {logging_mixin.py:151} INFO - [2026-03-27T10:55:58.336+0000] {dag.py:2929} INFO - Creating ORM DAG for pets_to_postgres
[2026-03-27T10:55:58.340+0000] {logging_mixin.py:151} INFO - [2026-03-27T10:55:58.340+0000] {dag.py:3677} INFO - Setting next_dagrun for pets_to_postgres to 2024-01-01T00:00:00+00:00, run_after=2024-01-01T00:00:00+00:00
[2026-03-27T10:55:58.345+0000] {processor.py:179} INFO - Processing /opt/airflow/dags/pets/pets_dag.py took 0.195 seconds
[2026-03-27T10:56:08.566+0000] {processor.py:157} INFO - Started process (PID=259) to work on /opt/airflow/dags/pets/pets_dag.py
[2026-03-27T10:56:08.566+0000] {processor.py:829} INFO - Processing file /opt/airflow/dags/pets/pets_dag.py for tasks to queue
[2026-03-27T10:56:08.567+0000] {logging_mixin.py:151} INFO - [2026-03-27T10:56:08.567+0000] {dagbag.py:539} INFO - Filling up the DagBag from /opt/airflow/dags/pets/pets_dag.py
[2026-03-27T10:56:08.677+0000] {processor.py:839} INFO - DAG(s) dict_keys(['pets_to_postgres']) retrieved from /opt/airflow/dags/pets/pets_dag.py
[2026-03-27T10:56:08.682+0000] {logging_mixin.py:151} INFO - [2026-03-27T10:56:08.682+0000] {dag.py:2907} INFO - Sync 1 DAGs
[2026-03-27T10:56:08.690+0000] {logging_mixin.py:151} INFO - [2026-03-27T10:56:08.690+0000] {dag.py:3677} INFO - Setting next_dagrun for pets_to_postgres to 2024-01-01T00:00:00+00:00, run_after=2024-01-01T00:00:00+00:00
[2026-03-27T10:56:08.696+0000] {processor.py:179} INFO - Processing /opt/airflow/dags/pets/pets_dag.py took 0.132 seconds
[2026-03-27T10:56:18.995+0000] {processor.py:157} INFO - Started process (PID=305) to work on /opt/airflow/dags/pets/pets_dag.py
[2026-03-27T10:56:18.995+0000] {processor.py:829} INFO - Processing file /opt/airflow/dags/pets/pets_dag.py for tasks to queue
[2026-03-27T10:56:18.996+0000] {logging_mixin.py:151} INFO - [2026-03-27T10:56:18.996+0000] {dagbag.py:539} INFO - Filling up the DagBag from /opt/airflow/dags/pets/pets_dag.py
[2026-03-27T10:56:19.125+0000] {processor.py:839} INFO - DAG(s) dict_keys(['pets_to_postgres']) retrieved from /opt/airflow/dags/pets/pets_dag.py
[2026-03-27T10:56:19.129+0000] {logging_mixin.py:151} INFO - [2026-03-27T10:56:19.129+0000] {dag.py:2907} INFO - Sync 1 DAGs
[2026-03-27T10:56:19.137+0000] {logging_mixin.py:151} INFO - [2026-03-27T10:56:19.137+0000] {dag.py:3677} INFO - Setting next_dagrun for pets_to_postgres to 2024-01-01T00:00:00+00:00, run_after=2024-01-01T00:00:00+00:00
[2026-03-27T10:56:19.142+0000] {processor.py:179} INFO - Processing /opt/airflow/dags/pets/pets_dag.py took 0.150 seconds
[2026-03-27T10:56:29.464+0000] {processor.py:157} INFO - Started process (PID=353) to work on /opt/airflow/dags/pets/pets_dag.py
[2026-03-27T10:56:29.464+0000] {processor.py:829} INFO - Processing file /opt/airflow/dags/pets/pets_dag.py for tasks to queue
[2026-03-27T10:56:29.466+0000] {logging_mixin.py:151} INFO - [2026-03-27T10:56:29.466+0000] {dagbag.py:539} INFO - Filling up the DagBag from /opt/airflow/dags/pets/pets_dag.py
[2026-03-27T10:56:29.583+0000] {processor.py:839} INFO - DAG(s) dict_keys(['pets_to_postgres']) retrieved from /opt/airflow/dags/pets/pets_dag.py
[2026-03-27T10:56:29.590+0000] {logging_mixin.py:151} INFO - [2026-03-27T10:56:29.590+0000] {dag.py:2907} INFO - Sync 1 DAGs
[2026-03-27T10:56:29.597+0000] {logging_mixin.py:151} INFO - [2026-03-27T10:56:29.597+0000] {dag.py:3677} INFO - Setting next_dagrun for pets_to_postgres to 2024-01-01T00:00:00+00:00, run_after=2024-01-01T00:00:00+00:00
[2026-03-27T10:56:29.603+0000] {processor.py:179} INFO - Processing /opt/airflow/dags/pets/pets_dag.py took 0.140 seconds
[2026-03-27T10:56:39.921+0000] {processor.py:157} INFO - Started process (PID=401) to work on /opt/airflow/dags/pets/pets_dag.py
[2026-03-27T10:56:39.922+0000] {processor.py:829} INFO - Processing file /opt/airflow/dags/pets/pets_dag.py for tasks to queue
[2026-03-27T10:56:39.924+0000] {logging_mixin.py:151} INFO - [2026-03-27T10:56:39.924+0000] {dagbag.py:539} INFO - Filling up the DagBag from /opt/airflow/dags/pets/pets_dag.py
[2026-03-27T10:56:40.039+0000] {processor.py:839} INFO - DAG(s) dict_keys(['pets_to_postgres']) retrieved from /opt/airflow/dags/pets/pets_dag.py
[2026-03-27T10:56:40.047+0000] {logging_mixin.py:151} INFO - [2026-03-27T10:56:40.047+0000] {dag.py:2907} INFO - Sync 1 DAGs
[2026-03-27T10:56:40.054+0000] {logging_mixin.py:151} INFO - [2026-03-27T10:56:40.054+0000] {dag.py:3677} INFO - Setting next_dagrun for pets_to_postgres to 2024-01-01T00:00:00+00:00, run_after=2024-01-01T00:00:00+00:00
[2026-03-27T10:56:40.060+0000] {processor.py:179} INFO - Processing /opt/airflow/dags/pets/pets_dag.py took 0.140 seconds
[2026-03-27T10:56:50.402+0000] {processor.py:157} INFO - Started process (PID=449) to work on /opt/airflow/dags/pets/pets_dag.py
[2026-03-27T10:56:50.403+0000] {processor.py:829} INFO - Processing file /opt/airflow/dags/pets/pets_dag.py for tasks to queue
[2026-03-27T10:56:50.404+0000] {logging_mixin.py:151} INFO - [2026-03-27T10:56:50.404+0000] {dagbag.py:539} INFO - Filling up the DagBag from /opt/airflow/dags/pets/pets_dag.py
[2026-03-27T10:56:50.529+0000] {processor.py:839} INFO - DAG(s) dict_keys(['pets_to_postgres']) retrieved from /opt/airflow/dags/pets/pets_dag.py
[2026-03-27T10:56:50.538+0000] {logging_mixin.py:151} INFO - [2026-03-27T10:56:50.538+0000] {dag.py:2907} INFO - Sync 1 DAGs
[2026-03-27T10:56:50.547+0000] {logging_mixin.py:151} INFO - [2026-03-27T10:56:50.547+0000] {dag.py:3677} INFO - Setting next_dagrun for pets_to_postgres to 2024-01-01T00:00:00+00:00, run_after=2024-01-01T00:00:00+00:00
[2026-03-27T10:56:50.554+0000] {processor.py:179} INFO - Processing /opt/airflow/dags/pets/pets_dag.py took 0.153 seconds
[2026-03-27T10:57:00.821+0000] {processor.py:157} INFO - Started process (PID=499) to work on /opt/airflow/dags/pets/pets_dag.py
[2026-03-27T10:57:00.821+0000] {processor.py:829} INFO - Processing file /opt/airflow/dags/pets/pets_dag.py for tasks to queue
[2026-03-27T10:57:00.822+0000] {logging_mixin.py:151} INFO - [2026-03-27T10:57:00.822+0000] {dagbag.py:539} INFO - Filling up the DagBag from /opt/airflow/dags/pets/pets_dag.py
[2026-03-27T10:57:00.929+0000] {processor.py:839} INFO - DAG(s) dict_keys(['pets_to_postgres']) retrieved from /opt/airflow/dags/pets/pets_dag.py
[2026-03-27T10:57:00.937+0000] {logging_mixin.py:151} INFO - [2026-03-27T10:57:00.936+0000] {dag.py:2907} INFO - Sync 1 DAGs
[2026-03-27T10:57:00.943+0000] {logging_mixin.py:151} INFO - [2026-03-27T10:57:00.943+0000] {dag.py:3677} INFO - Setting next_dagrun for pets_to_postgres to 2024-01-01T00:00:00+00:00, run_after=2024-01-01T00:00:00+00:00
[2026-03-27T10:57:00.949+0000] {processor.py:179} INFO - Processing /opt/airflow/dags/pets/pets_dag.py took 0.130 seconds
[2026-03-27T10:57:11.211+0000] {processor.py:157} INFO - Started process (PID=545) to work on /opt/airflow/dags/pets/pets_dag.py
[2026-03-27T10:57:11.212+0000] {processor.py:829} INFO - Processing file /opt/airflow/dags/pets/pets_dag.py for tasks to queue
[2026-03-27T10:57:11.213+0000] {logging_mixin.py:151} INFO - [2026-03-27T10:57:11.212+0000] {dagbag.py:539} INFO - Filling up the DagBag from /opt/airflow/dags/pets/pets_dag.py
[2026-03-27T10:57:11.326+0000] {processor.py:839} INFO - DAG(s) dict_keys(['pets_to_postgres']) retrieved from /opt/airflow/dags/pets/pets_dag.py
[2026-03-27T10:57:11.334+0000] {logging_mixin.py:151} INFO - [2026-03-27T10:57:11.334+0000] {dag.py:2907} INFO - Sync 1 DAGs
[2026-03-27T10:57:11.341+0000] {logging_mixin.py:151} INFO - [2026-03-27T10:57:11.341+0000] {dag.py:3677} INFO - Setting next_dagrun for pets_to_postgres to 2024-01-01T00:00:00+00:00, run_after=2024-01-01T00:00:00+00:00
[2026-03-27T10:57:11.347+0000] {processor.py:179} INFO - Processing /opt/airflow/dags/pets/pets_dag.py took 0.137 seconds
[2026-03-27T10:57:21.631+0000] {processor.py:157} INFO - Started process (PID=593) to work on /opt/airflow/dags/pets/pets_dag.py
[2026-03-27T10:57:21.631+0000] {processor.py:829} INFO - Processing file /opt/airflow/dags/pets/pets_dag.py for tasks to queue
[2026-03-27T10:57:21.632+0000] {logging_mixin.py:151} INFO - [2026-03-27T10:57:21.632+0000] {dagbag.py:539} INFO - Filling up the DagBag from /opt/airflow/dags/pets/pets_dag.py
[2026-03-27T10:57:21.813+0000] {processor.py:839} INFO - DAG(s) dict_keys(['pets_to_postgres']) retrieved from /opt/airflow/dags/pets/pets_dag.py
[2026-03-27T10:57:21.823+0000] {logging_mixin.py:151} INFO - [2026-03-27T10:57:21.823+0000] {dag.py:2907} INFO - Sync 1 DAGs
[2026-03-27T10:57:21.832+0000] {logging_mixin.py:151} INFO - [2026-03-27T10:57:21.832+0000] {dag.py:3677} INFO - Setting next_dagrun for pets_to_postgres to 2024-01-01T00:00:00+00:00, run_after=2024-01-01T00:00:00+00:00
[2026-03-27T10:57:21.847+0000] {processor.py:179} INFO - Processing /opt/airflow/dags/pets/pets_dag.py took 0.217 seconds
[2026-03-27T10:57:32.225+0000] {processor.py:157} INFO - Started process (PID=643) to work on /opt/airflow/dags/pets/pets_dag.py
[2026-03-27T10:57:32.225+0000] {processor.py:829} INFO - Processing file /opt/airflow/dags/pets/pets_dag.py for tasks to queue
[2026-03-27T10:57:32.226+0000] {logging_mixin.py:151} INFO - [2026-03-27T10:57:32.226+0000] {dagbag.py:539} INFO - Filling up the DagBag from /opt/airflow/dags/pets/pets_dag.py
[2026-03-27T10:57:32.343+0000] {processor.py:839} INFO - DAG(s) dict_keys(['pets_to_postgres']) retrieved from /opt/airflow/dags/pets/pets_dag.py
[2026-03-27T10:57:32.350+0000] {logging_mixin.py:151} INFO - [2026-03-27T10:57:32.350+0000] {dag.py:2907} INFO - Sync 1 DAGs
[2026-03-27T10:57:32.359+0000] {logging_mixin.py:151} INFO - [2026-03-27T10:57:32.359+0000] {dag.py:3677} INFO - Setting next_dagrun for pets_to_postgres to 2024-01-01T00:00:00+00:00, run_after=2024-01-01T00:00:00+00:00
[2026-03-27T10:57:32.366+0000] {processor.py:179} INFO - Processing /opt/airflow/dags/pets/pets_dag.py took 0.142 seconds
[2026-03-27T10:57:42.604+0000] {processor.py:157} INFO - Started process (PID=689) to work on /opt/airflow/dags/pets/pets_dag.py
[2026-03-27T10:57:42.604+0000] {processor.py:829} INFO - Processing file /opt/airflow/dags/pets/pets_dag.py for tasks to queue
[2026-03-27T10:57:42.605+0000] {logging_mixin.py:151} INFO - [2026-03-27T10:57:42.605+0000] {dagbag.py:539} INFO - Filling up the DagBag from /opt/airflow/dags/pets/pets_dag.py
[2026-03-27T10:57:42.713+0000] {processor.py:839} INFO - DAG(s) dict_keys(['pets_to_postgres']) retrieved from /opt/airflow/dags/pets/pets_dag.py
[2026-03-27T10:57:42.720+0000] {logging_mixin.py:151} INFO - [2026-03-27T10:57:42.720+0000] {dag.py:2907} INFO - Sync 1 DAGs
[2026-03-27T10:57:42.727+0000] {logging_mixin.py:151} INFO - [2026-03-27T10:57:42.727+0000] {dag.py:3677} INFO - Setting next_dagrun for pets_to_postgres to 2024-01-01T00:00:00+00:00, run_after=2024-01-01T00:00:00+00:00
[2026-03-27T10:57:42.733+0000] {processor.py:179} INFO - Processing /opt/airflow/dags/pets/pets_dag.py took 0.130 seconds
[2026-03-27T10:57:53.086+0000] {processor.py:157} INFO - Started process (PID=737) to work on /opt/airflow/dags/pets/pets_dag.py
[2026-03-27T10:57:53.087+0000] {processor.py:829} INFO - Processing file /opt/airflow/dags/pets/pets_dag.py for tasks to queue
[2026-03-27T10:57:53.089+0000] {logging_mixin.py:151} INFO - [2026-03-27T10:57:53.088+0000] {dagbag.py:539} INFO - Filling up the DagBag from /opt/airflow/dags/pets/pets_dag.py
[2026-03-27T10:57:53.203+0000] {processor.py:839} INFO - DAG(s) dict_keys(['pets_to_postgres']) retrieved from /opt/airflow/dags/pets/pets_dag.py
[2026-03-27T10:57:53.210+0000] {logging_mixin.py:151} INFO - [2026-03-27T10:57:53.210+0000] {dag.py:2907} INFO - Sync 1 DAGs
[2026-03-27T10:57:53.217+0000] {logging_mixin.py:151} INFO - [2026-03-27T10:57:53.216+0000] {dag.py:3677} INFO - Setting next_dagrun for pets_to_postgres to 2024-01-01T00:00:00+00:00, run_after=2024-01-01T00:00:00+00:00
[2026-03-27T10:57:53.222+0000] {processor.py:179} INFO - Processing /opt/airflow/dags/pets/pets_dag.py took 0.138 seconds
[2026-03-27T10:58:03.564+0000] {processor.py:157} INFO - Started process (PID=785) to work on /opt/airflow/dags/pets/pets_dag.py
[2026-03-27T10:58:03.565+0000] {processor.py:829} INFO - Processing file /opt/airflow/dags/pets/pets_dag.py for tasks to queue
[2026-03-27T10:58:03.566+0000] {logging_mixin.py:151} INFO - [2026-03-27T10:58:03.565+0000] {dagbag.py:539} INFO - Filling up the DagBag from /opt/airflow/dags/pets/pets_dag.py
[2026-03-27T10:58:03.676+0000] {processor.py:839} INFO - DAG(s) dict_keys(['pets_to_postgres']) retrieved from /opt/airflow/dags/pets/pets_dag.py
[2026-03-27T10:58:03.684+0000] {logging_mixin.py:151} INFO - [2026-03-27T10:58:03.683+0000] {dag.py:2907} INFO - Sync 1 DAGs
[2026-03-27T10:58:03.690+0000] {logging_mixin.py:151} INFO - [2026-03-27T10:58:03.690+0000] {dag.py:3677} INFO - Setting next_dagrun for pets_to_postgres to 2024-01-01T00:00:00+00:00, run_after=2024-01-01T00:00:00+00:00
[2026-03-27T10:58:03.697+0000] {processor.py:179} INFO - Processing /opt/airflow/dags/pets/pets_dag.py took 0.134 seconds
[2026-03-27T10:58:14.008+0000] {processor.py:157} INFO - Started process (PID=833) to work on /opt/airflow/dags/pets/pets_dag.py
[2026-03-27T10:58:14.008+0000] {processor.py:829} INFO - Processing file /opt/airflow/dags/pets/pets_dag.py for tasks to queue
[2026-03-27T10:58:14.009+0000] {logging_mixin.py:151} INFO - [2026-03-27T10:58:14.009+0000] {dagbag.py:539} INFO - Filling up the DagBag from /opt/airflow/dags/pets/pets_dag.py
[2026-03-27T10:58:14.126+0000] {processor.py:839} INFO - DAG(s) dict_keys(['pets_to_postgres']) retrieved from /opt/airflow/dags/pets/pets_dag.py
[2026-03-27T10:58:14.134+0000] {logging_mixin.py:151} INFO - [2026-03-27T10:58:14.133+0000] {dag.py:2907} INFO - Sync 1 DAGs
[2026-03-27T10:58:14.141+0000] {logging_mixin.py:151} INFO - [2026-03-27T10:58:14.141+0000] {dag.py:3677} INFO - Setting next_dagrun for pets_to_postgres to 2024-01-01T00:00:00+00:00, run_after=2024-01-01T00:00:00+00:00
[2026-03-27T10:58:14.147+0000] {processor.py:179} INFO - Processing /opt/airflow/dags/pets/pets_dag.py took 0.141 seconds
[2026-03-27T10:58:24.501+0000] {processor.py:157} INFO - Started process (PID=883) to work on /opt/airflow/dags/pets/pets_dag.py
[2026-03-27T10:58:24.501+0000] {processor.py:829} INFO - Processing file /opt/airflow/dags/pets/pets_dag.py for tasks to queue
[2026-03-27T10:58:24.502+0000] {logging_mixin.py:151} INFO - [2026-03-27T10:58:24.502+0000] {dagbag.py:539} INFO - Filling up the DagBag from /opt/airflow/dags/pets/pets_dag.py
[2026-03-27T10:58:24.614+0000] {processor.py:839} INFO - DAG(s) dict_keys(['pets_to_postgres']) retrieved from /opt/airflow/dags/pets/pets_dag.py
[2026-03-27T10:58:24.622+0000] {logging_mixin.py:151} INFO - [2026-03-27T10:58:24.621+0000] {dag.py:2907} INFO - Sync 1 DAGs
[2026-03-27T10:58:24.629+0000] {logging_mixin.py:151} INFO - [2026-03-27T10:58:24.629+0000] {dag.py:3677} INFO - Setting next_dagrun for pets_to_postgres to 2024-01-01T00:00:00+00:00, run_after=2024-01-01T00:00:00+00:00
[2026-03-27T10:58:24.635+0000] {processor.py:179} INFO - Processing /opt/airflow/dags/pets/pets_dag.py took 0.135 seconds
[2026-03-27T10:58:34.976+0000] {processor.py:157} INFO - Started process (PID=931) to work on /opt/airflow/dags/pets/pets_dag.py
[2026-03-27T10:58:34.977+0000] {processor.py:829} INFO - Processing file /opt/airflow/dags/pets/pets_dag.py for tasks to queue
[2026-03-27T10:58:34.978+0000] {logging_mixin.py:151} INFO - [2026-03-27T10:58:34.977+0000] {dagbag.py:539} INFO - Filling up the DagBag from /opt/airflow/dags/pets/pets_dag.py
[2026-03-27T10:58:35.085+0000] {processor.py:839} INFO - DAG(s) dict_keys(['pets_to_postgres']) retrieved from /opt/airflow/dags/pets/pets_dag.py
[2026-03-27T10:58:35.093+0000] {logging_mixin.py:151} INFO - [2026-03-27T10:58:35.093+0000] {dag.py:2907} INFO - Sync 1 DAGs
[2026-03-27T10:58:35.100+0000] {logging_mixin.py:151} INFO - [2026-03-27T10:58:35.100+0000] {dag.py:3677} INFO - Setting next_dagrun for pets_to_postgres to 2024-01-01T00:00:00+00:00, run_after=2024-01-01T00:00:00+00:00
[2026-03-27T10:58:35.105+0000] {processor.py:179} INFO - Processing /opt/airflow/dags/pets/pets_dag.py took 0.130 seconds
[2026-03-27T10:58:45.390+0000] {processor.py:157} INFO - Started process (PID=977) to work on /opt/airflow/dags/pets/pets_dag.py
[2026-03-27T10:58:45.390+0000] {processor.py:829} INFO - Processing file /opt/airflow/dags/pets/pets_dag.py for tasks to queue
[2026-03-27T10:58:45.391+0000] {logging_mixin.py:151} INFO - [2026-03-27T10:58:45.391+0000] {dagbag.py:539} INFO - Filling up the DagBag from /opt/airflow/dags/pets/pets_dag.py
[2026-03-27T10:58:45.501+0000] {processor.py:839} INFO - DAG(s) dict_keys(['pets_to_postgres']) retrieved from /opt/airflow/dags/pets/pets_dag.py
[2026-03-27T10:58:45.508+0000] {logging_mixin.py:151} INFO - [2026-03-27T10:58:45.508+0000] {dag.py:2907} INFO - Sync 1 DAGs
[2026-03-27T10:58:45.515+0000] {logging_mixin.py:151} INFO - [2026-03-27T10:58:45.515+0000] {dag.py:3677} INFO - Setting next_dagrun for pets_to_postgres to 2024-01-01T00:00:00+00:00, run_after=2024-01-01T00:00:00+00:00
[2026-03-27T10:58:45.521+0000] {processor.py:179} INFO - Processing /opt/airflow/dags/pets/pets_dag.py took 0.133 seconds
[2026-03-27T10:58:55.857+0000] {processor.py:157} INFO - Started process (PID=1027) to work on /opt/airflow/dags/pets/pets_dag.py
[2026-03-27T10:58:55.858+0000] {processor.py:829} INFO - Processing file /opt/airflow/dags/pets/pets_dag.py for tasks to queue
[2026-03-27T10:58:55.858+0000] {logging_mixin.py:151} INFO - [2026-03-27T10:58:55.858+0000] {dagbag.py:539} INFO - Filling up the DagBag from /opt/airflow/dags/pets/pets_dag.py
[2026-03-27T10:58:55.975+0000] {processor.py:839} INFO - DAG(s) dict_keys(['pets_to_postgres']) retrieved from /opt/airflow/dags/pets/pets_dag.py
[2026-03-27T10:58:55.984+0000] {logging_mixin.py:151} INFO - [2026-03-27T10:58:55.984+0000] {dag.py:2907} INFO - Sync 1 DAGs
[2026-03-27T10:58:55.992+0000] {logging_mixin.py:151} INFO - [2026-03-27T10:58:55.992+0000] {dag.py:3677} INFO - Setting next_dagrun for pets_to_postgres to 2024-01-01T00:00:00+00:00, run_after=2024-01-01T00:00:00+00:00
[2026-03-27T10:58:55.998+0000] {processor.py:179} INFO - Processing /opt/airflow/dags/pets/pets_dag.py took 0.143 seconds
[2026-03-27T10:59:06.278+0000] {processor.py:157} INFO - Started process (PID=1075) to work on /opt/airflow/dags/pets/pets_dag.py
[2026-03-27T10:59:06.279+0000] {processor.py:829} INFO - Processing file /opt/airflow/dags/pets/pets_dag.py for tasks to queue
[2026-03-27T10:59:06.279+0000] {logging_mixin.py:151} INFO - [2026-03-27T10:59:06.279+0000] {dagbag.py:539} INFO - Filling up the DagBag from /opt/airflow/dags/pets/pets_dag.py
[2026-03-27T10:59:06.390+0000] {processor.py:839} INFO - DAG(s) dict_keys(['pets_to_postgres']) retrieved from /opt/airflow/dags/pets/pets_dag.py
[2026-03-27T10:59:06.398+0000] {logging_mixin.py:151} INFO - [2026-03-27T10:59:06.398+0000] {dag.py:2907} INFO - Sync 1 DAGs
[2026-03-27T10:59:06.405+0000] {logging_mixin.py:151} INFO - [2026-03-27T10:59:06.405+0000] {dag.py:3677} INFO - Setting next_dagrun for pets_to_postgres to 2024-01-01T00:00:00+00:00, run_after=2024-01-01T00:00:00+00:00
[2026-03-27T10:59:06.411+0000] {processor.py:179} INFO - Processing /opt/airflow/dags/pets/pets_dag.py took 0.134 seconds
[2026-03-27T10:59:16.726+0000] {processor.py:157} INFO - Started process (PID=1121) to work on /opt/airflow/dags/pets/pets_dag.py
[2026-03-27T10:59:16.727+0000] {processor.py:829} INFO - Processing file /opt/airflow/dags/pets/pets_dag.py for tasks to queue
[2026-03-27T10:59:16.728+0000] {logging_mixin.py:151} INFO - [2026-03-27T10:59:16.728+0000] {dagbag.py:539} INFO - Filling up the DagBag from /opt/airflow/dags/pets/pets_dag.py
[2026-03-27T10:59:16.841+0000] {processor.py:839} INFO - DAG(s) dict_keys(['pets_to_postgres']) retrieved from /opt/airflow/dags/pets/pets_dag.py
[2026-03-27T10:59:16.849+0000] {logging_mixin.py:151} INFO - [2026-03-27T10:59:16.849+0000] {dag.py:2907} INFO - Sync 1 DAGs
[2026-03-27T10:59:16.856+0000] {logging_mixin.py:151} INFO - [2026-03-27T10:59:16.855+0000] {dag.py:3677} INFO - Setting next_dagrun for pets_to_postgres to 2024-01-01T00:00:00+00:00, run_after=2024-01-01T00:00:00+00:00
[2026-03-27T10:59:16.861+0000] {processor.py:179} INFO - Processing /opt/airflow/dags/pets/pets_dag.py took 0.137 seconds
[2026-03-27T10:59:27.175+0000] {processor.py:157} INFO - Started process (PID=1171) to work on /opt/airflow/dags/pets/pets_dag.py
[2026-03-27T10:59:27.176+0000] {processor.py:829} INFO - Processing file /opt/airflow/dags/pets/pets_dag.py for tasks to queue
[2026-03-27T10:59:27.177+0000] {logging_mixin.py:151} INFO - [2026-03-27T10:59:27.176+0000] {dagbag.py:539} INFO - Filling up the DagBag from /opt/airflow/dags/pets/pets_dag.py
[2026-03-27T10:59:27.284+0000] {processor.py:839} INFO - DAG(s) dict_keys(['pets_to_postgres']) retrieved from /opt/airflow/dags/pets/pets_dag.py
[2026-03-27T10:59:27.291+0000] {logging_mixin.py:151} INFO - [2026-03-27T10:59:27.291+0000] {dag.py:2907} INFO - Sync 1 DAGs
[2026-03-27T10:59:27.298+0000] {logging_mixin.py:151} INFO - [2026-03-27T10:59:27.298+0000] {dag.py:3677} INFO - Setting next_dagrun for pets_to_postgres to 2024-01-01T00:00:00+00:00, run_after=2024-01-01T00:00:00+00:00
[2026-03-27T10:59:27.304+0000] {processor.py:179} INFO - Processing /opt/airflow/dags/pets/pets_dag.py took 0.130 seconds
[2026-03-27T10:59:37.773+0000] {processor.py:157} INFO - Started process (PID=1219) to work on /opt/airflow/dags/pets/pets_dag.py
[2026-03-27T10:59:37.774+0000] {processor.py:829} INFO - Processing file /opt/airflow/dags/pets/pets_dag.py for tasks to queue
[2026-03-27T10:59:37.774+0000] {logging_mixin.py:151} INFO - [2026-03-27T10:59:37.774+0000] {dagbag.py:539} INFO - Filling up the DagBag from /opt/airflow/dags/pets/pets_dag.py
[2026-03-27T10:59:37.903+0000] {processor.py:839} INFO - DAG(s) dict_keys(['pets_to_postgres']) retrieved from /opt/airflow/dags/pets/pets_dag.py
[2026-03-27T10:59:37.911+0000] {logging_mixin.py:151} INFO - [2026-03-27T10:59:37.911+0000] {dag.py:2907} INFO - Sync 1 DAGs
[2026-03-27T10:59:37.919+0000] {logging_mixin.py:151} INFO - [2026-03-27T10:59:37.919+0000] {dag.py:3677} INFO - Setting next_dagrun for pets_to_postgres to 2024-01-01T00:00:00+00:00, run_after=2024-01-01T00:00:00+00:00
[2026-03-27T10:59:37.925+0000] {processor.py:179} INFO - Processing /opt/airflow/dags/pets/pets_dag.py took 0.153 seconds
[2026-03-27T10:59:48.183+0000] {processor.py:157} INFO - Started process (PID=1267) to work on /opt/airflow/dags/pets/pets_dag.py
[2026-03-27T10:59:48.184+0000] {processor.py:829} INFO - Processing file /opt/airflow/dags/pets/pets_dag.py for tasks to queue
[2026-03-27T10:59:48.185+0000] {logging_mixin.py:151} INFO - [2026-03-27T10:59:48.185+0000] {dagbag.py:539} INFO - Filling up the DagBag from /opt/airflow/dags/pets/pets_dag.py
[2026-03-27T10:59:48.293+0000] {processor.py:839} INFO - DAG(s) dict_keys(['pets_to_postgres']) retrieved from /opt/airflow/dags/pets/pets_dag.py
[2026-03-27T10:59:48.301+0000] {logging_mixin.py:151} INFO - [2026-03-27T10:59:48.300+0000] {dag.py:2907} INFO - Sync 1 DAGs
[2026-03-27T10:59:48.308+0000] {logging_mixin.py:151} INFO - [2026-03-27T10:59:48.308+0000] {dag.py:3677} INFO - Setting next_dagrun for pets_to_postgres to 2024-01-01T00:00:00+00:00, run_after=2024-01-01T00:00:00+00:00
[2026-03-27T10:59:48.314+0000] {processor.py:179} INFO - Processing /opt/airflow/dags/pets/pets_dag.py took 0.132 seconds
[2026-03-27T10:59:58.584+0000] {processor.py:157} INFO - Started process (PID=1313) to work on /opt/airflow/dags/pets/pets_dag.py
[2026-03-27T10:59:58.585+0000] {processor.py:829} INFO - Processing file /opt/airflow/dags/pets/pets_dag.py for tasks to queue
[2026-03-27T10:59:58.586+0000] {logging_mixin.py:151} INFO - [2026-03-27T10:59:58.586+0000] {dagbag.py:539} INFO - Filling up the DagBag from /opt/airflow/dags/pets/pets_dag.py
[2026-03-27T10:59:58.705+0000] {processor.py:839} INFO - DAG(s) dict_keys(['pets_to_postgres']) retrieved from /opt/airflow/dags/pets/pets_dag.py
[2026-03-27T10:59:58.713+0000] {logging_mixin.py:151} INFO - [2026-03-27T10:59:58.713+0000] {dag.py:2907} INFO - Sync 1 DAGs
[2026-03-27T10:59:58.720+0000] {logging_mixin.py:151} INFO - [2026-03-27T10:59:58.720+0000] {dag.py:3677} INFO - Setting next_dagrun for pets_to_postgres to 2024-01-01T00:00:00+00:00, run_after=2024-01-01T00:00:00+00:00
[2026-03-27T10:59:58.726+0000] {processor.py:179} INFO - Processing /opt/airflow/dags/pets/pets_dag.py took 0.144 seconds
[2026-03-27T11:00:09.019+0000] {processor.py:157} INFO - Started process (PID=1363) to work on /opt/airflow/dags/pets/pets_dag.py
[2026-03-27T11:00:09.020+0000] {processor.py:829} INFO - Processing file /opt/airflow/dags/pets/pets_dag.py for tasks to queue
[2026-03-27T11:00:09.020+0000] {logging_mixin.py:151} INFO - [2026-03-27T11:00:09.020+0000] {dagbag.py:539} INFO - Filling up the DagBag from /opt/airflow/dags/pets/pets_dag.py
[2026-03-27T11:00:09.129+0000] {processor.py:839} INFO - DAG(s) dict_keys(['pets_to_postgres']) retrieved from /opt/airflow/dags/pets/pets_dag.py
[2026-03-27T11:00:09.136+0000] {logging_mixin.py:151} INFO - [2026-03-27T11:00:09.136+0000] {dag.py:2907} INFO - Sync 1 DAGs
[2026-03-27T11:00:09.143+0000] {logging_mixin.py:151} INFO - [2026-03-27T11:00:09.143+0000] {dag.py:3677} INFO - Setting next_dagrun for pets_to_postgres to 2024-01-01T00:00:00+00:00, run_after=2024-01-01T00:00:00+00:00
[2026-03-27T11:00:09.150+0000] {processor.py:179} INFO - Processing /opt/airflow/dags/pets/pets_dag.py took 0.132 seconds
[2026-03-27T11:00:19.410+0000] {processor.py:157} INFO - Started process (PID=1409) to work on /opt/airflow/dags/pets/pets_dag.py
[2026-03-27T11:00:19.410+0000] {processor.py:829} INFO - Processing file /opt/airflow/dags/pets/pets_dag.py for tasks to queue
[2026-03-27T11:00:19.411+0000] {logging_mixin.py:151} INFO - [2026-03-27T11:00:19.411+0000] {dagbag.py:539} INFO - Filling up the DagBag from /opt/airflow/dags/pets/pets_dag.py
[2026-03-27T11:00:19.522+0000] {processor.py:839} INFO - DAG(s) dict_keys(['pets_to_postgres']) retrieved from /opt/airflow/dags/pets/pets_dag.py
[2026-03-27T11:00:19.530+0000] {logging_mixin.py:151} INFO - [2026-03-27T11:00:19.530+0000] {dag.py:2907} INFO - Sync 1 DAGs
[2026-03-27T11:00:19.537+0000] {logging_mixin.py:151} INFO - [2026-03-27T11:00:19.537+0000] {dag.py:3677} INFO - Setting next_dagrun for pets_to_postgres to 2024-01-01T00:00:00+00:00, run_after=2024-01-01T00:00:00+00:00
[2026-03-27T11:00:19.543+0000] {processor.py:179} INFO - Processing /opt/airflow/dags/pets/pets_dag.py took 0.135 seconds
[2026-03-27T11:00:29.870+0000] {processor.py:157} INFO - Started process (PID=1457) to work on /opt/airflow/dags/pets/pets_dag.py
[2026-03-27T11:00:29.871+0000] {processor.py:829} INFO - Processing file /opt/airflow/dags/pets/pets_dag.py for tasks to queue
[2026-03-27T11:00:29.871+0000] {logging_mixin.py:151} INFO - [2026-03-27T11:00:29.871+0000] {dagbag.py:539} INFO - Filling up the DagBag from /opt/airflow/dags/pets/pets_dag.py
[2026-03-27T11:00:29.991+0000] {processor.py:839} INFO - DAG(s) dict_keys(['pets_to_postgres']) retrieved from /opt/airflow/dags/pets/pets_dag.py
[2026-03-27T11:00:30.000+0000] {logging_mixin.py:151} INFO - [2026-03-27T11:00:29.999+0000] {dag.py:2907} INFO - Sync 1 DAGs
[2026-03-27T11:00:30.008+0000] {logging_mixin.py:151} INFO - [2026-03-27T11:00:30.008+0000] {dag.py:3677} INFO - Setting next_dagrun for pets_to_postgres to 2024-01-01T00:00:00+00:00, run_after=2024-01-01T00:00:00+00:00
[2026-03-27T11:00:30.014+0000] {processor.py:179} INFO - Processing /opt/airflow/dags/pets/pets_dag.py took 0.146 seconds
[2026-03-27T11:00:40.368+0000] {processor.py:157} INFO - Started process (PID=1507) to work on /opt/airflow/dags/pets/pets_dag.py
[2026-03-27T11:00:40.368+0000] {processor.py:829} INFO - Processing file /opt/airflow/dags/pets/pets_dag.py for tasks to queue
[2026-03-27T11:00:40.369+0000] {logging_mixin.py:151} INFO - [2026-03-27T11:00:40.369+0000] {dagbag.py:539} INFO - Filling up the DagBag from /opt/airflow/dags/pets/pets_dag.py
[2026-03-27T11:00:40.480+0000] {processor.py:839} INFO - DAG(s) dict_keys(['pets_to_postgres']) retrieved from /opt/airflow/dags/pets/pets_dag.py
[2026-03-27T11:00:40.487+0000] {logging_mixin.py:151} INFO - [2026-03-27T11:00:40.487+0000] {dag.py:2907} INFO - Sync 1 DAGs
[2026-03-27T11:00:40.494+0000] {logging_mixin.py:151} INFO - [2026-03-27T11:00:40.494+0000] {dag.py:3677} INFO - Setting next_dagrun for pets_to_postgres to 2024-01-01T00:00:00+00:00, run_after=2024-01-01T00:00:00+00:00
[2026-03-27T11:00:40.501+0000] {processor.py:179} INFO - Processing /opt/airflow/dags/pets/pets_dag.py took 0.134 seconds
[2026-03-27T11:00:50.785+0000] {processor.py:157} INFO - Started process (PID=1555) to work on /opt/airflow/dags/pets/pets_dag.py
[2026-03-27T11:00:50.785+0000] {processor.py:829} INFO - Processing file /opt/airflow/dags/pets/pets_dag.py for tasks to queue
[2026-03-27T11:00:50.786+0000] {logging_mixin.py:151} INFO - [2026-03-27T11:00:50.786+0000] {dagbag.py:539} INFO - Filling up the DagBag from /opt/airflow/dags/pets/pets_dag.py
[2026-03-27T11:00:50.894+0000] {processor.py:839} INFO - DAG(s) dict_keys(['pets_to_postgres']) retrieved from /opt/airflow/dags/pets/pets_dag.py
[2026-03-27T11:00:50.902+0000] {logging_mixin.py:151} INFO - [2026-03-27T11:00:50.901+0000] {dag.py:2907} INFO - Sync 1 DAGs
[2026-03-27T11:00:50.909+0000] {logging_mixin.py:151} INFO - [2026-03-27T11:00:50.908+0000] {dag.py:3677} INFO - Setting next_dagrun for pets_to_postgres to 2024-01-01T00:00:00+00:00, run_after=2024-01-01T00:00:00+00:00
[2026-03-27T11:00:50.915+0000] {processor.py:179} INFO - Processing /opt/airflow/dags/pets/pets_dag.py took 0.131 seconds
[2026-03-27T11:01:01.260+0000] {processor.py:157} INFO - Started process (PID=1601) to work on /opt/airflow/dags/pets/pets_dag.py
[2026-03-27T11:01:01.261+0000] {processor.py:829} INFO - Processing file /opt/airflow/dags/pets/pets_dag.py for tasks to queue
[2026-03-27T11:01:01.261+0000] {logging_mixin.py:151} INFO - [2026-03-27T11:01:01.261+0000] {dagbag.py:539} INFO - Filling up the DagBag from /opt/airflow/dags/pets/pets_dag.py
[2026-03-27T11:01:01.374+0000] {processor.py:839} INFO - DAG(s) dict_keys(['pets_to_postgres']) retrieved from /opt/airflow/dags/pets/pets_dag.py
[2026-03-27T11:01:01.381+0000] {logging_mixin.py:151} INFO - [2026-03-27T11:01:01.381+0000] {dag.py:2907} INFO - Sync 1 DAGs
[2026-03-27T11:01:01.389+0000] {logging_mixin.py:151} INFO - [2026-03-27T11:01:01.388+0000] {dag.py:3677} INFO - Setting next_dagrun for pets_to_postgres to 2024-01-01T00:00:00+00:00, run_after=2024-01-01T00:00:00+00:00
[2026-03-27T11:01:01.395+0000] {processor.py:179} INFO - Processing /opt/airflow/dags/pets/pets_dag.py took 0.137 seconds
[2026-03-27T11:01:11.686+0000] {processor.py:157} INFO - Started process (PID=1649) to work on /opt/airflow/dags/pets/pets_dag.py
[2026-03-27T11:01:11.687+0000] {processor.py:829} INFO - Processing file /opt/airflow/dags/pets/pets_dag.py for tasks to queue
[2026-03-27T11:01:11.688+0000] {logging_mixin.py:151} INFO - [2026-03-27T11:01:11.687+0000] {dagbag.py:539} INFO - Filling up the DagBag from /opt/airflow/dags/pets/pets_dag.py
[2026-03-27T11:01:11.813+0000] {processor.py:839} INFO - DAG(s) dict_keys(['pets_to_postgres']) retrieved from /opt/airflow/dags/pets/pets_dag.py
[2026-03-27T11:01:11.840+0000] {logging_mixin.py:151} INFO - [2026-03-27T11:01:11.838+0000] {dag.py:2907} INFO - Sync 1 DAGs
[2026-03-27T11:01:11.863+0000] {logging_mixin.py:151} INFO - [2026-03-27T11:01:11.863+0000] {dag.py:3677} INFO - Setting next_dagrun for pets_to_postgres to 2024-01-01T00:00:00+00:00, run_after=2024-01-01T00:00:00+00:00
[2026-03-27T11:01:11.884+0000] {processor.py:179} INFO - Processing /opt/airflow/dags/pets/pets_dag.py took 0.199 seconds
[2026-03-27T11:01:22.189+0000] {processor.py:157} INFO - Started process (PID=1699) to work on /opt/airflow/dags/pets/pets_dag.py
[2026-03-27T11:01:22.189+0000] {processor.py:829} INFO - Processing file /opt/airflow/dags/pets/pets_dag.py for tasks to queue
[2026-03-27T11:01:22.190+0000] {logging_mixin.py:151} INFO - [2026-03-27T11:01:22.190+0000] {dagbag.py:539} INFO - Filling up the DagBag from /opt/airflow/dags/pets/pets_dag.py
[2026-03-27T11:01:22.300+0000] {processor.py:839} INFO - DAG(s) dict_keys(['pets_to_postgres']) retrieved from /opt/airflow/dags/pets/pets_dag.py
[2026-03-27T11:01:22.308+0000] {logging_mixin.py:151} INFO - [2026-03-27T11:01:22.307+0000] {dag.py:2907} INFO - Sync 1 DAGs
[2026-03-27T11:01:22.314+0000] {logging_mixin.py:151} INFO - [2026-03-27T11:01:22.314+0000] {dag.py:3677} INFO - Setting next_dagrun for pets_to_postgres to 2024-01-01T00:00:00+00:00, run_after=2024-01-01T00:00:00+00:00
[2026-03-27T11:01:22.320+0000] {processor.py:179} INFO - Processing /opt/airflow/dags/pets/pets_dag.py took 0.133 seconds
[2026-03-27T11:01:48.085+0000] {processor.py:157} INFO - Started process (PID=206) to work on /opt/airflow/dags/pets/pets_dag.py
[2026-03-27T11:01:48.085+0000] {processor.py:829} INFO - Processing file /opt/airflow/dags/pets/pets_dag.py for tasks to queue
[2026-03-27T11:01:48.086+0000] {logging_mixin.py:151} INFO - [2026-03-27T11:01:48.086+0000] {dagbag.py:539} INFO - Filling up the DagBag from /opt/airflow/dags/pets/pets_dag.py
[2026-03-27T11:01:48.217+0000] {processor.py:839} INFO - DAG(s) dict_keys(['pets_to_postgres']) retrieved from /opt/airflow/dags/pets/pets_dag.py
[2026-03-27T11:01:48.222+0000] {logging_mixin.py:151} INFO - [2026-03-27T11:01:48.222+0000] {dag.py:2907} INFO - Sync 1 DAGs
[2026-03-27T11:01:48.231+0000] {logging_mixin.py:151} INFO - [2026-03-27T11:01:48.231+0000] {dag.py:3677} INFO - Setting next_dagrun for pets_to_postgres to 2024-01-01T00:00:00+00:00, run_after=2024-01-01T00:00:00+00:00
[2026-03-27T11:01:48.238+0000] {processor.py:179} INFO - Processing /opt/airflow/dags/pets/pets_dag.py took 0.155 seconds
[2026-03-27T11:01:58.472+0000] {processor.py:157} INFO - Started process (PID=254) to work on /opt/airflow/dags/pets/pets_dag.py
[2026-03-27T11:01:58.473+0000] {processor.py:829} INFO - Processing file /opt/airflow/dags/pets/pets_dag.py for tasks to queue
[2026-03-27T11:01:58.473+0000] {logging_mixin.py:151} INFO - [2026-03-27T11:01:58.473+0000] {dagbag.py:539} INFO - Filling up the DagBag from /opt/airflow/dags/pets/pets_dag.py
[2026-03-27T11:01:58.586+0000] {processor.py:839} INFO - DAG(s) dict_keys(['pets_to_postgres']) retrieved from /opt/airflow/dags/pets/pets_dag.py
[2026-03-27T11:01:58.591+0000] {logging_mixin.py:151} INFO - [2026-03-27T11:01:58.591+0000] {dag.py:2907} INFO - Sync 1 DAGs
[2026-03-27T11:01:58.598+0000] {logging_mixin.py:151} INFO - [2026-03-27T11:01:58.598+0000] {dag.py:3677} INFO - Setting next_dagrun for pets_to_postgres to 2024-01-01T00:00:00+00:00, run_after=2024-01-01T00:00:00+00:00
[2026-03-27T11:01:58.604+0000] {processor.py:179} INFO - Processing /opt/airflow/dags/pets/pets_dag.py took 0.133 seconds
[2026-03-27T11:02:08.968+0000] {processor.py:157} INFO - Started process (PID=302) to work on /opt/airflow/dags/pets/pets_dag.py
[2026-03-27T11:02:08.969+0000] {processor.py:829} INFO - Processing file /opt/airflow/dags/pets/pets_dag.py for tasks to queue
[2026-03-27T11:02:08.970+0000] {logging_mixin.py:151} INFO - [2026-03-27T11:02:08.970+0000] {dagbag.py:539} INFO - Filling up the DagBag from /opt/airflow/dags/pets/pets_dag.py
[2026-03-27T11:02:09.083+0000] {processor.py:839} INFO - DAG(s) dict_keys(['pets_to_postgres']) retrieved from /opt/airflow/dags/pets/pets_dag.py
[2026-03-27T11:02:09.088+0000] {logging_mixin.py:151} INFO - [2026-03-27T11:02:09.087+0000] {dag.py:2907} INFO - Sync 1 DAGs
[2026-03-27T11:02:09.095+0000] {logging_mixin.py:151} INFO - [2026-03-27T11:02:09.095+0000] {dag.py:3677} INFO - Setting next_dagrun for pets_to_postgres to 2024-01-01T00:00:00+00:00, run_after=2024-01-01T00:00:00+00:00
[2026-03-27T11:02:09.101+0000] {processor.py:179} INFO - Processing /opt/airflow/dags/pets/pets_dag.py took 0.134 seconds
[2026-03-27T11:02:35.123+0000] {processor.py:157} INFO - Started process (PID=208) to work on /opt/airflow/dags/pets/pets_dag.py
[2026-03-27T11:02:35.124+0000] {processor.py:829} INFO - Processing file /opt/airflow/dags/pets/pets_dag.py for tasks to queue
[2026-03-27T11:02:35.125+0000] {logging_mixin.py:151} INFO - [2026-03-27T11:02:35.125+0000] {dagbag.py:539} INFO - Filling up the DagBag from /opt/airflow/dags/pets/pets_dag.py
[2026-03-27T11:02:35.251+0000] {processor.py:839} INFO - DAG(s) dict_keys(['pets_to_postgres']) retrieved from /opt/airflow/dags/pets/pets_dag.py
[2026-03-27T11:02:35.256+0000] {logging_mixin.py:151} INFO - [2026-03-27T11:02:35.256+0000] {dag.py:2907} INFO - Sync 1 DAGs
[2026-03-27T11:02:35.264+0000] {logging_mixin.py:151} INFO - [2026-03-27T11:02:35.264+0000] {dag.py:3677} INFO - Setting next_dagrun for pets_to_postgres to 2024-01-01T00:00:00+00:00, run_after=2024-01-01T00:00:00+00:00
[2026-03-27T11:02:35.271+0000] {processor.py:179} INFO - Processing /opt/airflow/dags/pets/pets_dag.py took 0.149 seconds
[2026-03-27T11:02:45.663+0000] {processor.py:157} INFO - Started process (PID=254) to work on /opt/airflow/dags/pets/pets_dag.py
[2026-03-27T11:02:45.664+0000] {processor.py:829} INFO - Processing file /opt/airflow/dags/pets/pets_dag.py for tasks to queue
[2026-03-27T11:02:45.665+0000] {logging_mixin.py:151} INFO - [2026-03-27T11:02:45.665+0000] {dagbag.py:539} INFO - Filling up the DagBag from /opt/airflow/dags/pets/pets_dag.py
[2026-03-27T11:02:45.781+0000] {processor.py:839} INFO - DAG(s) dict_keys(['pets_to_postgres']) retrieved from /opt/airflow/dags/pets/pets_dag.py
[2026-03-27T11:02:45.785+0000] {logging_mixin.py:151} INFO - [2026-03-27T11:02:45.785+0000] {dag.py:2907} INFO - Sync 1 DAGs
[2026-03-27T11:02:45.793+0000] {logging_mixin.py:151} INFO - [2026-03-27T11:02:45.793+0000] {dag.py:3677} INFO - Setting next_dagrun for pets_to_postgres to 2024-01-01T00:00:00+00:00, run_after=2024-01-01T00:00:00+00:00
[2026-03-27T11:02:45.798+0000] {processor.py:179} INFO - Processing /opt/airflow/dags/pets/pets_dag.py took 0.137 seconds
[2026-03-27T11:02:56.091+0000] {processor.py:157} INFO - Started process (PID=304) to work on /opt/airflow/dags/pets/pets_dag.py
[2026-03-27T11:02:56.091+0000] {processor.py:829} INFO - Processing file /opt/airflow/dags/pets/pets_dag.py for tasks to queue
[2026-03-27T11:02:56.092+0000] {logging_mixin.py:151} INFO - [2026-03-27T11:02:56.092+0000] {dagbag.py:539} INFO - Filling up the DagBag from /opt/airflow/dags/pets/pets_dag.py
[2026-03-27T11:02:56.200+0000] {processor.py:839} INFO - DAG(s) dict_keys(['pets_to_postgres']) retrieved from /opt/airflow/dags/pets/pets_dag.py
[2026-03-27T11:02:56.205+0000] {logging_mixin.py:151} INFO - [2026-03-27T11:02:56.205+0000] {dag.py:2907} INFO - Sync 1 DAGs
[2026-03-27T11:02:56.212+0000] {logging_mixin.py:151} INFO - [2026-03-27T11:02:56.212+0000] {dag.py:3677} INFO - Setting next_dagrun for pets_to_postgres to 2024-01-01T00:00:00+00:00, run_after=2024-01-01T00:00:00+00:00
[2026-03-27T11:02:56.218+0000] {processor.py:179} INFO - Processing /opt/airflow/dags/pets/pets_dag.py took 0.129 seconds
[2026-03-27T11:03:06.506+0000] {processor.py:157} INFO - Started process (PID=352) to work on /opt/airflow/dags/pets/pets_dag.py
[2026-03-27T11:03:06.506+0000] {processor.py:829} INFO - Processing file /opt/airflow/dags/pets/pets_dag.py for tasks to queue
[2026-03-27T11:03:06.507+0000] {logging_mixin.py:151} INFO - [2026-03-27T11:03:06.507+0000] {dagbag.py:539} INFO - Filling up the DagBag from /opt/airflow/dags/pets/pets_dag.py
[2026-03-27T11:03:06.619+0000] {processor.py:839} INFO - DAG(s) dict_keys(['pets_to_postgres']) retrieved from /opt/airflow/dags/pets/pets_dag.py
[2026-03-27T11:03:06.627+0000] {logging_mixin.py:151} INFO - [2026-03-27T11:03:06.627+0000] {dag.py:2907} INFO - Sync 1 DAGs
[2026-03-27T11:03:06.634+0000] {logging_mixin.py:151} INFO - [2026-03-27T11:03:06.634+0000] {dag.py:3677} INFO - Setting next_dagrun for pets_to_postgres to 2024-01-01T00:00:00+00:00, run_after=2024-01-01T00:00:00+00:00
[2026-03-27T11:03:06.639+0000] {processor.py:179} INFO - Processing /opt/airflow/dags/pets/pets_dag.py took 0.135 seconds
[2026-03-27T11:03:16.927+0000] {processor.py:157} INFO - Started process (PID=400) to work on /opt/airflow/dags/pets/pets_dag.py
[2026-03-27T11:03:16.927+0000] {processor.py:829} INFO - Processing file /opt/airflow/dags/pets/pets_dag.py for tasks to queue
[2026-03-27T11:03:16.928+0000] {logging_mixin.py:151} INFO - [2026-03-27T11:03:16.928+0000] {dagbag.py:539} INFO - Filling up the DagBag from /opt/airflow/dags/pets/pets_dag.py
[2026-03-27T11:03:17.041+0000] {processor.py:839} INFO - DAG(s) dict_keys(['pets_to_postgres']) retrieved from /opt/airflow/dags/pets/pets_dag.py
[2026-03-27T11:03:17.049+0000] {logging_mixin.py:151} INFO - [2026-03-27T11:03:17.049+0000] {dag.py:2907} INFO - Sync 1 DAGs
[2026-03-27T11:03:17.057+0000] {logging_mixin.py:151} INFO - [2026-03-27T11:03:17.057+0000] {dag.py:3677} INFO - Setting next_dagrun for pets_to_postgres to 2024-01-01T00:00:00+00:00, run_after=2024-01-01T00:00:00+00:00
[2026-03-27T11:03:17.063+0000] {processor.py:179} INFO - Processing /opt/airflow/dags/pets/pets_dag.py took 0.137 seconds
[2026-03-27T11:03:27.323+0000] {processor.py:157} INFO - Started process (PID=446) to work on /opt/airflow/dags/pets/pets_dag.py
[2026-03-27T11:03:27.323+0000] {processor.py:829} INFO - Processing file /opt/airflow/dags/pets/pets_dag.py for tasks to queue
[2026-03-27T11:03:27.324+0000] {logging_mixin.py:151} INFO - [2026-03-27T11:03:27.324+0000] {dagbag.py:539} INFO - Filling up the DagBag from /opt/airflow/dags/pets/pets_dag.py
[2026-03-27T11:03:27.434+0000] {processor.py:839} INFO - DAG(s) dict_keys(['pets_to_postgres']) retrieved from /opt/airflow/dags/pets/pets_dag.py
[2026-03-27T11:03:27.442+0000] {logging_mixin.py:151} INFO - [2026-03-27T11:03:27.441+0000] {dag.py:2907} INFO - Sync 1 DAGs
[2026-03-27T11:03:27.449+0000] {logging_mixin.py:151} INFO - [2026-03-27T11:03:27.449+0000] {dag.py:3677} INFO - Setting next_dagrun for pets_to_postgres to 2024-01-01T00:00:00+00:00, run_after=2024-01-01T00:00:00+00:00
[2026-03-27T11:03:27.455+0000] {processor.py:179} INFO - Processing /opt/airflow/dags/pets/pets_dag.py took 0.133 seconds
[2026-03-27T11:03:37.798+0000] {processor.py:157} INFO - Started process (PID=494) to work on /opt/airflow/dags/pets/pets_dag.py
[2026-03-27T11:03:37.799+0000] {processor.py:829} INFO - Processing file /opt/airflow/dags/pets/pets_dag.py for tasks to queue
[2026-03-27T11:03:37.800+0000] {logging_mixin.py:151} INFO - [2026-03-27T11:03:37.799+0000] {dagbag.py:539} INFO - Filling up the DagBag from /opt/airflow/dags/pets/pets_dag.py
[2026-03-27T11:03:37.915+0000] {processor.py:839} INFO - DAG(s) dict_keys(['pets_to_postgres']) retrieved from /opt/airflow/dags/pets/pets_dag.py
[2026-03-27T11:03:37.922+0000] {logging_mixin.py:151} INFO - [2026-03-27T11:03:37.922+0000] {dag.py:2907} INFO - Sync 1 DAGs
[2026-03-27T11:03:37.929+0000] {logging_mixin.py:151} INFO - [2026-03-27T11:03:37.929+0000] {dag.py:3677} INFO - Setting next_dagrun for pets_to_postgres to 2024-01-01T00:00:00+00:00, run_after=2024-01-01T00:00:00+00:00
[2026-03-27T11:03:37.935+0000] {processor.py:179} INFO - Processing /opt/airflow/dags/pets/pets_dag.py took 0.138 seconds
[2026-03-27T11:03:48.301+0000] {processor.py:157} INFO - Started process (PID=544) to work on /opt/airflow/dags/pets/pets_dag.py
[2026-03-27T11:03:48.301+0000] {processor.py:829} INFO - Processing file /opt/airflow/dags/pets/pets_dag.py for tasks to queue
[2026-03-27T11:03:48.302+0000] {logging_mixin.py:151} INFO - [2026-03-27T11:03:48.302+0000] {dagbag.py:539} INFO - Filling up the DagBag from /opt/airflow/dags/pets/pets_dag.py
[2026-03-27T11:03:48.411+0000] {processor.py:839} INFO - DAG(s) dict_keys(['pets_to_postgres']) retrieved from /opt/airflow/dags/pets/pets_dag.py
[2026-03-27T11:03:48.419+0000] {logging_mixin.py:151} INFO - [2026-03-27T11:03:48.419+0000] {dag.py:2907} INFO - Sync 1 DAGs
[2026-03-27T11:03:48.426+0000] {logging_mixin.py:151} INFO - [2026-03-27T11:03:48.426+0000] {dag.py:3677} INFO - Setting next_dagrun for pets_to_postgres to 2024-01-01T00:00:00+00:00, run_after=2024-01-01T00:00:00+00:00
[2026-03-27T11:03:48.432+0000] {processor.py:179} INFO - Processing /opt/airflow/dags/pets/pets_dag.py took 0.133 seconds
[2026-03-27T11:03:58.701+0000] {processor.py:157} INFO - Started process (PID=590) to work on /opt/airflow/dags/pets/pets_dag.py
[2026-03-27T11:03:58.701+0000] {processor.py:829} INFO - Processing file /opt/airflow/dags/pets/pets_dag.py for tasks to queue
[2026-03-27T11:03:58.702+0000] {logging_mixin.py:151} INFO - [2026-03-27T11:03:58.702+0000] {dagbag.py:539} INFO - Filling up the DagBag from /opt/airflow/dags/pets/pets_dag.py
[2026-03-27T11:03:58.824+0000] {processor.py:839} INFO - DAG(s) dict_keys(['pets_to_postgres']) retrieved from /opt/airflow/dags/pets/pets_dag.py
[2026-03-27T11:03:58.834+0000] {logging_mixin.py:151} INFO - [2026-03-27T11:03:58.833+0000] {dag.py:2907} INFO - Sync 1 DAGs
[2026-03-27T11:03:58.842+0000] {logging_mixin.py:151} INFO - [2026-03-27T11:03:58.842+0000] {dag.py:3677} INFO - Setting next_dagrun for pets_to_postgres to 2024-01-01T00:00:00+00:00, run_after=2024-01-01T00:00:00+00:00
[2026-03-27T11:03:58.849+0000] {processor.py:179} INFO - Processing /opt/airflow/dags/pets/pets_dag.py took 0.149 seconds
[2026-03-27T11:04:09.115+0000] {processor.py:157} INFO - Started process (PID=638) to work on /opt/airflow/dags/pets/pets_dag.py
[2026-03-27T11:04:09.116+0000] {processor.py:829} INFO - Processing file /opt/airflow/dags/pets/pets_dag.py for tasks to queue
[2026-03-27T11:04:09.116+0000] {logging_mixin.py:151} INFO - [2026-03-27T11:04:09.116+0000] {dagbag.py:539} INFO - Filling up the DagBag from /opt/airflow/dags/pets/pets_dag.py
[2026-03-27T11:04:09.229+0000] {processor.py:839} INFO - DAG(s) dict_keys(['pets_to_postgres']) retrieved from /opt/airflow/dags/pets/pets_dag.py
[2026-03-27T11:04:09.237+0000] {logging_mixin.py:151} INFO - [2026-03-27T11:04:09.237+0000] {dag.py:2907} INFO - Sync 1 DAGs
[2026-03-27T11:04:09.244+0000] {logging_mixin.py:151} INFO - [2026-03-27T11:04:09.244+0000] {dag.py:3677} INFO - Setting next_dagrun for pets_to_postgres to 2024-01-01T00:00:00+00:00, run_after=2024-01-01T00:00:00+00:00
[2026-03-27T11:04:09.250+0000] {processor.py:179} INFO - Processing /opt/airflow/dags/pets/pets_dag.py took 0.137 seconds
[2026-03-27T11:04:19.633+0000] {processor.py:157} INFO - Started process (PID=688) to work on /opt/airflow/dags/pets/pets_dag.py
[2026-03-27T11:04:19.633+0000] {processor.py:829} INFO - Processing file /opt/airflow/dags/pets/pets_dag.py for tasks to queue
[2026-03-27T11:04:19.634+0000] {logging_mixin.py:151} INFO - [2026-03-27T11:04:19.634+0000] {dagbag.py:539} INFO - Filling up the DagBag from /opt/airflow/dags/pets/pets_dag.py
[2026-03-27T11:04:19.765+0000] {processor.py:839} INFO - DAG(s) dict_keys(['pets_to_postgres']) retrieved from /opt/airflow/dags/pets/pets_dag.py
[2026-03-27T11:04:19.806+0000] {logging_mixin.py:151} INFO - [2026-03-27T11:04:19.805+0000] {dag.py:2907} INFO - Sync 1 DAGs
[2026-03-27T11:04:19.818+0000] {logging_mixin.py:151} INFO - [2026-03-27T11:04:19.817+0000] {dag.py:3677} INFO - Setting next_dagrun for pets_to_postgres to 2024-01-01T00:00:00+00:00, run_after=2024-01-01T00:00:00+00:00
[2026-03-27T11:04:19.827+0000] {processor.py:179} INFO - Processing /opt/airflow/dags/pets/pets_dag.py took 0.196 seconds
[2026-03-27T11:04:30.091+0000] {processor.py:157} INFO - Started process (PID=734) to work on /opt/airflow/dags/pets/pets_dag.py
[2026-03-27T11:04:30.092+0000] {processor.py:829} INFO - Processing file /opt/airflow/dags/pets/pets_dag.py for tasks to queue
[2026-03-27T11:04:30.093+0000] {logging_mixin.py:151} INFO - [2026-03-27T11:04:30.093+0000] {dagbag.py:539} INFO - Filling up the DagBag from /opt/airflow/dags/pets/pets_dag.py
[2026-03-27T11:04:30.203+0000] {processor.py:839} INFO - DAG(s) dict_keys(['pets_to_postgres']) retrieved from /opt/airflow/dags/pets/pets_dag.py
[2026-03-27T11:04:30.211+0000] {logging_mixin.py:151} INFO - [2026-03-27T11:04:30.211+0000] {dag.py:2907} INFO - Sync 1 DAGs
[2026-03-27T11:04:30.218+0000] {logging_mixin.py:151} INFO - [2026-03-27T11:04:30.218+0000] {dag.py:3677} INFO - Setting next_dagrun for pets_to_postgres to 2024-01-01T00:00:00+00:00, run_after=2024-01-01T00:00:00+00:00
[2026-03-27T11:04:30.223+0000] {processor.py:179} INFO - Processing /opt/airflow/dags/pets/pets_dag.py took 0.133 seconds
[2026-03-27T11:04:40.563+0000] {processor.py:157} INFO - Started process (PID=784) to work on /opt/airflow/dags/pets/pets_dag.py
[2026-03-27T11:04:40.563+0000] {processor.py:829} INFO - Processing file /opt/airflow/dags/pets/pets_dag.py for tasks to queue
[2026-03-27T11:04:40.564+0000] {logging_mixin.py:151} INFO - [2026-03-27T11:04:40.564+0000] {dagbag.py:539} INFO - Filling up the DagBag from /opt/airflow/dags/pets/pets_dag.py
[2026-03-27T11:04:40.672+0000] {processor.py:839} INFO - DAG(s) dict_keys(['pets_to_postgres']) retrieved from /opt/airflow/dags/pets/pets_dag.py
[2026-03-27T11:04:40.679+0000] {logging_mixin.py:151} INFO - [2026-03-27T11:04:40.679+0000] {dag.py:2907} INFO - Sync 1 DAGs
[2026-03-27T11:04:40.686+0000] {logging_mixin.py:151} INFO - [2026-03-27T11:04:40.686+0000] {dag.py:3677} INFO - Setting next_dagrun for pets_to_postgres to 2024-01-01T00:00:00+00:00, run_after=2024-01-01T00:00:00+00:00
[2026-03-27T11:04:40.693+0000] {processor.py:179} INFO - Processing /opt/airflow/dags/pets/pets_dag.py took 0.132 seconds
[2026-03-27T11:04:51.014+0000] {processor.py:157} INFO - Started process (PID=830) to work on /opt/airflow/dags/pets/pets_dag.py
[2026-03-27T11:04:51.015+0000] {processor.py:829} INFO - Processing file /opt/airflow/dags/pets/pets_dag.py for tasks to queue
[2026-03-27T11:04:51.016+0000] {logging_mixin.py:151} INFO - [2026-03-27T11:04:51.016+0000] {dagbag.py:539} INFO - Filling up the DagBag from /opt/airflow/dags/pets/pets_dag.py
[2026-03-27T11:04:51.132+0000] {processor.py:839} INFO - DAG(s) dict_keys(['pets_to_postgres']) retrieved from /opt/airflow/dags/pets/pets_dag.py
[2026-03-27T11:04:51.139+0000] {logging_mixin.py:151} INFO - [2026-03-27T11:04:51.139+0000] {dag.py:2907} INFO - Sync 1 DAGs
[2026-03-27T11:04:51.146+0000] {logging_mixin.py:151} INFO - [2026-03-27T11:04:51.146+0000] {dag.py:3677} INFO - Setting next_dagrun for pets_to_postgres to 2024-01-01T00:00:00+00:00, run_after=2024-01-01T00:00:00+00:00
[2026-03-27T11:04:51.152+0000] {processor.py:179} INFO - Processing /opt/airflow/dags/pets/pets_dag.py took 0.140 seconds
[2026-03-27T11:05:01.489+0000] {processor.py:157} INFO - Started process (PID=878) to work on /opt/airflow/dags/pets/pets_dag.py
[2026-03-27T11:05:01.490+0000] {processor.py:829} INFO - Processing file /opt/airflow/dags/pets/pets_dag.py for tasks to queue
[2026-03-27T11:05:01.491+0000] {logging_mixin.py:151} INFO - [2026-03-27T11:05:01.491+0000] {dagbag.py:539} INFO - Filling up the DagBag from /opt/airflow/dags/pets/pets_dag.py
[2026-03-27T11:05:01.603+0000] {processor.py:839} INFO - DAG(s) dict_keys(['pets_to_postgres']) retrieved from /opt/airflow/dags/pets/pets_dag.py
[2026-03-27T11:05:01.610+0000] {logging_mixin.py:151} INFO - [2026-03-27T11:05:01.610+0000] {dag.py:2907} INFO - Sync 1 DAGs
[2026-03-27T11:05:01.617+0000] {logging_mixin.py:151} INFO - [2026-03-27T11:05:01.617+0000] {dag.py:3677} INFO - Setting next_dagrun for pets_to_postgres to 2024-01-01T00:00:00+00:00, run_after=2024-01-01T00:00:00+00:00
[2026-03-27T11:05:01.623+0000] {processor.py:179} INFO - Processing /opt/airflow/dags/pets/pets_dag.py took 0.135 seconds
[2026-03-27T11:05:12.015+0000] {processor.py:157} INFO - Started process (PID=928) to work on /opt/airflow/dags/pets/pets_dag.py
[2026-03-27T11:05:12.015+0000] {processor.py:829} INFO - Processing file /opt/airflow/dags/pets/pets_dag.py for tasks to queue
[2026-03-27T11:05:12.016+0000] {logging_mixin.py:151} INFO - [2026-03-27T11:05:12.016+0000] {dagbag.py:539} INFO - Filling up the DagBag from /opt/airflow/dags/pets/pets_dag.py
[2026-03-27T11:05:12.128+0000] {processor.py:839} INFO - DAG(s) dict_keys(['pets_to_postgres']) retrieved from /opt/airflow/dags/pets/pets_dag.py
[2026-03-27T11:05:12.136+0000] {logging_mixin.py:151} INFO - [2026-03-27T11:05:12.136+0000] {dag.py:2907} INFO - Sync 1 DAGs
[2026-03-27T11:05:12.143+0000] {logging_mixin.py:151} INFO - [2026-03-27T11:05:12.143+0000] {dag.py:3677} INFO - Setting next_dagrun for pets_to_postgres to 2024-01-01T00:00:00+00:00, run_after=2024-01-01T00:00:00+00:00
[2026-03-27T11:05:12.149+0000] {processor.py:179} INFO - Processing /opt/airflow/dags/pets/pets_dag.py took 0.135 seconds
[2026-03-27T11:05:22.564+0000] {processor.py:157} INFO - Started process (PID=976) to work on /opt/airflow/dags/pets/pets_dag.py
[2026-03-27T11:05:22.565+0000] {processor.py:829} INFO - Processing file /opt/airflow/dags/pets/pets_dag.py for tasks to queue
[2026-03-27T11:05:22.566+0000] {logging_mixin.py:151} INFO - [2026-03-27T11:05:22.566+0000] {dagbag.py:539} INFO - Filling up the DagBag from /opt/airflow/dags/pets/pets_dag.py
[2026-03-27T11:05:22.683+0000] {processor.py:839} INFO - DAG(s) dict_keys(['pets_to_postgres']) retrieved from /opt/airflow/dags/pets/pets_dag.py
[2026-03-27T11:05:22.691+0000] {logging_mixin.py:151} INFO - [2026-03-27T11:05:22.691+0000] {dag.py:2907} INFO - Sync 1 DAGs
[2026-03-27T11:05:22.698+0000] {logging_mixin.py:151} INFO - [2026-03-27T11:05:22.698+0000] {dag.py:3677} INFO - Setting next_dagrun for pets_to_postgres to 2024-01-01T00:00:00+00:00, run_after=2024-01-01T00:00:00+00:00
[2026-03-27T11:05:22.705+0000] {processor.py:179} INFO - Processing /opt/airflow/dags/pets/pets_dag.py took 0.142 seconds
[2026-03-27T11:05:32.981+0000] {processor.py:157} INFO - Started process (PID=1024) to work on /opt/airflow/dags/pets/pets_dag.py
[2026-03-27T11:05:32.981+0000] {processor.py:829} INFO - Processing file /opt/airflow/dags/pets/pets_dag.py for tasks to queue
[2026-03-27T11:05:32.982+0000] {logging_mixin.py:151} INFO - [2026-03-27T11:05:32.982+0000] {dagbag.py:539} INFO - Filling up the DagBag from /opt/airflow/dags/pets/pets_dag.py
[2026-03-27T11:05:33.095+0000] {processor.py:839} INFO - DAG(s) dict_keys(['pets_to_postgres']) retrieved from /opt/airflow/dags/pets/pets_dag.py
[2026-03-27T11:05:33.103+0000] {logging_mixin.py:151} INFO - [2026-03-27T11:05:33.103+0000] {dag.py:2907} INFO - Sync 1 DAGs
[2026-03-27T11:05:33.110+0000] {logging_mixin.py:151} INFO - [2026-03-27T11:05:33.110+0000] {dag.py:3677} INFO - Setting next_dagrun for pets_to_postgres to 2024-01-01T00:00:00+00:00, run_after=2024-01-01T00:00:00+00:00
[2026-03-27T11:05:33.116+0000] {processor.py:179} INFO - Processing /opt/airflow/dags/pets/pets_dag.py took 0.137 seconds
[2026-03-27T11:05:43.457+0000] {processor.py:157} INFO - Started process (PID=1072) to work on /opt/airflow/dags/pets/pets_dag.py
[2026-03-27T11:05:43.457+0000] {processor.py:829} INFO - Processing file /opt/airflow/dags/pets/pets_dag.py for tasks to queue
[2026-03-27T11:05:43.458+0000] {logging_mixin.py:151} INFO - [2026-03-27T11:05:43.458+0000] {dagbag.py:539} INFO - Filling up the DagBag from /opt/airflow/dags/pets/pets_dag.py
[2026-03-27T11:05:43.623+0000] {processor.py:839} INFO - DAG(s) dict_keys(['pets_to_postgres']) retrieved from /opt/airflow/dags/pets/pets_dag.py
[2026-03-27T11:05:43.636+0000] {logging_mixin.py:151} INFO - [2026-03-27T11:05:43.636+0000] {dag.py:2907} INFO - Sync 1 DAGs
[2026-03-27T11:05:43.648+0000] {logging_mixin.py:151} INFO - [2026-03-27T11:05:43.648+0000] {dag.py:3677} INFO - Setting next_dagrun for pets_to_postgres to 2024-01-01T00:00:00+00:00, run_after=2024-01-01T00:00:00+00:00
[2026-03-27T11:05:43.658+0000] {processor.py:179} INFO - Processing /opt/airflow/dags/pets/pets_dag.py took 0.202 seconds
[2026-03-27T11:06:03.908+0000] {processor.py:157} INFO - Started process (PID=206) to work on /opt/airflow/dags/pets/pets_dag.py
[2026-03-27T11:06:03.908+0000] {processor.py:829} INFO - Processing file /opt/airflow/dags/pets/pets_dag.py for tasks to queue
[2026-03-27T11:06:03.912+0000] {logging_mixin.py:151} INFO - [2026-03-27T11:06:03.912+0000] {dagbag.py:539} INFO - Filling up the DagBag from /opt/airflow/dags/pets/pets_dag.py
[2026-03-27T11:06:04.046+0000] {processor.py:839} INFO - DAG(s) dict_keys(['pets_to_postgres']) retrieved from /opt/airflow/dags/pets/pets_dag.py
[2026-03-27T11:06:04.051+0000] {logging_mixin.py:151} INFO - [2026-03-27T11:06:04.051+0000] {dag.py:2907} INFO - Sync 1 DAGs
[2026-03-27T11:06:04.060+0000] {logging_mixin.py:151} INFO - [2026-03-27T11:06:04.059+0000] {dag.py:3677} INFO - Setting next_dagrun for pets_to_postgres to 2024-01-01T00:00:00+00:00, run_after=2024-01-01T00:00:00+00:00
[2026-03-27T11:06:04.067+0000] {processor.py:179} INFO - Processing /opt/airflow/dags/pets/pets_dag.py took 0.161 seconds
[2026-03-27T11:06:14.482+0000] {processor.py:157} INFO - Started process (PID=254) to work on /opt/airflow/dags/pets/pets_dag.py
[2026-03-27T11:06:14.483+0000] {processor.py:829} INFO - Processing file /opt/airflow/dags/pets/pets_dag.py for tasks to queue
[2026-03-27T11:06:14.484+0000] {logging_mixin.py:151} INFO - [2026-03-27T11:06:14.484+0000] {dagbag.py:539} INFO - Filling up the DagBag from /opt/airflow/dags/pets/pets_dag.py
[2026-03-27T11:06:14.603+0000] {processor.py:839} INFO - DAG(s) dict_keys(['pets_to_postgres']) retrieved from /opt/airflow/dags/pets/pets_dag.py
[2026-03-27T11:06:14.610+0000] {logging_mixin.py:151} INFO - [2026-03-27T11:06:14.609+0000] {dag.py:2907} INFO - Sync 1 DAGs
[2026-03-27T11:06:14.620+0000] {logging_mixin.py:151} INFO - [2026-03-27T11:06:14.619+0000] {dag.py:3677} INFO - Setting next_dagrun for pets_to_postgres to 2024-01-01T00:00:00+00:00, run_after=2024-01-01T00:00:00+00:00
[2026-03-27T11:06:14.627+0000] {processor.py:179} INFO - Processing /opt/airflow/dags/pets/pets_dag.py took 0.146 seconds
[2026-03-27T11:06:24.885+0000] {processor.py:157} INFO - Started process (PID=302) to work on /opt/airflow/dags/pets/pets_dag.py
[2026-03-27T11:06:24.886+0000] {processor.py:829} INFO - Processing file /opt/airflow/dags/pets/pets_dag.py for tasks to queue
[2026-03-27T11:06:24.887+0000] {logging_mixin.py:151} INFO - [2026-03-27T11:06:24.887+0000] {dagbag.py:539} INFO - Filling up the DagBag from /opt/airflow/dags/pets/pets_dag.py
[2026-03-27T11:06:25.003+0000] {processor.py:839} INFO - DAG(s) dict_keys(['pets_to_postgres']) retrieved from /opt/airflow/dags/pets/pets_dag.py
[2026-03-27T11:06:25.008+0000] {logging_mixin.py:151} INFO - [2026-03-27T11:06:25.007+0000] {dag.py:2907} INFO - Sync 1 DAGs
[2026-03-27T11:06:25.015+0000] {logging_mixin.py:151} INFO - [2026-03-27T11:06:25.015+0000] {dag.py:3677} INFO - Setting next_dagrun for pets_to_postgres to 2024-01-01T00:00:00+00:00, run_after=2024-01-01T00:00:00+00:00
[2026-03-27T11:06:25.022+0000] {processor.py:179} INFO - Processing /opt/airflow/dags/pets/pets_dag.py took 0.138 seconds
[2026-03-27T11:06:35.415+0000] {processor.py:157} INFO - Started process (PID=352) to work on /opt/airflow/dags/pets/pets_dag.py
[2026-03-27T11:06:35.415+0000] {processor.py:829} INFO - Processing file /opt/airflow/dags/pets/pets_dag.py for tasks to queue
[2026-03-27T11:06:35.416+0000] {logging_mixin.py:151} INFO - [2026-03-27T11:06:35.416+0000] {dagbag.py:539} INFO - Filling up the DagBag from /opt/airflow/dags/pets/pets_dag.py
[2026-03-27T11:06:35.531+0000] {processor.py:839} INFO - DAG(s) dict_keys(['pets_to_postgres']) retrieved from /opt/airflow/dags/pets/pets_dag.py
[2026-03-27T11:06:35.539+0000] {logging_mixin.py:151} INFO - [2026-03-27T11:06:35.539+0000] {dag.py:2907} INFO - Sync 1 DAGs
[2026-03-27T11:06:35.547+0000] {logging_mixin.py:151} INFO - [2026-03-27T11:06:35.547+0000] {dag.py:3677} INFO - Setting next_dagrun for pets_to_postgres to 2024-01-01T00:00:00+00:00, run_after=2024-01-01T00:00:00+00:00
[2026-03-27T11:06:35.553+0000] {processor.py:179} INFO - Processing /opt/airflow/dags/pets/pets_dag.py took 0.140 seconds
[2026-03-27T11:06:45.894+0000] {processor.py:157} INFO - Started process (PID=400) to work on /opt/airflow/dags/pets/pets_dag.py
[2026-03-27T11:06:45.895+0000] {processor.py:829} INFO - Processing file /opt/airflow/dags/pets/pets_dag.py for tasks to queue
[2026-03-27T11:06:45.895+0000] {logging_mixin.py:151} INFO - [2026-03-27T11:06:45.895+0000] {dagbag.py:539} INFO - Filling up the DagBag from /opt/airflow/dags/pets/pets_dag.py
[2026-03-27T11:06:46.004+0000] {processor.py:839} INFO - DAG(s) dict_keys(['pets_to_postgres']) retrieved from /opt/airflow/dags/pets/pets_dag.py
[2026-03-27T11:06:46.012+0000] {logging_mixin.py:151} INFO - [2026-03-27T11:06:46.011+0000] {dag.py:2907} INFO - Sync 1 DAGs
[2026-03-27T11:06:46.019+0000] {logging_mixin.py:151} INFO - [2026-03-27T11:06:46.019+0000] {dag.py:3677} INFO - Setting next_dagrun for pets_to_postgres to 2024-01-01T00:00:00+00:00, run_after=2024-01-01T00:00:00+00:00
[2026-03-27T11:06:46.025+0000] {processor.py:179} INFO - Processing /opt/airflow/dags/pets/pets_dag.py took 0.132 seconds
[2026-03-27T11:06:56.397+0000] {processor.py:157} INFO - Started process (PID=446) to work on /opt/airflow/dags/pets/pets_dag.py
[2026-03-27T11:06:56.398+0000] {processor.py:829} INFO - Processing file /opt/airflow/dags/pets/pets_dag.py for tasks to queue
[2026-03-27T11:06:56.398+0000] {logging_mixin.py:151} INFO - [2026-03-27T11:06:56.398+0000] {dagbag.py:539} INFO - Filling up the DagBag from /opt/airflow/dags/pets/pets_dag.py
[2026-03-27T11:06:56.517+0000] {processor.py:839} INFO - DAG(s) dict_keys(['pets_to_postgres']) retrieved from /opt/airflow/dags/pets/pets_dag.py
[2026-03-27T11:06:56.524+0000] {logging_mixin.py:151} INFO - [2026-03-27T11:06:56.524+0000] {dag.py:2907} INFO - Sync 1 DAGs
[2026-03-27T11:06:56.532+0000] {logging_mixin.py:151} INFO - [2026-03-27T11:06:56.532+0000] {dag.py:3677} INFO - Setting next_dagrun for pets_to_postgres to 2024-01-01T00:00:00+00:00, run_after=2024-01-01T00:00:00+00:00
[2026-03-27T11:06:56.539+0000] {processor.py:179} INFO - Processing /opt/airflow/dags/pets/pets_dag.py took 0.143 seconds
[2026-03-27T11:07:07.007+0000] {processor.py:157} INFO - Started process (PID=496) to work on /opt/airflow/dags/pets/pets_dag.py
[2026-03-27T11:07:07.008+0000] {processor.py:829} INFO - Processing file /opt/airflow/dags/pets/pets_dag.py for tasks to queue
[2026-03-27T11:07:07.009+0000] {logging_mixin.py:151} INFO - [2026-03-27T11:07:07.009+0000] {dagbag.py:539} INFO - Filling up the DagBag from /opt/airflow/dags/pets/pets_dag.py
[2026-03-27T11:07:07.137+0000] {processor.py:839} INFO - DAG(s) dict_keys(['pets_to_postgres']) retrieved from /opt/airflow/dags/pets/pets_dag.py
[2026-03-27T11:07:07.147+0000] {logging_mixin.py:151} INFO - [2026-03-27T11:07:07.147+0000] {dag.py:2907} INFO - Sync 1 DAGs
[2026-03-27T11:07:07.156+0000] {logging_mixin.py:151} INFO - [2026-03-27T11:07:07.156+0000] {dag.py:3677} INFO - Setting next_dagrun for pets_to_postgres to 2024-01-01T00:00:00+00:00, run_after=2024-01-01T00:00:00+00:00
[2026-03-27T11:07:07.164+0000] {processor.py:179} INFO - Processing /opt/airflow/dags/pets/pets_dag.py took 0.158 seconds
[2026-03-27T11:07:17.408+0000] {processor.py:157} INFO - Started process (PID=542) to work on /opt/airflow/dags/pets/pets_dag.py
[2026-03-27T11:07:17.409+0000] {processor.py:829} INFO - Processing file /opt/airflow/dags/pets/pets_dag.py for tasks to queue
[2026-03-27T11:07:17.410+0000] {logging_mixin.py:151} INFO - [2026-03-27T11:07:17.410+0000] {dagbag.py:539} INFO - Filling up the DagBag from /opt/airflow/dags/pets/pets_dag.py
[2026-03-27T11:07:17.527+0000] {processor.py:839} INFO - DAG(s) dict_keys(['pets_to_postgres']) retrieved from /opt/airflow/dags/pets/pets_dag.py
[2026-03-27T11:07:17.535+0000] {logging_mixin.py:151} INFO - [2026-03-27T11:07:17.535+0000] {dag.py:2907} INFO - Sync 1 DAGs
[2026-03-27T11:07:17.542+0000] {logging_mixin.py:151} INFO - [2026-03-27T11:07:17.542+0000] {dag.py:3677} INFO - Setting next_dagrun for pets_to_postgres to 2024-01-01T00:00:00+00:00, run_after=2024-01-01T00:00:00+00:00
[2026-03-27T11:07:17.548+0000] {processor.py:179} INFO - Processing /opt/airflow/dags/pets/pets_dag.py took 0.141 seconds
[2026-03-27T11:07:27.920+0000] {processor.py:157} INFO - Started process (PID=592) to work on /opt/airflow/dags/pets/pets_dag.py
[2026-03-27T11:07:27.920+0000] {processor.py:829} INFO - Processing file /opt/airflow/dags/pets/pets_dag.py for tasks to queue
[2026-03-27T11:07:27.921+0000] {logging_mixin.py:151} INFO - [2026-03-27T11:07:27.921+0000] {dagbag.py:539} INFO - Filling up the DagBag from /opt/airflow/dags/pets/pets_dag.py
[2026-03-27T11:07:28.035+0000] {processor.py:839} INFO - DAG(s) dict_keys(['pets_to_postgres']) retrieved from /opt/airflow/dags/pets/pets_dag.py
[2026-03-27T11:07:28.043+0000] {logging_mixin.py:151} INFO - [2026-03-27T11:07:28.043+0000] {dag.py:2907} INFO - Sync 1 DAGs
[2026-03-27T11:07:28.051+0000] {logging_mixin.py:151} INFO - [2026-03-27T11:07:28.051+0000] {dag.py:3677} INFO - Setting next_dagrun for pets_to_postgres to 2024-01-01T00:00:00+00:00, run_after=2024-01-01T00:00:00+00:00
[2026-03-27T11:07:28.057+0000] {processor.py:179} INFO - Processing /opt/airflow/dags/pets/pets_dag.py took 0.139 seconds
[2026-03-27T11:07:38.364+0000] {processor.py:157} INFO - Started process (PID=638) to work on /opt/airflow/dags/pets/pets_dag.py
[2026-03-27T11:07:38.364+0000] {processor.py:829} INFO - Processing file /opt/airflow/dags/pets/pets_dag.py for tasks to queue
[2026-03-27T11:07:38.365+0000] {logging_mixin.py:151} INFO - [2026-03-27T11:07:38.365+0000] {dagbag.py:539} INFO - Filling up the DagBag from /opt/airflow/dags/pets/pets_dag.py
[2026-03-27T11:07:38.572+0000] {processor.py:839} INFO - DAG(s) dict_keys(['pets_to_postgres']) retrieved from /opt/airflow/dags/pets/pets_dag.py
[2026-03-27T11:07:38.589+0000] {logging_mixin.py:151} INFO - [2026-03-27T11:07:38.589+0000] {dag.py:2907} INFO - Sync 1 DAGs
[2026-03-27T11:07:38.605+0000] {logging_mixin.py:151} INFO - [2026-03-27T11:07:38.603+0000] {dag.py:3677} INFO - Setting next_dagrun for pets_to_postgres to 2024-01-01T00:00:00+00:00, run_after=2024-01-01T00:00:00+00:00
[2026-03-27T11:07:38.620+0000] {processor.py:179} INFO - Processing /opt/airflow/dags/pets/pets_dag.py took 0.257 seconds
[2026-03-27T11:08:06.781+0000] {processor.py:157} INFO - Started process (PID=206) to work on /opt/airflow/dags/pets/pets_dag.py
[2026-03-27T11:08:06.782+0000] {processor.py:829} INFO - Processing file /opt/airflow/dags/pets/pets_dag.py for tasks to queue
[2026-03-27T11:08:06.783+0000] {logging_mixin.py:151} INFO - [2026-03-27T11:08:06.783+0000] {dagbag.py:539} INFO - Filling up the DagBag from /opt/airflow/dags/pets/pets_dag.py
[2026-03-27T11:08:06.912+0000] {processor.py:839} INFO - DAG(s) dict_keys(['pets_to_postgres']) retrieved from /opt/airflow/dags/pets/pets_dag.py
[2026-03-27T11:08:06.917+0000] {logging_mixin.py:151} INFO - [2026-03-27T11:08:06.916+0000] {dag.py:2907} INFO - Sync 1 DAGs
[2026-03-27T11:08:06.925+0000] {logging_mixin.py:151} INFO - [2026-03-27T11:08:06.924+0000] {dag.py:3677} INFO - Setting next_dagrun for pets_to_postgres to 2024-01-01T00:00:00+00:00, run_after=2024-01-01T00:00:00+00:00
[2026-03-27T11:08:06.932+0000] {processor.py:179} INFO - Processing /opt/airflow/dags/pets/pets_dag.py took 0.152 seconds
[2026-03-27T11:08:17.314+0000] {processor.py:157} INFO - Started process (PID=254) to work on /opt/airflow/dags/pets/pets_dag.py
[2026-03-27T11:08:17.315+0000] {processor.py:829} INFO - Processing file /opt/airflow/dags/pets/pets_dag.py for tasks to queue
[2026-03-27T11:08:17.316+0000] {logging_mixin.py:151} INFO - [2026-03-27T11:08:17.316+0000] {dagbag.py:539} INFO - Filling up the DagBag from /opt/airflow/dags/pets/pets_dag.py
[2026-03-27T11:08:17.433+0000] {processor.py:839} INFO - DAG(s) dict_keys(['pets_to_postgres']) retrieved from /opt/airflow/dags/pets/pets_dag.py
[2026-03-27T11:08:17.438+0000] {logging_mixin.py:151} INFO - [2026-03-27T11:08:17.438+0000] {dag.py:2907} INFO - Sync 1 DAGs
[2026-03-27T11:08:17.446+0000] {logging_mixin.py:151} INFO - [2026-03-27T11:08:17.445+0000] {dag.py:3677} INFO - Setting next_dagrun for pets_to_postgres to 2024-01-01T00:00:00+00:00, run_after=2024-01-01T00:00:00+00:00
[2026-03-27T11:08:17.451+0000] {processor.py:179} INFO - Processing /opt/airflow/dags/pets/pets_dag.py took 0.140 seconds
[2026-03-27T11:08:27.745+0000] {processor.py:157} INFO - Started process (PID=304) to work on /opt/airflow/dags/pets/pets_dag.py
[2026-03-27T11:08:27.746+0000] {processor.py:829} INFO - Processing file /opt/airflow/dags/pets/pets_dag.py for tasks to queue
[2026-03-27T11:08:27.747+0000] {logging_mixin.py:151} INFO - [2026-03-27T11:08:27.747+0000] {dagbag.py:539} INFO - Filling up the DagBag from /opt/airflow/dags/pets/pets_dag.py
[2026-03-27T11:08:27.856+0000] {processor.py:839} INFO - DAG(s) dict_keys(['pets_to_postgres']) retrieved from /opt/airflow/dags/pets/pets_dag.py
[2026-03-27T11:08:27.861+0000] {logging_mixin.py:151} INFO - [2026-03-27T11:08:27.860+0000] {dag.py:2907} INFO - Sync 1 DAGs
[2026-03-27T11:08:27.868+0000] {logging_mixin.py:151} INFO - [2026-03-27T11:08:27.868+0000] {dag.py:3677} INFO - Setting next_dagrun for pets_to_postgres to 2024-01-01T00:00:00+00:00, run_after=2024-01-01T00:00:00+00:00
[2026-03-27T11:08:27.874+0000] {processor.py:179} INFO - Processing /opt/airflow/dags/pets/pets_dag.py took 0.129 seconds
[2026-03-27T11:08:38.108+0000] {processor.py:157} INFO - Started process (PID=350) to work on /opt/airflow/dags/pets/pets_dag.py
[2026-03-27T11:08:38.109+0000] {processor.py:829} INFO - Processing file /opt/airflow/dags/pets/pets_dag.py for tasks to queue
[2026-03-27T11:08:38.110+0000] {logging_mixin.py:151} INFO - [2026-03-27T11:08:38.110+0000] {dagbag.py:539} INFO - Filling up the DagBag from /opt/airflow/dags/pets/pets_dag.py
[2026-03-27T11:08:38.224+0000] {processor.py:839} INFO - DAG(s) dict_keys(['pets_to_postgres']) retrieved from /opt/airflow/dags/pets/pets_dag.py
[2026-03-27T11:08:38.231+0000] {logging_mixin.py:151} INFO - [2026-03-27T11:08:38.231+0000] {dag.py:2907} INFO - Sync 1 DAGs
[2026-03-27T11:08:38.238+0000] {logging_mixin.py:151} INFO - [2026-03-27T11:08:38.238+0000] {dag.py:3677} INFO - Setting next_dagrun for pets_to_postgres to 2024-01-01T00:00:00+00:00, run_after=2024-01-01T00:00:00+00:00
[2026-03-27T11:08:38.244+0000] {processor.py:179} INFO - Processing /opt/airflow/dags/pets/pets_dag.py took 0.138 seconds
[2026-03-27T11:08:48.581+0000] {processor.py:157} INFO - Started process (PID=398) to work on /opt/airflow/dags/pets/pets_dag.py
[2026-03-27T11:08:48.582+0000] {processor.py:829} INFO - Processing file /opt/airflow/dags/pets/pets_dag.py for tasks to queue
[2026-03-27T11:08:48.583+0000] {logging_mixin.py:151} INFO - [2026-03-27T11:08:48.583+0000] {dagbag.py:539} INFO - Filling up the DagBag from /opt/airflow/dags/pets/pets_dag.py
[2026-03-27T11:08:48.703+0000] {processor.py:839} INFO - DAG(s) dict_keys(['pets_to_postgres']) retrieved from /opt/airflow/dags/pets/pets_dag.py
[2026-03-27T11:08:48.711+0000] {logging_mixin.py:151} INFO - [2026-03-27T11:08:48.711+0000] {dag.py:2907} INFO - Sync 1 DAGs
[2026-03-27T11:08:48.719+0000] {logging_mixin.py:151} INFO - [2026-03-27T11:08:48.719+0000] {dag.py:3677} INFO - Setting next_dagrun for pets_to_postgres to 2024-01-01T00:00:00+00:00, run_after=2024-01-01T00:00:00+00:00
[2026-03-27T11:08:48.725+0000] {processor.py:179} INFO - Processing /opt/airflow/dags/pets/pets_dag.py took 0.145 seconds
[2026-03-27T11:08:59.068+0000] {processor.py:157} INFO - Started process (PID=446) to work on /opt/airflow/dags/pets/pets_dag.py
[2026-03-27T11:08:59.068+0000] {processor.py:829} INFO - Processing file /opt/airflow/dags/pets/pets_dag.py for tasks to queue
[2026-03-27T11:08:59.069+0000] {logging_mixin.py:151} INFO - [2026-03-27T11:08:59.069+0000] {dagbag.py:539} INFO - Filling up the DagBag from /opt/airflow/dags/pets/pets_dag.py
[2026-03-27T11:08:59.181+0000] {processor.py:839} INFO - DAG(s) dict_keys(['pets_to_postgres']) retrieved from /opt/airflow/dags/pets/pets_dag.py
[2026-03-27T11:08:59.189+0000] {logging_mixin.py:151} INFO - [2026-03-27T11:08:59.189+0000] {dag.py:2907} INFO - Sync 1 DAGs
[2026-03-27T11:08:59.196+0000] {logging_mixin.py:151} INFO - [2026-03-27T11:08:59.196+0000] {dag.py:3677} INFO - Setting next_dagrun for pets_to_postgres to 2024-01-01T00:00:00+00:00, run_after=2024-01-01T00:00:00+00:00
[2026-03-27T11:08:59.202+0000] {processor.py:179} INFO - Processing /opt/airflow/dags/pets/pets_dag.py took 0.136 seconds
[2026-03-27T11:09:09.570+0000] {processor.py:157} INFO - Started process (PID=496) to work on /opt/airflow/dags/pets/pets_dag.py
[2026-03-27T11:09:09.571+0000] {processor.py:829} INFO - Processing file /opt/airflow/dags/pets/pets_dag.py for tasks to queue
[2026-03-27T11:09:09.571+0000] {logging_mixin.py:151} INFO - [2026-03-27T11:09:09.571+0000] {dagbag.py:539} INFO - Filling up the DagBag from /opt/airflow/dags/pets/pets_dag.py
[2026-03-27T11:09:09.680+0000] {processor.py:839} INFO - DAG(s) dict_keys(['pets_to_postgres']) retrieved from /opt/airflow/dags/pets/pets_dag.py
[2026-03-27T11:09:09.688+0000] {logging_mixin.py:151} INFO - [2026-03-27T11:09:09.688+0000] {dag.py:2907} INFO - Sync 1 DAGs
[2026-03-27T11:09:09.695+0000] {logging_mixin.py:151} INFO - [2026-03-27T11:09:09.695+0000] {dag.py:3677} INFO - Setting next_dagrun for pets_to_postgres to 2024-01-01T00:00:00+00:00, run_after=2024-01-01T00:00:00+00:00
[2026-03-27T11:09:09.701+0000] {processor.py:179} INFO - Processing /opt/airflow/dags/pets/pets_dag.py took 0.132 seconds
[2026-03-27T11:09:19.979+0000] {processor.py:157} INFO - Started process (PID=544) to work on /opt/airflow/dags/pets/pets_dag.py
[2026-03-27T11:09:19.980+0000] {processor.py:829} INFO - Processing file /opt/airflow/dags/pets/pets_dag.py for tasks to queue
[2026-03-27T11:09:19.980+0000] {logging_mixin.py:151} INFO - [2026-03-27T11:09:19.980+0000] {dagbag.py:539} INFO - Filling up the DagBag from /opt/airflow/dags/pets/pets_dag.py
[2026-03-27T11:09:20.091+0000] {processor.py:839} INFO - DAG(s) dict_keys(['pets_to_postgres']) retrieved from /opt/airflow/dags/pets/pets_dag.py
[2026-03-27T11:09:20.099+0000] {logging_mixin.py:151} INFO - [2026-03-27T11:09:20.098+0000] {dag.py:2907} INFO - Sync 1 DAGs
[2026-03-27T11:09:20.105+0000] {logging_mixin.py:151} INFO - [2026-03-27T11:09:20.105+0000] {dag.py:3677} INFO - Setting next_dagrun for pets_to_postgres to 2024-01-01T00:00:00+00:00, run_after=2024-01-01T00:00:00+00:00
[2026-03-27T11:09:20.111+0000] {processor.py:179} INFO - Processing /opt/airflow/dags/pets/pets_dag.py took 0.133 seconds
[2026-03-27T11:09:30.367+0000] {processor.py:157} INFO - Started process (PID=590) to work on /opt/airflow/dags/pets/pets_dag.py
[2026-03-27T11:09:30.370+0000] {processor.py:829} INFO - Processing file /opt/airflow/dags/pets/pets_dag.py for tasks to queue
[2026-03-27T11:09:30.371+0000] {logging_mixin.py:151} INFO - [2026-03-27T11:09:30.371+0000] {dagbag.py:539} INFO - Filling up the DagBag from /opt/airflow/dags/pets/pets_dag.py
[2026-03-27T11:09:30.481+0000] {processor.py:839} INFO - DAG(s) dict_keys(['pets_to_postgres']) retrieved from /opt/airflow/dags/pets/pets_dag.py
[2026-03-27T11:09:30.488+0000] {logging_mixin.py:151} INFO - [2026-03-27T11:09:30.488+0000] {dag.py:2907} INFO - Sync 1 DAGs
[2026-03-27T11:09:30.495+0000] {logging_mixin.py:151} INFO - [2026-03-27T11:09:30.495+0000] {dag.py:3677} INFO - Setting next_dagrun for pets_to_postgres to 2024-01-01T00:00:00+00:00, run_after=2024-01-01T00:00:00+00:00
[2026-03-27T11:09:30.501+0000] {processor.py:179} INFO - Processing /opt/airflow/dags/pets/pets_dag.py took 0.135 seconds
[2026-03-27T11:09:40.854+0000] {processor.py:157} INFO - Started process (PID=638) to work on /opt/airflow/dags/pets/pets_dag.py
[2026-03-27T11:09:40.854+0000] {processor.py:829} INFO - Processing file /opt/airflow/dags/pets/pets_dag.py for tasks to queue
[2026-03-27T11:09:40.855+0000] {logging_mixin.py:151} INFO - [2026-03-27T11:09:40.855+0000] {dagbag.py:539} INFO - Filling up the DagBag from /opt/airflow/dags/pets/pets_dag.py
[2026-03-27T11:09:40.970+0000] {processor.py:839} INFO - DAG(s) dict_keys(['pets_to_postgres']) retrieved from /opt/airflow/dags/pets/pets_dag.py
[2026-03-27T11:09:40.979+0000] {logging_mixin.py:151} INFO - [2026-03-27T11:09:40.978+0000] {dag.py:2907} INFO - Sync 1 DAGs
[2026-03-27T11:09:40.986+0000] {logging_mixin.py:151} INFO - [2026-03-27T11:09:40.986+0000] {dag.py:3677} INFO - Setting next_dagrun for pets_to_postgres to 2024-01-01T00:00:00+00:00, run_after=2024-01-01T00:00:00+00:00
[2026-03-27T11:09:40.994+0000] {processor.py:179} INFO - Processing /opt/airflow/dags/pets/pets_dag.py took 0.141 seconds
[2026-03-27T11:09:51.274+0000] {processor.py:157} INFO - Started process (PID=686) to work on /opt/airflow/dags/pets/pets_dag.py
[2026-03-27T11:09:51.275+0000] {processor.py:829} INFO - Processing file /opt/airflow/dags/pets/pets_dag.py for tasks to queue
[2026-03-27T11:09:51.276+0000] {logging_mixin.py:151} INFO - [2026-03-27T11:09:51.276+0000] {dagbag.py:539} INFO - Filling up the DagBag from /opt/airflow/dags/pets/pets_dag.py
[2026-03-27T11:09:51.388+0000] {processor.py:839} INFO - DAG(s) dict_keys(['pets_to_postgres']) retrieved from /opt/airflow/dags/pets/pets_dag.py
[2026-03-27T11:09:51.396+0000] {logging_mixin.py:151} INFO - [2026-03-27T11:09:51.395+0000] {dag.py:2907} INFO - Sync 1 DAGs
[2026-03-27T11:09:51.403+0000] {logging_mixin.py:151} INFO - [2026-03-27T11:09:51.403+0000] {dag.py:3677} INFO - Setting next_dagrun for pets_to_postgres to 2024-01-01T00:00:00+00:00, run_after=2024-01-01T00:00:00+00:00
[2026-03-27T11:09:51.408+0000] {processor.py:179} INFO - Processing /opt/airflow/dags/pets/pets_dag.py took 0.136 seconds
[2026-03-27T11:10:01.826+0000] {processor.py:157} INFO - Started process (PID=734) to work on /opt/airflow/dags/pets/pets_dag.py
[2026-03-27T11:10:01.826+0000] {processor.py:829} INFO - Processing file /opt/airflow/dags/pets/pets_dag.py for tasks to queue
[2026-03-27T11:10:01.827+0000] {logging_mixin.py:151} INFO - [2026-03-27T11:10:01.827+0000] {dagbag.py:539} INFO - Filling up the DagBag from /opt/airflow/dags/pets/pets_dag.py
[2026-03-27T11:10:01.939+0000] {processor.py:839} INFO - DAG(s) dict_keys(['pets_to_postgres']) retrieved from /opt/airflow/dags/pets/pets_dag.py
[2026-03-27T11:10:01.946+0000] {logging_mixin.py:151} INFO - [2026-03-27T11:10:01.946+0000] {dag.py:2907} INFO - Sync 1 DAGs
[2026-03-27T11:10:01.953+0000] {logging_mixin.py:151} INFO - [2026-03-27T11:10:01.953+0000] {dag.py:3677} INFO - Setting next_dagrun for pets_to_postgres to 2024-01-01T00:00:00+00:00, run_after=2024-01-01T00:00:00+00:00
[2026-03-27T11:10:01.959+0000] {processor.py:179} INFO - Processing /opt/airflow/dags/pets/pets_dag.py took 0.135 seconds
[2026-03-27T11:10:12.292+0000] {processor.py:157} INFO - Started process (PID=784) to work on /opt/airflow/dags/pets/pets_dag.py
[2026-03-27T11:10:12.292+0000] {processor.py:829} INFO - Processing file /opt/airflow/dags/pets/pets_dag.py for tasks to queue
[2026-03-27T11:10:12.293+0000] {logging_mixin.py:151} INFO - [2026-03-27T11:10:12.293+0000] {dagbag.py:539} INFO - Filling up the DagBag from /opt/airflow/dags/pets/pets_dag.py
[2026-03-27T11:10:12.410+0000] {processor.py:839} INFO - DAG(s) dict_keys(['pets_to_postgres']) retrieved from /opt/airflow/dags/pets/pets_dag.py
[2026-03-27T11:10:12.418+0000] {logging_mixin.py:151} INFO - [2026-03-27T11:10:12.418+0000] {dag.py:2907} INFO - Sync 1 DAGs
[2026-03-27T11:10:12.425+0000] {logging_mixin.py:151} INFO - [2026-03-27T11:10:12.425+0000] {dag.py:3677} INFO - Setting next_dagrun for pets_to_postgres to 2024-01-01T00:00:00+00:00, run_after=2024-01-01T00:00:00+00:00
[2026-03-27T11:10:12.432+0000] {processor.py:179} INFO - Processing /opt/airflow/dags/pets/pets_dag.py took 0.141 seconds
[2026-03-27T11:10:22.767+0000] {processor.py:157} INFO - Started process (PID=830) to work on /opt/airflow/dags/pets/pets_dag.py
[2026-03-27T11:10:22.767+0000] {processor.py:829} INFO - Processing file /opt/airflow/dags/pets/pets_dag.py for tasks to queue
[2026-03-27T11:10:22.768+0000] {logging_mixin.py:151} INFO - [2026-03-27T11:10:22.768+0000] {dagbag.py:539} INFO - Filling up the DagBag from /opt/airflow/dags/pets/pets_dag.py
[2026-03-27T11:10:22.887+0000] {processor.py:839} INFO - DAG(s) dict_keys(['pets_to_postgres']) retrieved from /opt/airflow/dags/pets/pets_dag.py
[2026-03-27T11:10:22.894+0000] {logging_mixin.py:151} INFO - [2026-03-27T11:10:22.894+0000] {dag.py:2907} INFO - Sync 1 DAGs
[2026-03-27T11:10:22.902+0000] {logging_mixin.py:151} INFO - [2026-03-27T11:10:22.901+0000] {dag.py:3677} INFO - Setting next_dagrun for pets_to_postgres to 2024-01-01T00:00:00+00:00, run_after=2024-01-01T00:00:00+00:00
[2026-03-27T11:10:22.907+0000] {processor.py:179} INFO - Processing /opt/airflow/dags/pets/pets_dag.py took 0.141 seconds
[2026-03-27T11:10:33.274+0000] {processor.py:157} INFO - Started process (PID=880) to work on /opt/airflow/dags/pets/pets_dag.py
[2026-03-27T11:10:33.275+0000] {processor.py:829} INFO - Processing file /opt/airflow/dags/pets/pets_dag.py for tasks to queue
[2026-03-27T11:10:33.276+0000] {logging_mixin.py:151} INFO - [2026-03-27T11:10:33.276+0000] {dagbag.py:539} INFO - Filling up the DagBag from /opt/airflow/dags/pets/pets_dag.py
[2026-03-27T11:10:33.399+0000] {processor.py:839} INFO - DAG(s) dict_keys(['pets_to_postgres']) retrieved from /opt/airflow/dags/pets/pets_dag.py
[2026-03-27T11:10:33.408+0000] {logging_mixin.py:151} INFO - [2026-03-27T11:10:33.408+0000] {dag.py:2907} INFO - Sync 1 DAGs
[2026-03-27T11:10:33.415+0000] {logging_mixin.py:151} INFO - [2026-03-27T11:10:33.415+0000] {dag.py:3677} INFO - Setting next_dagrun for pets_to_postgres to 2024-01-01T00:00:00+00:00, run_after=2024-01-01T00:00:00+00:00
[2026-03-27T11:10:33.421+0000] {processor.py:179} INFO - Processing /opt/airflow/dags/pets/pets_dag.py took 0.148 seconds
