[2026-03-27T10:55:58.064+0000] {processor.py:157} INFO - Started process (PID=196) to work on /opt/airflow/dags/replication/load_support_tickets_analytics.py
[2026-03-27T10:55:58.064+0000] {processor.py:829} INFO - Processing file /opt/airflow/dags/replication/load_support_tickets_analytics.py for tasks to queue
[2026-03-27T10:55:58.066+0000] {logging_mixin.py:151} INFO - [2026-03-27T10:55:58.065+0000] {dagbag.py:539} INFO - Filling up the DagBag from /opt/airflow/dags/replication/load_support_tickets_analytics.py
[2026-03-27T10:55:58.071+0000] {processor.py:839} INFO - DAG(s) dict_keys(['load_support_tickets_analytics']) retrieved from /opt/airflow/dags/replication/load_support_tickets_analytics.py
[2026-03-27T10:55:58.110+0000] {logging_mixin.py:151} INFO - [2026-03-27T10:55:58.110+0000] {manager.py:501} INFO - Created Permission View: can edit on DAG:load_support_tickets_analytics
[2026-03-27T10:55:58.117+0000] {logging_mixin.py:151} INFO - [2026-03-27T10:55:58.117+0000] {manager.py:501} INFO - Created Permission View: can read on DAG:load_support_tickets_analytics
[2026-03-27T10:55:58.119+0000] {logging_mixin.py:151} INFO - [2026-03-27T10:55:58.119+0000] {manager.py:501} INFO - Created Permission View: can delete on DAG:load_support_tickets_analytics
[2026-03-27T10:55:58.125+0000] {logging_mixin.py:151} INFO - [2026-03-27T10:55:58.125+0000] {dag.py:2907} INFO - Sync 1 DAGs
[2026-03-27T10:55:58.129+0000] {logging_mixin.py:151} INFO - [2026-03-27T10:55:58.129+0000] {dag.py:2929} INFO - Creating ORM DAG for load_support_tickets_analytics
[2026-03-27T10:55:58.130+0000] {logging_mixin.py:151} INFO - [2026-03-27T10:55:58.130+0000] {dag.py:3677} INFO - Setting next_dagrun for load_support_tickets_analytics to None, run_after=None
[2026-03-27T10:55:58.139+0000] {processor.py:179} INFO - Processing /opt/airflow/dags/replication/load_support_tickets_analytics.py took 0.077 seconds
[2026-03-27T10:56:08.506+0000] {processor.py:157} INFO - Started process (PID=249) to work on /opt/airflow/dags/replication/load_support_tickets_analytics.py
[2026-03-27T10:56:08.506+0000] {processor.py:829} INFO - Processing file /opt/airflow/dags/replication/load_support_tickets_analytics.py for tasks to queue
[2026-03-27T10:56:08.507+0000] {logging_mixin.py:151} INFO - [2026-03-27T10:56:08.507+0000] {dagbag.py:539} INFO - Filling up the DagBag from /opt/airflow/dags/replication/load_support_tickets_analytics.py
[2026-03-27T10:56:08.511+0000] {processor.py:839} INFO - DAG(s) dict_keys(['load_support_tickets_analytics']) retrieved from /opt/airflow/dags/replication/load_support_tickets_analytics.py
[2026-03-27T10:56:08.517+0000] {logging_mixin.py:151} INFO - [2026-03-27T10:56:08.516+0000] {dag.py:2907} INFO - Sync 1 DAGs
[2026-03-27T10:56:08.522+0000] {logging_mixin.py:151} INFO - [2026-03-27T10:56:08.522+0000] {dag.py:3677} INFO - Setting next_dagrun for load_support_tickets_analytics to None, run_after=None
[2026-03-27T10:56:08.527+0000] {processor.py:179} INFO - Processing /opt/airflow/dags/replication/load_support_tickets_analytics.py took 0.023 seconds
[2026-03-27T10:56:18.938+0000] {processor.py:157} INFO - Started process (PID=295) to work on /opt/airflow/dags/replication/load_support_tickets_analytics.py
[2026-03-27T10:56:18.938+0000] {processor.py:829} INFO - Processing file /opt/airflow/dags/replication/load_support_tickets_analytics.py for tasks to queue
[2026-03-27T10:56:18.940+0000] {logging_mixin.py:151} INFO - [2026-03-27T10:56:18.940+0000] {dagbag.py:539} INFO - Filling up the DagBag from /opt/airflow/dags/replication/load_support_tickets_analytics.py
[2026-03-27T10:56:18.947+0000] {processor.py:839} INFO - DAG(s) dict_keys(['load_support_tickets_analytics']) retrieved from /opt/airflow/dags/replication/load_support_tickets_analytics.py
[2026-03-27T10:56:18.955+0000] {logging_mixin.py:151} INFO - [2026-03-27T10:56:18.954+0000] {dag.py:2907} INFO - Sync 1 DAGs
[2026-03-27T10:56:18.962+0000] {logging_mixin.py:151} INFO - [2026-03-27T10:56:18.962+0000] {dag.py:3677} INFO - Setting next_dagrun for load_support_tickets_analytics to None, run_after=None
[2026-03-27T10:56:18.969+0000] {processor.py:179} INFO - Processing /opt/airflow/dags/replication/load_support_tickets_analytics.py took 0.033 seconds
[2026-03-27T10:56:29.430+0000] {processor.py:157} INFO - Started process (PID=345) to work on /opt/airflow/dags/replication/load_support_tickets_analytics.py
[2026-03-27T10:56:29.431+0000] {processor.py:829} INFO - Processing file /opt/airflow/dags/replication/load_support_tickets_analytics.py for tasks to queue
[2026-03-27T10:56:29.431+0000] {logging_mixin.py:151} INFO - [2026-03-27T10:56:29.431+0000] {dagbag.py:539} INFO - Filling up the DagBag from /opt/airflow/dags/replication/load_support_tickets_analytics.py
[2026-03-27T10:56:29.435+0000] {processor.py:839} INFO - DAG(s) dict_keys(['load_support_tickets_analytics']) retrieved from /opt/airflow/dags/replication/load_support_tickets_analytics.py
[2026-03-27T10:56:29.444+0000] {logging_mixin.py:151} INFO - [2026-03-27T10:56:29.443+0000] {dag.py:2907} INFO - Sync 1 DAGs
[2026-03-27T10:56:29.448+0000] {logging_mixin.py:151} INFO - [2026-03-27T10:56:29.448+0000] {dag.py:3677} INFO - Setting next_dagrun for load_support_tickets_analytics to None, run_after=None
[2026-03-27T10:56:29.454+0000] {processor.py:179} INFO - Processing /opt/airflow/dags/replication/load_support_tickets_analytics.py took 0.025 seconds
[2026-03-27T10:56:39.874+0000] {processor.py:157} INFO - Started process (PID=391) to work on /opt/airflow/dags/replication/load_support_tickets_analytics.py
[2026-03-27T10:56:39.875+0000] {processor.py:829} INFO - Processing file /opt/airflow/dags/replication/load_support_tickets_analytics.py for tasks to queue
[2026-03-27T10:56:39.877+0000] {logging_mixin.py:151} INFO - [2026-03-27T10:56:39.877+0000] {dagbag.py:539} INFO - Filling up the DagBag from /opt/airflow/dags/replication/load_support_tickets_analytics.py
[2026-03-27T10:56:39.881+0000] {processor.py:839} INFO - DAG(s) dict_keys(['load_support_tickets_analytics']) retrieved from /opt/airflow/dags/replication/load_support_tickets_analytics.py
[2026-03-27T10:56:39.890+0000] {logging_mixin.py:151} INFO - [2026-03-27T10:56:39.890+0000] {dag.py:2907} INFO - Sync 1 DAGs
[2026-03-27T10:56:39.894+0000] {logging_mixin.py:151} INFO - [2026-03-27T10:56:39.894+0000] {dag.py:3677} INFO - Setting next_dagrun for load_support_tickets_analytics to None, run_after=None
[2026-03-27T10:56:39.900+0000] {processor.py:179} INFO - Processing /opt/airflow/dags/replication/load_support_tickets_analytics.py took 0.027 seconds
[2026-03-27T10:56:50.353+0000] {processor.py:157} INFO - Started process (PID=439) to work on /opt/airflow/dags/replication/load_support_tickets_analytics.py
[2026-03-27T10:56:50.353+0000] {processor.py:829} INFO - Processing file /opt/airflow/dags/replication/load_support_tickets_analytics.py for tasks to queue
[2026-03-27T10:56:50.355+0000] {logging_mixin.py:151} INFO - [2026-03-27T10:56:50.354+0000] {dagbag.py:539} INFO - Filling up the DagBag from /opt/airflow/dags/replication/load_support_tickets_analytics.py
[2026-03-27T10:56:50.361+0000] {processor.py:839} INFO - DAG(s) dict_keys(['load_support_tickets_analytics']) retrieved from /opt/airflow/dags/replication/load_support_tickets_analytics.py
[2026-03-27T10:56:50.373+0000] {logging_mixin.py:151} INFO - [2026-03-27T10:56:50.372+0000] {dag.py:2907} INFO - Sync 1 DAGs
[2026-03-27T10:56:50.378+0000] {logging_mixin.py:151} INFO - [2026-03-27T10:56:50.378+0000] {dag.py:3677} INFO - Setting next_dagrun for load_support_tickets_analytics to None, run_after=None
[2026-03-27T10:56:50.389+0000] {processor.py:179} INFO - Processing /opt/airflow/dags/replication/load_support_tickets_analytics.py took 0.038 seconds
[2026-03-27T10:57:00.749+0000] {processor.py:157} INFO - Started process (PID=487) to work on /opt/airflow/dags/replication/load_support_tickets_analytics.py
[2026-03-27T10:57:00.749+0000] {processor.py:829} INFO - Processing file /opt/airflow/dags/replication/load_support_tickets_analytics.py for tasks to queue
[2026-03-27T10:57:00.751+0000] {logging_mixin.py:151} INFO - [2026-03-27T10:57:00.751+0000] {dagbag.py:539} INFO - Filling up the DagBag from /opt/airflow/dags/replication/load_support_tickets_analytics.py
[2026-03-27T10:57:00.757+0000] {processor.py:839} INFO - DAG(s) dict_keys(['load_support_tickets_analytics']) retrieved from /opt/airflow/dags/replication/load_support_tickets_analytics.py
[2026-03-27T10:57:00.765+0000] {logging_mixin.py:151} INFO - [2026-03-27T10:57:00.765+0000] {dag.py:2907} INFO - Sync 1 DAGs
[2026-03-27T10:57:00.772+0000] {logging_mixin.py:151} INFO - [2026-03-27T10:57:00.772+0000] {dag.py:3677} INFO - Setting next_dagrun for load_support_tickets_analytics to None, run_after=None
[2026-03-27T10:57:00.780+0000] {processor.py:179} INFO - Processing /opt/airflow/dags/replication/load_support_tickets_analytics.py took 0.033 seconds
[2026-03-27T10:57:11.168+0000] {processor.py:157} INFO - Started process (PID=535) to work on /opt/airflow/dags/replication/load_support_tickets_analytics.py
[2026-03-27T10:57:11.168+0000] {processor.py:829} INFO - Processing file /opt/airflow/dags/replication/load_support_tickets_analytics.py for tasks to queue
[2026-03-27T10:57:11.169+0000] {logging_mixin.py:151} INFO - [2026-03-27T10:57:11.169+0000] {dagbag.py:539} INFO - Filling up the DagBag from /opt/airflow/dags/replication/load_support_tickets_analytics.py
[2026-03-27T10:57:11.173+0000] {processor.py:839} INFO - DAG(s) dict_keys(['load_support_tickets_analytics']) retrieved from /opt/airflow/dags/replication/load_support_tickets_analytics.py
[2026-03-27T10:57:11.182+0000] {logging_mixin.py:151} INFO - [2026-03-27T10:57:11.182+0000] {dag.py:2907} INFO - Sync 1 DAGs
[2026-03-27T10:57:11.188+0000] {logging_mixin.py:151} INFO - [2026-03-27T10:57:11.187+0000] {dag.py:3677} INFO - Setting next_dagrun for load_support_tickets_analytics to None, run_after=None
[2026-03-27T10:57:11.198+0000] {processor.py:179} INFO - Processing /opt/airflow/dags/replication/load_support_tickets_analytics.py took 0.032 seconds
[2026-03-27T10:57:21.581+0000] {processor.py:157} INFO - Started process (PID=583) to work on /opt/airflow/dags/replication/load_support_tickets_analytics.py
[2026-03-27T10:57:21.581+0000] {processor.py:829} INFO - Processing file /opt/airflow/dags/replication/load_support_tickets_analytics.py for tasks to queue
[2026-03-27T10:57:21.582+0000] {logging_mixin.py:151} INFO - [2026-03-27T10:57:21.582+0000] {dagbag.py:539} INFO - Filling up the DagBag from /opt/airflow/dags/replication/load_support_tickets_analytics.py
[2026-03-27T10:57:21.587+0000] {processor.py:839} INFO - DAG(s) dict_keys(['load_support_tickets_analytics']) retrieved from /opt/airflow/dags/replication/load_support_tickets_analytics.py
[2026-03-27T10:57:21.597+0000] {logging_mixin.py:151} INFO - [2026-03-27T10:57:21.597+0000] {dag.py:2907} INFO - Sync 1 DAGs
[2026-03-27T10:57:21.602+0000] {logging_mixin.py:151} INFO - [2026-03-27T10:57:21.602+0000] {dag.py:3677} INFO - Setting next_dagrun for load_support_tickets_analytics to None, run_after=None
[2026-03-27T10:57:21.611+0000] {processor.py:179} INFO - Processing /opt/airflow/dags/replication/load_support_tickets_analytics.py took 0.032 seconds
[2026-03-27T10:57:32.134+0000] {processor.py:157} INFO - Started process (PID=631) to work on /opt/airflow/dags/replication/load_support_tickets_analytics.py
[2026-03-27T10:57:32.135+0000] {processor.py:829} INFO - Processing file /opt/airflow/dags/replication/load_support_tickets_analytics.py for tasks to queue
[2026-03-27T10:57:32.135+0000] {logging_mixin.py:151} INFO - [2026-03-27T10:57:32.135+0000] {dagbag.py:539} INFO - Filling up the DagBag from /opt/airflow/dags/replication/load_support_tickets_analytics.py
[2026-03-27T10:57:32.141+0000] {processor.py:839} INFO - DAG(s) dict_keys(['load_support_tickets_analytics']) retrieved from /opt/airflow/dags/replication/load_support_tickets_analytics.py
[2026-03-27T10:57:32.152+0000] {logging_mixin.py:151} INFO - [2026-03-27T10:57:32.151+0000] {dag.py:2907} INFO - Sync 1 DAGs
[2026-03-27T10:57:32.157+0000] {logging_mixin.py:151} INFO - [2026-03-27T10:57:32.157+0000] {dag.py:3677} INFO - Setting next_dagrun for load_support_tickets_analytics to None, run_after=None
[2026-03-27T10:57:32.169+0000] {processor.py:179} INFO - Processing /opt/airflow/dags/replication/load_support_tickets_analytics.py took 0.037 seconds
[2026-03-27T10:57:42.566+0000] {processor.py:157} INFO - Started process (PID=681) to work on /opt/airflow/dags/replication/load_support_tickets_analytics.py
[2026-03-27T10:57:42.567+0000] {processor.py:829} INFO - Processing file /opt/airflow/dags/replication/load_support_tickets_analytics.py for tasks to queue
[2026-03-27T10:57:42.568+0000] {logging_mixin.py:151} INFO - [2026-03-27T10:57:42.568+0000] {dagbag.py:539} INFO - Filling up the DagBag from /opt/airflow/dags/replication/load_support_tickets_analytics.py
[2026-03-27T10:57:42.571+0000] {processor.py:839} INFO - DAG(s) dict_keys(['load_support_tickets_analytics']) retrieved from /opt/airflow/dags/replication/load_support_tickets_analytics.py
[2026-03-27T10:57:42.580+0000] {logging_mixin.py:151} INFO - [2026-03-27T10:57:42.580+0000] {dag.py:2907} INFO - Sync 1 DAGs
[2026-03-27T10:57:42.585+0000] {logging_mixin.py:151} INFO - [2026-03-27T10:57:42.585+0000] {dag.py:3677} INFO - Setting next_dagrun for load_support_tickets_analytics to None, run_after=None
[2026-03-27T10:57:42.592+0000] {processor.py:179} INFO - Processing /opt/airflow/dags/replication/load_support_tickets_analytics.py took 0.027 seconds
[2026-03-27T10:57:53.054+0000] {processor.py:157} INFO - Started process (PID=729) to work on /opt/airflow/dags/replication/load_support_tickets_analytics.py
[2026-03-27T10:57:53.055+0000] {processor.py:829} INFO - Processing file /opt/airflow/dags/replication/load_support_tickets_analytics.py for tasks to queue
[2026-03-27T10:57:53.055+0000] {logging_mixin.py:151} INFO - [2026-03-27T10:57:53.055+0000] {dagbag.py:539} INFO - Filling up the DagBag from /opt/airflow/dags/replication/load_support_tickets_analytics.py
[2026-03-27T10:57:53.059+0000] {processor.py:839} INFO - DAG(s) dict_keys(['load_support_tickets_analytics']) retrieved from /opt/airflow/dags/replication/load_support_tickets_analytics.py
[2026-03-27T10:57:53.066+0000] {logging_mixin.py:151} INFO - [2026-03-27T10:57:53.066+0000] {dag.py:2907} INFO - Sync 1 DAGs
[2026-03-27T10:57:53.071+0000] {logging_mixin.py:151} INFO - [2026-03-27T10:57:53.071+0000] {dag.py:3677} INFO - Setting next_dagrun for load_support_tickets_analytics to None, run_after=None
[2026-03-27T10:57:53.076+0000] {processor.py:179} INFO - Processing /opt/airflow/dags/replication/load_support_tickets_analytics.py took 0.023 seconds
[2026-03-27T10:58:03.515+0000] {processor.py:157} INFO - Started process (PID=775) to work on /opt/airflow/dags/replication/load_support_tickets_analytics.py
[2026-03-27T10:58:03.515+0000] {processor.py:829} INFO - Processing file /opt/airflow/dags/replication/load_support_tickets_analytics.py for tasks to queue
[2026-03-27T10:58:03.517+0000] {logging_mixin.py:151} INFO - [2026-03-27T10:58:03.517+0000] {dagbag.py:539} INFO - Filling up the DagBag from /opt/airflow/dags/replication/load_support_tickets_analytics.py
[2026-03-27T10:58:03.523+0000] {processor.py:839} INFO - DAG(s) dict_keys(['load_support_tickets_analytics']) retrieved from /opt/airflow/dags/replication/load_support_tickets_analytics.py
[2026-03-27T10:58:03.533+0000] {logging_mixin.py:151} INFO - [2026-03-27T10:58:03.533+0000] {dag.py:2907} INFO - Sync 1 DAGs
[2026-03-27T10:58:03.538+0000] {logging_mixin.py:151} INFO - [2026-03-27T10:58:03.538+0000] {dag.py:3677} INFO - Setting next_dagrun for load_support_tickets_analytics to None, run_after=None
[2026-03-27T10:58:03.545+0000] {processor.py:179} INFO - Processing /opt/airflow/dags/replication/load_support_tickets_analytics.py took 0.032 seconds
[2026-03-27T10:58:13.961+0000] {processor.py:157} INFO - Started process (PID=823) to work on /opt/airflow/dags/replication/load_support_tickets_analytics.py
[2026-03-27T10:58:13.962+0000] {processor.py:829} INFO - Processing file /opt/airflow/dags/replication/load_support_tickets_analytics.py for tasks to queue
[2026-03-27T10:58:13.963+0000] {logging_mixin.py:151} INFO - [2026-03-27T10:58:13.963+0000] {dagbag.py:539} INFO - Filling up the DagBag from /opt/airflow/dags/replication/load_support_tickets_analytics.py
[2026-03-27T10:58:13.968+0000] {processor.py:839} INFO - DAG(s) dict_keys(['load_support_tickets_analytics']) retrieved from /opt/airflow/dags/replication/load_support_tickets_analytics.py
[2026-03-27T10:58:13.977+0000] {logging_mixin.py:151} INFO - [2026-03-27T10:58:13.977+0000] {dag.py:2907} INFO - Sync 1 DAGs
[2026-03-27T10:58:13.981+0000] {logging_mixin.py:151} INFO - [2026-03-27T10:58:13.981+0000] {dag.py:3677} INFO - Setting next_dagrun for load_support_tickets_analytics to None, run_after=None
[2026-03-27T10:58:13.987+0000] {processor.py:179} INFO - Processing /opt/airflow/dags/replication/load_support_tickets_analytics.py took 0.027 seconds
[2026-03-27T10:58:24.459+0000] {processor.py:157} INFO - Started process (PID=871) to work on /opt/airflow/dags/replication/load_support_tickets_analytics.py
[2026-03-27T10:58:24.461+0000] {processor.py:829} INFO - Processing file /opt/airflow/dags/replication/load_support_tickets_analytics.py for tasks to queue
[2026-03-27T10:58:24.462+0000] {logging_mixin.py:151} INFO - [2026-03-27T10:58:24.462+0000] {dagbag.py:539} INFO - Filling up the DagBag from /opt/airflow/dags/replication/load_support_tickets_analytics.py
[2026-03-27T10:58:24.465+0000] {processor.py:839} INFO - DAG(s) dict_keys(['load_support_tickets_analytics']) retrieved from /opt/airflow/dags/replication/load_support_tickets_analytics.py
[2026-03-27T10:58:24.476+0000] {logging_mixin.py:151} INFO - [2026-03-27T10:58:24.476+0000] {dag.py:2907} INFO - Sync 1 DAGs
[2026-03-27T10:58:24.481+0000] {logging_mixin.py:151} INFO - [2026-03-27T10:58:24.481+0000] {dag.py:3677} INFO - Setting next_dagrun for load_support_tickets_analytics to None, run_after=None
[2026-03-27T10:58:24.490+0000] {processor.py:179} INFO - Processing /opt/airflow/dags/replication/load_support_tickets_analytics.py took 0.033 seconds
[2026-03-27T10:58:34.904+0000] {processor.py:157} INFO - Started process (PID=919) to work on /opt/airflow/dags/replication/load_support_tickets_analytics.py
[2026-03-27T10:58:34.904+0000] {processor.py:829} INFO - Processing file /opt/airflow/dags/replication/load_support_tickets_analytics.py for tasks to queue
[2026-03-27T10:58:34.906+0000] {logging_mixin.py:151} INFO - [2026-03-27T10:58:34.906+0000] {dagbag.py:539} INFO - Filling up the DagBag from /opt/airflow/dags/replication/load_support_tickets_analytics.py
[2026-03-27T10:58:34.912+0000] {processor.py:839} INFO - DAG(s) dict_keys(['load_support_tickets_analytics']) retrieved from /opt/airflow/dags/replication/load_support_tickets_analytics.py
[2026-03-27T10:58:34.924+0000] {logging_mixin.py:151} INFO - [2026-03-27T10:58:34.923+0000] {dag.py:2907} INFO - Sync 1 DAGs
[2026-03-27T10:58:34.928+0000] {logging_mixin.py:151} INFO - [2026-03-27T10:58:34.928+0000] {dag.py:3677} INFO - Setting next_dagrun for load_support_tickets_analytics to None, run_after=None
[2026-03-27T10:58:34.936+0000] {processor.py:179} INFO - Processing /opt/airflow/dags/replication/load_support_tickets_analytics.py took 0.034 seconds
[2026-03-27T10:58:45.349+0000] {processor.py:157} INFO - Started process (PID=969) to work on /opt/airflow/dags/replication/load_support_tickets_analytics.py
[2026-03-27T10:58:45.350+0000] {processor.py:829} INFO - Processing file /opt/airflow/dags/replication/load_support_tickets_analytics.py for tasks to queue
[2026-03-27T10:58:45.351+0000] {logging_mixin.py:151} INFO - [2026-03-27T10:58:45.351+0000] {dagbag.py:539} INFO - Filling up the DagBag from /opt/airflow/dags/replication/load_support_tickets_analytics.py
[2026-03-27T10:58:45.356+0000] {processor.py:839} INFO - DAG(s) dict_keys(['load_support_tickets_analytics']) retrieved from /opt/airflow/dags/replication/load_support_tickets_analytics.py
[2026-03-27T10:58:45.365+0000] {logging_mixin.py:151} INFO - [2026-03-27T10:58:45.365+0000] {dag.py:2907} INFO - Sync 1 DAGs
[2026-03-27T10:58:45.370+0000] {logging_mixin.py:151} INFO - [2026-03-27T10:58:45.370+0000] {dag.py:3677} INFO - Setting next_dagrun for load_support_tickets_analytics to None, run_after=None
[2026-03-27T10:58:45.376+0000] {processor.py:179} INFO - Processing /opt/airflow/dags/replication/load_support_tickets_analytics.py took 0.028 seconds
[2026-03-27T10:58:55.788+0000] {processor.py:157} INFO - Started process (PID=1017) to work on /opt/airflow/dags/replication/load_support_tickets_analytics.py
[2026-03-27T10:58:55.789+0000] {processor.py:829} INFO - Processing file /opt/airflow/dags/replication/load_support_tickets_analytics.py for tasks to queue
[2026-03-27T10:58:55.790+0000] {logging_mixin.py:151} INFO - [2026-03-27T10:58:55.789+0000] {dagbag.py:539} INFO - Filling up the DagBag from /opt/airflow/dags/replication/load_support_tickets_analytics.py
[2026-03-27T10:58:55.794+0000] {processor.py:839} INFO - DAG(s) dict_keys(['load_support_tickets_analytics']) retrieved from /opt/airflow/dags/replication/load_support_tickets_analytics.py
[2026-03-27T10:58:55.803+0000] {logging_mixin.py:151} INFO - [2026-03-27T10:58:55.803+0000] {dag.py:2907} INFO - Sync 1 DAGs
[2026-03-27T10:58:55.807+0000] {logging_mixin.py:151} INFO - [2026-03-27T10:58:55.807+0000] {dag.py:3677} INFO - Setting next_dagrun for load_support_tickets_analytics to None, run_after=None
[2026-03-27T10:58:55.813+0000] {processor.py:179} INFO - Processing /opt/airflow/dags/replication/load_support_tickets_analytics.py took 0.027 seconds
[2026-03-27T10:59:06.203+0000] {processor.py:157} INFO - Started process (PID=1063) to work on /opt/airflow/dags/replication/load_support_tickets_analytics.py
[2026-03-27T10:59:06.204+0000] {processor.py:829} INFO - Processing file /opt/airflow/dags/replication/load_support_tickets_analytics.py for tasks to queue
[2026-03-27T10:59:06.205+0000] {logging_mixin.py:151} INFO - [2026-03-27T10:59:06.205+0000] {dagbag.py:539} INFO - Filling up the DagBag from /opt/airflow/dags/replication/load_support_tickets_analytics.py
[2026-03-27T10:59:06.210+0000] {processor.py:839} INFO - DAG(s) dict_keys(['load_support_tickets_analytics']) retrieved from /opt/airflow/dags/replication/load_support_tickets_analytics.py
[2026-03-27T10:59:06.221+0000] {logging_mixin.py:151} INFO - [2026-03-27T10:59:06.220+0000] {dag.py:2907} INFO - Sync 1 DAGs
[2026-03-27T10:59:06.228+0000] {logging_mixin.py:151} INFO - [2026-03-27T10:59:06.228+0000] {dag.py:3677} INFO - Setting next_dagrun for load_support_tickets_analytics to None, run_after=None
[2026-03-27T10:59:06.236+0000] {processor.py:179} INFO - Processing /opt/airflow/dags/replication/load_support_tickets_analytics.py took 0.035 seconds
[2026-03-27T10:59:16.692+0000] {processor.py:157} INFO - Started process (PID=1113) to work on /opt/airflow/dags/replication/load_support_tickets_analytics.py
[2026-03-27T10:59:16.693+0000] {processor.py:829} INFO - Processing file /opt/airflow/dags/replication/load_support_tickets_analytics.py for tasks to queue
[2026-03-27T10:59:16.694+0000] {logging_mixin.py:151} INFO - [2026-03-27T10:59:16.694+0000] {dagbag.py:539} INFO - Filling up the DagBag from /opt/airflow/dags/replication/load_support_tickets_analytics.py
[2026-03-27T10:59:16.697+0000] {processor.py:839} INFO - DAG(s) dict_keys(['load_support_tickets_analytics']) retrieved from /opt/airflow/dags/replication/load_support_tickets_analytics.py
[2026-03-27T10:59:16.706+0000] {logging_mixin.py:151} INFO - [2026-03-27T10:59:16.705+0000] {dag.py:2907} INFO - Sync 1 DAGs
[2026-03-27T10:59:16.710+0000] {logging_mixin.py:151} INFO - [2026-03-27T10:59:16.710+0000] {dag.py:3677} INFO - Setting next_dagrun for load_support_tickets_analytics to None, run_after=None
[2026-03-27T10:59:16.716+0000] {processor.py:179} INFO - Processing /opt/airflow/dags/replication/load_support_tickets_analytics.py took 0.025 seconds
[2026-03-27T10:59:27.104+0000] {processor.py:157} INFO - Started process (PID=1159) to work on /opt/airflow/dags/replication/load_support_tickets_analytics.py
[2026-03-27T10:59:27.105+0000] {processor.py:829} INFO - Processing file /opt/airflow/dags/replication/load_support_tickets_analytics.py for tasks to queue
[2026-03-27T10:59:27.105+0000] {logging_mixin.py:151} INFO - [2026-03-27T10:59:27.105+0000] {dagbag.py:539} INFO - Filling up the DagBag from /opt/airflow/dags/replication/load_support_tickets_analytics.py
[2026-03-27T10:59:27.112+0000] {processor.py:839} INFO - DAG(s) dict_keys(['load_support_tickets_analytics']) retrieved from /opt/airflow/dags/replication/load_support_tickets_analytics.py
[2026-03-27T10:59:27.121+0000] {logging_mixin.py:151} INFO - [2026-03-27T10:59:27.121+0000] {dag.py:2907} INFO - Sync 1 DAGs
[2026-03-27T10:59:27.126+0000] {logging_mixin.py:151} INFO - [2026-03-27T10:59:27.126+0000] {dag.py:3677} INFO - Setting next_dagrun for load_support_tickets_analytics to None, run_after=None
[2026-03-27T10:59:27.134+0000] {processor.py:179} INFO - Processing /opt/airflow/dags/replication/load_support_tickets_analytics.py took 0.031 seconds
[2026-03-27T10:59:37.679+0000] {processor.py:157} INFO - Started process (PID=1207) to work on /opt/airflow/dags/replication/load_support_tickets_analytics.py
[2026-03-27T10:59:37.679+0000] {processor.py:829} INFO - Processing file /opt/airflow/dags/replication/load_support_tickets_analytics.py for tasks to queue
[2026-03-27T10:59:37.680+0000] {logging_mixin.py:151} INFO - [2026-03-27T10:59:37.680+0000] {dagbag.py:539} INFO - Filling up the DagBag from /opt/airflow/dags/replication/load_support_tickets_analytics.py
[2026-03-27T10:59:37.687+0000] {processor.py:839} INFO - DAG(s) dict_keys(['load_support_tickets_analytics']) retrieved from /opt/airflow/dags/replication/load_support_tickets_analytics.py
[2026-03-27T10:59:37.701+0000] {logging_mixin.py:151} INFO - [2026-03-27T10:59:37.701+0000] {dag.py:2907} INFO - Sync 1 DAGs
[2026-03-27T10:59:37.707+0000] {logging_mixin.py:151} INFO - [2026-03-27T10:59:37.707+0000] {dag.py:3677} INFO - Setting next_dagrun for load_support_tickets_analytics to None, run_after=None
[2026-03-27T10:59:37.719+0000] {processor.py:179} INFO - Processing /opt/airflow/dags/replication/load_support_tickets_analytics.py took 0.043 seconds
[2026-03-27T10:59:48.139+0000] {processor.py:157} INFO - Started process (PID=1255) to work on /opt/airflow/dags/replication/load_support_tickets_analytics.py
[2026-03-27T10:59:48.139+0000] {processor.py:829} INFO - Processing file /opt/airflow/dags/replication/load_support_tickets_analytics.py for tasks to queue
[2026-03-27T10:59:48.140+0000] {logging_mixin.py:151} INFO - [2026-03-27T10:59:48.140+0000] {dagbag.py:539} INFO - Filling up the DagBag from /opt/airflow/dags/replication/load_support_tickets_analytics.py
[2026-03-27T10:59:48.144+0000] {processor.py:839} INFO - DAG(s) dict_keys(['load_support_tickets_analytics']) retrieved from /opt/airflow/dags/replication/load_support_tickets_analytics.py
[2026-03-27T10:59:48.158+0000] {logging_mixin.py:151} INFO - [2026-03-27T10:59:48.157+0000] {dag.py:2907} INFO - Sync 1 DAGs
[2026-03-27T10:59:48.163+0000] {logging_mixin.py:151} INFO - [2026-03-27T10:59:48.163+0000] {dag.py:3677} INFO - Setting next_dagrun for load_support_tickets_analytics to None, run_after=None
[2026-03-27T10:59:48.174+0000] {processor.py:179} INFO - Processing /opt/airflow/dags/replication/load_support_tickets_analytics.py took 0.037 seconds
[2026-03-27T10:59:58.530+0000] {processor.py:157} INFO - Started process (PID=1303) to work on /opt/airflow/dags/replication/load_support_tickets_analytics.py
[2026-03-27T10:59:58.531+0000] {processor.py:829} INFO - Processing file /opt/airflow/dags/replication/load_support_tickets_analytics.py for tasks to queue
[2026-03-27T10:59:58.531+0000] {logging_mixin.py:151} INFO - [2026-03-27T10:59:58.531+0000] {dagbag.py:539} INFO - Filling up the DagBag from /opt/airflow/dags/replication/load_support_tickets_analytics.py
[2026-03-27T10:59:58.535+0000] {processor.py:839} INFO - DAG(s) dict_keys(['load_support_tickets_analytics']) retrieved from /opt/airflow/dags/replication/load_support_tickets_analytics.py
[2026-03-27T10:59:58.547+0000] {logging_mixin.py:151} INFO - [2026-03-27T10:59:58.547+0000] {dag.py:2907} INFO - Sync 1 DAGs
[2026-03-27T10:59:58.553+0000] {logging_mixin.py:151} INFO - [2026-03-27T10:59:58.553+0000] {dag.py:3677} INFO - Setting next_dagrun for load_support_tickets_analytics to None, run_after=None
[2026-03-27T10:59:58.564+0000] {processor.py:179} INFO - Processing /opt/airflow/dags/replication/load_support_tickets_analytics.py took 0.036 seconds
[2026-03-27T11:00:08.943+0000] {processor.py:157} INFO - Started process (PID=1351) to work on /opt/airflow/dags/replication/load_support_tickets_analytics.py
[2026-03-27T11:00:08.943+0000] {processor.py:829} INFO - Processing file /opt/airflow/dags/replication/load_support_tickets_analytics.py for tasks to queue
[2026-03-27T11:00:08.944+0000] {logging_mixin.py:151} INFO - [2026-03-27T11:00:08.944+0000] {dagbag.py:539} INFO - Filling up the DagBag from /opt/airflow/dags/replication/load_support_tickets_analytics.py
[2026-03-27T11:00:08.951+0000] {processor.py:839} INFO - DAG(s) dict_keys(['load_support_tickets_analytics']) retrieved from /opt/airflow/dags/replication/load_support_tickets_analytics.py
[2026-03-27T11:00:08.961+0000] {logging_mixin.py:151} INFO - [2026-03-27T11:00:08.961+0000] {dag.py:2907} INFO - Sync 1 DAGs
[2026-03-27T11:00:08.965+0000] {logging_mixin.py:151} INFO - [2026-03-27T11:00:08.965+0000] {dag.py:3677} INFO - Setting next_dagrun for load_support_tickets_analytics to None, run_after=None
[2026-03-27T11:00:08.976+0000] {processor.py:179} INFO - Processing /opt/airflow/dags/replication/load_support_tickets_analytics.py took 0.035 seconds
[2026-03-27T11:00:19.360+0000] {processor.py:157} INFO - Started process (PID=1399) to work on /opt/airflow/dags/replication/load_support_tickets_analytics.py
[2026-03-27T11:00:19.361+0000] {processor.py:829} INFO - Processing file /opt/airflow/dags/replication/load_support_tickets_analytics.py for tasks to queue
[2026-03-27T11:00:19.363+0000] {logging_mixin.py:151} INFO - [2026-03-27T11:00:19.363+0000] {dagbag.py:539} INFO - Filling up the DagBag from /opt/airflow/dags/replication/load_support_tickets_analytics.py
[2026-03-27T11:00:19.367+0000] {processor.py:839} INFO - DAG(s) dict_keys(['load_support_tickets_analytics']) retrieved from /opt/airflow/dags/replication/load_support_tickets_analytics.py
[2026-03-27T11:00:19.377+0000] {logging_mixin.py:151} INFO - [2026-03-27T11:00:19.377+0000] {dag.py:2907} INFO - Sync 1 DAGs
[2026-03-27T11:00:19.384+0000] {logging_mixin.py:151} INFO - [2026-03-27T11:00:19.384+0000] {dag.py:3677} INFO - Setting next_dagrun for load_support_tickets_analytics to None, run_after=None
[2026-03-27T11:00:19.392+0000] {processor.py:179} INFO - Processing /opt/airflow/dags/replication/load_support_tickets_analytics.py took 0.033 seconds
[2026-03-27T11:00:29.836+0000] {processor.py:157} INFO - Started process (PID=1449) to work on /opt/airflow/dags/replication/load_support_tickets_analytics.py
[2026-03-27T11:00:29.837+0000] {processor.py:829} INFO - Processing file /opt/airflow/dags/replication/load_support_tickets_analytics.py for tasks to queue
[2026-03-27T11:00:29.838+0000] {logging_mixin.py:151} INFO - [2026-03-27T11:00:29.838+0000] {dagbag.py:539} INFO - Filling up the DagBag from /opt/airflow/dags/replication/load_support_tickets_analytics.py
[2026-03-27T11:00:29.841+0000] {processor.py:839} INFO - DAG(s) dict_keys(['load_support_tickets_analytics']) retrieved from /opt/airflow/dags/replication/load_support_tickets_analytics.py
[2026-03-27T11:00:29.849+0000] {logging_mixin.py:151} INFO - [2026-03-27T11:00:29.849+0000] {dag.py:2907} INFO - Sync 1 DAGs
[2026-03-27T11:00:29.854+0000] {logging_mixin.py:151} INFO - [2026-03-27T11:00:29.854+0000] {dag.py:3677} INFO - Setting next_dagrun for load_support_tickets_analytics to None, run_after=None
[2026-03-27T11:00:29.859+0000] {processor.py:179} INFO - Processing /opt/airflow/dags/replication/load_support_tickets_analytics.py took 0.024 seconds
[2026-03-27T11:00:40.319+0000] {processor.py:157} INFO - Started process (PID=1497) to work on /opt/airflow/dags/replication/load_support_tickets_analytics.py
[2026-03-27T11:00:40.320+0000] {processor.py:829} INFO - Processing file /opt/airflow/dags/replication/load_support_tickets_analytics.py for tasks to queue
[2026-03-27T11:00:40.321+0000] {logging_mixin.py:151} INFO - [2026-03-27T11:00:40.320+0000] {dagbag.py:539} INFO - Filling up the DagBag from /opt/airflow/dags/replication/load_support_tickets_analytics.py
[2026-03-27T11:00:40.326+0000] {processor.py:839} INFO - DAG(s) dict_keys(['load_support_tickets_analytics']) retrieved from /opt/airflow/dags/replication/load_support_tickets_analytics.py
[2026-03-27T11:00:40.341+0000] {logging_mixin.py:151} INFO - [2026-03-27T11:00:40.340+0000] {dag.py:2907} INFO - Sync 1 DAGs
[2026-03-27T11:00:40.346+0000] {logging_mixin.py:151} INFO - [2026-03-27T11:00:40.346+0000] {dag.py:3677} INFO - Setting next_dagrun for load_support_tickets_analytics to None, run_after=None
[2026-03-27T11:00:40.356+0000] {processor.py:179} INFO - Processing /opt/airflow/dags/replication/load_support_tickets_analytics.py took 0.039 seconds
[2026-03-27T11:00:50.723+0000] {processor.py:157} INFO - Started process (PID=1545) to work on /opt/airflow/dags/replication/load_support_tickets_analytics.py
[2026-03-27T11:00:50.724+0000] {processor.py:829} INFO - Processing file /opt/airflow/dags/replication/load_support_tickets_analytics.py for tasks to queue
[2026-03-27T11:00:50.724+0000] {logging_mixin.py:151} INFO - [2026-03-27T11:00:50.724+0000] {dagbag.py:539} INFO - Filling up the DagBag from /opt/airflow/dags/replication/load_support_tickets_analytics.py
[2026-03-27T11:00:50.728+0000] {processor.py:839} INFO - DAG(s) dict_keys(['load_support_tickets_analytics']) retrieved from /opt/airflow/dags/replication/load_support_tickets_analytics.py
[2026-03-27T11:00:50.736+0000] {logging_mixin.py:151} INFO - [2026-03-27T11:00:50.736+0000] {dag.py:2907} INFO - Sync 1 DAGs
[2026-03-27T11:00:50.740+0000] {logging_mixin.py:151} INFO - [2026-03-27T11:00:50.740+0000] {dag.py:3677} INFO - Setting next_dagrun for load_support_tickets_analytics to None, run_after=None
[2026-03-27T11:00:50.746+0000] {processor.py:179} INFO - Processing /opt/airflow/dags/replication/load_support_tickets_analytics.py took 0.024 seconds
[2026-03-27T11:01:01.227+0000] {processor.py:157} INFO - Started process (PID=1593) to work on /opt/airflow/dags/replication/load_support_tickets_analytics.py
[2026-03-27T11:01:01.228+0000] {processor.py:829} INFO - Processing file /opt/airflow/dags/replication/load_support_tickets_analytics.py for tasks to queue
[2026-03-27T11:01:01.229+0000] {logging_mixin.py:151} INFO - [2026-03-27T11:01:01.228+0000] {dagbag.py:539} INFO - Filling up the DagBag from /opt/airflow/dags/replication/load_support_tickets_analytics.py
[2026-03-27T11:01:01.232+0000] {processor.py:839} INFO - DAG(s) dict_keys(['load_support_tickets_analytics']) retrieved from /opt/airflow/dags/replication/load_support_tickets_analytics.py
[2026-03-27T11:01:01.240+0000] {logging_mixin.py:151} INFO - [2026-03-27T11:01:01.239+0000] {dag.py:2907} INFO - Sync 1 DAGs
[2026-03-27T11:01:01.244+0000] {logging_mixin.py:151} INFO - [2026-03-27T11:01:01.244+0000] {dag.py:3677} INFO - Setting next_dagrun for load_support_tickets_analytics to None, run_after=None
[2026-03-27T11:01:01.250+0000] {processor.py:179} INFO - Processing /opt/airflow/dags/replication/load_support_tickets_analytics.py took 0.024 seconds
[2026-03-27T11:01:11.639+0000] {processor.py:157} INFO - Started process (PID=1639) to work on /opt/airflow/dags/replication/load_support_tickets_analytics.py
[2026-03-27T11:01:11.640+0000] {processor.py:829} INFO - Processing file /opt/airflow/dags/replication/load_support_tickets_analytics.py for tasks to queue
[2026-03-27T11:01:11.641+0000] {logging_mixin.py:151} INFO - [2026-03-27T11:01:11.641+0000] {dagbag.py:539} INFO - Filling up the DagBag from /opt/airflow/dags/replication/load_support_tickets_analytics.py
[2026-03-27T11:01:11.646+0000] {processor.py:839} INFO - DAG(s) dict_keys(['load_support_tickets_analytics']) retrieved from /opt/airflow/dags/replication/load_support_tickets_analytics.py
[2026-03-27T11:01:11.656+0000] {logging_mixin.py:151} INFO - [2026-03-27T11:01:11.655+0000] {dag.py:2907} INFO - Sync 1 DAGs
[2026-03-27T11:01:11.660+0000] {logging_mixin.py:151} INFO - [2026-03-27T11:01:11.660+0000] {dag.py:3677} INFO - Setting next_dagrun for load_support_tickets_analytics to None, run_after=None
[2026-03-27T11:01:11.667+0000] {processor.py:179} INFO - Processing /opt/airflow/dags/replication/load_support_tickets_analytics.py took 0.028 seconds
[2026-03-27T11:01:22.117+0000] {processor.py:157} INFO - Started process (PID=1687) to work on /opt/airflow/dags/replication/load_support_tickets_analytics.py
[2026-03-27T11:01:22.117+0000] {processor.py:829} INFO - Processing file /opt/airflow/dags/replication/load_support_tickets_analytics.py for tasks to queue
[2026-03-27T11:01:22.118+0000] {logging_mixin.py:151} INFO - [2026-03-27T11:01:22.118+0000] {dagbag.py:539} INFO - Filling up the DagBag from /opt/airflow/dags/replication/load_support_tickets_analytics.py
[2026-03-27T11:01:22.123+0000] {processor.py:839} INFO - DAG(s) dict_keys(['load_support_tickets_analytics']) retrieved from /opt/airflow/dags/replication/load_support_tickets_analytics.py
[2026-03-27T11:01:22.133+0000] {logging_mixin.py:151} INFO - [2026-03-27T11:01:22.133+0000] {dag.py:2907} INFO - Sync 1 DAGs
[2026-03-27T11:01:22.139+0000] {logging_mixin.py:151} INFO - [2026-03-27T11:01:22.139+0000] {dag.py:3677} INFO - Setting next_dagrun for load_support_tickets_analytics to None, run_after=None
[2026-03-27T11:01:22.147+0000] {processor.py:179} INFO - Processing /opt/airflow/dags/replication/load_support_tickets_analytics.py took 0.032 seconds
[2026-03-27T11:01:48.035+0000] {processor.py:157} INFO - Started process (PID=196) to work on /opt/airflow/dags/replication/load_support_tickets_analytics.py
[2026-03-27T11:01:48.038+0000] {processor.py:829} INFO - Processing file /opt/airflow/dags/replication/load_support_tickets_analytics.py for tasks to queue
[2026-03-27T11:01:48.039+0000] {logging_mixin.py:151} INFO - [2026-03-27T11:01:48.039+0000] {dagbag.py:539} INFO - Filling up the DagBag from /opt/airflow/dags/replication/load_support_tickets_analytics.py
[2026-03-27T11:01:48.043+0000] {processor.py:839} INFO - DAG(s) dict_keys(['load_support_tickets_analytics']) retrieved from /opt/airflow/dags/replication/load_support_tickets_analytics.py
[2026-03-27T11:01:48.053+0000] {logging_mixin.py:151} INFO - [2026-03-27T11:01:48.052+0000] {dag.py:2907} INFO - Sync 1 DAGs
[2026-03-27T11:01:48.060+0000] {logging_mixin.py:151} INFO - [2026-03-27T11:01:48.060+0000] {dag.py:3677} INFO - Setting next_dagrun for load_support_tickets_analytics to None, run_after=None
[2026-03-27T11:01:48.068+0000] {processor.py:179} INFO - Processing /opt/airflow/dags/replication/load_support_tickets_analytics.py took 0.035 seconds
[2026-03-27T11:01:58.426+0000] {processor.py:157} INFO - Started process (PID=244) to work on /opt/airflow/dags/replication/load_support_tickets_analytics.py
[2026-03-27T11:01:58.427+0000] {processor.py:829} INFO - Processing file /opt/airflow/dags/replication/load_support_tickets_analytics.py for tasks to queue
[2026-03-27T11:01:58.429+0000] {logging_mixin.py:151} INFO - [2026-03-27T11:01:58.429+0000] {dagbag.py:539} INFO - Filling up the DagBag from /opt/airflow/dags/replication/load_support_tickets_analytics.py
[2026-03-27T11:01:58.435+0000] {processor.py:839} INFO - DAG(s) dict_keys(['load_support_tickets_analytics']) retrieved from /opt/airflow/dags/replication/load_support_tickets_analytics.py
[2026-03-27T11:01:58.442+0000] {logging_mixin.py:151} INFO - [2026-03-27T11:01:58.442+0000] {dag.py:2907} INFO - Sync 1 DAGs
[2026-03-27T11:01:58.447+0000] {logging_mixin.py:151} INFO - [2026-03-27T11:01:58.447+0000] {dag.py:3677} INFO - Setting next_dagrun for load_support_tickets_analytics to None, run_after=None
[2026-03-27T11:01:58.455+0000] {processor.py:179} INFO - Processing /opt/airflow/dags/replication/load_support_tickets_analytics.py took 0.030 seconds
[2026-03-27T11:02:08.923+0000] {processor.py:157} INFO - Started process (PID=292) to work on /opt/airflow/dags/replication/load_support_tickets_analytics.py
[2026-03-27T11:02:08.924+0000] {processor.py:829} INFO - Processing file /opt/airflow/dags/replication/load_support_tickets_analytics.py for tasks to queue
[2026-03-27T11:02:08.925+0000] {logging_mixin.py:151} INFO - [2026-03-27T11:02:08.925+0000] {dagbag.py:539} INFO - Filling up the DagBag from /opt/airflow/dags/replication/load_support_tickets_analytics.py
[2026-03-27T11:02:08.928+0000] {processor.py:839} INFO - DAG(s) dict_keys(['load_support_tickets_analytics']) retrieved from /opt/airflow/dags/replication/load_support_tickets_analytics.py
[2026-03-27T11:02:08.935+0000] {logging_mixin.py:151} INFO - [2026-03-27T11:02:08.935+0000] {dag.py:2907} INFO - Sync 1 DAGs
[2026-03-27T11:02:08.941+0000] {logging_mixin.py:151} INFO - [2026-03-27T11:02:08.941+0000] {dag.py:3677} INFO - Setting next_dagrun for load_support_tickets_analytics to None, run_after=None
[2026-03-27T11:02:08.949+0000] {processor.py:179} INFO - Processing /opt/airflow/dags/replication/load_support_tickets_analytics.py took 0.027 seconds
[2026-03-27T11:02:35.054+0000] {processor.py:157} INFO - Started process (PID=196) to work on /opt/airflow/dags/replication/load_support_tickets_analytics.py
[2026-03-27T11:02:35.055+0000] {processor.py:829} INFO - Processing file /opt/airflow/dags/replication/load_support_tickets_analytics.py for tasks to queue
[2026-03-27T11:02:35.057+0000] {logging_mixin.py:151} INFO - [2026-03-27T11:02:35.056+0000] {dagbag.py:539} INFO - Filling up the DagBag from /opt/airflow/dags/replication/load_support_tickets_analytics.py
[2026-03-27T11:02:35.061+0000] {processor.py:839} INFO - DAG(s) dict_keys(['load_support_tickets_analytics']) retrieved from /opt/airflow/dags/replication/load_support_tickets_analytics.py
[2026-03-27T11:02:35.066+0000] {logging_mixin.py:151} INFO - [2026-03-27T11:02:35.066+0000] {dag.py:2907} INFO - Sync 1 DAGs
[2026-03-27T11:02:35.073+0000] {logging_mixin.py:151} INFO - [2026-03-27T11:02:35.073+0000] {dag.py:3677} INFO - Setting next_dagrun for load_support_tickets_analytics to None, run_after=None
[2026-03-27T11:02:35.082+0000] {processor.py:179} INFO - Processing /opt/airflow/dags/replication/load_support_tickets_analytics.py took 0.030 seconds
[2026-03-27T11:02:45.618+0000] {processor.py:157} INFO - Started process (PID=244) to work on /opt/airflow/dags/replication/load_support_tickets_analytics.py
[2026-03-27T11:02:45.619+0000] {processor.py:829} INFO - Processing file /opt/airflow/dags/replication/load_support_tickets_analytics.py for tasks to queue
[2026-03-27T11:02:45.621+0000] {logging_mixin.py:151} INFO - [2026-03-27T11:02:45.620+0000] {dagbag.py:539} INFO - Filling up the DagBag from /opt/airflow/dags/replication/load_support_tickets_analytics.py
[2026-03-27T11:02:45.625+0000] {processor.py:839} INFO - DAG(s) dict_keys(['load_support_tickets_analytics']) retrieved from /opt/airflow/dags/replication/load_support_tickets_analytics.py
[2026-03-27T11:02:45.633+0000] {logging_mixin.py:151} INFO - [2026-03-27T11:02:45.633+0000] {dag.py:2907} INFO - Sync 1 DAGs
[2026-03-27T11:02:45.637+0000] {logging_mixin.py:151} INFO - [2026-03-27T11:02:45.637+0000] {dag.py:3677} INFO - Setting next_dagrun for load_support_tickets_analytics to None, run_after=None
[2026-03-27T11:02:45.646+0000] {processor.py:179} INFO - Processing /opt/airflow/dags/replication/load_support_tickets_analytics.py took 0.029 seconds
[2026-03-27T11:02:56.021+0000] {processor.py:157} INFO - Started process (PID=292) to work on /opt/airflow/dags/replication/load_support_tickets_analytics.py
[2026-03-27T11:02:56.021+0000] {processor.py:829} INFO - Processing file /opt/airflow/dags/replication/load_support_tickets_analytics.py for tasks to queue
[2026-03-27T11:02:56.023+0000] {logging_mixin.py:151} INFO - [2026-03-27T11:02:56.023+0000] {dagbag.py:539} INFO - Filling up the DagBag from /opt/airflow/dags/replication/load_support_tickets_analytics.py
[2026-03-27T11:02:56.028+0000] {processor.py:839} INFO - DAG(s) dict_keys(['load_support_tickets_analytics']) retrieved from /opt/airflow/dags/replication/load_support_tickets_analytics.py
[2026-03-27T11:02:56.036+0000] {logging_mixin.py:151} INFO - [2026-03-27T11:02:56.036+0000] {dag.py:2907} INFO - Sync 1 DAGs
[2026-03-27T11:02:56.043+0000] {logging_mixin.py:151} INFO - [2026-03-27T11:02:56.043+0000] {dag.py:3677} INFO - Setting next_dagrun for load_support_tickets_analytics to None, run_after=None
[2026-03-27T11:02:56.052+0000] {processor.py:179} INFO - Processing /opt/airflow/dags/replication/load_support_tickets_analytics.py took 0.033 seconds
[2026-03-27T11:03:06.434+0000] {processor.py:157} INFO - Started process (PID=340) to work on /opt/airflow/dags/replication/load_support_tickets_analytics.py
[2026-03-27T11:03:06.435+0000] {processor.py:829} INFO - Processing file /opt/airflow/dags/replication/load_support_tickets_analytics.py for tasks to queue
[2026-03-27T11:03:06.436+0000] {logging_mixin.py:151} INFO - [2026-03-27T11:03:06.436+0000] {dagbag.py:539} INFO - Filling up the DagBag from /opt/airflow/dags/replication/load_support_tickets_analytics.py
[2026-03-27T11:03:06.443+0000] {processor.py:839} INFO - DAG(s) dict_keys(['load_support_tickets_analytics']) retrieved from /opt/airflow/dags/replication/load_support_tickets_analytics.py
[2026-03-27T11:03:06.452+0000] {logging_mixin.py:151} INFO - [2026-03-27T11:03:06.452+0000] {dag.py:2907} INFO - Sync 1 DAGs
[2026-03-27T11:03:06.456+0000] {logging_mixin.py:151} INFO - [2026-03-27T11:03:06.456+0000] {dag.py:3677} INFO - Setting next_dagrun for load_support_tickets_analytics to None, run_after=None
[2026-03-27T11:03:06.464+0000] {processor.py:179} INFO - Processing /opt/airflow/dags/replication/load_support_tickets_analytics.py took 0.031 seconds
[2026-03-27T11:03:16.851+0000] {processor.py:157} INFO - Started process (PID=388) to work on /opt/airflow/dags/replication/load_support_tickets_analytics.py
[2026-03-27T11:03:16.852+0000] {processor.py:829} INFO - Processing file /opt/airflow/dags/replication/load_support_tickets_analytics.py for tasks to queue
[2026-03-27T11:03:16.853+0000] {logging_mixin.py:151} INFO - [2026-03-27T11:03:16.853+0000] {dagbag.py:539} INFO - Filling up the DagBag from /opt/airflow/dags/replication/load_support_tickets_analytics.py
[2026-03-27T11:03:16.859+0000] {processor.py:839} INFO - DAG(s) dict_keys(['load_support_tickets_analytics']) retrieved from /opt/airflow/dags/replication/load_support_tickets_analytics.py
[2026-03-27T11:03:16.869+0000] {logging_mixin.py:151} INFO - [2026-03-27T11:03:16.869+0000] {dag.py:2907} INFO - Sync 1 DAGs
[2026-03-27T11:03:16.875+0000] {logging_mixin.py:151} INFO - [2026-03-27T11:03:16.875+0000] {dag.py:3677} INFO - Setting next_dagrun for load_support_tickets_analytics to None, run_after=None
[2026-03-27T11:03:16.885+0000] {processor.py:179} INFO - Processing /opt/airflow/dags/replication/load_support_tickets_analytics.py took 0.035 seconds
[2026-03-27T11:03:27.272+0000] {processor.py:157} INFO - Started process (PID=436) to work on /opt/airflow/dags/replication/load_support_tickets_analytics.py
[2026-03-27T11:03:27.273+0000] {processor.py:829} INFO - Processing file /opt/airflow/dags/replication/load_support_tickets_analytics.py for tasks to queue
[2026-03-27T11:03:27.275+0000] {logging_mixin.py:151} INFO - [2026-03-27T11:03:27.274+0000] {dagbag.py:539} INFO - Filling up the DagBag from /opt/airflow/dags/replication/load_support_tickets_analytics.py
[2026-03-27T11:03:27.279+0000] {processor.py:839} INFO - DAG(s) dict_keys(['load_support_tickets_analytics']) retrieved from /opt/airflow/dags/replication/load_support_tickets_analytics.py
[2026-03-27T11:03:27.289+0000] {logging_mixin.py:151} INFO - [2026-03-27T11:03:27.289+0000] {dag.py:2907} INFO - Sync 1 DAGs
[2026-03-27T11:03:27.295+0000] {logging_mixin.py:151} INFO - [2026-03-27T11:03:27.295+0000] {dag.py:3677} INFO - Setting next_dagrun for load_support_tickets_analytics to None, run_after=None
[2026-03-27T11:03:27.302+0000] {processor.py:179} INFO - Processing /opt/airflow/dags/replication/load_support_tickets_analytics.py took 0.032 seconds
[2026-03-27T11:03:37.751+0000] {processor.py:157} INFO - Started process (PID=484) to work on /opt/airflow/dags/replication/load_support_tickets_analytics.py
[2026-03-27T11:03:37.752+0000] {processor.py:829} INFO - Processing file /opt/airflow/dags/replication/load_support_tickets_analytics.py for tasks to queue
[2026-03-27T11:03:37.755+0000] {logging_mixin.py:151} INFO - [2026-03-27T11:03:37.755+0000] {dagbag.py:539} INFO - Filling up the DagBag from /opt/airflow/dags/replication/load_support_tickets_analytics.py
[2026-03-27T11:03:37.758+0000] {processor.py:839} INFO - DAG(s) dict_keys(['load_support_tickets_analytics']) retrieved from /opt/airflow/dags/replication/load_support_tickets_analytics.py
[2026-03-27T11:03:37.769+0000] {logging_mixin.py:151} INFO - [2026-03-27T11:03:37.769+0000] {dag.py:2907} INFO - Sync 1 DAGs
[2026-03-27T11:03:37.773+0000] {logging_mixin.py:151} INFO - [2026-03-27T11:03:37.773+0000] {dag.py:3677} INFO - Setting next_dagrun for load_support_tickets_analytics to None, run_after=None
[2026-03-27T11:03:37.781+0000] {processor.py:179} INFO - Processing /opt/airflow/dags/replication/load_support_tickets_analytics.py took 0.031 seconds
[2026-03-27T11:03:48.229+0000] {processor.py:157} INFO - Started process (PID=534) to work on /opt/airflow/dags/replication/load_support_tickets_analytics.py
[2026-03-27T11:03:48.229+0000] {processor.py:829} INFO - Processing file /opt/airflow/dags/replication/load_support_tickets_analytics.py for tasks to queue
[2026-03-27T11:03:48.230+0000] {logging_mixin.py:151} INFO - [2026-03-27T11:03:48.230+0000] {dagbag.py:539} INFO - Filling up the DagBag from /opt/airflow/dags/replication/load_support_tickets_analytics.py
[2026-03-27T11:03:48.234+0000] {processor.py:839} INFO - DAG(s) dict_keys(['load_support_tickets_analytics']) retrieved from /opt/airflow/dags/replication/load_support_tickets_analytics.py
[2026-03-27T11:03:48.244+0000] {logging_mixin.py:151} INFO - [2026-03-27T11:03:48.244+0000] {dag.py:2907} INFO - Sync 1 DAGs
[2026-03-27T11:03:48.249+0000] {logging_mixin.py:151} INFO - [2026-03-27T11:03:48.249+0000] {dag.py:3677} INFO - Setting next_dagrun for load_support_tickets_analytics to None, run_after=None
[2026-03-27T11:03:48.256+0000] {processor.py:179} INFO - Processing /opt/airflow/dags/replication/load_support_tickets_analytics.py took 0.029 seconds
[2026-03-27T11:03:58.650+0000] {processor.py:157} INFO - Started process (PID=580) to work on /opt/airflow/dags/replication/load_support_tickets_analytics.py
[2026-03-27T11:03:58.650+0000] {processor.py:829} INFO - Processing file /opt/airflow/dags/replication/load_support_tickets_analytics.py for tasks to queue
[2026-03-27T11:03:58.652+0000] {logging_mixin.py:151} INFO - [2026-03-27T11:03:58.652+0000] {dagbag.py:539} INFO - Filling up the DagBag from /opt/airflow/dags/replication/load_support_tickets_analytics.py
[2026-03-27T11:03:58.656+0000] {processor.py:839} INFO - DAG(s) dict_keys(['load_support_tickets_analytics']) retrieved from /opt/airflow/dags/replication/load_support_tickets_analytics.py
[2026-03-27T11:03:58.666+0000] {logging_mixin.py:151} INFO - [2026-03-27T11:03:58.666+0000] {dag.py:2907} INFO - Sync 1 DAGs
[2026-03-27T11:03:58.671+0000] {logging_mixin.py:151} INFO - [2026-03-27T11:03:58.671+0000] {dag.py:3677} INFO - Setting next_dagrun for load_support_tickets_analytics to None, run_after=None
[2026-03-27T11:03:58.679+0000] {processor.py:179} INFO - Processing /opt/airflow/dags/replication/load_support_tickets_analytics.py took 0.031 seconds
[2026-03-27T11:04:09.067+0000] {processor.py:157} INFO - Started process (PID=628) to work on /opt/airflow/dags/replication/load_support_tickets_analytics.py
[2026-03-27T11:04:09.068+0000] {processor.py:829} INFO - Processing file /opt/airflow/dags/replication/load_support_tickets_analytics.py for tasks to queue
[2026-03-27T11:04:09.071+0000] {logging_mixin.py:151} INFO - [2026-03-27T11:04:09.071+0000] {dagbag.py:539} INFO - Filling up the DagBag from /opt/airflow/dags/replication/load_support_tickets_analytics.py
[2026-03-27T11:04:09.074+0000] {processor.py:839} INFO - DAG(s) dict_keys(['load_support_tickets_analytics']) retrieved from /opt/airflow/dags/replication/load_support_tickets_analytics.py
[2026-03-27T11:04:09.085+0000] {logging_mixin.py:151} INFO - [2026-03-27T11:04:09.084+0000] {dag.py:2907} INFO - Sync 1 DAGs
[2026-03-27T11:04:09.089+0000] {logging_mixin.py:151} INFO - [2026-03-27T11:04:09.089+0000] {dag.py:3677} INFO - Setting next_dagrun for load_support_tickets_analytics to None, run_after=None
[2026-03-27T11:04:09.097+0000] {processor.py:179} INFO - Processing /opt/airflow/dags/replication/load_support_tickets_analytics.py took 0.031 seconds
[2026-03-27T11:04:19.559+0000] {processor.py:157} INFO - Started process (PID=676) to work on /opt/airflow/dags/replication/load_support_tickets_analytics.py
[2026-03-27T11:04:19.560+0000] {processor.py:829} INFO - Processing file /opt/airflow/dags/replication/load_support_tickets_analytics.py for tasks to queue
[2026-03-27T11:04:19.561+0000] {logging_mixin.py:151} INFO - [2026-03-27T11:04:19.561+0000] {dagbag.py:539} INFO - Filling up the DagBag from /opt/airflow/dags/replication/load_support_tickets_analytics.py
[2026-03-27T11:04:19.565+0000] {processor.py:839} INFO - DAG(s) dict_keys(['load_support_tickets_analytics']) retrieved from /opt/airflow/dags/replication/load_support_tickets_analytics.py
[2026-03-27T11:04:19.576+0000] {logging_mixin.py:151} INFO - [2026-03-27T11:04:19.576+0000] {dag.py:2907} INFO - Sync 1 DAGs
[2026-03-27T11:04:19.583+0000] {logging_mixin.py:151} INFO - [2026-03-27T11:04:19.583+0000] {dag.py:3677} INFO - Setting next_dagrun for load_support_tickets_analytics to None, run_after=None
[2026-03-27T11:04:19.592+0000] {processor.py:179} INFO - Processing /opt/airflow/dags/replication/load_support_tickets_analytics.py took 0.034 seconds
[2026-03-27T11:04:30.050+0000] {processor.py:157} INFO - Started process (PID=724) to work on /opt/airflow/dags/replication/load_support_tickets_analytics.py
[2026-03-27T11:04:30.050+0000] {processor.py:829} INFO - Processing file /opt/airflow/dags/replication/load_support_tickets_analytics.py for tasks to queue
[2026-03-27T11:04:30.051+0000] {logging_mixin.py:151} INFO - [2026-03-27T11:04:30.051+0000] {dagbag.py:539} INFO - Filling up the DagBag from /opt/airflow/dags/replication/load_support_tickets_analytics.py
[2026-03-27T11:04:30.054+0000] {processor.py:839} INFO - DAG(s) dict_keys(['load_support_tickets_analytics']) retrieved from /opt/airflow/dags/replication/load_support_tickets_analytics.py
[2026-03-27T11:04:30.065+0000] {logging_mixin.py:151} INFO - [2026-03-27T11:04:30.064+0000] {dag.py:2907} INFO - Sync 1 DAGs
[2026-03-27T11:04:30.070+0000] {logging_mixin.py:151} INFO - [2026-03-27T11:04:30.070+0000] {dag.py:3677} INFO - Setting next_dagrun for load_support_tickets_analytics to None, run_after=None
[2026-03-27T11:04:30.079+0000] {processor.py:179} INFO - Processing /opt/airflow/dags/replication/load_support_tickets_analytics.py took 0.031 seconds
[2026-03-27T11:04:40.490+0000] {processor.py:157} INFO - Started process (PID=772) to work on /opt/airflow/dags/replication/load_support_tickets_analytics.py
[2026-03-27T11:04:40.490+0000] {processor.py:829} INFO - Processing file /opt/airflow/dags/replication/load_support_tickets_analytics.py for tasks to queue
[2026-03-27T11:04:40.492+0000] {logging_mixin.py:151} INFO - [2026-03-27T11:04:40.492+0000] {dagbag.py:539} INFO - Filling up the DagBag from /opt/airflow/dags/replication/load_support_tickets_analytics.py
[2026-03-27T11:04:40.496+0000] {processor.py:839} INFO - DAG(s) dict_keys(['load_support_tickets_analytics']) retrieved from /opt/airflow/dags/replication/load_support_tickets_analytics.py
[2026-03-27T11:04:40.506+0000] {logging_mixin.py:151} INFO - [2026-03-27T11:04:40.506+0000] {dag.py:2907} INFO - Sync 1 DAGs
[2026-03-27T11:04:40.513+0000] {logging_mixin.py:151} INFO - [2026-03-27T11:04:40.513+0000] {dag.py:3677} INFO - Setting next_dagrun for load_support_tickets_analytics to None, run_after=None
[2026-03-27T11:04:40.522+0000] {processor.py:179} INFO - Processing /opt/airflow/dags/replication/load_support_tickets_analytics.py took 0.033 seconds
[2026-03-27T11:04:50.956+0000] {processor.py:157} INFO - Started process (PID=820) to work on /opt/airflow/dags/replication/load_support_tickets_analytics.py
[2026-03-27T11:04:50.957+0000] {processor.py:829} INFO - Processing file /opt/airflow/dags/replication/load_support_tickets_analytics.py for tasks to queue
[2026-03-27T11:04:50.959+0000] {logging_mixin.py:151} INFO - [2026-03-27T11:04:50.959+0000] {dagbag.py:539} INFO - Filling up the DagBag from /opt/airflow/dags/replication/load_support_tickets_analytics.py
[2026-03-27T11:04:50.963+0000] {processor.py:839} INFO - DAG(s) dict_keys(['load_support_tickets_analytics']) retrieved from /opt/airflow/dags/replication/load_support_tickets_analytics.py
[2026-03-27T11:04:50.973+0000] {logging_mixin.py:151} INFO - [2026-03-27T11:04:50.973+0000] {dag.py:2907} INFO - Sync 1 DAGs
[2026-03-27T11:04:50.979+0000] {logging_mixin.py:151} INFO - [2026-03-27T11:04:50.979+0000] {dag.py:3677} INFO - Setting next_dagrun for load_support_tickets_analytics to None, run_after=None
[2026-03-27T11:04:50.989+0000] {processor.py:179} INFO - Processing /opt/airflow/dags/replication/load_support_tickets_analytics.py took 0.034 seconds
[2026-03-27T11:05:01.440+0000] {processor.py:157} INFO - Started process (PID=868) to work on /opt/airflow/dags/replication/load_support_tickets_analytics.py
[2026-03-27T11:05:01.441+0000] {processor.py:829} INFO - Processing file /opt/airflow/dags/replication/load_support_tickets_analytics.py for tasks to queue
[2026-03-27T11:05:01.444+0000] {logging_mixin.py:151} INFO - [2026-03-27T11:05:01.444+0000] {dagbag.py:539} INFO - Filling up the DagBag from /opt/airflow/dags/replication/load_support_tickets_analytics.py
[2026-03-27T11:05:01.447+0000] {processor.py:839} INFO - DAG(s) dict_keys(['load_support_tickets_analytics']) retrieved from /opt/airflow/dags/replication/load_support_tickets_analytics.py
[2026-03-27T11:05:01.457+0000] {logging_mixin.py:151} INFO - [2026-03-27T11:05:01.456+0000] {dag.py:2907} INFO - Sync 1 DAGs
[2026-03-27T11:05:01.461+0000] {logging_mixin.py:151} INFO - [2026-03-27T11:05:01.461+0000] {dag.py:3677} INFO - Setting next_dagrun for load_support_tickets_analytics to None, run_after=None
[2026-03-27T11:05:01.468+0000] {processor.py:179} INFO - Processing /opt/airflow/dags/replication/load_support_tickets_analytics.py took 0.029 seconds
[2026-03-27T11:05:11.939+0000] {processor.py:157} INFO - Started process (PID=916) to work on /opt/airflow/dags/replication/load_support_tickets_analytics.py
[2026-03-27T11:05:11.939+0000] {processor.py:829} INFO - Processing file /opt/airflow/dags/replication/load_support_tickets_analytics.py for tasks to queue
[2026-03-27T11:05:11.942+0000] {logging_mixin.py:151} INFO - [2026-03-27T11:05:11.942+0000] {dagbag.py:539} INFO - Filling up the DagBag from /opt/airflow/dags/replication/load_support_tickets_analytics.py
[2026-03-27T11:05:11.946+0000] {processor.py:839} INFO - DAG(s) dict_keys(['load_support_tickets_analytics']) retrieved from /opt/airflow/dags/replication/load_support_tickets_analytics.py
[2026-03-27T11:05:11.956+0000] {logging_mixin.py:151} INFO - [2026-03-27T11:05:11.956+0000] {dag.py:2907} INFO - Sync 1 DAGs
[2026-03-27T11:05:11.962+0000] {logging_mixin.py:151} INFO - [2026-03-27T11:05:11.962+0000] {dag.py:3677} INFO - Setting next_dagrun for load_support_tickets_analytics to None, run_after=None
[2026-03-27T11:05:11.973+0000] {processor.py:179} INFO - Processing /opt/airflow/dags/replication/load_support_tickets_analytics.py took 0.035 seconds
[2026-03-27T11:05:22.473+0000] {processor.py:157} INFO - Started process (PID=964) to work on /opt/airflow/dags/replication/load_support_tickets_analytics.py
[2026-03-27T11:05:22.473+0000] {processor.py:829} INFO - Processing file /opt/airflow/dags/replication/load_support_tickets_analytics.py for tasks to queue
[2026-03-27T11:05:22.475+0000] {logging_mixin.py:151} INFO - [2026-03-27T11:05:22.474+0000] {dagbag.py:539} INFO - Filling up the DagBag from /opt/airflow/dags/replication/load_support_tickets_analytics.py
[2026-03-27T11:05:22.480+0000] {processor.py:839} INFO - DAG(s) dict_keys(['load_support_tickets_analytics']) retrieved from /opt/airflow/dags/replication/load_support_tickets_analytics.py
[2026-03-27T11:05:22.493+0000] {logging_mixin.py:151} INFO - [2026-03-27T11:05:22.493+0000] {dag.py:2907} INFO - Sync 1 DAGs
[2026-03-27T11:05:22.502+0000] {logging_mixin.py:151} INFO - [2026-03-27T11:05:22.501+0000] {dag.py:3677} INFO - Setting next_dagrun for load_support_tickets_analytics to None, run_after=None
[2026-03-27T11:05:22.510+0000] {processor.py:179} INFO - Processing /opt/airflow/dags/replication/load_support_tickets_analytics.py took 0.039 seconds
[2026-03-27T11:05:32.886+0000] {processor.py:157} INFO - Started process (PID=1012) to work on /opt/airflow/dags/replication/load_support_tickets_analytics.py
[2026-03-27T11:05:32.887+0000] {processor.py:829} INFO - Processing file /opt/airflow/dags/replication/load_support_tickets_analytics.py for tasks to queue
[2026-03-27T11:05:32.889+0000] {logging_mixin.py:151} INFO - [2026-03-27T11:05:32.889+0000] {dagbag.py:539} INFO - Filling up the DagBag from /opt/airflow/dags/replication/load_support_tickets_analytics.py
[2026-03-27T11:05:32.893+0000] {processor.py:839} INFO - DAG(s) dict_keys(['load_support_tickets_analytics']) retrieved from /opt/airflow/dags/replication/load_support_tickets_analytics.py
[2026-03-27T11:05:32.912+0000] {logging_mixin.py:151} INFO - [2026-03-27T11:05:32.911+0000] {dag.py:2907} INFO - Sync 1 DAGs
[2026-03-27T11:05:32.926+0000] {logging_mixin.py:151} INFO - [2026-03-27T11:05:32.925+0000] {dag.py:3677} INFO - Setting next_dagrun for load_support_tickets_analytics to None, run_after=None
[2026-03-27T11:05:32.937+0000] {processor.py:179} INFO - Processing /opt/airflow/dags/replication/load_support_tickets_analytics.py took 0.052 seconds
[2026-03-27T11:05:43.379+0000] {processor.py:157} INFO - Started process (PID=1060) to work on /opt/airflow/dags/replication/load_support_tickets_analytics.py
[2026-03-27T11:05:43.379+0000] {processor.py:829} INFO - Processing file /opt/airflow/dags/replication/load_support_tickets_analytics.py for tasks to queue
[2026-03-27T11:05:43.381+0000] {logging_mixin.py:151} INFO - [2026-03-27T11:05:43.381+0000] {dagbag.py:539} INFO - Filling up the DagBag from /opt/airflow/dags/replication/load_support_tickets_analytics.py
[2026-03-27T11:05:43.386+0000] {processor.py:839} INFO - DAG(s) dict_keys(['load_support_tickets_analytics']) retrieved from /opt/airflow/dags/replication/load_support_tickets_analytics.py
[2026-03-27T11:05:43.395+0000] {logging_mixin.py:151} INFO - [2026-03-27T11:05:43.395+0000] {dag.py:2907} INFO - Sync 1 DAGs
[2026-03-27T11:05:43.401+0000] {logging_mixin.py:151} INFO - [2026-03-27T11:05:43.401+0000] {dag.py:3677} INFO - Setting next_dagrun for load_support_tickets_analytics to None, run_after=None
[2026-03-27T11:05:43.410+0000] {processor.py:179} INFO - Processing /opt/airflow/dags/replication/load_support_tickets_analytics.py took 0.033 seconds
[2026-03-27T11:06:03.859+0000] {processor.py:157} INFO - Started process (PID=196) to work on /opt/airflow/dags/replication/load_support_tickets_analytics.py
[2026-03-27T11:06:03.861+0000] {processor.py:829} INFO - Processing file /opt/airflow/dags/replication/load_support_tickets_analytics.py for tasks to queue
[2026-03-27T11:06:03.863+0000] {logging_mixin.py:151} INFO - [2026-03-27T11:06:03.863+0000] {dagbag.py:539} INFO - Filling up the DagBag from /opt/airflow/dags/replication/load_support_tickets_analytics.py
[2026-03-27T11:06:03.868+0000] {processor.py:839} INFO - DAG(s) dict_keys(['load_support_tickets_analytics']) retrieved from /opt/airflow/dags/replication/load_support_tickets_analytics.py
[2026-03-27T11:06:03.877+0000] {logging_mixin.py:151} INFO - [2026-03-27T11:06:03.876+0000] {dag.py:2907} INFO - Sync 1 DAGs
[2026-03-27T11:06:03.883+0000] {logging_mixin.py:151} INFO - [2026-03-27T11:06:03.883+0000] {dag.py:3677} INFO - Setting next_dagrun for load_support_tickets_analytics to None, run_after=None
[2026-03-27T11:06:03.890+0000] {processor.py:179} INFO - Processing /opt/airflow/dags/replication/load_support_tickets_analytics.py took 0.033 seconds
[2026-03-27T11:06:14.433+0000] {processor.py:157} INFO - Started process (PID=244) to work on /opt/airflow/dags/replication/load_support_tickets_analytics.py
[2026-03-27T11:06:14.434+0000] {processor.py:829} INFO - Processing file /opt/airflow/dags/replication/load_support_tickets_analytics.py for tasks to queue
[2026-03-27T11:06:14.435+0000] {logging_mixin.py:151} INFO - [2026-03-27T11:06:14.435+0000] {dagbag.py:539} INFO - Filling up the DagBag from /opt/airflow/dags/replication/load_support_tickets_analytics.py
[2026-03-27T11:06:14.440+0000] {processor.py:839} INFO - DAG(s) dict_keys(['load_support_tickets_analytics']) retrieved from /opt/airflow/dags/replication/load_support_tickets_analytics.py
[2026-03-27T11:06:14.447+0000] {logging_mixin.py:151} INFO - [2026-03-27T11:06:14.447+0000] {dag.py:2907} INFO - Sync 1 DAGs
[2026-03-27T11:06:14.452+0000] {logging_mixin.py:151} INFO - [2026-03-27T11:06:14.452+0000] {dag.py:3677} INFO - Setting next_dagrun for load_support_tickets_analytics to None, run_after=None
[2026-03-27T11:06:14.464+0000] {processor.py:179} INFO - Processing /opt/airflow/dags/replication/load_support_tickets_analytics.py took 0.032 seconds
[2026-03-27T11:06:24.840+0000] {processor.py:157} INFO - Started process (PID=292) to work on /opt/airflow/dags/replication/load_support_tickets_analytics.py
[2026-03-27T11:06:24.840+0000] {processor.py:829} INFO - Processing file /opt/airflow/dags/replication/load_support_tickets_analytics.py for tasks to queue
[2026-03-27T11:06:24.842+0000] {logging_mixin.py:151} INFO - [2026-03-27T11:06:24.842+0000] {dagbag.py:539} INFO - Filling up the DagBag from /opt/airflow/dags/replication/load_support_tickets_analytics.py
[2026-03-27T11:06:24.847+0000] {processor.py:839} INFO - DAG(s) dict_keys(['load_support_tickets_analytics']) retrieved from /opt/airflow/dags/replication/load_support_tickets_analytics.py
[2026-03-27T11:06:24.853+0000] {logging_mixin.py:151} INFO - [2026-03-27T11:06:24.853+0000] {dag.py:2907} INFO - Sync 1 DAGs
[2026-03-27T11:06:24.858+0000] {logging_mixin.py:151} INFO - [2026-03-27T11:06:24.858+0000] {dag.py:3677} INFO - Setting next_dagrun for load_support_tickets_analytics to None, run_after=None
[2026-03-27T11:06:24.865+0000] {processor.py:179} INFO - Processing /opt/airflow/dags/replication/load_support_tickets_analytics.py took 0.027 seconds
[2026-03-27T11:06:35.313+0000] {processor.py:157} INFO - Started process (PID=340) to work on /opt/airflow/dags/replication/load_support_tickets_analytics.py
[2026-03-27T11:06:35.314+0000] {processor.py:829} INFO - Processing file /opt/airflow/dags/replication/load_support_tickets_analytics.py for tasks to queue
[2026-03-27T11:06:35.318+0000] {logging_mixin.py:151} INFO - [2026-03-27T11:06:35.317+0000] {dagbag.py:539} INFO - Filling up the DagBag from /opt/airflow/dags/replication/load_support_tickets_analytics.py
[2026-03-27T11:06:35.324+0000] {processor.py:839} INFO - DAG(s) dict_keys(['load_support_tickets_analytics']) retrieved from /opt/airflow/dags/replication/load_support_tickets_analytics.py
[2026-03-27T11:06:35.337+0000] {logging_mixin.py:151} INFO - [2026-03-27T11:06:35.336+0000] {dag.py:2907} INFO - Sync 1 DAGs
[2026-03-27T11:06:35.343+0000] {logging_mixin.py:151} INFO - [2026-03-27T11:06:35.343+0000] {dag.py:3677} INFO - Setting next_dagrun for load_support_tickets_analytics to None, run_after=None
[2026-03-27T11:06:35.355+0000] {processor.py:179} INFO - Processing /opt/airflow/dags/replication/load_support_tickets_analytics.py took 0.045 seconds
[2026-03-27T11:06:45.817+0000] {processor.py:157} INFO - Started process (PID=388) to work on /opt/airflow/dags/replication/load_support_tickets_analytics.py
[2026-03-27T11:06:45.818+0000] {processor.py:829} INFO - Processing file /opt/airflow/dags/replication/load_support_tickets_analytics.py for tasks to queue
[2026-03-27T11:06:45.820+0000] {logging_mixin.py:151} INFO - [2026-03-27T11:06:45.820+0000] {dagbag.py:539} INFO - Filling up the DagBag from /opt/airflow/dags/replication/load_support_tickets_analytics.py
[2026-03-27T11:06:45.825+0000] {processor.py:839} INFO - DAG(s) dict_keys(['load_support_tickets_analytics']) retrieved from /opt/airflow/dags/replication/load_support_tickets_analytics.py
[2026-03-27T11:06:45.837+0000] {logging_mixin.py:151} INFO - [2026-03-27T11:06:45.836+0000] {dag.py:2907} INFO - Sync 1 DAGs
[2026-03-27T11:06:45.842+0000] {logging_mixin.py:151} INFO - [2026-03-27T11:06:45.842+0000] {dag.py:3677} INFO - Setting next_dagrun for load_support_tickets_analytics to None, run_after=None
[2026-03-27T11:06:45.851+0000] {processor.py:179} INFO - Processing /opt/airflow/dags/replication/load_support_tickets_analytics.py took 0.035 seconds
[2026-03-27T11:06:56.362+0000] {processor.py:157} INFO - Started process (PID=438) to work on /opt/airflow/dags/replication/load_support_tickets_analytics.py
[2026-03-27T11:06:56.362+0000] {processor.py:829} INFO - Processing file /opt/airflow/dags/replication/load_support_tickets_analytics.py for tasks to queue
[2026-03-27T11:06:56.363+0000] {logging_mixin.py:151} INFO - [2026-03-27T11:06:56.363+0000] {dagbag.py:539} INFO - Filling up the DagBag from /opt/airflow/dags/replication/load_support_tickets_analytics.py
[2026-03-27T11:06:56.367+0000] {processor.py:839} INFO - DAG(s) dict_keys(['load_support_tickets_analytics']) retrieved from /opt/airflow/dags/replication/load_support_tickets_analytics.py
[2026-03-27T11:06:56.375+0000] {logging_mixin.py:151} INFO - [2026-03-27T11:06:56.375+0000] {dag.py:2907} INFO - Sync 1 DAGs
[2026-03-27T11:06:56.380+0000] {logging_mixin.py:151} INFO - [2026-03-27T11:06:56.380+0000] {dag.py:3677} INFO - Setting next_dagrun for load_support_tickets_analytics to None, run_after=None
[2026-03-27T11:06:56.386+0000] {processor.py:179} INFO - Processing /opt/airflow/dags/replication/load_support_tickets_analytics.py took 0.026 seconds
[2026-03-27T11:07:06.908+0000] {processor.py:157} INFO - Started process (PID=484) to work on /opt/airflow/dags/replication/load_support_tickets_analytics.py
[2026-03-27T11:07:06.909+0000] {processor.py:829} INFO - Processing file /opt/airflow/dags/replication/load_support_tickets_analytics.py for tasks to queue
[2026-03-27T11:07:06.911+0000] {logging_mixin.py:151} INFO - [2026-03-27T11:07:06.910+0000] {dagbag.py:539} INFO - Filling up the DagBag from /opt/airflow/dags/replication/load_support_tickets_analytics.py
[2026-03-27T11:07:06.921+0000] {processor.py:839} INFO - DAG(s) dict_keys(['load_support_tickets_analytics']) retrieved from /opt/airflow/dags/replication/load_support_tickets_analytics.py
[2026-03-27T11:07:06.934+0000] {logging_mixin.py:151} INFO - [2026-03-27T11:07:06.934+0000] {dag.py:2907} INFO - Sync 1 DAGs
[2026-03-27T11:07:06.940+0000] {logging_mixin.py:151} INFO - [2026-03-27T11:07:06.940+0000] {dag.py:3677} INFO - Setting next_dagrun for load_support_tickets_analytics to None, run_after=None
[2026-03-27T11:07:06.952+0000] {processor.py:179} INFO - Processing /opt/airflow/dags/replication/load_support_tickets_analytics.py took 0.046 seconds
[2026-03-27T11:07:17.357+0000] {processor.py:157} INFO - Started process (PID=532) to work on /opt/airflow/dags/replication/load_support_tickets_analytics.py
[2026-03-27T11:07:17.357+0000] {processor.py:829} INFO - Processing file /opt/airflow/dags/replication/load_support_tickets_analytics.py for tasks to queue
[2026-03-27T11:07:17.359+0000] {logging_mixin.py:151} INFO - [2026-03-27T11:07:17.359+0000] {dagbag.py:539} INFO - Filling up the DagBag from /opt/airflow/dags/replication/load_support_tickets_analytics.py
[2026-03-27T11:07:17.364+0000] {processor.py:839} INFO - DAG(s) dict_keys(['load_support_tickets_analytics']) retrieved from /opt/airflow/dags/replication/load_support_tickets_analytics.py
[2026-03-27T11:07:17.374+0000] {logging_mixin.py:151} INFO - [2026-03-27T11:07:17.374+0000] {dag.py:2907} INFO - Sync 1 DAGs
[2026-03-27T11:07:17.379+0000] {logging_mixin.py:151} INFO - [2026-03-27T11:07:17.379+0000] {dag.py:3677} INFO - Setting next_dagrun for load_support_tickets_analytics to None, run_after=None
[2026-03-27T11:07:17.387+0000] {processor.py:179} INFO - Processing /opt/airflow/dags/replication/load_support_tickets_analytics.py took 0.031 seconds
[2026-03-27T11:07:27.842+0000] {processor.py:157} INFO - Started process (PID=580) to work on /opt/airflow/dags/replication/load_support_tickets_analytics.py
[2026-03-27T11:07:27.843+0000] {processor.py:829} INFO - Processing file /opt/airflow/dags/replication/load_support_tickets_analytics.py for tasks to queue
[2026-03-27T11:07:27.844+0000] {logging_mixin.py:151} INFO - [2026-03-27T11:07:27.844+0000] {dagbag.py:539} INFO - Filling up the DagBag from /opt/airflow/dags/replication/load_support_tickets_analytics.py
[2026-03-27T11:07:27.849+0000] {processor.py:839} INFO - DAG(s) dict_keys(['load_support_tickets_analytics']) retrieved from /opt/airflow/dags/replication/load_support_tickets_analytics.py
[2026-03-27T11:07:27.860+0000] {logging_mixin.py:151} INFO - [2026-03-27T11:07:27.860+0000] {dag.py:2907} INFO - Sync 1 DAGs
[2026-03-27T11:07:27.868+0000] {logging_mixin.py:151} INFO - [2026-03-27T11:07:27.867+0000] {dag.py:3677} INFO - Setting next_dagrun for load_support_tickets_analytics to None, run_after=None
[2026-03-27T11:07:27.877+0000] {processor.py:179} INFO - Processing /opt/airflow/dags/replication/load_support_tickets_analytics.py took 0.036 seconds
[2026-03-27T11:07:38.318+0000] {processor.py:157} INFO - Started process (PID=628) to work on /opt/airflow/dags/replication/load_support_tickets_analytics.py
[2026-03-27T11:07:38.318+0000] {processor.py:829} INFO - Processing file /opt/airflow/dags/replication/load_support_tickets_analytics.py for tasks to queue
[2026-03-27T11:07:38.319+0000] {logging_mixin.py:151} INFO - [2026-03-27T11:07:38.319+0000] {dagbag.py:539} INFO - Filling up the DagBag from /opt/airflow/dags/replication/load_support_tickets_analytics.py
[2026-03-27T11:07:38.323+0000] {processor.py:839} INFO - DAG(s) dict_keys(['load_support_tickets_analytics']) retrieved from /opt/airflow/dags/replication/load_support_tickets_analytics.py
[2026-03-27T11:07:38.333+0000] {logging_mixin.py:151} INFO - [2026-03-27T11:07:38.333+0000] {dag.py:2907} INFO - Sync 1 DAGs
[2026-03-27T11:07:38.338+0000] {logging_mixin.py:151} INFO - [2026-03-27T11:07:38.338+0000] {dag.py:3677} INFO - Setting next_dagrun for load_support_tickets_analytics to None, run_after=None
[2026-03-27T11:07:38.352+0000] {processor.py:179} INFO - Processing /opt/airflow/dags/replication/load_support_tickets_analytics.py took 0.036 seconds
[2026-03-27T11:08:06.739+0000] {processor.py:157} INFO - Started process (PID=196) to work on /opt/airflow/dags/replication/load_support_tickets_analytics.py
[2026-03-27T11:08:06.741+0000] {processor.py:829} INFO - Processing file /opt/airflow/dags/replication/load_support_tickets_analytics.py for tasks to queue
[2026-03-27T11:08:06.743+0000] {logging_mixin.py:151} INFO - [2026-03-27T11:08:06.743+0000] {dagbag.py:539} INFO - Filling up the DagBag from /opt/airflow/dags/replication/load_support_tickets_analytics.py
[2026-03-27T11:08:06.747+0000] {processor.py:839} INFO - DAG(s) dict_keys(['load_support_tickets_analytics']) retrieved from /opt/airflow/dags/replication/load_support_tickets_analytics.py
[2026-03-27T11:08:06.755+0000] {logging_mixin.py:151} INFO - [2026-03-27T11:08:06.754+0000] {dag.py:2907} INFO - Sync 1 DAGs
[2026-03-27T11:08:06.760+0000] {logging_mixin.py:151} INFO - [2026-03-27T11:08:06.760+0000] {dag.py:3677} INFO - Setting next_dagrun for load_support_tickets_analytics to None, run_after=None
[2026-03-27T11:08:06.767+0000] {processor.py:179} INFO - Processing /opt/airflow/dags/replication/load_support_tickets_analytics.py took 0.031 seconds
[2026-03-27T11:08:17.265+0000] {processor.py:157} INFO - Started process (PID=244) to work on /opt/airflow/dags/replication/load_support_tickets_analytics.py
[2026-03-27T11:08:17.266+0000] {processor.py:829} INFO - Processing file /opt/airflow/dags/replication/load_support_tickets_analytics.py for tasks to queue
[2026-03-27T11:08:17.267+0000] {logging_mixin.py:151} INFO - [2026-03-27T11:08:17.267+0000] {dagbag.py:539} INFO - Filling up the DagBag from /opt/airflow/dags/replication/load_support_tickets_analytics.py
[2026-03-27T11:08:17.273+0000] {processor.py:839} INFO - DAG(s) dict_keys(['load_support_tickets_analytics']) retrieved from /opt/airflow/dags/replication/load_support_tickets_analytics.py
[2026-03-27T11:08:17.280+0000] {logging_mixin.py:151} INFO - [2026-03-27T11:08:17.279+0000] {dag.py:2907} INFO - Sync 1 DAGs
[2026-03-27T11:08:17.285+0000] {logging_mixin.py:151} INFO - [2026-03-27T11:08:17.285+0000] {dag.py:3677} INFO - Setting next_dagrun for load_support_tickets_analytics to None, run_after=None
[2026-03-27T11:08:17.294+0000] {processor.py:179} INFO - Processing /opt/airflow/dags/replication/load_support_tickets_analytics.py took 0.030 seconds
[2026-03-27T11:08:27.704+0000] {processor.py:157} INFO - Started process (PID=292) to work on /opt/airflow/dags/replication/load_support_tickets_analytics.py
[2026-03-27T11:08:27.704+0000] {processor.py:829} INFO - Processing file /opt/airflow/dags/replication/load_support_tickets_analytics.py for tasks to queue
[2026-03-27T11:08:27.706+0000] {logging_mixin.py:151} INFO - [2026-03-27T11:08:27.706+0000] {dagbag.py:539} INFO - Filling up the DagBag from /opt/airflow/dags/replication/load_support_tickets_analytics.py
[2026-03-27T11:08:27.710+0000] {processor.py:839} INFO - DAG(s) dict_keys(['load_support_tickets_analytics']) retrieved from /opt/airflow/dags/replication/load_support_tickets_analytics.py
[2026-03-27T11:08:27.717+0000] {logging_mixin.py:151} INFO - [2026-03-27T11:08:27.716+0000] {dag.py:2907} INFO - Sync 1 DAGs
[2026-03-27T11:08:27.724+0000] {logging_mixin.py:151} INFO - [2026-03-27T11:08:27.724+0000] {dag.py:3677} INFO - Setting next_dagrun for load_support_tickets_analytics to None, run_after=None
[2026-03-27T11:08:27.735+0000] {processor.py:179} INFO - Processing /opt/airflow/dags/replication/load_support_tickets_analytics.py took 0.033 seconds
[2026-03-27T11:08:38.061+0000] {processor.py:157} INFO - Started process (PID=340) to work on /opt/airflow/dags/replication/load_support_tickets_analytics.py
[2026-03-27T11:08:38.061+0000] {processor.py:829} INFO - Processing file /opt/airflow/dags/replication/load_support_tickets_analytics.py for tasks to queue
[2026-03-27T11:08:38.062+0000] {logging_mixin.py:151} INFO - [2026-03-27T11:08:38.062+0000] {dagbag.py:539} INFO - Filling up the DagBag from /opt/airflow/dags/replication/load_support_tickets_analytics.py
[2026-03-27T11:08:38.066+0000] {processor.py:839} INFO - DAG(s) dict_keys(['load_support_tickets_analytics']) retrieved from /opt/airflow/dags/replication/load_support_tickets_analytics.py
[2026-03-27T11:08:38.075+0000] {logging_mixin.py:151} INFO - [2026-03-27T11:08:38.075+0000] {dag.py:2907} INFO - Sync 1 DAGs
[2026-03-27T11:08:38.080+0000] {logging_mixin.py:151} INFO - [2026-03-27T11:08:38.080+0000] {dag.py:3677} INFO - Setting next_dagrun for load_support_tickets_analytics to None, run_after=None
[2026-03-27T11:08:38.086+0000] {processor.py:179} INFO - Processing /opt/airflow/dags/replication/load_support_tickets_analytics.py took 0.027 seconds
[2026-03-27T11:08:48.531+0000] {processor.py:157} INFO - Started process (PID=388) to work on /opt/airflow/dags/replication/load_support_tickets_analytics.py
[2026-03-27T11:08:48.531+0000] {processor.py:829} INFO - Processing file /opt/airflow/dags/replication/load_support_tickets_analytics.py for tasks to queue
[2026-03-27T11:08:48.533+0000] {logging_mixin.py:151} INFO - [2026-03-27T11:08:48.533+0000] {dagbag.py:539} INFO - Filling up the DagBag from /opt/airflow/dags/replication/load_support_tickets_analytics.py
[2026-03-27T11:08:48.538+0000] {processor.py:839} INFO - DAG(s) dict_keys(['load_support_tickets_analytics']) retrieved from /opt/airflow/dags/replication/load_support_tickets_analytics.py
[2026-03-27T11:08:48.547+0000] {logging_mixin.py:151} INFO - [2026-03-27T11:08:48.547+0000] {dag.py:2907} INFO - Sync 1 DAGs
[2026-03-27T11:08:48.552+0000] {logging_mixin.py:151} INFO - [2026-03-27T11:08:48.552+0000] {dag.py:3677} INFO - Setting next_dagrun for load_support_tickets_analytics to None, run_after=None
[2026-03-27T11:08:48.560+0000] {processor.py:179} INFO - Processing /opt/airflow/dags/replication/load_support_tickets_analytics.py took 0.031 seconds
[2026-03-27T11:08:59.022+0000] {processor.py:157} INFO - Started process (PID=436) to work on /opt/airflow/dags/replication/load_support_tickets_analytics.py
[2026-03-27T11:08:59.023+0000] {processor.py:829} INFO - Processing file /opt/airflow/dags/replication/load_support_tickets_analytics.py for tasks to queue
[2026-03-27T11:08:59.025+0000] {logging_mixin.py:151} INFO - [2026-03-27T11:08:59.024+0000] {dagbag.py:539} INFO - Filling up the DagBag from /opt/airflow/dags/replication/load_support_tickets_analytics.py
[2026-03-27T11:08:59.029+0000] {processor.py:839} INFO - DAG(s) dict_keys(['load_support_tickets_analytics']) retrieved from /opt/airflow/dags/replication/load_support_tickets_analytics.py
[2026-03-27T11:08:59.038+0000] {logging_mixin.py:151} INFO - [2026-03-27T11:08:59.038+0000] {dag.py:2907} INFO - Sync 1 DAGs
[2026-03-27T11:08:59.043+0000] {logging_mixin.py:151} INFO - [2026-03-27T11:08:59.042+0000] {dag.py:3677} INFO - Setting next_dagrun for load_support_tickets_analytics to None, run_after=None
[2026-03-27T11:08:59.051+0000] {processor.py:179} INFO - Processing /opt/airflow/dags/replication/load_support_tickets_analytics.py took 0.030 seconds
[2026-03-27T11:09:09.496+0000] {processor.py:157} INFO - Started process (PID=484) to work on /opt/airflow/dags/replication/load_support_tickets_analytics.py
[2026-03-27T11:09:09.496+0000] {processor.py:829} INFO - Processing file /opt/airflow/dags/replication/load_support_tickets_analytics.py for tasks to queue
[2026-03-27T11:09:09.498+0000] {logging_mixin.py:151} INFO - [2026-03-27T11:09:09.498+0000] {dagbag.py:539} INFO - Filling up the DagBag from /opt/airflow/dags/replication/load_support_tickets_analytics.py
[2026-03-27T11:09:09.502+0000] {processor.py:839} INFO - DAG(s) dict_keys(['load_support_tickets_analytics']) retrieved from /opt/airflow/dags/replication/load_support_tickets_analytics.py
[2026-03-27T11:09:09.512+0000] {logging_mixin.py:151} INFO - [2026-03-27T11:09:09.512+0000] {dag.py:2907} INFO - Sync 1 DAGs
[2026-03-27T11:09:09.517+0000] {logging_mixin.py:151} INFO - [2026-03-27T11:09:09.517+0000] {dag.py:3677} INFO - Setting next_dagrun for load_support_tickets_analytics to None, run_after=None
[2026-03-27T11:09:09.527+0000] {processor.py:179} INFO - Processing /opt/airflow/dags/replication/load_support_tickets_analytics.py took 0.032 seconds
[2026-03-27T11:09:19.904+0000] {processor.py:157} INFO - Started process (PID=532) to work on /opt/airflow/dags/replication/load_support_tickets_analytics.py
[2026-03-27T11:09:19.905+0000] {processor.py:829} INFO - Processing file /opt/airflow/dags/replication/load_support_tickets_analytics.py for tasks to queue
[2026-03-27T11:09:19.907+0000] {logging_mixin.py:151} INFO - [2026-03-27T11:09:19.907+0000] {dagbag.py:539} INFO - Filling up the DagBag from /opt/airflow/dags/replication/load_support_tickets_analytics.py
[2026-03-27T11:09:19.911+0000] {processor.py:839} INFO - DAG(s) dict_keys(['load_support_tickets_analytics']) retrieved from /opt/airflow/dags/replication/load_support_tickets_analytics.py
[2026-03-27T11:09:19.922+0000] {logging_mixin.py:151} INFO - [2026-03-27T11:09:19.922+0000] {dag.py:2907} INFO - Sync 1 DAGs
[2026-03-27T11:09:19.929+0000] {logging_mixin.py:151} INFO - [2026-03-27T11:09:19.929+0000] {dag.py:3677} INFO - Setting next_dagrun for load_support_tickets_analytics to None, run_after=None
[2026-03-27T11:09:19.939+0000] {processor.py:179} INFO - Processing /opt/airflow/dags/replication/load_support_tickets_analytics.py took 0.036 seconds
[2026-03-27T11:09:30.319+0000] {processor.py:157} INFO - Started process (PID=580) to work on /opt/airflow/dags/replication/load_support_tickets_analytics.py
[2026-03-27T11:09:30.319+0000] {processor.py:829} INFO - Processing file /opt/airflow/dags/replication/load_support_tickets_analytics.py for tasks to queue
[2026-03-27T11:09:30.321+0000] {logging_mixin.py:151} INFO - [2026-03-27T11:09:30.321+0000] {dagbag.py:539} INFO - Filling up the DagBag from /opt/airflow/dags/replication/load_support_tickets_analytics.py
[2026-03-27T11:09:30.325+0000] {processor.py:839} INFO - DAG(s) dict_keys(['load_support_tickets_analytics']) retrieved from /opt/airflow/dags/replication/load_support_tickets_analytics.py
[2026-03-27T11:09:30.336+0000] {logging_mixin.py:151} INFO - [2026-03-27T11:09:30.336+0000] {dag.py:2907} INFO - Sync 1 DAGs
[2026-03-27T11:09:30.340+0000] {logging_mixin.py:151} INFO - [2026-03-27T11:09:30.340+0000] {dag.py:3677} INFO - Setting next_dagrun for load_support_tickets_analytics to None, run_after=None
[2026-03-27T11:09:30.346+0000] {processor.py:179} INFO - Processing /opt/airflow/dags/replication/load_support_tickets_analytics.py took 0.029 seconds
[2026-03-27T11:09:40.807+0000] {processor.py:157} INFO - Started process (PID=628) to work on /opt/airflow/dags/replication/load_support_tickets_analytics.py
[2026-03-27T11:09:40.807+0000] {processor.py:829} INFO - Processing file /opt/airflow/dags/replication/load_support_tickets_analytics.py for tasks to queue
[2026-03-27T11:09:40.808+0000] {logging_mixin.py:151} INFO - [2026-03-27T11:09:40.808+0000] {dagbag.py:539} INFO - Filling up the DagBag from /opt/airflow/dags/replication/load_support_tickets_analytics.py
[2026-03-27T11:09:40.814+0000] {processor.py:839} INFO - DAG(s) dict_keys(['load_support_tickets_analytics']) retrieved from /opt/airflow/dags/replication/load_support_tickets_analytics.py
[2026-03-27T11:09:40.825+0000] {logging_mixin.py:151} INFO - [2026-03-27T11:09:40.825+0000] {dag.py:2907} INFO - Sync 1 DAGs
[2026-03-27T11:09:40.831+0000] {logging_mixin.py:151} INFO - [2026-03-27T11:09:40.831+0000] {dag.py:3677} INFO - Setting next_dagrun for load_support_tickets_analytics to None, run_after=None
[2026-03-27T11:09:40.842+0000] {processor.py:179} INFO - Processing /opt/airflow/dags/replication/load_support_tickets_analytics.py took 0.037 seconds
[2026-03-27T11:09:51.221+0000] {processor.py:157} INFO - Started process (PID=676) to work on /opt/airflow/dags/replication/load_support_tickets_analytics.py
[2026-03-27T11:09:51.221+0000] {processor.py:829} INFO - Processing file /opt/airflow/dags/replication/load_support_tickets_analytics.py for tasks to queue
[2026-03-27T11:09:51.223+0000] {logging_mixin.py:151} INFO - [2026-03-27T11:09:51.222+0000] {dagbag.py:539} INFO - Filling up the DagBag from /opt/airflow/dags/replication/load_support_tickets_analytics.py
[2026-03-27T11:09:51.227+0000] {processor.py:839} INFO - DAG(s) dict_keys(['load_support_tickets_analytics']) retrieved from /opt/airflow/dags/replication/load_support_tickets_analytics.py
[2026-03-27T11:09:51.237+0000] {logging_mixin.py:151} INFO - [2026-03-27T11:09:51.236+0000] {dag.py:2907} INFO - Sync 1 DAGs
[2026-03-27T11:09:51.242+0000] {logging_mixin.py:151} INFO - [2026-03-27T11:09:51.242+0000] {dag.py:3677} INFO - Setting next_dagrun for load_support_tickets_analytics to None, run_after=None
[2026-03-27T11:09:51.251+0000] {processor.py:179} INFO - Processing /opt/airflow/dags/replication/load_support_tickets_analytics.py took 0.032 seconds
[2026-03-27T11:10:01.785+0000] {processor.py:157} INFO - Started process (PID=724) to work on /opt/airflow/dags/replication/load_support_tickets_analytics.py
[2026-03-27T11:10:01.786+0000] {processor.py:829} INFO - Processing file /opt/airflow/dags/replication/load_support_tickets_analytics.py for tasks to queue
[2026-03-27T11:10:01.787+0000] {logging_mixin.py:151} INFO - [2026-03-27T11:10:01.787+0000] {dagbag.py:539} INFO - Filling up the DagBag from /opt/airflow/dags/replication/load_support_tickets_analytics.py
[2026-03-27T11:10:01.792+0000] {processor.py:839} INFO - DAG(s) dict_keys(['load_support_tickets_analytics']) retrieved from /opt/airflow/dags/replication/load_support_tickets_analytics.py
[2026-03-27T11:10:01.801+0000] {logging_mixin.py:151} INFO - [2026-03-27T11:10:01.800+0000] {dag.py:2907} INFO - Sync 1 DAGs
[2026-03-27T11:10:01.808+0000] {logging_mixin.py:151} INFO - [2026-03-27T11:10:01.807+0000] {dag.py:3677} INFO - Setting next_dagrun for load_support_tickets_analytics to None, run_after=None
[2026-03-27T11:10:01.814+0000] {processor.py:179} INFO - Processing /opt/airflow/dags/replication/load_support_tickets_analytics.py took 0.030 seconds
[2026-03-27T11:10:12.242+0000] {processor.py:157} INFO - Started process (PID=774) to work on /opt/airflow/dags/replication/load_support_tickets_analytics.py
[2026-03-27T11:10:12.243+0000] {processor.py:829} INFO - Processing file /opt/airflow/dags/replication/load_support_tickets_analytics.py for tasks to queue
[2026-03-27T11:10:12.245+0000] {logging_mixin.py:151} INFO - [2026-03-27T11:10:12.245+0000] {dagbag.py:539} INFO - Filling up the DagBag from /opt/airflow/dags/replication/load_support_tickets_analytics.py
[2026-03-27T11:10:12.250+0000] {processor.py:839} INFO - DAG(s) dict_keys(['load_support_tickets_analytics']) retrieved from /opt/airflow/dags/replication/load_support_tickets_analytics.py
[2026-03-27T11:10:12.264+0000] {logging_mixin.py:151} INFO - [2026-03-27T11:10:12.264+0000] {dag.py:2907} INFO - Sync 1 DAGs
[2026-03-27T11:10:12.271+0000] {logging_mixin.py:151} INFO - [2026-03-27T11:10:12.271+0000] {dag.py:3677} INFO - Setting next_dagrun for load_support_tickets_analytics to None, run_after=None
[2026-03-27T11:10:12.282+0000] {processor.py:179} INFO - Processing /opt/airflow/dags/replication/load_support_tickets_analytics.py took 0.041 seconds
[2026-03-27T11:10:22.714+0000] {processor.py:157} INFO - Started process (PID=820) to work on /opt/airflow/dags/replication/load_support_tickets_analytics.py
[2026-03-27T11:10:22.714+0000] {processor.py:829} INFO - Processing file /opt/airflow/dags/replication/load_support_tickets_analytics.py for tasks to queue
[2026-03-27T11:10:22.715+0000] {logging_mixin.py:151} INFO - [2026-03-27T11:10:22.715+0000] {dagbag.py:539} INFO - Filling up the DagBag from /opt/airflow/dags/replication/load_support_tickets_analytics.py
[2026-03-27T11:10:22.722+0000] {processor.py:839} INFO - DAG(s) dict_keys(['load_support_tickets_analytics']) retrieved from /opt/airflow/dags/replication/load_support_tickets_analytics.py
[2026-03-27T11:10:22.734+0000] {logging_mixin.py:151} INFO - [2026-03-27T11:10:22.734+0000] {dag.py:2907} INFO - Sync 1 DAGs
[2026-03-27T11:10:22.740+0000] {logging_mixin.py:151} INFO - [2026-03-27T11:10:22.740+0000] {dag.py:3677} INFO - Setting next_dagrun for load_support_tickets_analytics to None, run_after=None
[2026-03-27T11:10:22.748+0000] {processor.py:179} INFO - Processing /opt/airflow/dags/replication/load_support_tickets_analytics.py took 0.036 seconds
[2026-03-27T11:10:33.189+0000] {processor.py:157} INFO - Started process (PID=868) to work on /opt/airflow/dags/replication/load_support_tickets_analytics.py
[2026-03-27T11:10:33.190+0000] {processor.py:829} INFO - Processing file /opt/airflow/dags/replication/load_support_tickets_analytics.py for tasks to queue
[2026-03-27T11:10:33.192+0000] {logging_mixin.py:151} INFO - [2026-03-27T11:10:33.192+0000] {dagbag.py:539} INFO - Filling up the DagBag from /opt/airflow/dags/replication/load_support_tickets_analytics.py
[2026-03-27T11:10:33.197+0000] {processor.py:839} INFO - DAG(s) dict_keys(['load_support_tickets_analytics']) retrieved from /opt/airflow/dags/replication/load_support_tickets_analytics.py
[2026-03-27T11:10:33.209+0000] {logging_mixin.py:151} INFO - [2026-03-27T11:10:33.208+0000] {dag.py:2907} INFO - Sync 1 DAGs
[2026-03-27T11:10:33.217+0000] {logging_mixin.py:151} INFO - [2026-03-27T11:10:33.217+0000] {dag.py:3677} INFO - Setting next_dagrun for load_support_tickets_analytics to None, run_after=None
[2026-03-27T11:10:33.228+0000] {processor.py:179} INFO - Processing /opt/airflow/dags/replication/load_support_tickets_analytics.py took 0.040 seconds
