[2026-03-27T10:55:58.075+0000] {processor.py:157} INFO - Started process (PID=201) to work on /opt/airflow/dags/replication/load_mart_sessions.py
[2026-03-27T10:55:58.076+0000] {processor.py:829} INFO - Processing file /opt/airflow/dags/replication/load_mart_sessions.py for tasks to queue
[2026-03-27T10:55:58.077+0000] {logging_mixin.py:151} INFO - [2026-03-27T10:55:58.077+0000] {dagbag.py:539} INFO - Filling up the DagBag from /opt/airflow/dags/replication/load_mart_sessions.py
[2026-03-27T10:55:58.085+0000] {processor.py:839} INFO - DAG(s) dict_keys(['load_mart_sessions']) retrieved from /opt/airflow/dags/replication/load_mart_sessions.py
[2026-03-27T10:55:58.124+0000] {logging_mixin.py:151} INFO - [2026-03-27T10:55:58.124+0000] {manager.py:501} INFO - Created Permission View: can edit on DAG:load_mart_sessions
[2026-03-27T10:55:58.127+0000] {logging_mixin.py:151} INFO - [2026-03-27T10:55:58.127+0000] {manager.py:501} INFO - Created Permission View: can read on DAG:load_mart_sessions
[2026-03-27T10:55:58.129+0000] {logging_mixin.py:151} INFO - [2026-03-27T10:55:58.129+0000] {manager.py:501} INFO - Created Permission View: can delete on DAG:load_mart_sessions
[2026-03-27T10:55:58.134+0000] {logging_mixin.py:151} INFO - [2026-03-27T10:55:58.134+0000] {dag.py:2907} INFO - Sync 1 DAGs
[2026-03-27T10:55:58.138+0000] {logging_mixin.py:151} INFO - [2026-03-27T10:55:58.138+0000] {dag.py:2929} INFO - Creating ORM DAG for load_mart_sessions
[2026-03-27T10:55:58.139+0000] {logging_mixin.py:151} INFO - [2026-03-27T10:55:58.139+0000] {dag.py:3677} INFO - Setting next_dagrun for load_mart_sessions to None, run_after=None
[2026-03-27T10:55:58.147+0000] {processor.py:179} INFO - Processing /opt/airflow/dags/replication/load_mart_sessions.py took 0.074 seconds
[2026-03-27T10:56:08.537+0000] {processor.py:157} INFO - Started process (PID=254) to work on /opt/airflow/dags/replication/load_mart_sessions.py
[2026-03-27T10:56:08.537+0000] {processor.py:829} INFO - Processing file /opt/airflow/dags/replication/load_mart_sessions.py for tasks to queue
[2026-03-27T10:56:08.538+0000] {logging_mixin.py:151} INFO - [2026-03-27T10:56:08.538+0000] {dagbag.py:539} INFO - Filling up the DagBag from /opt/airflow/dags/replication/load_mart_sessions.py
[2026-03-27T10:56:08.541+0000] {processor.py:839} INFO - DAG(s) dict_keys(['load_mart_sessions']) retrieved from /opt/airflow/dags/replication/load_mart_sessions.py
[2026-03-27T10:56:08.546+0000] {logging_mixin.py:151} INFO - [2026-03-27T10:56:08.546+0000] {dag.py:2907} INFO - Sync 1 DAGs
[2026-03-27T10:56:08.551+0000] {logging_mixin.py:151} INFO - [2026-03-27T10:56:08.551+0000] {dag.py:3677} INFO - Setting next_dagrun for load_mart_sessions to None, run_after=None
[2026-03-27T10:56:08.556+0000] {processor.py:179} INFO - Processing /opt/airflow/dags/replication/load_mart_sessions.py took 0.021 seconds
[2026-03-27T10:56:18.984+0000] {processor.py:157} INFO - Started process (PID=300) to work on /opt/airflow/dags/replication/load_mart_sessions.py
[2026-03-27T10:56:18.984+0000] {processor.py:829} INFO - Processing file /opt/airflow/dags/replication/load_mart_sessions.py for tasks to queue
[2026-03-27T10:56:18.988+0000] {logging_mixin.py:151} INFO - [2026-03-27T10:56:18.987+0000] {dagbag.py:539} INFO - Filling up the DagBag from /opt/airflow/dags/replication/load_mart_sessions.py
[2026-03-27T10:56:18.993+0000] {processor.py:839} INFO - DAG(s) dict_keys(['load_mart_sessions']) retrieved from /opt/airflow/dags/replication/load_mart_sessions.py
[2026-03-27T10:56:19.000+0000] {logging_mixin.py:151} INFO - [2026-03-27T10:56:19.000+0000] {dag.py:2907} INFO - Sync 1 DAGs
[2026-03-27T10:56:19.008+0000] {logging_mixin.py:151} INFO - [2026-03-27T10:56:19.008+0000] {dag.py:3677} INFO - Setting next_dagrun for load_mart_sessions to None, run_after=None
[2026-03-27T10:56:19.019+0000] {processor.py:179} INFO - Processing /opt/airflow/dags/replication/load_mart_sessions.py took 0.037 seconds
[2026-03-27T10:56:29.463+0000] {processor.py:157} INFO - Started process (PID=350) to work on /opt/airflow/dags/replication/load_mart_sessions.py
[2026-03-27T10:56:29.463+0000] {processor.py:829} INFO - Processing file /opt/airflow/dags/replication/load_mart_sessions.py for tasks to queue
[2026-03-27T10:56:29.464+0000] {logging_mixin.py:151} INFO - [2026-03-27T10:56:29.464+0000] {dagbag.py:539} INFO - Filling up the DagBag from /opt/airflow/dags/replication/load_mart_sessions.py
[2026-03-27T10:56:29.469+0000] {processor.py:839} INFO - DAG(s) dict_keys(['load_mart_sessions']) retrieved from /opt/airflow/dags/replication/load_mart_sessions.py
[2026-03-27T10:56:29.480+0000] {logging_mixin.py:151} INFO - [2026-03-27T10:56:29.480+0000] {dag.py:2907} INFO - Sync 1 DAGs
[2026-03-27T10:56:29.485+0000] {logging_mixin.py:151} INFO - [2026-03-27T10:56:29.485+0000] {dag.py:3677} INFO - Setting next_dagrun for load_mart_sessions to None, run_after=None
[2026-03-27T10:56:29.492+0000] {processor.py:179} INFO - Processing /opt/airflow/dags/replication/load_mart_sessions.py took 0.031 seconds
[2026-03-27T10:56:39.911+0000] {processor.py:157} INFO - Started process (PID=396) to work on /opt/airflow/dags/replication/load_mart_sessions.py
[2026-03-27T10:56:39.911+0000] {processor.py:829} INFO - Processing file /opt/airflow/dags/replication/load_mart_sessions.py for tasks to queue
[2026-03-27T10:56:39.912+0000] {logging_mixin.py:151} INFO - [2026-03-27T10:56:39.912+0000] {dagbag.py:539} INFO - Filling up the DagBag from /opt/airflow/dags/replication/load_mart_sessions.py
[2026-03-27T10:56:39.917+0000] {processor.py:839} INFO - DAG(s) dict_keys(['load_mart_sessions']) retrieved from /opt/airflow/dags/replication/load_mart_sessions.py
[2026-03-27T10:56:39.927+0000] {logging_mixin.py:151} INFO - [2026-03-27T10:56:39.927+0000] {dag.py:2907} INFO - Sync 1 DAGs
[2026-03-27T10:56:39.932+0000] {logging_mixin.py:151} INFO - [2026-03-27T10:56:39.932+0000] {dag.py:3677} INFO - Setting next_dagrun for load_mart_sessions to None, run_after=None
[2026-03-27T10:56:39.938+0000] {processor.py:179} INFO - Processing /opt/airflow/dags/replication/load_mart_sessions.py took 0.029 seconds
[2026-03-27T10:56:50.362+0000] {processor.py:157} INFO - Started process (PID=444) to work on /opt/airflow/dags/replication/load_mart_sessions.py
[2026-03-27T10:56:50.363+0000] {processor.py:829} INFO - Processing file /opt/airflow/dags/replication/load_mart_sessions.py for tasks to queue
[2026-03-27T10:56:50.364+0000] {logging_mixin.py:151} INFO - [2026-03-27T10:56:50.364+0000] {dagbag.py:539} INFO - Filling up the DagBag from /opt/airflow/dags/replication/load_mart_sessions.py
[2026-03-27T10:56:50.369+0000] {processor.py:839} INFO - DAG(s) dict_keys(['load_mart_sessions']) retrieved from /opt/airflow/dags/replication/load_mart_sessions.py
[2026-03-27T10:56:50.381+0000] {logging_mixin.py:151} INFO - [2026-03-27T10:56:50.380+0000] {dag.py:2907} INFO - Sync 1 DAGs
[2026-03-27T10:56:50.387+0000] {logging_mixin.py:151} INFO - [2026-03-27T10:56:50.387+0000] {dag.py:3677} INFO - Setting next_dagrun for load_mart_sessions to None, run_after=None
[2026-03-27T10:56:50.395+0000] {processor.py:179} INFO - Processing /opt/airflow/dags/replication/load_mart_sessions.py took 0.035 seconds
[2026-03-27T10:57:00.790+0000] {processor.py:157} INFO - Started process (PID=494) to work on /opt/airflow/dags/replication/load_mart_sessions.py
[2026-03-27T10:57:00.790+0000] {processor.py:829} INFO - Processing file /opt/airflow/dags/replication/load_mart_sessions.py for tasks to queue
[2026-03-27T10:57:00.791+0000] {logging_mixin.py:151} INFO - [2026-03-27T10:57:00.791+0000] {dagbag.py:539} INFO - Filling up the DagBag from /opt/airflow/dags/replication/load_mart_sessions.py
[2026-03-27T10:57:00.794+0000] {processor.py:839} INFO - DAG(s) dict_keys(['load_mart_sessions']) retrieved from /opt/airflow/dags/replication/load_mart_sessions.py
[2026-03-27T10:57:00.802+0000] {logging_mixin.py:151} INFO - [2026-03-27T10:57:00.802+0000] {dag.py:2907} INFO - Sync 1 DAGs
[2026-03-27T10:57:00.807+0000] {logging_mixin.py:151} INFO - [2026-03-27T10:57:00.807+0000] {dag.py:3677} INFO - Setting next_dagrun for load_mart_sessions to None, run_after=None
[2026-03-27T10:57:00.812+0000] {processor.py:179} INFO - Processing /opt/airflow/dags/replication/load_mart_sessions.py took 0.024 seconds
[2026-03-27T10:57:11.179+0000] {processor.py:157} INFO - Started process (PID=540) to work on /opt/airflow/dags/replication/load_mart_sessions.py
[2026-03-27T10:57:11.182+0000] {processor.py:829} INFO - Processing file /opt/airflow/dags/replication/load_mart_sessions.py for tasks to queue
[2026-03-27T10:57:11.184+0000] {logging_mixin.py:151} INFO - [2026-03-27T10:57:11.184+0000] {dagbag.py:539} INFO - Filling up the DagBag from /opt/airflow/dags/replication/load_mart_sessions.py
[2026-03-27T10:57:11.189+0000] {processor.py:839} INFO - DAG(s) dict_keys(['load_mart_sessions']) retrieved from /opt/airflow/dags/replication/load_mart_sessions.py
[2026-03-27T10:57:11.202+0000] {logging_mixin.py:151} INFO - [2026-03-27T10:57:11.202+0000] {dag.py:2907} INFO - Sync 1 DAGs
[2026-03-27T10:57:11.207+0000] {logging_mixin.py:151} INFO - [2026-03-27T10:57:11.207+0000] {dag.py:3677} INFO - Setting next_dagrun for load_mart_sessions to None, run_after=None
[2026-03-27T10:57:11.215+0000] {processor.py:179} INFO - Processing /opt/airflow/dags/replication/load_mart_sessions.py took 0.038 seconds
[2026-03-27T10:57:21.622+0000] {processor.py:157} INFO - Started process (PID=588) to work on /opt/airflow/dags/replication/load_mart_sessions.py
[2026-03-27T10:57:21.623+0000] {processor.py:829} INFO - Processing file /opt/airflow/dags/replication/load_mart_sessions.py for tasks to queue
[2026-03-27T10:57:21.623+0000] {logging_mixin.py:151} INFO - [2026-03-27T10:57:21.623+0000] {dagbag.py:539} INFO - Filling up the DagBag from /opt/airflow/dags/replication/load_mart_sessions.py
[2026-03-27T10:57:21.628+0000] {processor.py:839} INFO - DAG(s) dict_keys(['load_mart_sessions']) retrieved from /opt/airflow/dags/replication/load_mart_sessions.py
[2026-03-27T10:57:21.638+0000] {logging_mixin.py:151} INFO - [2026-03-27T10:57:21.638+0000] {dag.py:2907} INFO - Sync 1 DAGs
[2026-03-27T10:57:21.646+0000] {logging_mixin.py:151} INFO - [2026-03-27T10:57:21.645+0000] {dag.py:3677} INFO - Setting next_dagrun for load_mart_sessions to None, run_after=None
[2026-03-27T10:57:21.653+0000] {processor.py:179} INFO - Processing /opt/airflow/dags/replication/load_mart_sessions.py took 0.033 seconds
[2026-03-27T10:57:32.181+0000] {processor.py:157} INFO - Started process (PID=638) to work on /opt/airflow/dags/replication/load_mart_sessions.py
[2026-03-27T10:57:32.181+0000] {processor.py:829} INFO - Processing file /opt/airflow/dags/replication/load_mart_sessions.py for tasks to queue
[2026-03-27T10:57:32.182+0000] {logging_mixin.py:151} INFO - [2026-03-27T10:57:32.182+0000] {dagbag.py:539} INFO - Filling up the DagBag from /opt/airflow/dags/replication/load_mart_sessions.py
[2026-03-27T10:57:32.190+0000] {processor.py:839} INFO - DAG(s) dict_keys(['load_mart_sessions']) retrieved from /opt/airflow/dags/replication/load_mart_sessions.py
[2026-03-27T10:57:32.204+0000] {logging_mixin.py:151} INFO - [2026-03-27T10:57:32.204+0000] {dag.py:2907} INFO - Sync 1 DAGs
[2026-03-27T10:57:32.208+0000] {logging_mixin.py:151} INFO - [2026-03-27T10:57:32.208+0000] {dag.py:3677} INFO - Setting next_dagrun for load_mart_sessions to None, run_after=None
[2026-03-27T10:57:32.215+0000] {processor.py:179} INFO - Processing /opt/airflow/dags/replication/load_mart_sessions.py took 0.036 seconds
[2026-03-27T10:57:42.573+0000] {processor.py:157} INFO - Started process (PID=684) to work on /opt/airflow/dags/replication/load_mart_sessions.py
[2026-03-27T10:57:42.573+0000] {processor.py:829} INFO - Processing file /opt/airflow/dags/replication/load_mart_sessions.py for tasks to queue
[2026-03-27T10:57:42.574+0000] {logging_mixin.py:151} INFO - [2026-03-27T10:57:42.574+0000] {dagbag.py:539} INFO - Filling up the DagBag from /opt/airflow/dags/replication/load_mart_sessions.py
[2026-03-27T10:57:42.579+0000] {processor.py:839} INFO - DAG(s) dict_keys(['load_mart_sessions']) retrieved from /opt/airflow/dags/replication/load_mart_sessions.py
[2026-03-27T10:57:42.588+0000] {logging_mixin.py:151} INFO - [2026-03-27T10:57:42.587+0000] {dag.py:2907} INFO - Sync 1 DAGs
[2026-03-27T10:57:42.592+0000] {logging_mixin.py:151} INFO - [2026-03-27T10:57:42.592+0000] {dag.py:3677} INFO - Setting next_dagrun for load_mart_sessions to None, run_after=None
[2026-03-27T10:57:42.600+0000] {processor.py:179} INFO - Processing /opt/airflow/dags/replication/load_mart_sessions.py took 0.028 seconds
[2026-03-27T10:57:53.085+0000] {processor.py:157} INFO - Started process (PID=734) to work on /opt/airflow/dags/replication/load_mart_sessions.py
[2026-03-27T10:57:53.085+0000] {processor.py:829} INFO - Processing file /opt/airflow/dags/replication/load_mart_sessions.py for tasks to queue
[2026-03-27T10:57:53.086+0000] {logging_mixin.py:151} INFO - [2026-03-27T10:57:53.086+0000] {dagbag.py:539} INFO - Filling up the DagBag from /opt/airflow/dags/replication/load_mart_sessions.py
[2026-03-27T10:57:53.090+0000] {processor.py:839} INFO - DAG(s) dict_keys(['load_mart_sessions']) retrieved from /opt/airflow/dags/replication/load_mart_sessions.py
[2026-03-27T10:57:53.099+0000] {logging_mixin.py:151} INFO - [2026-03-27T10:57:53.099+0000] {dag.py:2907} INFO - Sync 1 DAGs
[2026-03-27T10:57:53.103+0000] {logging_mixin.py:151} INFO - [2026-03-27T10:57:53.103+0000] {dag.py:3677} INFO - Setting next_dagrun for load_mart_sessions to None, run_after=None
[2026-03-27T10:57:53.109+0000] {processor.py:179} INFO - Processing /opt/airflow/dags/replication/load_mart_sessions.py took 0.026 seconds
[2026-03-27T10:58:03.556+0000] {processor.py:157} INFO - Started process (PID=781) to work on /opt/airflow/dags/replication/load_mart_sessions.py
[2026-03-27T10:58:03.556+0000] {processor.py:829} INFO - Processing file /opt/airflow/dags/replication/load_mart_sessions.py for tasks to queue
[2026-03-27T10:58:03.558+0000] {logging_mixin.py:151} INFO - [2026-03-27T10:58:03.558+0000] {dagbag.py:539} INFO - Filling up the DagBag from /opt/airflow/dags/replication/load_mart_sessions.py
[2026-03-27T10:58:03.562+0000] {processor.py:839} INFO - DAG(s) dict_keys(['load_mart_sessions']) retrieved from /opt/airflow/dags/replication/load_mart_sessions.py
[2026-03-27T10:58:03.572+0000] {logging_mixin.py:151} INFO - [2026-03-27T10:58:03.572+0000] {dag.py:2907} INFO - Sync 1 DAGs
[2026-03-27T10:58:03.579+0000] {logging_mixin.py:151} INFO - [2026-03-27T10:58:03.579+0000] {dag.py:3677} INFO - Setting next_dagrun for load_mart_sessions to None, run_after=None
[2026-03-27T10:58:03.586+0000] {processor.py:179} INFO - Processing /opt/airflow/dags/replication/load_mart_sessions.py took 0.032 seconds
[2026-03-27T10:58:13.998+0000] {processor.py:157} INFO - Started process (PID=828) to work on /opt/airflow/dags/replication/load_mart_sessions.py
[2026-03-27T10:58:13.999+0000] {processor.py:829} INFO - Processing file /opt/airflow/dags/replication/load_mart_sessions.py for tasks to queue
[2026-03-27T10:58:14.000+0000] {logging_mixin.py:151} INFO - [2026-03-27T10:58:14.000+0000] {dagbag.py:539} INFO - Filling up the DagBag from /opt/airflow/dags/replication/load_mart_sessions.py
[2026-03-27T10:58:14.006+0000] {processor.py:839} INFO - DAG(s) dict_keys(['load_mart_sessions']) retrieved from /opt/airflow/dags/replication/load_mart_sessions.py
[2026-03-27T10:58:14.017+0000] {logging_mixin.py:151} INFO - [2026-03-27T10:58:14.016+0000] {dag.py:2907} INFO - Sync 1 DAGs
[2026-03-27T10:58:14.023+0000] {logging_mixin.py:151} INFO - [2026-03-27T10:58:14.022+0000] {dag.py:3677} INFO - Setting next_dagrun for load_mart_sessions to None, run_after=None
[2026-03-27T10:58:14.030+0000] {processor.py:179} INFO - Processing /opt/airflow/dags/replication/load_mart_sessions.py took 0.033 seconds
[2026-03-27T10:58:24.467+0000] {processor.py:157} INFO - Started process (PID=876) to work on /opt/airflow/dags/replication/load_mart_sessions.py
[2026-03-27T10:58:24.467+0000] {processor.py:829} INFO - Processing file /opt/airflow/dags/replication/load_mart_sessions.py for tasks to queue
[2026-03-27T10:58:24.468+0000] {logging_mixin.py:151} INFO - [2026-03-27T10:58:24.468+0000] {dagbag.py:539} INFO - Filling up the DagBag from /opt/airflow/dags/replication/load_mart_sessions.py
[2026-03-27T10:58:24.472+0000] {processor.py:839} INFO - DAG(s) dict_keys(['load_mart_sessions']) retrieved from /opt/airflow/dags/replication/load_mart_sessions.py
[2026-03-27T10:58:24.482+0000] {logging_mixin.py:151} INFO - [2026-03-27T10:58:24.482+0000] {dag.py:2907} INFO - Sync 1 DAGs
[2026-03-27T10:58:24.487+0000] {logging_mixin.py:151} INFO - [2026-03-27T10:58:24.487+0000] {dag.py:3677} INFO - Setting next_dagrun for load_mart_sessions to None, run_after=None
[2026-03-27T10:58:24.495+0000] {processor.py:179} INFO - Processing /opt/airflow/dags/replication/load_mart_sessions.py took 0.030 seconds
[2026-03-27T10:58:34.946+0000] {processor.py:157} INFO - Started process (PID=926) to work on /opt/airflow/dags/replication/load_mart_sessions.py
[2026-03-27T10:58:34.946+0000] {processor.py:829} INFO - Processing file /opt/airflow/dags/replication/load_mart_sessions.py for tasks to queue
[2026-03-27T10:58:34.947+0000] {logging_mixin.py:151} INFO - [2026-03-27T10:58:34.947+0000] {dagbag.py:539} INFO - Filling up the DagBag from /opt/airflow/dags/replication/load_mart_sessions.py
[2026-03-27T10:58:34.950+0000] {processor.py:839} INFO - DAG(s) dict_keys(['load_mart_sessions']) retrieved from /opt/airflow/dags/replication/load_mart_sessions.py
[2026-03-27T10:58:34.959+0000] {logging_mixin.py:151} INFO - [2026-03-27T10:58:34.958+0000] {dag.py:2907} INFO - Sync 1 DAGs
[2026-03-27T10:58:34.963+0000] {logging_mixin.py:151} INFO - [2026-03-27T10:58:34.963+0000] {dag.py:3677} INFO - Setting next_dagrun for load_mart_sessions to None, run_after=None
[2026-03-27T10:58:34.968+0000] {processor.py:179} INFO - Processing /opt/airflow/dags/replication/load_mart_sessions.py took 0.024 seconds
[2026-03-27T10:58:45.357+0000] {processor.py:157} INFO - Started process (PID=972) to work on /opt/airflow/dags/replication/load_mart_sessions.py
[2026-03-27T10:58:45.358+0000] {processor.py:829} INFO - Processing file /opt/airflow/dags/replication/load_mart_sessions.py for tasks to queue
[2026-03-27T10:58:45.359+0000] {logging_mixin.py:151} INFO - [2026-03-27T10:58:45.359+0000] {dagbag.py:539} INFO - Filling up the DagBag from /opt/airflow/dags/replication/load_mart_sessions.py
[2026-03-27T10:58:45.363+0000] {processor.py:839} INFO - DAG(s) dict_keys(['load_mart_sessions']) retrieved from /opt/airflow/dags/replication/load_mart_sessions.py
[2026-03-27T10:58:45.372+0000] {logging_mixin.py:151} INFO - [2026-03-27T10:58:45.372+0000] {dag.py:2907} INFO - Sync 1 DAGs
[2026-03-27T10:58:45.378+0000] {logging_mixin.py:151} INFO - [2026-03-27T10:58:45.377+0000] {dag.py:3677} INFO - Setting next_dagrun for load_mart_sessions to None, run_after=None
[2026-03-27T10:58:45.386+0000] {processor.py:179} INFO - Processing /opt/airflow/dags/replication/load_mart_sessions.py took 0.030 seconds
[2026-03-27T10:58:55.823+0000] {processor.py:157} INFO - Started process (PID=1022) to work on /opt/airflow/dags/replication/load_mart_sessions.py
[2026-03-27T10:58:55.823+0000] {processor.py:829} INFO - Processing file /opt/airflow/dags/replication/load_mart_sessions.py for tasks to queue
[2026-03-27T10:58:55.824+0000] {logging_mixin.py:151} INFO - [2026-03-27T10:58:55.824+0000] {dagbag.py:539} INFO - Filling up the DagBag from /opt/airflow/dags/replication/load_mart_sessions.py
[2026-03-27T10:58:55.828+0000] {processor.py:839} INFO - DAG(s) dict_keys(['load_mart_sessions']) retrieved from /opt/airflow/dags/replication/load_mart_sessions.py
[2026-03-27T10:58:55.837+0000] {logging_mixin.py:151} INFO - [2026-03-27T10:58:55.837+0000] {dag.py:2907} INFO - Sync 1 DAGs
[2026-03-27T10:58:55.841+0000] {logging_mixin.py:151} INFO - [2026-03-27T10:58:55.841+0000] {dag.py:3677} INFO - Setting next_dagrun for load_mart_sessions to None, run_after=None
[2026-03-27T10:58:55.847+0000] {processor.py:179} INFO - Processing /opt/airflow/dags/replication/load_mart_sessions.py took 0.026 seconds
[2026-03-27T10:59:06.246+0000] {processor.py:157} INFO - Started process (PID=1070) to work on /opt/airflow/dags/replication/load_mart_sessions.py
[2026-03-27T10:59:06.246+0000] {processor.py:829} INFO - Processing file /opt/airflow/dags/replication/load_mart_sessions.py for tasks to queue
[2026-03-27T10:59:06.247+0000] {logging_mixin.py:151} INFO - [2026-03-27T10:59:06.247+0000] {dagbag.py:539} INFO - Filling up the DagBag from /opt/airflow/dags/replication/load_mart_sessions.py
[2026-03-27T10:59:06.251+0000] {processor.py:839} INFO - DAG(s) dict_keys(['load_mart_sessions']) retrieved from /opt/airflow/dags/replication/load_mart_sessions.py
[2026-03-27T10:59:06.259+0000] {logging_mixin.py:151} INFO - [2026-03-27T10:59:06.259+0000] {dag.py:2907} INFO - Sync 1 DAGs
[2026-03-27T10:59:06.264+0000] {logging_mixin.py:151} INFO - [2026-03-27T10:59:06.264+0000] {dag.py:3677} INFO - Setting next_dagrun for load_mart_sessions to None, run_after=None
[2026-03-27T10:59:06.270+0000] {processor.py:179} INFO - Processing /opt/airflow/dags/replication/load_mart_sessions.py took 0.025 seconds
[2026-03-27T10:59:16.725+0000] {processor.py:157} INFO - Started process (PID=1118) to work on /opt/airflow/dags/replication/load_mart_sessions.py
[2026-03-27T10:59:16.726+0000] {processor.py:829} INFO - Processing file /opt/airflow/dags/replication/load_mart_sessions.py for tasks to queue
[2026-03-27T10:59:16.727+0000] {logging_mixin.py:151} INFO - [2026-03-27T10:59:16.727+0000] {dagbag.py:539} INFO - Filling up the DagBag from /opt/airflow/dags/replication/load_mart_sessions.py
[2026-03-27T10:59:16.732+0000] {processor.py:839} INFO - DAG(s) dict_keys(['load_mart_sessions']) retrieved from /opt/airflow/dags/replication/load_mart_sessions.py
[2026-03-27T10:59:16.741+0000] {logging_mixin.py:151} INFO - [2026-03-27T10:59:16.741+0000] {dag.py:2907} INFO - Sync 1 DAGs
[2026-03-27T10:59:16.745+0000] {logging_mixin.py:151} INFO - [2026-03-27T10:59:16.745+0000] {dag.py:3677} INFO - Setting next_dagrun for load_mart_sessions to None, run_after=None
[2026-03-27T10:59:16.752+0000] {processor.py:179} INFO - Processing /opt/airflow/dags/replication/load_mart_sessions.py took 0.028 seconds
[2026-03-27T10:59:27.145+0000] {processor.py:157} INFO - Started process (PID=1166) to work on /opt/airflow/dags/replication/load_mart_sessions.py
[2026-03-27T10:59:27.145+0000] {processor.py:829} INFO - Processing file /opt/airflow/dags/replication/load_mart_sessions.py for tasks to queue
[2026-03-27T10:59:27.146+0000] {logging_mixin.py:151} INFO - [2026-03-27T10:59:27.146+0000] {dagbag.py:539} INFO - Filling up the DagBag from /opt/airflow/dags/replication/load_mart_sessions.py
[2026-03-27T10:59:27.149+0000] {processor.py:839} INFO - DAG(s) dict_keys(['load_mart_sessions']) retrieved from /opt/airflow/dags/replication/load_mart_sessions.py
[2026-03-27T10:59:27.157+0000] {logging_mixin.py:151} INFO - [2026-03-27T10:59:27.157+0000] {dag.py:2907} INFO - Sync 1 DAGs
[2026-03-27T10:59:27.161+0000] {logging_mixin.py:151} INFO - [2026-03-27T10:59:27.161+0000] {dag.py:3677} INFO - Setting next_dagrun for load_mart_sessions to None, run_after=None
[2026-03-27T10:59:27.167+0000] {processor.py:179} INFO - Processing /opt/airflow/dags/replication/load_mart_sessions.py took 0.024 seconds
[2026-03-27T10:59:37.733+0000] {processor.py:157} INFO - Started process (PID=1214) to work on /opt/airflow/dags/replication/load_mart_sessions.py
[2026-03-27T10:59:37.733+0000] {processor.py:829} INFO - Processing file /opt/airflow/dags/replication/load_mart_sessions.py for tasks to queue
[2026-03-27T10:59:37.734+0000] {logging_mixin.py:151} INFO - [2026-03-27T10:59:37.734+0000] {dagbag.py:539} INFO - Filling up the DagBag from /opt/airflow/dags/replication/load_mart_sessions.py
[2026-03-27T10:59:37.739+0000] {processor.py:839} INFO - DAG(s) dict_keys(['load_mart_sessions']) retrieved from /opt/airflow/dags/replication/load_mart_sessions.py
[2026-03-27T10:59:37.749+0000] {logging_mixin.py:151} INFO - [2026-03-27T10:59:37.749+0000] {dag.py:2907} INFO - Sync 1 DAGs
[2026-03-27T10:59:37.755+0000] {logging_mixin.py:151} INFO - [2026-03-27T10:59:37.755+0000] {dag.py:3677} INFO - Setting next_dagrun for load_mart_sessions to None, run_after=None
[2026-03-27T10:59:37.762+0000] {processor.py:179} INFO - Processing /opt/airflow/dags/replication/load_mart_sessions.py took 0.031 seconds
[2026-03-27T10:59:48.145+0000] {processor.py:157} INFO - Started process (PID=1260) to work on /opt/airflow/dags/replication/load_mart_sessions.py
[2026-03-27T10:59:48.146+0000] {processor.py:829} INFO - Processing file /opt/airflow/dags/replication/load_mart_sessions.py for tasks to queue
[2026-03-27T10:59:48.147+0000] {logging_mixin.py:151} INFO - [2026-03-27T10:59:48.147+0000] {dagbag.py:539} INFO - Filling up the DagBag from /opt/airflow/dags/replication/load_mart_sessions.py
[2026-03-27T10:59:48.151+0000] {processor.py:839} INFO - DAG(s) dict_keys(['load_mart_sessions']) retrieved from /opt/airflow/dags/replication/load_mart_sessions.py
[2026-03-27T10:59:48.161+0000] {logging_mixin.py:151} INFO - [2026-03-27T10:59:48.161+0000] {dag.py:2907} INFO - Sync 1 DAGs
[2026-03-27T10:59:48.166+0000] {logging_mixin.py:151} INFO - [2026-03-27T10:59:48.166+0000] {dag.py:3677} INFO - Setting next_dagrun for load_mart_sessions to None, run_after=None
[2026-03-27T10:59:48.174+0000] {processor.py:179} INFO - Processing /opt/airflow/dags/replication/load_mart_sessions.py took 0.031 seconds
[2026-03-27T10:59:58.576+0000] {processor.py:157} INFO - Started process (PID=1309) to work on /opt/airflow/dags/replication/load_mart_sessions.py
[2026-03-27T10:59:58.576+0000] {processor.py:829} INFO - Processing file /opt/airflow/dags/replication/load_mart_sessions.py for tasks to queue
[2026-03-27T10:59:58.578+0000] {logging_mixin.py:151} INFO - [2026-03-27T10:59:58.578+0000] {dagbag.py:539} INFO - Filling up the DagBag from /opt/airflow/dags/replication/load_mart_sessions.py
[2026-03-27T10:59:58.583+0000] {processor.py:839} INFO - DAG(s) dict_keys(['load_mart_sessions']) retrieved from /opt/airflow/dags/replication/load_mart_sessions.py
[2026-03-27T10:59:58.595+0000] {logging_mixin.py:151} INFO - [2026-03-27T10:59:58.595+0000] {dag.py:2907} INFO - Sync 1 DAGs
[2026-03-27T10:59:58.603+0000] {logging_mixin.py:151} INFO - [2026-03-27T10:59:58.603+0000] {dag.py:3677} INFO - Setting next_dagrun for load_mart_sessions to None, run_after=None
[2026-03-27T10:59:58.609+0000] {processor.py:179} INFO - Processing /opt/airflow/dags/replication/load_mart_sessions.py took 0.035 seconds
[2026-03-27T11:00:08.987+0000] {processor.py:157} INFO - Started process (PID=1358) to work on /opt/airflow/dags/replication/load_mart_sessions.py
[2026-03-27T11:00:08.987+0000] {processor.py:829} INFO - Processing file /opt/airflow/dags/replication/load_mart_sessions.py for tasks to queue
[2026-03-27T11:00:08.988+0000] {logging_mixin.py:151} INFO - [2026-03-27T11:00:08.988+0000] {dagbag.py:539} INFO - Filling up the DagBag from /opt/airflow/dags/replication/load_mart_sessions.py
[2026-03-27T11:00:08.992+0000] {processor.py:839} INFO - DAG(s) dict_keys(['load_mart_sessions']) retrieved from /opt/airflow/dags/replication/load_mart_sessions.py
[2026-03-27T11:00:09.000+0000] {logging_mixin.py:151} INFO - [2026-03-27T11:00:09.000+0000] {dag.py:2907} INFO - Sync 1 DAGs
[2026-03-27T11:00:09.005+0000] {logging_mixin.py:151} INFO - [2026-03-27T11:00:09.005+0000] {dag.py:3677} INFO - Setting next_dagrun for load_mart_sessions to None, run_after=None
[2026-03-27T11:00:09.011+0000] {processor.py:179} INFO - Processing /opt/airflow/dags/replication/load_mart_sessions.py took 0.025 seconds
[2026-03-27T11:00:19.401+0000] {processor.py:157} INFO - Started process (PID=1406) to work on /opt/airflow/dags/replication/load_mart_sessions.py
[2026-03-27T11:00:19.403+0000] {processor.py:829} INFO - Processing file /opt/airflow/dags/replication/load_mart_sessions.py for tasks to queue
[2026-03-27T11:00:19.404+0000] {logging_mixin.py:151} INFO - [2026-03-27T11:00:19.404+0000] {dagbag.py:539} INFO - Filling up the DagBag from /opt/airflow/dags/replication/load_mart_sessions.py
[2026-03-27T11:00:19.408+0000] {processor.py:839} INFO - DAG(s) dict_keys(['load_mart_sessions']) retrieved from /opt/airflow/dags/replication/load_mart_sessions.py
[2026-03-27T11:00:19.418+0000] {logging_mixin.py:151} INFO - [2026-03-27T11:00:19.418+0000] {dag.py:2907} INFO - Sync 1 DAGs
[2026-03-27T11:00:19.423+0000] {logging_mixin.py:151} INFO - [2026-03-27T11:00:19.423+0000] {dag.py:3677} INFO - Setting next_dagrun for load_mart_sessions to None, run_after=None
[2026-03-27T11:00:19.429+0000] {processor.py:179} INFO - Processing /opt/airflow/dags/replication/load_mart_sessions.py took 0.029 seconds
[2026-03-27T11:00:29.869+0000] {processor.py:157} INFO - Started process (PID=1454) to work on /opt/airflow/dags/replication/load_mart_sessions.py
[2026-03-27T11:00:29.870+0000] {processor.py:829} INFO - Processing file /opt/airflow/dags/replication/load_mart_sessions.py for tasks to queue
[2026-03-27T11:00:29.871+0000] {logging_mixin.py:151} INFO - [2026-03-27T11:00:29.871+0000] {dagbag.py:539} INFO - Filling up the DagBag from /opt/airflow/dags/replication/load_mart_sessions.py
[2026-03-27T11:00:29.876+0000] {processor.py:839} INFO - DAG(s) dict_keys(['load_mart_sessions']) retrieved from /opt/airflow/dags/replication/load_mart_sessions.py
[2026-03-27T11:00:29.888+0000] {logging_mixin.py:151} INFO - [2026-03-27T11:00:29.888+0000] {dag.py:2907} INFO - Sync 1 DAGs
[2026-03-27T11:00:29.893+0000] {logging_mixin.py:151} INFO - [2026-03-27T11:00:29.893+0000] {dag.py:3677} INFO - Setting next_dagrun for load_mart_sessions to None, run_after=None
[2026-03-27T11:00:29.900+0000] {processor.py:179} INFO - Processing /opt/airflow/dags/replication/load_mart_sessions.py took 0.032 seconds
[2026-03-27T11:00:40.328+0000] {processor.py:157} INFO - Started process (PID=1500) to work on /opt/airflow/dags/replication/load_mart_sessions.py
[2026-03-27T11:00:40.328+0000] {processor.py:829} INFO - Processing file /opt/airflow/dags/replication/load_mart_sessions.py for tasks to queue
[2026-03-27T11:00:40.329+0000] {logging_mixin.py:151} INFO - [2026-03-27T11:00:40.329+0000] {dagbag.py:539} INFO - Filling up the DagBag from /opt/airflow/dags/replication/load_mart_sessions.py
[2026-03-27T11:00:40.333+0000] {processor.py:839} INFO - DAG(s) dict_keys(['load_mart_sessions']) retrieved from /opt/airflow/dags/replication/load_mart_sessions.py
[2026-03-27T11:00:40.344+0000] {logging_mixin.py:151} INFO - [2026-03-27T11:00:40.343+0000] {dag.py:2907} INFO - Sync 1 DAGs
[2026-03-27T11:00:40.350+0000] {logging_mixin.py:151} INFO - [2026-03-27T11:00:40.350+0000] {dag.py:3677} INFO - Setting next_dagrun for load_mart_sessions to None, run_after=None
[2026-03-27T11:00:40.360+0000] {processor.py:179} INFO - Processing /opt/airflow/dags/replication/load_mart_sessions.py took 0.034 seconds
[2026-03-27T11:00:50.754+0000] {processor.py:157} INFO - Started process (PID=1550) to work on /opt/airflow/dags/replication/load_mart_sessions.py
[2026-03-27T11:00:50.755+0000] {processor.py:829} INFO - Processing file /opt/airflow/dags/replication/load_mart_sessions.py for tasks to queue
[2026-03-27T11:00:50.756+0000] {logging_mixin.py:151} INFO - [2026-03-27T11:00:50.755+0000] {dagbag.py:539} INFO - Filling up the DagBag from /opt/airflow/dags/replication/load_mart_sessions.py
[2026-03-27T11:00:50.759+0000] {processor.py:839} INFO - DAG(s) dict_keys(['load_mart_sessions']) retrieved from /opt/airflow/dags/replication/load_mart_sessions.py
[2026-03-27T11:00:50.767+0000] {logging_mixin.py:151} INFO - [2026-03-27T11:00:50.767+0000] {dag.py:2907} INFO - Sync 1 DAGs
[2026-03-27T11:00:50.771+0000] {logging_mixin.py:151} INFO - [2026-03-27T11:00:50.771+0000] {dag.py:3677} INFO - Setting next_dagrun for load_mart_sessions to None, run_after=None
[2026-03-27T11:00:50.777+0000] {processor.py:179} INFO - Processing /opt/airflow/dags/replication/load_mart_sessions.py took 0.024 seconds
[2026-03-27T11:01:01.259+0000] {processor.py:157} INFO - Started process (PID=1598) to work on /opt/airflow/dags/replication/load_mart_sessions.py
[2026-03-27T11:01:01.260+0000] {processor.py:829} INFO - Processing file /opt/airflow/dags/replication/load_mart_sessions.py for tasks to queue
[2026-03-27T11:01:01.261+0000] {logging_mixin.py:151} INFO - [2026-03-27T11:01:01.261+0000] {dagbag.py:539} INFO - Filling up the DagBag from /opt/airflow/dags/replication/load_mart_sessions.py
[2026-03-27T11:01:01.268+0000] {processor.py:839} INFO - DAG(s) dict_keys(['load_mart_sessions']) retrieved from /opt/airflow/dags/replication/load_mart_sessions.py
[2026-03-27T11:01:01.277+0000] {logging_mixin.py:151} INFO - [2026-03-27T11:01:01.277+0000] {dag.py:2907} INFO - Sync 1 DAGs
[2026-03-27T11:01:01.281+0000] {logging_mixin.py:151} INFO - [2026-03-27T11:01:01.281+0000] {dag.py:3677} INFO - Setting next_dagrun for load_mart_sessions to None, run_after=None
[2026-03-27T11:01:01.288+0000] {processor.py:179} INFO - Processing /opt/airflow/dags/replication/load_mart_sessions.py took 0.031 seconds
[2026-03-27T11:01:11.679+0000] {processor.py:157} INFO - Started process (PID=1644) to work on /opt/airflow/dags/replication/load_mart_sessions.py
[2026-03-27T11:01:11.679+0000] {processor.py:829} INFO - Processing file /opt/airflow/dags/replication/load_mart_sessions.py for tasks to queue
[2026-03-27T11:01:11.680+0000] {logging_mixin.py:151} INFO - [2026-03-27T11:01:11.680+0000] {dagbag.py:539} INFO - Filling up the DagBag from /opt/airflow/dags/replication/load_mart_sessions.py
[2026-03-27T11:01:11.685+0000] {processor.py:839} INFO - DAG(s) dict_keys(['load_mart_sessions']) retrieved from /opt/airflow/dags/replication/load_mart_sessions.py
[2026-03-27T11:01:11.696+0000] {logging_mixin.py:151} INFO - [2026-03-27T11:01:11.696+0000] {dag.py:2907} INFO - Sync 1 DAGs
[2026-03-27T11:01:11.702+0000] {logging_mixin.py:151} INFO - [2026-03-27T11:01:11.702+0000] {dag.py:3677} INFO - Setting next_dagrun for load_mart_sessions to None, run_after=None
[2026-03-27T11:01:11.713+0000] {processor.py:179} INFO - Processing /opt/airflow/dags/replication/load_mart_sessions.py took 0.036 seconds
[2026-03-27T11:01:22.157+0000] {processor.py:157} INFO - Started process (PID=1694) to work on /opt/airflow/dags/replication/load_mart_sessions.py
[2026-03-27T11:01:22.158+0000] {processor.py:829} INFO - Processing file /opt/airflow/dags/replication/load_mart_sessions.py for tasks to queue
[2026-03-27T11:01:22.158+0000] {logging_mixin.py:151} INFO - [2026-03-27T11:01:22.158+0000] {dagbag.py:539} INFO - Filling up the DagBag from /opt/airflow/dags/replication/load_mart_sessions.py
[2026-03-27T11:01:22.162+0000] {processor.py:839} INFO - DAG(s) dict_keys(['load_mart_sessions']) retrieved from /opt/airflow/dags/replication/load_mart_sessions.py
[2026-03-27T11:01:22.170+0000] {logging_mixin.py:151} INFO - [2026-03-27T11:01:22.170+0000] {dag.py:2907} INFO - Sync 1 DAGs
[2026-03-27T11:01:22.174+0000] {logging_mixin.py:151} INFO - [2026-03-27T11:01:22.174+0000] {dag.py:3677} INFO - Setting next_dagrun for load_mart_sessions to None, run_after=None
[2026-03-27T11:01:22.180+0000] {processor.py:179} INFO - Processing /opt/airflow/dags/replication/load_mart_sessions.py took 0.024 seconds
[2026-03-27T11:01:48.070+0000] {processor.py:157} INFO - Started process (PID=201) to work on /opt/airflow/dags/replication/load_mart_sessions.py
[2026-03-27T11:01:48.070+0000] {processor.py:829} INFO - Processing file /opt/airflow/dags/replication/load_mart_sessions.py for tasks to queue
[2026-03-27T11:01:48.073+0000] {logging_mixin.py:151} INFO - [2026-03-27T11:01:48.072+0000] {dagbag.py:539} INFO - Filling up the DagBag from /opt/airflow/dags/replication/load_mart_sessions.py
[2026-03-27T11:01:48.078+0000] {processor.py:839} INFO - DAG(s) dict_keys(['load_mart_sessions']) retrieved from /opt/airflow/dags/replication/load_mart_sessions.py
[2026-03-27T11:01:48.085+0000] {logging_mixin.py:151} INFO - [2026-03-27T11:01:48.085+0000] {dag.py:2907} INFO - Sync 1 DAGs
[2026-03-27T11:01:48.091+0000] {logging_mixin.py:151} INFO - [2026-03-27T11:01:48.091+0000] {dag.py:3677} INFO - Setting next_dagrun for load_mart_sessions to None, run_after=None
[2026-03-27T11:01:48.100+0000] {processor.py:179} INFO - Processing /opt/airflow/dags/replication/load_mart_sessions.py took 0.032 seconds
[2026-03-27T11:01:58.465+0000] {processor.py:157} INFO - Started process (PID=251) to work on /opt/airflow/dags/replication/load_mart_sessions.py
[2026-03-27T11:01:58.466+0000] {processor.py:829} INFO - Processing file /opt/airflow/dags/replication/load_mart_sessions.py for tasks to queue
[2026-03-27T11:01:58.467+0000] {logging_mixin.py:151} INFO - [2026-03-27T11:01:58.467+0000] {dagbag.py:539} INFO - Filling up the DagBag from /opt/airflow/dags/replication/load_mart_sessions.py
[2026-03-27T11:01:58.470+0000] {processor.py:839} INFO - DAG(s) dict_keys(['load_mart_sessions']) retrieved from /opt/airflow/dags/replication/load_mart_sessions.py
[2026-03-27T11:01:58.480+0000] {logging_mixin.py:151} INFO - [2026-03-27T11:01:58.480+0000] {dag.py:2907} INFO - Sync 1 DAGs
[2026-03-27T11:01:58.487+0000] {logging_mixin.py:151} INFO - [2026-03-27T11:01:58.487+0000] {dag.py:3677} INFO - Setting next_dagrun for load_mart_sessions to None, run_after=None
[2026-03-27T11:01:58.494+0000] {processor.py:179} INFO - Processing /opt/airflow/dags/replication/load_mart_sessions.py took 0.030 seconds
[2026-03-27T11:02:08.960+0000] {processor.py:157} INFO - Started process (PID=297) to work on /opt/airflow/dags/replication/load_mart_sessions.py
[2026-03-27T11:02:08.960+0000] {processor.py:829} INFO - Processing file /opt/airflow/dags/replication/load_mart_sessions.py for tasks to queue
[2026-03-27T11:02:08.962+0000] {logging_mixin.py:151} INFO - [2026-03-27T11:02:08.962+0000] {dagbag.py:539} INFO - Filling up the DagBag from /opt/airflow/dags/replication/load_mart_sessions.py
[2026-03-27T11:02:08.966+0000] {processor.py:839} INFO - DAG(s) dict_keys(['load_mart_sessions']) retrieved from /opt/airflow/dags/replication/load_mart_sessions.py
[2026-03-27T11:02:08.973+0000] {logging_mixin.py:151} INFO - [2026-03-27T11:02:08.973+0000] {dag.py:2907} INFO - Sync 1 DAGs
[2026-03-27T11:02:08.979+0000] {logging_mixin.py:151} INFO - [2026-03-27T11:02:08.978+0000] {dag.py:3677} INFO - Setting next_dagrun for load_mart_sessions to None, run_after=None
[2026-03-27T11:02:08.985+0000] {processor.py:179} INFO - Processing /opt/airflow/dags/replication/load_mart_sessions.py took 0.026 seconds
[2026-03-27T11:02:35.091+0000] {processor.py:157} INFO - Started process (PID=203) to work on /opt/airflow/dags/replication/load_mart_sessions.py
[2026-03-27T11:02:35.092+0000] {processor.py:829} INFO - Processing file /opt/airflow/dags/replication/load_mart_sessions.py for tasks to queue
[2026-03-27T11:02:35.093+0000] {logging_mixin.py:151} INFO - [2026-03-27T11:02:35.093+0000] {dagbag.py:539} INFO - Filling up the DagBag from /opt/airflow/dags/replication/load_mart_sessions.py
[2026-03-27T11:02:35.097+0000] {processor.py:839} INFO - DAG(s) dict_keys(['load_mart_sessions']) retrieved from /opt/airflow/dags/replication/load_mart_sessions.py
[2026-03-27T11:02:35.102+0000] {logging_mixin.py:151} INFO - [2026-03-27T11:02:35.102+0000] {dag.py:2907} INFO - Sync 1 DAGs
[2026-03-27T11:02:35.107+0000] {logging_mixin.py:151} INFO - [2026-03-27T11:02:35.107+0000] {dag.py:3677} INFO - Setting next_dagrun for load_mart_sessions to None, run_after=None
[2026-03-27T11:02:35.114+0000] {processor.py:179} INFO - Processing /opt/airflow/dags/replication/load_mart_sessions.py took 0.024 seconds
[2026-03-27T11:02:45.656+0000] {processor.py:157} INFO - Started process (PID=251) to work on /opt/airflow/dags/replication/load_mart_sessions.py
[2026-03-27T11:02:45.657+0000] {processor.py:829} INFO - Processing file /opt/airflow/dags/replication/load_mart_sessions.py for tasks to queue
[2026-03-27T11:02:45.658+0000] {logging_mixin.py:151} INFO - [2026-03-27T11:02:45.658+0000] {dagbag.py:539} INFO - Filling up the DagBag from /opt/airflow/dags/replication/load_mart_sessions.py
[2026-03-27T11:02:45.662+0000] {processor.py:839} INFO - DAG(s) dict_keys(['load_mart_sessions']) retrieved from /opt/airflow/dags/replication/load_mart_sessions.py
[2026-03-27T11:02:45.668+0000] {logging_mixin.py:151} INFO - [2026-03-27T11:02:45.668+0000] {dag.py:2907} INFO - Sync 1 DAGs
[2026-03-27T11:02:45.674+0000] {logging_mixin.py:151} INFO - [2026-03-27T11:02:45.674+0000] {dag.py:3677} INFO - Setting next_dagrun for load_mart_sessions to None, run_after=None
[2026-03-27T11:02:45.682+0000] {processor.py:179} INFO - Processing /opt/airflow/dags/replication/load_mart_sessions.py took 0.028 seconds
[2026-03-27T11:02:56.062+0000] {processor.py:157} INFO - Started process (PID=299) to work on /opt/airflow/dags/replication/load_mart_sessions.py
[2026-03-27T11:02:56.063+0000] {processor.py:829} INFO - Processing file /opt/airflow/dags/replication/load_mart_sessions.py for tasks to queue
[2026-03-27T11:02:56.063+0000] {logging_mixin.py:151} INFO - [2026-03-27T11:02:56.063+0000] {dagbag.py:539} INFO - Filling up the DagBag from /opt/airflow/dags/replication/load_mart_sessions.py
[2026-03-27T11:02:56.067+0000] {processor.py:839} INFO - DAG(s) dict_keys(['load_mart_sessions']) retrieved from /opt/airflow/dags/replication/load_mart_sessions.py
[2026-03-27T11:02:56.071+0000] {logging_mixin.py:151} INFO - [2026-03-27T11:02:56.071+0000] {dag.py:2907} INFO - Sync 1 DAGs
[2026-03-27T11:02:56.077+0000] {logging_mixin.py:151} INFO - [2026-03-27T11:02:56.077+0000] {dag.py:3677} INFO - Setting next_dagrun for load_mart_sessions to None, run_after=None
[2026-03-27T11:02:56.082+0000] {processor.py:179} INFO - Processing /opt/airflow/dags/replication/load_mart_sessions.py took 0.022 seconds
[2026-03-27T11:03:06.475+0000] {processor.py:157} INFO - Started process (PID=347) to work on /opt/airflow/dags/replication/load_mart_sessions.py
[2026-03-27T11:03:06.475+0000] {processor.py:829} INFO - Processing file /opt/airflow/dags/replication/load_mart_sessions.py for tasks to queue
[2026-03-27T11:03:06.476+0000] {logging_mixin.py:151} INFO - [2026-03-27T11:03:06.476+0000] {dagbag.py:539} INFO - Filling up the DagBag from /opt/airflow/dags/replication/load_mart_sessions.py
[2026-03-27T11:03:06.480+0000] {processor.py:839} INFO - DAG(s) dict_keys(['load_mart_sessions']) retrieved from /opt/airflow/dags/replication/load_mart_sessions.py
[2026-03-27T11:03:06.488+0000] {logging_mixin.py:151} INFO - [2026-03-27T11:03:06.488+0000] {dag.py:2907} INFO - Sync 1 DAGs
[2026-03-27T11:03:06.492+0000] {logging_mixin.py:151} INFO - [2026-03-27T11:03:06.492+0000] {dag.py:3677} INFO - Setting next_dagrun for load_mart_sessions to None, run_after=None
[2026-03-27T11:03:06.497+0000] {processor.py:179} INFO - Processing /opt/airflow/dags/replication/load_mart_sessions.py took 0.024 seconds
[2026-03-27T11:03:16.895+0000] {processor.py:157} INFO - Started process (PID=395) to work on /opt/airflow/dags/replication/load_mart_sessions.py
[2026-03-27T11:03:16.896+0000] {processor.py:829} INFO - Processing file /opt/airflow/dags/replication/load_mart_sessions.py for tasks to queue
[2026-03-27T11:03:16.896+0000] {logging_mixin.py:151} INFO - [2026-03-27T11:03:16.896+0000] {dagbag.py:539} INFO - Filling up the DagBag from /opt/airflow/dags/replication/load_mart_sessions.py
[2026-03-27T11:03:16.900+0000] {processor.py:839} INFO - DAG(s) dict_keys(['load_mart_sessions']) retrieved from /opt/airflow/dags/replication/load_mart_sessions.py
[2026-03-27T11:03:16.908+0000] {logging_mixin.py:151} INFO - [2026-03-27T11:03:16.908+0000] {dag.py:2907} INFO - Sync 1 DAGs
[2026-03-27T11:03:16.913+0000] {logging_mixin.py:151} INFO - [2026-03-27T11:03:16.912+0000] {dag.py:3677} INFO - Setting next_dagrun for load_mart_sessions to None, run_after=None
[2026-03-27T11:03:16.918+0000] {processor.py:179} INFO - Processing /opt/airflow/dags/replication/load_mart_sessions.py took 0.024 seconds
[2026-03-27T11:03:27.313+0000] {processor.py:157} INFO - Started process (PID=441) to work on /opt/airflow/dags/replication/load_mart_sessions.py
[2026-03-27T11:03:27.314+0000] {processor.py:829} INFO - Processing file /opt/airflow/dags/replication/load_mart_sessions.py for tasks to queue
[2026-03-27T11:03:27.316+0000] {logging_mixin.py:151} INFO - [2026-03-27T11:03:27.315+0000] {dagbag.py:539} INFO - Filling up the DagBag from /opt/airflow/dags/replication/load_mart_sessions.py
[2026-03-27T11:03:27.320+0000] {processor.py:839} INFO - DAG(s) dict_keys(['load_mart_sessions']) retrieved from /opt/airflow/dags/replication/load_mart_sessions.py
[2026-03-27T11:03:27.329+0000] {logging_mixin.py:151} INFO - [2026-03-27T11:03:27.328+0000] {dag.py:2907} INFO - Sync 1 DAGs
[2026-03-27T11:03:27.335+0000] {logging_mixin.py:151} INFO - [2026-03-27T11:03:27.335+0000] {dag.py:3677} INFO - Setting next_dagrun for load_mart_sessions to None, run_after=None
[2026-03-27T11:03:27.342+0000] {processor.py:179} INFO - Processing /opt/airflow/dags/replication/load_mart_sessions.py took 0.030 seconds
[2026-03-27T11:03:37.791+0000] {processor.py:157} INFO - Started process (PID=491) to work on /opt/airflow/dags/replication/load_mart_sessions.py
[2026-03-27T11:03:37.792+0000] {processor.py:829} INFO - Processing file /opt/airflow/dags/replication/load_mart_sessions.py for tasks to queue
[2026-03-27T11:03:37.793+0000] {logging_mixin.py:151} INFO - [2026-03-27T11:03:37.793+0000] {dagbag.py:539} INFO - Filling up the DagBag from /opt/airflow/dags/replication/load_mart_sessions.py
[2026-03-27T11:03:37.796+0000] {processor.py:839} INFO - DAG(s) dict_keys(['load_mart_sessions']) retrieved from /opt/airflow/dags/replication/load_mart_sessions.py
[2026-03-27T11:03:37.806+0000] {logging_mixin.py:151} INFO - [2026-03-27T11:03:37.806+0000] {dag.py:2907} INFO - Sync 1 DAGs
[2026-03-27T11:03:37.811+0000] {logging_mixin.py:151} INFO - [2026-03-27T11:03:37.811+0000] {dag.py:3677} INFO - Setting next_dagrun for load_mart_sessions to None, run_after=None
[2026-03-27T11:03:37.818+0000] {processor.py:179} INFO - Processing /opt/airflow/dags/replication/load_mart_sessions.py took 0.029 seconds
[2026-03-27T11:03:48.267+0000] {processor.py:157} INFO - Started process (PID=539) to work on /opt/airflow/dags/replication/load_mart_sessions.py
[2026-03-27T11:03:48.267+0000] {processor.py:829} INFO - Processing file /opt/airflow/dags/replication/load_mart_sessions.py for tasks to queue
[2026-03-27T11:03:48.268+0000] {logging_mixin.py:151} INFO - [2026-03-27T11:03:48.268+0000] {dagbag.py:539} INFO - Filling up the DagBag from /opt/airflow/dags/replication/load_mart_sessions.py
[2026-03-27T11:03:48.272+0000] {processor.py:839} INFO - DAG(s) dict_keys(['load_mart_sessions']) retrieved from /opt/airflow/dags/replication/load_mart_sessions.py
[2026-03-27T11:03:48.281+0000] {logging_mixin.py:151} INFO - [2026-03-27T11:03:48.281+0000] {dag.py:2907} INFO - Sync 1 DAGs
[2026-03-27T11:03:48.286+0000] {logging_mixin.py:151} INFO - [2026-03-27T11:03:48.286+0000] {dag.py:3677} INFO - Setting next_dagrun for load_mart_sessions to None, run_after=None
[2026-03-27T11:03:48.291+0000] {processor.py:179} INFO - Processing /opt/airflow/dags/replication/load_mart_sessions.py took 0.026 seconds
[2026-03-27T11:03:58.690+0000] {processor.py:157} INFO - Started process (PID=585) to work on /opt/airflow/dags/replication/load_mart_sessions.py
[2026-03-27T11:03:58.691+0000] {processor.py:829} INFO - Processing file /opt/airflow/dags/replication/load_mart_sessions.py for tasks to queue
[2026-03-27T11:03:58.692+0000] {logging_mixin.py:151} INFO - [2026-03-27T11:03:58.692+0000] {dagbag.py:539} INFO - Filling up the DagBag from /opt/airflow/dags/replication/load_mart_sessions.py
[2026-03-27T11:03:58.696+0000] {processor.py:839} INFO - DAG(s) dict_keys(['load_mart_sessions']) retrieved from /opt/airflow/dags/replication/load_mart_sessions.py
[2026-03-27T11:03:58.706+0000] {logging_mixin.py:151} INFO - [2026-03-27T11:03:58.705+0000] {dag.py:2907} INFO - Sync 1 DAGs
[2026-03-27T11:03:58.715+0000] {logging_mixin.py:151} INFO - [2026-03-27T11:03:58.715+0000] {dag.py:3677} INFO - Setting next_dagrun for load_mart_sessions to None, run_after=None
[2026-03-27T11:03:58.723+0000] {processor.py:179} INFO - Processing /opt/airflow/dags/replication/load_mart_sessions.py took 0.034 seconds
[2026-03-27T11:04:09.107+0000] {processor.py:157} INFO - Started process (PID=635) to work on /opt/airflow/dags/replication/load_mart_sessions.py
[2026-03-27T11:04:09.108+0000] {processor.py:829} INFO - Processing file /opt/airflow/dags/replication/load_mart_sessions.py for tasks to queue
[2026-03-27T11:04:09.108+0000] {logging_mixin.py:151} INFO - [2026-03-27T11:04:09.108+0000] {dagbag.py:539} INFO - Filling up the DagBag from /opt/airflow/dags/replication/load_mart_sessions.py
[2026-03-27T11:04:09.113+0000] {processor.py:839} INFO - DAG(s) dict_keys(['load_mart_sessions']) retrieved from /opt/airflow/dags/replication/load_mart_sessions.py
[2026-03-27T11:04:09.123+0000] {logging_mixin.py:151} INFO - [2026-03-27T11:04:09.123+0000] {dag.py:2907} INFO - Sync 1 DAGs
[2026-03-27T11:04:09.130+0000] {logging_mixin.py:151} INFO - [2026-03-27T11:04:09.130+0000] {dag.py:3677} INFO - Setting next_dagrun for load_mart_sessions to None, run_after=None
[2026-03-27T11:04:09.138+0000] {processor.py:179} INFO - Processing /opt/airflow/dags/replication/load_mart_sessions.py took 0.032 seconds
[2026-03-27T11:04:19.601+0000] {processor.py:157} INFO - Started process (PID=683) to work on /opt/airflow/dags/replication/load_mart_sessions.py
[2026-03-27T11:04:19.602+0000] {processor.py:829} INFO - Processing file /opt/airflow/dags/replication/load_mart_sessions.py for tasks to queue
[2026-03-27T11:04:19.602+0000] {logging_mixin.py:151} INFO - [2026-03-27T11:04:19.602+0000] {dagbag.py:539} INFO - Filling up the DagBag from /opt/airflow/dags/replication/load_mart_sessions.py
[2026-03-27T11:04:19.606+0000] {processor.py:839} INFO - DAG(s) dict_keys(['load_mart_sessions']) retrieved from /opt/airflow/dags/replication/load_mart_sessions.py
[2026-03-27T11:04:19.614+0000] {logging_mixin.py:151} INFO - [2026-03-27T11:04:19.614+0000] {dag.py:2907} INFO - Sync 1 DAGs
[2026-03-27T11:04:19.619+0000] {logging_mixin.py:151} INFO - [2026-03-27T11:04:19.619+0000] {dag.py:3677} INFO - Setting next_dagrun for load_mart_sessions to None, run_after=None
[2026-03-27T11:04:19.624+0000] {processor.py:179} INFO - Processing /opt/airflow/dags/replication/load_mart_sessions.py took 0.024 seconds
[2026-03-27T11:04:30.061+0000] {processor.py:157} INFO - Started process (PID=729) to work on /opt/airflow/dags/replication/load_mart_sessions.py
[2026-03-27T11:04:30.061+0000] {processor.py:829} INFO - Processing file /opt/airflow/dags/replication/load_mart_sessions.py for tasks to queue
[2026-03-27T11:04:30.062+0000] {logging_mixin.py:151} INFO - [2026-03-27T11:04:30.062+0000] {dagbag.py:539} INFO - Filling up the DagBag from /opt/airflow/dags/replication/load_mart_sessions.py
[2026-03-27T11:04:30.066+0000] {processor.py:839} INFO - DAG(s) dict_keys(['load_mart_sessions']) retrieved from /opt/airflow/dags/replication/load_mart_sessions.py
[2026-03-27T11:04:30.077+0000] {logging_mixin.py:151} INFO - [2026-03-27T11:04:30.076+0000] {dag.py:2907} INFO - Sync 1 DAGs
[2026-03-27T11:04:30.083+0000] {logging_mixin.py:151} INFO - [2026-03-27T11:04:30.083+0000] {dag.py:3677} INFO - Setting next_dagrun for load_mart_sessions to None, run_after=None
[2026-03-27T11:04:30.089+0000] {processor.py:179} INFO - Processing /opt/airflow/dags/replication/load_mart_sessions.py took 0.030 seconds
[2026-03-27T11:04:40.532+0000] {processor.py:157} INFO - Started process (PID=779) to work on /opt/airflow/dags/replication/load_mart_sessions.py
[2026-03-27T11:04:40.533+0000] {processor.py:829} INFO - Processing file /opt/airflow/dags/replication/load_mart_sessions.py for tasks to queue
[2026-03-27T11:04:40.534+0000] {logging_mixin.py:151} INFO - [2026-03-27T11:04:40.533+0000] {dagbag.py:539} INFO - Filling up the DagBag from /opt/airflow/dags/replication/load_mart_sessions.py
[2026-03-27T11:04:40.537+0000] {processor.py:839} INFO - DAG(s) dict_keys(['load_mart_sessions']) retrieved from /opt/airflow/dags/replication/load_mart_sessions.py
[2026-03-27T11:04:40.545+0000] {logging_mixin.py:151} INFO - [2026-03-27T11:04:40.545+0000] {dag.py:2907} INFO - Sync 1 DAGs
[2026-03-27T11:04:40.549+0000] {logging_mixin.py:151} INFO - [2026-03-27T11:04:40.549+0000] {dag.py:3677} INFO - Setting next_dagrun for load_mart_sessions to None, run_after=None
[2026-03-27T11:04:40.555+0000] {processor.py:179} INFO - Processing /opt/airflow/dags/replication/load_mart_sessions.py took 0.024 seconds
[2026-03-27T11:04:51.002+0000] {processor.py:157} INFO - Started process (PID=825) to work on /opt/airflow/dags/replication/load_mart_sessions.py
[2026-03-27T11:04:51.002+0000] {processor.py:829} INFO - Processing file /opt/airflow/dags/replication/load_mart_sessions.py for tasks to queue
[2026-03-27T11:04:51.003+0000] {logging_mixin.py:151} INFO - [2026-03-27T11:04:51.003+0000] {dagbag.py:539} INFO - Filling up the DagBag from /opt/airflow/dags/replication/load_mart_sessions.py
[2026-03-27T11:04:51.008+0000] {processor.py:839} INFO - DAG(s) dict_keys(['load_mart_sessions']) retrieved from /opt/airflow/dags/replication/load_mart_sessions.py
[2026-03-27T11:04:51.018+0000] {logging_mixin.py:151} INFO - [2026-03-27T11:04:51.018+0000] {dag.py:2907} INFO - Sync 1 DAGs
[2026-03-27T11:04:51.023+0000] {logging_mixin.py:151} INFO - [2026-03-27T11:04:51.023+0000] {dag.py:3677} INFO - Setting next_dagrun for load_mart_sessions to None, run_after=None
[2026-03-27T11:04:51.031+0000] {processor.py:179} INFO - Processing /opt/airflow/dags/replication/load_mart_sessions.py took 0.031 seconds
[2026-03-27T11:05:01.479+0000] {processor.py:157} INFO - Started process (PID=873) to work on /opt/airflow/dags/replication/load_mart_sessions.py
[2026-03-27T11:05:01.479+0000] {processor.py:829} INFO - Processing file /opt/airflow/dags/replication/load_mart_sessions.py for tasks to queue
[2026-03-27T11:05:01.480+0000] {logging_mixin.py:151} INFO - [2026-03-27T11:05:01.480+0000] {dagbag.py:539} INFO - Filling up the DagBag from /opt/airflow/dags/replication/load_mart_sessions.py
[2026-03-27T11:05:01.484+0000] {processor.py:839} INFO - DAG(s) dict_keys(['load_mart_sessions']) retrieved from /opt/airflow/dags/replication/load_mart_sessions.py
[2026-03-27T11:05:01.492+0000] {logging_mixin.py:151} INFO - [2026-03-27T11:05:01.492+0000] {dag.py:2907} INFO - Sync 1 DAGs
[2026-03-27T11:05:01.498+0000] {logging_mixin.py:151} INFO - [2026-03-27T11:05:01.498+0000] {dag.py:3677} INFO - Setting next_dagrun for load_mart_sessions to None, run_after=None
[2026-03-27T11:05:01.506+0000] {processor.py:179} INFO - Processing /opt/airflow/dags/replication/load_mart_sessions.py took 0.028 seconds
[2026-03-27T11:05:11.983+0000] {processor.py:157} INFO - Started process (PID=923) to work on /opt/airflow/dags/replication/load_mart_sessions.py
[2026-03-27T11:05:11.984+0000] {processor.py:829} INFO - Processing file /opt/airflow/dags/replication/load_mart_sessions.py for tasks to queue
[2026-03-27T11:05:11.984+0000] {logging_mixin.py:151} INFO - [2026-03-27T11:05:11.984+0000] {dagbag.py:539} INFO - Filling up the DagBag from /opt/airflow/dags/replication/load_mart_sessions.py
[2026-03-27T11:05:11.988+0000] {processor.py:839} INFO - DAG(s) dict_keys(['load_mart_sessions']) retrieved from /opt/airflow/dags/replication/load_mart_sessions.py
[2026-03-27T11:05:11.996+0000] {logging_mixin.py:151} INFO - [2026-03-27T11:05:11.996+0000] {dag.py:2907} INFO - Sync 1 DAGs
[2026-03-27T11:05:12.000+0000] {logging_mixin.py:151} INFO - [2026-03-27T11:05:12.000+0000] {dag.py:3677} INFO - Setting next_dagrun for load_mart_sessions to None, run_after=None
[2026-03-27T11:05:12.006+0000] {processor.py:179} INFO - Processing /opt/airflow/dags/replication/load_mart_sessions.py took 0.025 seconds
[2026-03-27T11:05:22.524+0000] {processor.py:157} INFO - Started process (PID=971) to work on /opt/airflow/dags/replication/load_mart_sessions.py
[2026-03-27T11:05:22.525+0000] {processor.py:829} INFO - Processing file /opt/airflow/dags/replication/load_mart_sessions.py for tasks to queue
[2026-03-27T11:05:22.526+0000] {logging_mixin.py:151} INFO - [2026-03-27T11:05:22.525+0000] {dagbag.py:539} INFO - Filling up the DagBag from /opt/airflow/dags/replication/load_mart_sessions.py
[2026-03-27T11:05:22.530+0000] {processor.py:839} INFO - DAG(s) dict_keys(['load_mart_sessions']) retrieved from /opt/airflow/dags/replication/load_mart_sessions.py
[2026-03-27T11:05:22.541+0000] {logging_mixin.py:151} INFO - [2026-03-27T11:05:22.540+0000] {dag.py:2907} INFO - Sync 1 DAGs
[2026-03-27T11:05:22.546+0000] {logging_mixin.py:151} INFO - [2026-03-27T11:05:22.546+0000] {dag.py:3677} INFO - Setting next_dagrun for load_mart_sessions to None, run_after=None
[2026-03-27T11:05:22.554+0000] {processor.py:179} INFO - Processing /opt/airflow/dags/replication/load_mart_sessions.py took 0.031 seconds
[2026-03-27T11:05:32.948+0000] {processor.py:157} INFO - Started process (PID=1019) to work on /opt/airflow/dags/replication/load_mart_sessions.py
[2026-03-27T11:05:32.948+0000] {processor.py:829} INFO - Processing file /opt/airflow/dags/replication/load_mart_sessions.py for tasks to queue
[2026-03-27T11:05:32.949+0000] {logging_mixin.py:151} INFO - [2026-03-27T11:05:32.949+0000] {dagbag.py:539} INFO - Filling up the DagBag from /opt/airflow/dags/replication/load_mart_sessions.py
[2026-03-27T11:05:32.952+0000] {processor.py:839} INFO - DAG(s) dict_keys(['load_mart_sessions']) retrieved from /opt/airflow/dags/replication/load_mart_sessions.py
[2026-03-27T11:05:32.961+0000] {logging_mixin.py:151} INFO - [2026-03-27T11:05:32.961+0000] {dag.py:2907} INFO - Sync 1 DAGs
[2026-03-27T11:05:32.966+0000] {logging_mixin.py:151} INFO - [2026-03-27T11:05:32.965+0000] {dag.py:3677} INFO - Setting next_dagrun for load_mart_sessions to None, run_after=None
[2026-03-27T11:05:32.972+0000] {processor.py:179} INFO - Processing /opt/airflow/dags/replication/load_mart_sessions.py took 0.025 seconds
[2026-03-27T11:05:43.420+0000] {processor.py:157} INFO - Started process (PID=1067) to work on /opt/airflow/dags/replication/load_mart_sessions.py
[2026-03-27T11:05:43.420+0000] {processor.py:829} INFO - Processing file /opt/airflow/dags/replication/load_mart_sessions.py for tasks to queue
[2026-03-27T11:05:43.421+0000] {logging_mixin.py:151} INFO - [2026-03-27T11:05:43.421+0000] {dagbag.py:539} INFO - Filling up the DagBag from /opt/airflow/dags/replication/load_mart_sessions.py
[2026-03-27T11:05:43.424+0000] {processor.py:839} INFO - DAG(s) dict_keys(['load_mart_sessions']) retrieved from /opt/airflow/dags/replication/load_mart_sessions.py
[2026-03-27T11:05:43.435+0000] {logging_mixin.py:151} INFO - [2026-03-27T11:05:43.434+0000] {dag.py:2907} INFO - Sync 1 DAGs
[2026-03-27T11:05:43.440+0000] {logging_mixin.py:151} INFO - [2026-03-27T11:05:43.440+0000] {dag.py:3677} INFO - Setting next_dagrun for load_mart_sessions to None, run_after=None
[2026-03-27T11:05:43.447+0000] {processor.py:179} INFO - Processing /opt/airflow/dags/replication/load_mart_sessions.py took 0.029 seconds
[2026-03-27T11:06:03.893+0000] {processor.py:157} INFO - Started process (PID=201) to work on /opt/airflow/dags/replication/load_mart_sessions.py
[2026-03-27T11:06:03.894+0000] {processor.py:829} INFO - Processing file /opt/airflow/dags/replication/load_mart_sessions.py for tasks to queue
[2026-03-27T11:06:03.896+0000] {logging_mixin.py:151} INFO - [2026-03-27T11:06:03.896+0000] {dagbag.py:539} INFO - Filling up the DagBag from /opt/airflow/dags/replication/load_mart_sessions.py
[2026-03-27T11:06:03.902+0000] {processor.py:839} INFO - DAG(s) dict_keys(['load_mart_sessions']) retrieved from /opt/airflow/dags/replication/load_mart_sessions.py
[2026-03-27T11:06:03.908+0000] {logging_mixin.py:151} INFO - [2026-03-27T11:06:03.908+0000] {dag.py:2907} INFO - Sync 1 DAGs
[2026-03-27T11:06:03.919+0000] {logging_mixin.py:151} INFO - [2026-03-27T11:06:03.919+0000] {dag.py:3677} INFO - Setting next_dagrun for load_mart_sessions to None, run_after=None
[2026-03-27T11:06:03.926+0000] {processor.py:179} INFO - Processing /opt/airflow/dags/replication/load_mart_sessions.py took 0.035 seconds
[2026-03-27T11:06:14.474+0000] {processor.py:157} INFO - Started process (PID=250) to work on /opt/airflow/dags/replication/load_mart_sessions.py
[2026-03-27T11:06:14.476+0000] {processor.py:829} INFO - Processing file /opt/airflow/dags/replication/load_mart_sessions.py for tasks to queue
[2026-03-27T11:06:14.477+0000] {logging_mixin.py:151} INFO - [2026-03-27T11:06:14.477+0000] {dagbag.py:539} INFO - Filling up the DagBag from /opt/airflow/dags/replication/load_mart_sessions.py
[2026-03-27T11:06:14.480+0000] {processor.py:839} INFO - DAG(s) dict_keys(['load_mart_sessions']) retrieved from /opt/airflow/dags/replication/load_mart_sessions.py
[2026-03-27T11:06:14.490+0000] {logging_mixin.py:151} INFO - [2026-03-27T11:06:14.489+0000] {dag.py:2907} INFO - Sync 1 DAGs
[2026-03-27T11:06:14.495+0000] {logging_mixin.py:151} INFO - [2026-03-27T11:06:14.495+0000] {dag.py:3677} INFO - Setting next_dagrun for load_mart_sessions to None, run_after=None
[2026-03-27T11:06:14.507+0000] {processor.py:179} INFO - Processing /opt/airflow/dags/replication/load_mart_sessions.py took 0.034 seconds
[2026-03-27T11:06:24.876+0000] {processor.py:157} INFO - Started process (PID=297) to work on /opt/airflow/dags/replication/load_mart_sessions.py
[2026-03-27T11:06:24.877+0000] {processor.py:829} INFO - Processing file /opt/airflow/dags/replication/load_mart_sessions.py for tasks to queue
[2026-03-27T11:06:24.878+0000] {logging_mixin.py:151} INFO - [2026-03-27T11:06:24.878+0000] {dagbag.py:539} INFO - Filling up the DagBag from /opt/airflow/dags/replication/load_mart_sessions.py
[2026-03-27T11:06:24.884+0000] {processor.py:839} INFO - DAG(s) dict_keys(['load_mart_sessions']) retrieved from /opt/airflow/dags/replication/load_mart_sessions.py
[2026-03-27T11:06:24.893+0000] {logging_mixin.py:151} INFO - [2026-03-27T11:06:24.893+0000] {dag.py:2907} INFO - Sync 1 DAGs
[2026-03-27T11:06:24.898+0000] {logging_mixin.py:151} INFO - [2026-03-27T11:06:24.898+0000] {dag.py:3677} INFO - Setting next_dagrun for load_mart_sessions to None, run_after=None
[2026-03-27T11:06:24.905+0000] {processor.py:179} INFO - Processing /opt/airflow/dags/replication/load_mart_sessions.py took 0.030 seconds
[2026-03-27T11:06:35.373+0000] {processor.py:157} INFO - Started process (PID=347) to work on /opt/airflow/dags/replication/load_mart_sessions.py
[2026-03-27T11:06:35.374+0000] {processor.py:829} INFO - Processing file /opt/airflow/dags/replication/load_mart_sessions.py for tasks to queue
[2026-03-27T11:06:35.375+0000] {logging_mixin.py:151} INFO - [2026-03-27T11:06:35.375+0000] {dagbag.py:539} INFO - Filling up the DagBag from /opt/airflow/dags/replication/load_mart_sessions.py
[2026-03-27T11:06:35.380+0000] {processor.py:839} INFO - DAG(s) dict_keys(['load_mart_sessions']) retrieved from /opt/airflow/dags/replication/load_mart_sessions.py
[2026-03-27T11:06:35.394+0000] {logging_mixin.py:151} INFO - [2026-03-27T11:06:35.394+0000] {dag.py:2907} INFO - Sync 1 DAGs
[2026-03-27T11:06:35.399+0000] {logging_mixin.py:151} INFO - [2026-03-27T11:06:35.399+0000] {dag.py:3677} INFO - Setting next_dagrun for load_mart_sessions to None, run_after=None
[2026-03-27T11:06:35.405+0000] {processor.py:179} INFO - Processing /opt/airflow/dags/replication/load_mart_sessions.py took 0.034 seconds
[2026-03-27T11:06:45.862+0000] {processor.py:157} INFO - Started process (PID=395) to work on /opt/airflow/dags/replication/load_mart_sessions.py
[2026-03-27T11:06:45.863+0000] {processor.py:829} INFO - Processing file /opt/airflow/dags/replication/load_mart_sessions.py for tasks to queue
[2026-03-27T11:06:45.864+0000] {logging_mixin.py:151} INFO - [2026-03-27T11:06:45.864+0000] {dagbag.py:539} INFO - Filling up the DagBag from /opt/airflow/dags/replication/load_mart_sessions.py
[2026-03-27T11:06:45.867+0000] {processor.py:839} INFO - DAG(s) dict_keys(['load_mart_sessions']) retrieved from /opt/airflow/dags/replication/load_mart_sessions.py
[2026-03-27T11:06:45.875+0000] {logging_mixin.py:151} INFO - [2026-03-27T11:06:45.875+0000] {dag.py:2907} INFO - Sync 1 DAGs
[2026-03-27T11:06:45.880+0000] {logging_mixin.py:151} INFO - [2026-03-27T11:06:45.880+0000] {dag.py:3677} INFO - Setting next_dagrun for load_mart_sessions to None, run_after=None
[2026-03-27T11:06:45.886+0000] {processor.py:179} INFO - Processing /opt/airflow/dags/replication/load_mart_sessions.py took 0.025 seconds
[2026-03-27T11:06:56.396+0000] {processor.py:157} INFO - Started process (PID=443) to work on /opt/airflow/dags/replication/load_mart_sessions.py
[2026-03-27T11:06:56.397+0000] {processor.py:829} INFO - Processing file /opt/airflow/dags/replication/load_mart_sessions.py for tasks to queue
[2026-03-27T11:06:56.399+0000] {logging_mixin.py:151} INFO - [2026-03-27T11:06:56.399+0000] {dagbag.py:539} INFO - Filling up the DagBag from /opt/airflow/dags/replication/load_mart_sessions.py
[2026-03-27T11:06:56.403+0000] {processor.py:839} INFO - DAG(s) dict_keys(['load_mart_sessions']) retrieved from /opt/airflow/dags/replication/load_mart_sessions.py
[2026-03-27T11:06:56.412+0000] {logging_mixin.py:151} INFO - [2026-03-27T11:06:56.412+0000] {dag.py:2907} INFO - Sync 1 DAGs
[2026-03-27T11:06:56.417+0000] {logging_mixin.py:151} INFO - [2026-03-27T11:06:56.417+0000] {dag.py:3677} INFO - Setting next_dagrun for load_mart_sessions to None, run_after=None
[2026-03-27T11:06:56.425+0000] {processor.py:179} INFO - Processing /opt/airflow/dags/replication/load_mart_sessions.py took 0.030 seconds
[2026-03-27T11:07:06.965+0000] {processor.py:157} INFO - Started process (PID=491) to work on /opt/airflow/dags/replication/load_mart_sessions.py
[2026-03-27T11:07:06.965+0000] {processor.py:829} INFO - Processing file /opt/airflow/dags/replication/load_mart_sessions.py for tasks to queue
[2026-03-27T11:07:06.966+0000] {logging_mixin.py:151} INFO - [2026-03-27T11:07:06.966+0000] {dagbag.py:539} INFO - Filling up the DagBag from /opt/airflow/dags/replication/load_mart_sessions.py
[2026-03-27T11:07:06.971+0000] {processor.py:839} INFO - DAG(s) dict_keys(['load_mart_sessions']) retrieved from /opt/airflow/dags/replication/load_mart_sessions.py
[2026-03-27T11:07:06.982+0000] {logging_mixin.py:151} INFO - [2026-03-27T11:07:06.982+0000] {dag.py:2907} INFO - Sync 1 DAGs
[2026-03-27T11:07:06.988+0000] {logging_mixin.py:151} INFO - [2026-03-27T11:07:06.988+0000] {dag.py:3677} INFO - Setting next_dagrun for load_mart_sessions to None, run_after=None
[2026-03-27T11:07:06.996+0000] {processor.py:179} INFO - Processing /opt/airflow/dags/replication/load_mart_sessions.py took 0.032 seconds
[2026-03-27T11:07:17.398+0000] {processor.py:157} INFO - Started process (PID=537) to work on /opt/airflow/dags/replication/load_mart_sessions.py
[2026-03-27T11:07:17.398+0000] {processor.py:829} INFO - Processing file /opt/airflow/dags/replication/load_mart_sessions.py for tasks to queue
[2026-03-27T11:07:17.399+0000] {logging_mixin.py:151} INFO - [2026-03-27T11:07:17.399+0000] {dagbag.py:539} INFO - Filling up the DagBag from /opt/airflow/dags/replication/load_mart_sessions.py
[2026-03-27T11:07:17.404+0000] {processor.py:839} INFO - DAG(s) dict_keys(['load_mart_sessions']) retrieved from /opt/airflow/dags/replication/load_mart_sessions.py
[2026-03-27T11:07:17.416+0000] {logging_mixin.py:151} INFO - [2026-03-27T11:07:17.415+0000] {dag.py:2907} INFO - Sync 1 DAGs
[2026-03-27T11:07:17.420+0000] {logging_mixin.py:151} INFO - [2026-03-27T11:07:17.420+0000] {dag.py:3677} INFO - Setting next_dagrun for load_mart_sessions to None, run_after=None
[2026-03-27T11:07:17.426+0000] {processor.py:179} INFO - Processing /opt/airflow/dags/replication/load_mart_sessions.py took 0.030 seconds
[2026-03-27T11:07:27.887+0000] {processor.py:157} INFO - Started process (PID=587) to work on /opt/airflow/dags/replication/load_mart_sessions.py
[2026-03-27T11:07:27.887+0000] {processor.py:829} INFO - Processing file /opt/airflow/dags/replication/load_mart_sessions.py for tasks to queue
[2026-03-27T11:07:27.888+0000] {logging_mixin.py:151} INFO - [2026-03-27T11:07:27.888+0000] {dagbag.py:539} INFO - Filling up the DagBag from /opt/airflow/dags/replication/load_mart_sessions.py
[2026-03-27T11:07:27.892+0000] {processor.py:839} INFO - DAG(s) dict_keys(['load_mart_sessions']) retrieved from /opt/airflow/dags/replication/load_mart_sessions.py
[2026-03-27T11:07:27.900+0000] {logging_mixin.py:151} INFO - [2026-03-27T11:07:27.900+0000] {dag.py:2907} INFO - Sync 1 DAGs
[2026-03-27T11:07:27.905+0000] {logging_mixin.py:151} INFO - [2026-03-27T11:07:27.905+0000] {dag.py:3677} INFO - Setting next_dagrun for load_mart_sessions to None, run_after=None
[2026-03-27T11:07:27.911+0000] {processor.py:179} INFO - Processing /opt/airflow/dags/replication/load_mart_sessions.py took 0.025 seconds
[2026-03-27T11:07:38.334+0000] {processor.py:157} INFO - Started process (PID=633) to work on /opt/airflow/dags/replication/load_mart_sessions.py
[2026-03-27T11:07:38.336+0000] {processor.py:829} INFO - Processing file /opt/airflow/dags/replication/load_mart_sessions.py for tasks to queue
[2026-03-27T11:07:38.337+0000] {logging_mixin.py:151} INFO - [2026-03-27T11:07:38.337+0000] {dagbag.py:539} INFO - Filling up the DagBag from /opt/airflow/dags/replication/load_mart_sessions.py
[2026-03-27T11:07:38.341+0000] {processor.py:839} INFO - DAG(s) dict_keys(['load_mart_sessions']) retrieved from /opt/airflow/dags/replication/load_mart_sessions.py
[2026-03-27T11:07:38.352+0000] {logging_mixin.py:151} INFO - [2026-03-27T11:07:38.352+0000] {dag.py:2907} INFO - Sync 1 DAGs
[2026-03-27T11:07:38.358+0000] {logging_mixin.py:151} INFO - [2026-03-27T11:07:38.358+0000] {dag.py:3677} INFO - Setting next_dagrun for load_mart_sessions to None, run_after=None
[2026-03-27T11:07:38.368+0000] {processor.py:179} INFO - Processing /opt/airflow/dags/replication/load_mart_sessions.py took 0.035 seconds
[2026-03-27T11:08:06.772+0000] {processor.py:157} INFO - Started process (PID=201) to work on /opt/airflow/dags/replication/load_mart_sessions.py
[2026-03-27T11:08:06.775+0000] {processor.py:829} INFO - Processing file /opt/airflow/dags/replication/load_mart_sessions.py for tasks to queue
[2026-03-27T11:08:06.776+0000] {logging_mixin.py:151} INFO - [2026-03-27T11:08:06.776+0000] {dagbag.py:539} INFO - Filling up the DagBag from /opt/airflow/dags/replication/load_mart_sessions.py
[2026-03-27T11:08:06.779+0000] {processor.py:839} INFO - DAG(s) dict_keys(['load_mart_sessions']) retrieved from /opt/airflow/dags/replication/load_mart_sessions.py
[2026-03-27T11:08:06.787+0000] {logging_mixin.py:151} INFO - [2026-03-27T11:08:06.787+0000] {dag.py:2907} INFO - Sync 1 DAGs
[2026-03-27T11:08:06.793+0000] {logging_mixin.py:151} INFO - [2026-03-27T11:08:06.793+0000] {dag.py:3677} INFO - Setting next_dagrun for load_mart_sessions to None, run_after=None
[2026-03-27T11:08:06.803+0000] {processor.py:179} INFO - Processing /opt/airflow/dags/replication/load_mart_sessions.py took 0.033 seconds
[2026-03-27T11:08:17.306+0000] {processor.py:157} INFO - Started process (PID=249) to work on /opt/airflow/dags/replication/load_mart_sessions.py
[2026-03-27T11:08:17.307+0000] {processor.py:829} INFO - Processing file /opt/airflow/dags/replication/load_mart_sessions.py for tasks to queue
[2026-03-27T11:08:17.308+0000] {logging_mixin.py:151} INFO - [2026-03-27T11:08:17.308+0000] {dagbag.py:539} INFO - Filling up the DagBag from /opt/airflow/dags/replication/load_mart_sessions.py
[2026-03-27T11:08:17.313+0000] {processor.py:839} INFO - DAG(s) dict_keys(['load_mart_sessions']) retrieved from /opt/airflow/dags/replication/load_mart_sessions.py
[2026-03-27T11:08:17.320+0000] {logging_mixin.py:151} INFO - [2026-03-27T11:08:17.319+0000] {dag.py:2907} INFO - Sync 1 DAGs
[2026-03-27T11:08:17.328+0000] {logging_mixin.py:151} INFO - [2026-03-27T11:08:17.327+0000] {dag.py:3677} INFO - Setting next_dagrun for load_mart_sessions to None, run_after=None
[2026-03-27T11:08:17.336+0000] {processor.py:179} INFO - Processing /opt/airflow/dags/replication/load_mart_sessions.py took 0.031 seconds
[2026-03-27T11:08:27.712+0000] {processor.py:157} INFO - Started process (PID=297) to work on /opt/airflow/dags/replication/load_mart_sessions.py
[2026-03-27T11:08:27.713+0000] {processor.py:829} INFO - Processing file /opt/airflow/dags/replication/load_mart_sessions.py for tasks to queue
[2026-03-27T11:08:27.714+0000] {logging_mixin.py:151} INFO - [2026-03-27T11:08:27.714+0000] {dagbag.py:539} INFO - Filling up the DagBag from /opt/airflow/dags/replication/load_mart_sessions.py
[2026-03-27T11:08:27.718+0000] {processor.py:839} INFO - DAG(s) dict_keys(['load_mart_sessions']) retrieved from /opt/airflow/dags/replication/load_mart_sessions.py
[2026-03-27T11:08:27.726+0000] {logging_mixin.py:151} INFO - [2026-03-27T11:08:27.726+0000] {dag.py:2907} INFO - Sync 1 DAGs
[2026-03-27T11:08:27.732+0000] {logging_mixin.py:151} INFO - [2026-03-27T11:08:27.732+0000] {dag.py:3677} INFO - Setting next_dagrun for load_mart_sessions to None, run_after=None
[2026-03-27T11:08:27.740+0000] {processor.py:179} INFO - Processing /opt/airflow/dags/replication/load_mart_sessions.py took 0.029 seconds
[2026-03-27T11:08:38.097+0000] {processor.py:157} INFO - Started process (PID=345) to work on /opt/airflow/dags/replication/load_mart_sessions.py
[2026-03-27T11:08:38.098+0000] {processor.py:829} INFO - Processing file /opt/airflow/dags/replication/load_mart_sessions.py for tasks to queue
[2026-03-27T11:08:38.099+0000] {logging_mixin.py:151} INFO - [2026-03-27T11:08:38.099+0000] {dagbag.py:539} INFO - Filling up the DagBag from /opt/airflow/dags/replication/load_mart_sessions.py
[2026-03-27T11:08:38.104+0000] {processor.py:839} INFO - DAG(s) dict_keys(['load_mart_sessions']) retrieved from /opt/airflow/dags/replication/load_mart_sessions.py
[2026-03-27T11:08:38.114+0000] {logging_mixin.py:151} INFO - [2026-03-27T11:08:38.113+0000] {dag.py:2907} INFO - Sync 1 DAGs
[2026-03-27T11:08:38.121+0000] {logging_mixin.py:151} INFO - [2026-03-27T11:08:38.121+0000] {dag.py:3677} INFO - Setting next_dagrun for load_mart_sessions to None, run_after=None
[2026-03-27T11:08:38.128+0000] {processor.py:179} INFO - Processing /opt/airflow/dags/replication/load_mart_sessions.py took 0.033 seconds
[2026-03-27T11:08:48.572+0000] {processor.py:157} INFO - Started process (PID=393) to work on /opt/airflow/dags/replication/load_mart_sessions.py
[2026-03-27T11:08:48.573+0000] {processor.py:829} INFO - Processing file /opt/airflow/dags/replication/load_mart_sessions.py for tasks to queue
[2026-03-27T11:08:48.575+0000] {logging_mixin.py:151} INFO - [2026-03-27T11:08:48.574+0000] {dagbag.py:539} INFO - Filling up the DagBag from /opt/airflow/dags/replication/load_mart_sessions.py
[2026-03-27T11:08:48.578+0000] {processor.py:839} INFO - DAG(s) dict_keys(['load_mart_sessions']) retrieved from /opt/airflow/dags/replication/load_mart_sessions.py
[2026-03-27T11:08:48.588+0000] {logging_mixin.py:151} INFO - [2026-03-27T11:08:48.588+0000] {dag.py:2907} INFO - Sync 1 DAGs
[2026-03-27T11:08:48.595+0000] {logging_mixin.py:151} INFO - [2026-03-27T11:08:48.595+0000] {dag.py:3677} INFO - Setting next_dagrun for load_mart_sessions to None, run_after=None
[2026-03-27T11:08:48.605+0000] {processor.py:179} INFO - Processing /opt/airflow/dags/replication/load_mart_sessions.py took 0.034 seconds
[2026-03-27T11:08:59.061+0000] {processor.py:157} INFO - Started process (PID=443) to work on /opt/airflow/dags/replication/load_mart_sessions.py
[2026-03-27T11:08:59.062+0000] {processor.py:829} INFO - Processing file /opt/airflow/dags/replication/load_mart_sessions.py for tasks to queue
[2026-03-27T11:08:59.063+0000] {logging_mixin.py:151} INFO - [2026-03-27T11:08:59.062+0000] {dagbag.py:539} INFO - Filling up the DagBag from /opt/airflow/dags/replication/load_mart_sessions.py
[2026-03-27T11:08:59.066+0000] {processor.py:839} INFO - DAG(s) dict_keys(['load_mart_sessions']) retrieved from /opt/airflow/dags/replication/load_mart_sessions.py
[2026-03-27T11:08:59.075+0000] {logging_mixin.py:151} INFO - [2026-03-27T11:08:59.075+0000] {dag.py:2907} INFO - Sync 1 DAGs
[2026-03-27T11:08:59.082+0000] {logging_mixin.py:151} INFO - [2026-03-27T11:08:59.082+0000] {dag.py:3677} INFO - Setting next_dagrun for load_mart_sessions to None, run_after=None
[2026-03-27T11:08:59.090+0000] {processor.py:179} INFO - Processing /opt/airflow/dags/replication/load_mart_sessions.py took 0.030 seconds
[2026-03-27T11:09:09.537+0000] {processor.py:157} INFO - Started process (PID=491) to work on /opt/airflow/dags/replication/load_mart_sessions.py
[2026-03-27T11:09:09.538+0000] {processor.py:829} INFO - Processing file /opt/airflow/dags/replication/load_mart_sessions.py for tasks to queue
[2026-03-27T11:09:09.539+0000] {logging_mixin.py:151} INFO - [2026-03-27T11:09:09.538+0000] {dagbag.py:539} INFO - Filling up the DagBag from /opt/airflow/dags/replication/load_mart_sessions.py
[2026-03-27T11:09:09.542+0000] {processor.py:839} INFO - DAG(s) dict_keys(['load_mart_sessions']) retrieved from /opt/airflow/dags/replication/load_mart_sessions.py
[2026-03-27T11:09:09.550+0000] {logging_mixin.py:151} INFO - [2026-03-27T11:09:09.550+0000] {dag.py:2907} INFO - Sync 1 DAGs
[2026-03-27T11:09:09.555+0000] {logging_mixin.py:151} INFO - [2026-03-27T11:09:09.554+0000] {dag.py:3677} INFO - Setting next_dagrun for load_mart_sessions to None, run_after=None
[2026-03-27T11:09:09.562+0000] {processor.py:179} INFO - Processing /opt/airflow/dags/replication/load_mart_sessions.py took 0.026 seconds
[2026-03-27T11:09:19.949+0000] {processor.py:157} INFO - Started process (PID=539) to work on /opt/airflow/dags/replication/load_mart_sessions.py
[2026-03-27T11:09:19.949+0000] {processor.py:829} INFO - Processing file /opt/airflow/dags/replication/load_mart_sessions.py for tasks to queue
[2026-03-27T11:09:19.950+0000] {logging_mixin.py:151} INFO - [2026-03-27T11:09:19.950+0000] {dagbag.py:539} INFO - Filling up the DagBag from /opt/airflow/dags/replication/load_mart_sessions.py
[2026-03-27T11:09:19.953+0000] {processor.py:839} INFO - DAG(s) dict_keys(['load_mart_sessions']) retrieved from /opt/airflow/dags/replication/load_mart_sessions.py
[2026-03-27T11:09:19.961+0000] {logging_mixin.py:151} INFO - [2026-03-27T11:09:19.961+0000] {dag.py:2907} INFO - Sync 1 DAGs
[2026-03-27T11:09:19.965+0000] {logging_mixin.py:151} INFO - [2026-03-27T11:09:19.965+0000] {dag.py:3677} INFO - Setting next_dagrun for load_mart_sessions to None, run_after=None
[2026-03-27T11:09:19.971+0000] {processor.py:179} INFO - Processing /opt/airflow/dags/replication/load_mart_sessions.py took 0.024 seconds
[2026-03-27T11:09:30.357+0000] {processor.py:157} INFO - Started process (PID=585) to work on /opt/airflow/dags/replication/load_mart_sessions.py
[2026-03-27T11:09:30.357+0000] {processor.py:829} INFO - Processing file /opt/airflow/dags/replication/load_mart_sessions.py for tasks to queue
[2026-03-27T11:09:30.358+0000] {logging_mixin.py:151} INFO - [2026-03-27T11:09:30.358+0000] {dagbag.py:539} INFO - Filling up the DagBag from /opt/airflow/dags/replication/load_mart_sessions.py
[2026-03-27T11:09:30.362+0000] {processor.py:839} INFO - DAG(s) dict_keys(['load_mart_sessions']) retrieved from /opt/airflow/dags/replication/load_mart_sessions.py
[2026-03-27T11:09:30.371+0000] {logging_mixin.py:151} INFO - [2026-03-27T11:09:30.371+0000] {dag.py:2907} INFO - Sync 1 DAGs
[2026-03-27T11:09:30.376+0000] {logging_mixin.py:151} INFO - [2026-03-27T11:09:30.376+0000] {dag.py:3677} INFO - Setting next_dagrun for load_mart_sessions to None, run_after=None
[2026-03-27T11:09:30.382+0000] {processor.py:179} INFO - Processing /opt/airflow/dags/replication/load_mart_sessions.py took 0.026 seconds
[2026-03-27T11:09:40.815+0000] {processor.py:157} INFO - Started process (PID=633) to work on /opt/airflow/dags/replication/load_mart_sessions.py
[2026-03-27T11:09:40.816+0000] {processor.py:829} INFO - Processing file /opt/airflow/dags/replication/load_mart_sessions.py for tasks to queue
[2026-03-27T11:09:40.817+0000] {logging_mixin.py:151} INFO - [2026-03-27T11:09:40.817+0000] {dagbag.py:539} INFO - Filling up the DagBag from /opt/airflow/dags/replication/load_mart_sessions.py
[2026-03-27T11:09:40.822+0000] {processor.py:839} INFO - DAG(s) dict_keys(['load_mart_sessions']) retrieved from /opt/airflow/dags/replication/load_mart_sessions.py
[2026-03-27T11:09:40.832+0000] {logging_mixin.py:151} INFO - [2026-03-27T11:09:40.831+0000] {dag.py:2907} INFO - Sync 1 DAGs
[2026-03-27T11:09:40.837+0000] {logging_mixin.py:151} INFO - [2026-03-27T11:09:40.837+0000] {dag.py:3677} INFO - Setting next_dagrun for load_mart_sessions to None, run_after=None
[2026-03-27T11:09:40.848+0000] {processor.py:179} INFO - Processing /opt/airflow/dags/replication/load_mart_sessions.py took 0.034 seconds
[2026-03-27T11:09:51.262+0000] {processor.py:157} INFO - Started process (PID=681) to work on /opt/airflow/dags/replication/load_mart_sessions.py
[2026-03-27T11:09:51.263+0000] {processor.py:829} INFO - Processing file /opt/airflow/dags/replication/load_mart_sessions.py for tasks to queue
[2026-03-27T11:09:51.264+0000] {logging_mixin.py:151} INFO - [2026-03-27T11:09:51.264+0000] {dagbag.py:539} INFO - Filling up the DagBag from /opt/airflow/dags/replication/load_mart_sessions.py
[2026-03-27T11:09:51.268+0000] {processor.py:839} INFO - DAG(s) dict_keys(['load_mart_sessions']) retrieved from /opt/airflow/dags/replication/load_mart_sessions.py
[2026-03-27T11:09:51.276+0000] {logging_mixin.py:151} INFO - [2026-03-27T11:09:51.276+0000] {dag.py:2907} INFO - Sync 1 DAGs
[2026-03-27T11:09:51.281+0000] {logging_mixin.py:151} INFO - [2026-03-27T11:09:51.281+0000] {dag.py:3677} INFO - Setting next_dagrun for load_mart_sessions to None, run_after=None
[2026-03-27T11:09:51.287+0000] {processor.py:179} INFO - Processing /opt/airflow/dags/replication/load_mart_sessions.py took 0.027 seconds
[2026-03-27T11:10:01.798+0000] {processor.py:157} INFO - Started process (PID=729) to work on /opt/airflow/dags/replication/load_mart_sessions.py
[2026-03-27T11:10:01.798+0000] {processor.py:829} INFO - Processing file /opt/airflow/dags/replication/load_mart_sessions.py for tasks to queue
[2026-03-27T11:10:01.799+0000] {logging_mixin.py:151} INFO - [2026-03-27T11:10:01.799+0000] {dagbag.py:539} INFO - Filling up the DagBag from /opt/airflow/dags/replication/load_mart_sessions.py
[2026-03-27T11:10:01.803+0000] {processor.py:839} INFO - DAG(s) dict_keys(['load_mart_sessions']) retrieved from /opt/airflow/dags/replication/load_mart_sessions.py
[2026-03-27T11:10:01.814+0000] {logging_mixin.py:151} INFO - [2026-03-27T11:10:01.814+0000] {dag.py:2907} INFO - Sync 1 DAGs
[2026-03-27T11:10:01.819+0000] {logging_mixin.py:151} INFO - [2026-03-27T11:10:01.819+0000] {dag.py:3677} INFO - Setting next_dagrun for load_mart_sessions to None, run_after=None
[2026-03-27T11:10:01.826+0000] {processor.py:179} INFO - Processing /opt/airflow/dags/replication/load_mart_sessions.py took 0.029 seconds
[2026-03-27T11:10:12.250+0000] {processor.py:157} INFO - Started process (PID=777) to work on /opt/airflow/dags/replication/load_mart_sessions.py
[2026-03-27T11:10:12.251+0000] {processor.py:829} INFO - Processing file /opt/airflow/dags/replication/load_mart_sessions.py for tasks to queue
[2026-03-27T11:10:12.252+0000] {logging_mixin.py:151} INFO - [2026-03-27T11:10:12.252+0000] {dagbag.py:539} INFO - Filling up the DagBag from /opt/airflow/dags/replication/load_mart_sessions.py
[2026-03-27T11:10:12.257+0000] {processor.py:839} INFO - DAG(s) dict_keys(['load_mart_sessions']) retrieved from /opt/airflow/dags/replication/load_mart_sessions.py
[2026-03-27T11:10:12.269+0000] {logging_mixin.py:151} INFO - [2026-03-27T11:10:12.269+0000] {dag.py:2907} INFO - Sync 1 DAGs
[2026-03-27T11:10:12.274+0000] {logging_mixin.py:151} INFO - [2026-03-27T11:10:12.274+0000] {dag.py:3677} INFO - Setting next_dagrun for load_mart_sessions to None, run_after=None
[2026-03-27T11:10:12.282+0000] {processor.py:179} INFO - Processing /opt/airflow/dags/replication/load_mart_sessions.py took 0.034 seconds
[2026-03-27T11:10:22.759+0000] {processor.py:157} INFO - Started process (PID=826) to work on /opt/airflow/dags/replication/load_mart_sessions.py
[2026-03-27T11:10:22.760+0000] {processor.py:829} INFO - Processing file /opt/airflow/dags/replication/load_mart_sessions.py for tasks to queue
[2026-03-27T11:10:22.760+0000] {logging_mixin.py:151} INFO - [2026-03-27T11:10:22.760+0000] {dagbag.py:539} INFO - Filling up the DagBag from /opt/airflow/dags/replication/load_mart_sessions.py
[2026-03-27T11:10:22.766+0000] {processor.py:839} INFO - DAG(s) dict_keys(['load_mart_sessions']) retrieved from /opt/airflow/dags/replication/load_mart_sessions.py
[2026-03-27T11:10:22.777+0000] {logging_mixin.py:151} INFO - [2026-03-27T11:10:22.777+0000] {dag.py:2907} INFO - Sync 1 DAGs
[2026-03-27T11:10:22.782+0000] {logging_mixin.py:151} INFO - [2026-03-27T11:10:22.782+0000] {dag.py:3677} INFO - Setting next_dagrun for load_mart_sessions to None, run_after=None
[2026-03-27T11:10:22.789+0000] {processor.py:179} INFO - Processing /opt/airflow/dags/replication/load_mart_sessions.py took 0.031 seconds
[2026-03-27T11:10:33.239+0000] {processor.py:157} INFO - Started process (PID=875) to work on /opt/airflow/dags/replication/load_mart_sessions.py
[2026-03-27T11:10:33.239+0000] {processor.py:829} INFO - Processing file /opt/airflow/dags/replication/load_mart_sessions.py for tasks to queue
[2026-03-27T11:10:33.240+0000] {logging_mixin.py:151} INFO - [2026-03-27T11:10:33.240+0000] {dagbag.py:539} INFO - Filling up the DagBag from /opt/airflow/dags/replication/load_mart_sessions.py
[2026-03-27T11:10:33.244+0000] {processor.py:839} INFO - DAG(s) dict_keys(['load_mart_sessions']) retrieved from /opt/airflow/dags/replication/load_mart_sessions.py
[2026-03-27T11:10:33.253+0000] {logging_mixin.py:151} INFO - [2026-03-27T11:10:33.253+0000] {dag.py:2907} INFO - Sync 1 DAGs
[2026-03-27T11:10:33.258+0000] {logging_mixin.py:151} INFO - [2026-03-27T11:10:33.258+0000] {dag.py:3677} INFO - Setting next_dagrun for load_mart_sessions to None, run_after=None
[2026-03-27T11:10:33.265+0000] {processor.py:179} INFO - Processing /opt/airflow/dags/replication/load_mart_sessions.py took 0.028 seconds
