[2026-03-27T10:55:57.786+0000] {processor.py:157} INFO - Started process (PID=188) to work on /opt/airflow/dags/replication/raw_to_transformed.py
[2026-03-27T10:55:57.786+0000] {processor.py:829} INFO - Processing file /opt/airflow/dags/replication/raw_to_transformed.py for tasks to queue
[2026-03-27T10:55:57.787+0000] {logging_mixin.py:151} INFO - [2026-03-27T10:55:57.787+0000] {dagbag.py:539} INFO - Filling up the DagBag from /opt/airflow/dags/replication/raw_to_transformed.py
[2026-03-27T10:55:57.798+0000] {processor.py:839} INFO - DAG(s) dict_keys(['raw_to_transformed']) retrieved from /opt/airflow/dags/replication/raw_to_transformed.py
[2026-03-27T10:55:57.851+0000] {logging_mixin.py:151} INFO - [2026-03-27T10:55:57.851+0000] {manager.py:501} INFO - Created Permission View: can edit on DAG:raw_to_transformed
[2026-03-27T10:55:57.857+0000] {logging_mixin.py:151} INFO - [2026-03-27T10:55:57.857+0000] {manager.py:501} INFO - Created Permission View: can read on DAG:raw_to_transformed
[2026-03-27T10:55:57.861+0000] {logging_mixin.py:151} INFO - [2026-03-27T10:55:57.861+0000] {manager.py:501} INFO - Created Permission View: can delete on DAG:raw_to_transformed
[2026-03-27T10:55:57.868+0000] {logging_mixin.py:151} INFO - [2026-03-27T10:55:57.868+0000] {dag.py:2907} INFO - Sync 1 DAGs
[2026-03-27T10:55:57.874+0000] {logging_mixin.py:151} INFO - [2026-03-27T10:55:57.874+0000] {dag.py:2929} INFO - Creating ORM DAG for raw_to_transformed
[2026-03-27T10:55:57.959+0000] {logging_mixin.py:151} INFO - [2026-03-27T10:55:57.959+0000] {dag.py:3677} INFO - Setting next_dagrun for raw_to_transformed to 2026-03-27T10:00:00+00:00, run_after=2026-03-27T10:30:00+00:00
[2026-03-27T10:55:57.972+0000] {processor.py:179} INFO - Processing /opt/airflow/dags/replication/raw_to_transformed.py took 0.188 seconds
[2026-03-27T10:56:08.449+0000] {processor.py:157} INFO - Started process (PID=239) to work on /opt/airflow/dags/replication/raw_to_transformed.py
[2026-03-27T10:56:08.450+0000] {processor.py:829} INFO - Processing file /opt/airflow/dags/replication/raw_to_transformed.py for tasks to queue
[2026-03-27T10:56:08.452+0000] {logging_mixin.py:151} INFO - [2026-03-27T10:56:08.451+0000] {dagbag.py:539} INFO - Filling up the DagBag from /opt/airflow/dags/replication/raw_to_transformed.py
[2026-03-27T10:56:08.460+0000] {processor.py:839} INFO - DAG(s) dict_keys(['raw_to_transformed']) retrieved from /opt/airflow/dags/replication/raw_to_transformed.py
[2026-03-27T10:56:08.469+0000] {logging_mixin.py:151} INFO - [2026-03-27T10:56:08.468+0000] {dag.py:2907} INFO - Sync 1 DAGs
[2026-03-27T10:56:08.482+0000] {logging_mixin.py:151} INFO - [2026-03-27T10:56:08.482+0000] {dag.py:3677} INFO - Setting next_dagrun for raw_to_transformed to 2026-03-27T10:00:00+00:00, run_after=2026-03-27T10:30:00+00:00
[2026-03-27T10:56:08.494+0000] {processor.py:179} INFO - Processing /opt/airflow/dags/replication/raw_to_transformed.py took 0.046 seconds
[2026-03-27T10:56:18.895+0000] {processor.py:157} INFO - Started process (PID=287) to work on /opt/airflow/dags/replication/raw_to_transformed.py
[2026-03-27T10:56:18.895+0000] {processor.py:829} INFO - Processing file /opt/airflow/dags/replication/raw_to_transformed.py for tasks to queue
[2026-03-27T10:56:18.896+0000] {logging_mixin.py:151} INFO - [2026-03-27T10:56:18.896+0000] {dagbag.py:539} INFO - Filling up the DagBag from /opt/airflow/dags/replication/raw_to_transformed.py
[2026-03-27T10:56:18.901+0000] {processor.py:839} INFO - DAG(s) dict_keys(['raw_to_transformed']) retrieved from /opt/airflow/dags/replication/raw_to_transformed.py
[2026-03-27T10:56:18.906+0000] {logging_mixin.py:151} INFO - [2026-03-27T10:56:18.905+0000] {dag.py:2907} INFO - Sync 1 DAGs
[2026-03-27T10:56:18.917+0000] {logging_mixin.py:151} INFO - [2026-03-27T10:56:18.917+0000] {dag.py:3677} INFO - Setting next_dagrun for raw_to_transformed to 2026-03-27T10:00:00+00:00, run_after=2026-03-27T10:30:00+00:00
[2026-03-27T10:56:18.925+0000] {processor.py:179} INFO - Processing /opt/airflow/dags/replication/raw_to_transformed.py took 0.032 seconds
[2026-03-27T10:56:29.383+0000] {processor.py:157} INFO - Started process (PID=335) to work on /opt/airflow/dags/replication/raw_to_transformed.py
[2026-03-27T10:56:29.383+0000] {processor.py:829} INFO - Processing file /opt/airflow/dags/replication/raw_to_transformed.py for tasks to queue
[2026-03-27T10:56:29.384+0000] {logging_mixin.py:151} INFO - [2026-03-27T10:56:29.384+0000] {dagbag.py:539} INFO - Filling up the DagBag from /opt/airflow/dags/replication/raw_to_transformed.py
[2026-03-27T10:56:29.391+0000] {processor.py:839} INFO - DAG(s) dict_keys(['raw_to_transformed']) retrieved from /opt/airflow/dags/replication/raw_to_transformed.py
[2026-03-27T10:56:29.404+0000] {logging_mixin.py:151} INFO - [2026-03-27T10:56:29.403+0000] {dag.py:2907} INFO - Sync 1 DAGs
[2026-03-27T10:56:29.412+0000] {logging_mixin.py:151} INFO - [2026-03-27T10:56:29.412+0000] {dag.py:3677} INFO - Setting next_dagrun for raw_to_transformed to 2026-03-27T10:00:00+00:00, run_after=2026-03-27T10:30:00+00:00
[2026-03-27T10:56:29.421+0000] {processor.py:179} INFO - Processing /opt/airflow/dags/replication/raw_to_transformed.py took 0.039 seconds
[2026-03-27T10:56:39.833+0000] {processor.py:157} INFO - Started process (PID=383) to work on /opt/airflow/dags/replication/raw_to_transformed.py
[2026-03-27T10:56:39.834+0000] {processor.py:829} INFO - Processing file /opt/airflow/dags/replication/raw_to_transformed.py for tasks to queue
[2026-03-27T10:56:39.835+0000] {logging_mixin.py:151} INFO - [2026-03-27T10:56:39.835+0000] {dagbag.py:539} INFO - Filling up the DagBag from /opt/airflow/dags/replication/raw_to_transformed.py
[2026-03-27T10:56:39.840+0000] {processor.py:839} INFO - DAG(s) dict_keys(['raw_to_transformed']) retrieved from /opt/airflow/dags/replication/raw_to_transformed.py
[2026-03-27T10:56:39.850+0000] {logging_mixin.py:151} INFO - [2026-03-27T10:56:39.850+0000] {dag.py:2907} INFO - Sync 1 DAGs
[2026-03-27T10:56:39.858+0000] {logging_mixin.py:151} INFO - [2026-03-27T10:56:39.858+0000] {dag.py:3677} INFO - Setting next_dagrun for raw_to_transformed to 2026-03-27T10:00:00+00:00, run_after=2026-03-27T10:30:00+00:00
[2026-03-27T10:56:39.864+0000] {processor.py:179} INFO - Processing /opt/airflow/dags/replication/raw_to_transformed.py took 0.032 seconds
[2026-03-27T10:56:50.291+0000] {processor.py:157} INFO - Started process (PID=431) to work on /opt/airflow/dags/replication/raw_to_transformed.py
[2026-03-27T10:56:50.292+0000] {processor.py:829} INFO - Processing file /opt/airflow/dags/replication/raw_to_transformed.py for tasks to queue
[2026-03-27T10:56:50.293+0000] {logging_mixin.py:151} INFO - [2026-03-27T10:56:50.293+0000] {dagbag.py:539} INFO - Filling up the DagBag from /opt/airflow/dags/replication/raw_to_transformed.py
[2026-03-27T10:56:50.301+0000] {processor.py:839} INFO - DAG(s) dict_keys(['raw_to_transformed']) retrieved from /opt/airflow/dags/replication/raw_to_transformed.py
[2026-03-27T10:56:50.315+0000] {logging_mixin.py:151} INFO - [2026-03-27T10:56:50.315+0000] {dag.py:2907} INFO - Sync 1 DAGs
[2026-03-27T10:56:50.329+0000] {logging_mixin.py:151} INFO - [2026-03-27T10:56:50.329+0000] {dag.py:3677} INFO - Setting next_dagrun for raw_to_transformed to 2026-03-27T10:00:00+00:00, run_after=2026-03-27T10:30:00+00:00
[2026-03-27T10:56:50.338+0000] {processor.py:179} INFO - Processing /opt/airflow/dags/replication/raw_to_transformed.py took 0.049 seconds
[2026-03-27T10:57:00.709+0000] {processor.py:157} INFO - Started process (PID=479) to work on /opt/airflow/dags/replication/raw_to_transformed.py
[2026-03-27T10:57:00.710+0000] {processor.py:829} INFO - Processing file /opt/airflow/dags/replication/raw_to_transformed.py for tasks to queue
[2026-03-27T10:57:00.710+0000] {logging_mixin.py:151} INFO - [2026-03-27T10:57:00.710+0000] {dagbag.py:539} INFO - Filling up the DagBag from /opt/airflow/dags/replication/raw_to_transformed.py
[2026-03-27T10:57:00.716+0000] {processor.py:839} INFO - DAG(s) dict_keys(['raw_to_transformed']) retrieved from /opt/airflow/dags/replication/raw_to_transformed.py
[2026-03-27T10:57:00.725+0000] {logging_mixin.py:151} INFO - [2026-03-27T10:57:00.725+0000] {dag.py:2907} INFO - Sync 1 DAGs
[2026-03-27T10:57:00.733+0000] {logging_mixin.py:151} INFO - [2026-03-27T10:57:00.733+0000] {dag.py:3677} INFO - Setting next_dagrun for raw_to_transformed to 2026-03-27T10:00:00+00:00, run_after=2026-03-27T10:30:00+00:00
[2026-03-27T10:57:00.738+0000] {processor.py:179} INFO - Processing /opt/airflow/dags/replication/raw_to_transformed.py took 0.030 seconds
[2026-03-27T10:57:11.123+0000] {processor.py:157} INFO - Started process (PID=527) to work on /opt/airflow/dags/replication/raw_to_transformed.py
[2026-03-27T10:57:11.124+0000] {processor.py:829} INFO - Processing file /opt/airflow/dags/replication/raw_to_transformed.py for tasks to queue
[2026-03-27T10:57:11.125+0000] {logging_mixin.py:151} INFO - [2026-03-27T10:57:11.125+0000] {dagbag.py:539} INFO - Filling up the DagBag from /opt/airflow/dags/replication/raw_to_transformed.py
[2026-03-27T10:57:11.131+0000] {processor.py:839} INFO - DAG(s) dict_keys(['raw_to_transformed']) retrieved from /opt/airflow/dags/replication/raw_to_transformed.py
[2026-03-27T10:57:11.142+0000] {logging_mixin.py:151} INFO - [2026-03-27T10:57:11.142+0000] {dag.py:2907} INFO - Sync 1 DAGs
[2026-03-27T10:57:11.151+0000] {logging_mixin.py:151} INFO - [2026-03-27T10:57:11.151+0000] {dag.py:3677} INFO - Setting next_dagrun for raw_to_transformed to 2026-03-27T10:00:00+00:00, run_after=2026-03-27T10:30:00+00:00
[2026-03-27T10:57:11.157+0000] {processor.py:179} INFO - Processing /opt/airflow/dags/replication/raw_to_transformed.py took 0.035 seconds
[2026-03-27T10:57:21.541+0000] {processor.py:157} INFO - Started process (PID=575) to work on /opt/airflow/dags/replication/raw_to_transformed.py
[2026-03-27T10:57:21.541+0000] {processor.py:829} INFO - Processing file /opt/airflow/dags/replication/raw_to_transformed.py for tasks to queue
[2026-03-27T10:57:21.542+0000] {logging_mixin.py:151} INFO - [2026-03-27T10:57:21.542+0000] {dagbag.py:539} INFO - Filling up the DagBag from /opt/airflow/dags/replication/raw_to_transformed.py
[2026-03-27T10:57:21.547+0000] {processor.py:839} INFO - DAG(s) dict_keys(['raw_to_transformed']) retrieved from /opt/airflow/dags/replication/raw_to_transformed.py
[2026-03-27T10:57:21.556+0000] {logging_mixin.py:151} INFO - [2026-03-27T10:57:21.556+0000] {dag.py:2907} INFO - Sync 1 DAGs
[2026-03-27T10:57:21.564+0000] {logging_mixin.py:151} INFO - [2026-03-27T10:57:21.564+0000] {dag.py:3677} INFO - Setting next_dagrun for raw_to_transformed to 2026-03-27T10:00:00+00:00, run_after=2026-03-27T10:30:00+00:00
[2026-03-27T10:57:21.570+0000] {processor.py:179} INFO - Processing /opt/airflow/dags/replication/raw_to_transformed.py took 0.031 seconds
[2026-03-27T10:57:32.090+0000] {processor.py:157} INFO - Started process (PID=623) to work on /opt/airflow/dags/replication/raw_to_transformed.py
[2026-03-27T10:57:32.090+0000] {processor.py:829} INFO - Processing file /opt/airflow/dags/replication/raw_to_transformed.py for tasks to queue
[2026-03-27T10:57:32.091+0000] {logging_mixin.py:151} INFO - [2026-03-27T10:57:32.091+0000] {dagbag.py:539} INFO - Filling up the DagBag from /opt/airflow/dags/replication/raw_to_transformed.py
[2026-03-27T10:57:32.097+0000] {processor.py:839} INFO - DAG(s) dict_keys(['raw_to_transformed']) retrieved from /opt/airflow/dags/replication/raw_to_transformed.py
[2026-03-27T10:57:32.107+0000] {logging_mixin.py:151} INFO - [2026-03-27T10:57:32.107+0000] {dag.py:2907} INFO - Sync 1 DAGs
[2026-03-27T10:57:32.116+0000] {logging_mixin.py:151} INFO - [2026-03-27T10:57:32.116+0000] {dag.py:3677} INFO - Setting next_dagrun for raw_to_transformed to 2026-03-27T10:00:00+00:00, run_after=2026-03-27T10:30:00+00:00
[2026-03-27T10:57:32.122+0000] {processor.py:179} INFO - Processing /opt/airflow/dags/replication/raw_to_transformed.py took 0.035 seconds
[2026-03-27T10:57:42.519+0000] {processor.py:157} INFO - Started process (PID=671) to work on /opt/airflow/dags/replication/raw_to_transformed.py
[2026-03-27T10:57:42.520+0000] {processor.py:829} INFO - Processing file /opt/airflow/dags/replication/raw_to_transformed.py for tasks to queue
[2026-03-27T10:57:42.521+0000] {logging_mixin.py:151} INFO - [2026-03-27T10:57:42.520+0000] {dagbag.py:539} INFO - Filling up the DagBag from /opt/airflow/dags/replication/raw_to_transformed.py
[2026-03-27T10:57:42.526+0000] {processor.py:839} INFO - DAG(s) dict_keys(['raw_to_transformed']) retrieved from /opt/airflow/dags/replication/raw_to_transformed.py
[2026-03-27T10:57:42.537+0000] {logging_mixin.py:151} INFO - [2026-03-27T10:57:42.536+0000] {dag.py:2907} INFO - Sync 1 DAGs
[2026-03-27T10:57:42.546+0000] {logging_mixin.py:151} INFO - [2026-03-27T10:57:42.546+0000] {dag.py:3677} INFO - Setting next_dagrun for raw_to_transformed to 2026-03-27T10:00:00+00:00, run_after=2026-03-27T10:30:00+00:00
[2026-03-27T10:57:42.555+0000] {processor.py:179} INFO - Processing /opt/airflow/dags/replication/raw_to_transformed.py took 0.037 seconds
[2026-03-27T10:57:53.007+0000] {processor.py:157} INFO - Started process (PID=719) to work on /opt/airflow/dags/replication/raw_to_transformed.py
[2026-03-27T10:57:53.008+0000] {processor.py:829} INFO - Processing file /opt/airflow/dags/replication/raw_to_transformed.py for tasks to queue
[2026-03-27T10:57:53.009+0000] {logging_mixin.py:151} INFO - [2026-03-27T10:57:53.009+0000] {dagbag.py:539} INFO - Filling up the DagBag from /opt/airflow/dags/replication/raw_to_transformed.py
[2026-03-27T10:57:53.014+0000] {processor.py:839} INFO - DAG(s) dict_keys(['raw_to_transformed']) retrieved from /opt/airflow/dags/replication/raw_to_transformed.py
[2026-03-27T10:57:53.026+0000] {logging_mixin.py:151} INFO - [2026-03-27T10:57:53.026+0000] {dag.py:2907} INFO - Sync 1 DAGs
[2026-03-27T10:57:53.036+0000] {logging_mixin.py:151} INFO - [2026-03-27T10:57:53.036+0000] {dag.py:3677} INFO - Setting next_dagrun for raw_to_transformed to 2026-03-27T10:00:00+00:00, run_after=2026-03-27T10:30:00+00:00
[2026-03-27T10:57:53.044+0000] {processor.py:179} INFO - Processing /opt/airflow/dags/replication/raw_to_transformed.py took 0.038 seconds
[2026-03-27T10:58:03.476+0000] {processor.py:157} INFO - Started process (PID=767) to work on /opt/airflow/dags/replication/raw_to_transformed.py
[2026-03-27T10:58:03.476+0000] {processor.py:829} INFO - Processing file /opt/airflow/dags/replication/raw_to_transformed.py for tasks to queue
[2026-03-27T10:58:03.477+0000] {logging_mixin.py:151} INFO - [2026-03-27T10:58:03.477+0000] {dagbag.py:539} INFO - Filling up the DagBag from /opt/airflow/dags/replication/raw_to_transformed.py
[2026-03-27T10:58:03.482+0000] {processor.py:839} INFO - DAG(s) dict_keys(['raw_to_transformed']) retrieved from /opt/airflow/dags/replication/raw_to_transformed.py
[2026-03-27T10:58:03.492+0000] {logging_mixin.py:151} INFO - [2026-03-27T10:58:03.491+0000] {dag.py:2907} INFO - Sync 1 DAGs
[2026-03-27T10:58:03.499+0000] {logging_mixin.py:151} INFO - [2026-03-27T10:58:03.499+0000] {dag.py:3677} INFO - Setting next_dagrun for raw_to_transformed to 2026-03-27T10:00:00+00:00, run_after=2026-03-27T10:30:00+00:00
[2026-03-27T10:58:03.505+0000] {processor.py:179} INFO - Processing /opt/airflow/dags/replication/raw_to_transformed.py took 0.030 seconds
[2026-03-27T10:58:13.921+0000] {processor.py:157} INFO - Started process (PID=815) to work on /opt/airflow/dags/replication/raw_to_transformed.py
[2026-03-27T10:58:13.922+0000] {processor.py:829} INFO - Processing file /opt/airflow/dags/replication/raw_to_transformed.py for tasks to queue
[2026-03-27T10:58:13.922+0000] {logging_mixin.py:151} INFO - [2026-03-27T10:58:13.922+0000] {dagbag.py:539} INFO - Filling up the DagBag from /opt/airflow/dags/replication/raw_to_transformed.py
[2026-03-27T10:58:13.927+0000] {processor.py:839} INFO - DAG(s) dict_keys(['raw_to_transformed']) retrieved from /opt/airflow/dags/replication/raw_to_transformed.py
[2026-03-27T10:58:13.937+0000] {logging_mixin.py:151} INFO - [2026-03-27T10:58:13.937+0000] {dag.py:2907} INFO - Sync 1 DAGs
[2026-03-27T10:58:13.945+0000] {logging_mixin.py:151} INFO - [2026-03-27T10:58:13.945+0000] {dag.py:3677} INFO - Setting next_dagrun for raw_to_transformed to 2026-03-27T10:00:00+00:00, run_after=2026-03-27T10:30:00+00:00
[2026-03-27T10:58:13.951+0000] {processor.py:179} INFO - Processing /opt/airflow/dags/replication/raw_to_transformed.py took 0.031 seconds
[2026-03-27T10:58:24.409+0000] {processor.py:157} INFO - Started process (PID=863) to work on /opt/airflow/dags/replication/raw_to_transformed.py
[2026-03-27T10:58:24.410+0000] {processor.py:829} INFO - Processing file /opt/airflow/dags/replication/raw_to_transformed.py for tasks to queue
[2026-03-27T10:58:24.411+0000] {logging_mixin.py:151} INFO - [2026-03-27T10:58:24.411+0000] {dagbag.py:539} INFO - Filling up the DagBag from /opt/airflow/dags/replication/raw_to_transformed.py
[2026-03-27T10:58:24.417+0000] {processor.py:839} INFO - DAG(s) dict_keys(['raw_to_transformed']) retrieved from /opt/airflow/dags/replication/raw_to_transformed.py
[2026-03-27T10:58:24.430+0000] {logging_mixin.py:151} INFO - [2026-03-27T10:58:24.429+0000] {dag.py:2907} INFO - Sync 1 DAGs
[2026-03-27T10:58:24.438+0000] {logging_mixin.py:151} INFO - [2026-03-27T10:58:24.438+0000] {dag.py:3677} INFO - Setting next_dagrun for raw_to_transformed to 2026-03-27T10:00:00+00:00, run_after=2026-03-27T10:30:00+00:00
[2026-03-27T10:58:24.447+0000] {processor.py:179} INFO - Processing /opt/airflow/dags/replication/raw_to_transformed.py took 0.039 seconds
[2026-03-27T10:58:34.863+0000] {processor.py:157} INFO - Started process (PID=911) to work on /opt/airflow/dags/replication/raw_to_transformed.py
[2026-03-27T10:58:34.864+0000] {processor.py:829} INFO - Processing file /opt/airflow/dags/replication/raw_to_transformed.py for tasks to queue
[2026-03-27T10:58:34.865+0000] {logging_mixin.py:151} INFO - [2026-03-27T10:58:34.865+0000] {dagbag.py:539} INFO - Filling up the DagBag from /opt/airflow/dags/replication/raw_to_transformed.py
[2026-03-27T10:58:34.870+0000] {processor.py:839} INFO - DAG(s) dict_keys(['raw_to_transformed']) retrieved from /opt/airflow/dags/replication/raw_to_transformed.py
[2026-03-27T10:58:34.880+0000] {logging_mixin.py:151} INFO - [2026-03-27T10:58:34.880+0000] {dag.py:2907} INFO - Sync 1 DAGs
[2026-03-27T10:58:34.888+0000] {logging_mixin.py:151} INFO - [2026-03-27T10:58:34.888+0000] {dag.py:3677} INFO - Setting next_dagrun for raw_to_transformed to 2026-03-27T10:00:00+00:00, run_after=2026-03-27T10:30:00+00:00
[2026-03-27T10:58:34.893+0000] {processor.py:179} INFO - Processing /opt/airflow/dags/replication/raw_to_transformed.py took 0.031 seconds
[2026-03-27T10:58:45.299+0000] {processor.py:157} INFO - Started process (PID=959) to work on /opt/airflow/dags/replication/raw_to_transformed.py
[2026-03-27T10:58:45.300+0000] {processor.py:829} INFO - Processing file /opt/airflow/dags/replication/raw_to_transformed.py for tasks to queue
[2026-03-27T10:58:45.301+0000] {logging_mixin.py:151} INFO - [2026-03-27T10:58:45.301+0000] {dagbag.py:539} INFO - Filling up the DagBag from /opt/airflow/dags/replication/raw_to_transformed.py
[2026-03-27T10:58:45.307+0000] {processor.py:839} INFO - DAG(s) dict_keys(['raw_to_transformed']) retrieved from /opt/airflow/dags/replication/raw_to_transformed.py
[2026-03-27T10:58:45.320+0000] {logging_mixin.py:151} INFO - [2026-03-27T10:58:45.320+0000] {dag.py:2907} INFO - Sync 1 DAGs
[2026-03-27T10:58:45.330+0000] {logging_mixin.py:151} INFO - [2026-03-27T10:58:45.330+0000] {dag.py:3677} INFO - Setting next_dagrun for raw_to_transformed to 2026-03-27T10:00:00+00:00, run_after=2026-03-27T10:30:00+00:00
[2026-03-27T10:58:45.338+0000] {processor.py:179} INFO - Processing /opt/airflow/dags/replication/raw_to_transformed.py took 0.040 seconds
[2026-03-27T10:58:55.731+0000] {processor.py:157} INFO - Started process (PID=1007) to work on /opt/airflow/dags/replication/raw_to_transformed.py
[2026-03-27T10:58:55.731+0000] {processor.py:829} INFO - Processing file /opt/airflow/dags/replication/raw_to_transformed.py for tasks to queue
[2026-03-27T10:58:55.733+0000] {logging_mixin.py:151} INFO - [2026-03-27T10:58:55.733+0000] {dagbag.py:539} INFO - Filling up the DagBag from /opt/airflow/dags/replication/raw_to_transformed.py
[2026-03-27T10:58:55.741+0000] {processor.py:839} INFO - DAG(s) dict_keys(['raw_to_transformed']) retrieved from /opt/airflow/dags/replication/raw_to_transformed.py
[2026-03-27T10:58:55.757+0000] {logging_mixin.py:151} INFO - [2026-03-27T10:58:55.757+0000] {dag.py:2907} INFO - Sync 1 DAGs
[2026-03-27T10:58:55.767+0000] {logging_mixin.py:151} INFO - [2026-03-27T10:58:55.767+0000] {dag.py:3677} INFO - Setting next_dagrun for raw_to_transformed to 2026-03-27T10:00:00+00:00, run_after=2026-03-27T10:30:00+00:00
[2026-03-27T10:58:55.777+0000] {processor.py:179} INFO - Processing /opt/airflow/dags/replication/raw_to_transformed.py took 0.048 seconds
[2026-03-27T10:59:06.161+0000] {processor.py:157} INFO - Started process (PID=1055) to work on /opt/airflow/dags/replication/raw_to_transformed.py
[2026-03-27T10:59:06.161+0000] {processor.py:829} INFO - Processing file /opt/airflow/dags/replication/raw_to_transformed.py for tasks to queue
[2026-03-27T10:59:06.162+0000] {logging_mixin.py:151} INFO - [2026-03-27T10:59:06.162+0000] {dagbag.py:539} INFO - Filling up the DagBag from /opt/airflow/dags/replication/raw_to_transformed.py
[2026-03-27T10:59:06.168+0000] {processor.py:839} INFO - DAG(s) dict_keys(['raw_to_transformed']) retrieved from /opt/airflow/dags/replication/raw_to_transformed.py
[2026-03-27T10:59:06.177+0000] {logging_mixin.py:151} INFO - [2026-03-27T10:59:06.177+0000] {dag.py:2907} INFO - Sync 1 DAGs
[2026-03-27T10:59:06.185+0000] {logging_mixin.py:151} INFO - [2026-03-27T10:59:06.185+0000] {dag.py:3677} INFO - Setting next_dagrun for raw_to_transformed to 2026-03-27T10:00:00+00:00, run_after=2026-03-27T10:30:00+00:00
[2026-03-27T10:59:06.191+0000] {processor.py:179} INFO - Processing /opt/airflow/dags/replication/raw_to_transformed.py took 0.032 seconds
[2026-03-27T10:59:16.645+0000] {processor.py:157} INFO - Started process (PID=1103) to work on /opt/airflow/dags/replication/raw_to_transformed.py
[2026-03-27T10:59:16.646+0000] {processor.py:829} INFO - Processing file /opt/airflow/dags/replication/raw_to_transformed.py for tasks to queue
[2026-03-27T10:59:16.647+0000] {logging_mixin.py:151} INFO - [2026-03-27T10:59:16.647+0000] {dagbag.py:539} INFO - Filling up the DagBag from /opt/airflow/dags/replication/raw_to_transformed.py
[2026-03-27T10:59:16.654+0000] {processor.py:839} INFO - DAG(s) dict_keys(['raw_to_transformed']) retrieved from /opt/airflow/dags/replication/raw_to_transformed.py
[2026-03-27T10:59:16.666+0000] {logging_mixin.py:151} INFO - [2026-03-27T10:59:16.666+0000] {dag.py:2907} INFO - Sync 1 DAGs
[2026-03-27T10:59:16.675+0000] {logging_mixin.py:151} INFO - [2026-03-27T10:59:16.675+0000] {dag.py:3677} INFO - Setting next_dagrun for raw_to_transformed to 2026-03-27T10:00:00+00:00, run_after=2026-03-27T10:30:00+00:00
[2026-03-27T10:59:16.683+0000] {processor.py:179} INFO - Processing /opt/airflow/dags/replication/raw_to_transformed.py took 0.039 seconds
[2026-03-27T10:59:27.061+0000] {processor.py:157} INFO - Started process (PID=1151) to work on /opt/airflow/dags/replication/raw_to_transformed.py
[2026-03-27T10:59:27.061+0000] {processor.py:829} INFO - Processing file /opt/airflow/dags/replication/raw_to_transformed.py for tasks to queue
[2026-03-27T10:59:27.062+0000] {logging_mixin.py:151} INFO - [2026-03-27T10:59:27.062+0000] {dagbag.py:539} INFO - Filling up the DagBag from /opt/airflow/dags/replication/raw_to_transformed.py
[2026-03-27T10:59:27.068+0000] {processor.py:839} INFO - DAG(s) dict_keys(['raw_to_transformed']) retrieved from /opt/airflow/dags/replication/raw_to_transformed.py
[2026-03-27T10:59:27.079+0000] {logging_mixin.py:151} INFO - [2026-03-27T10:59:27.079+0000] {dag.py:2907} INFO - Sync 1 DAGs
[2026-03-27T10:59:27.088+0000] {logging_mixin.py:151} INFO - [2026-03-27T10:59:27.087+0000] {dag.py:3677} INFO - Setting next_dagrun for raw_to_transformed to 2026-03-27T10:00:00+00:00, run_after=2026-03-27T10:30:00+00:00
[2026-03-27T10:59:27.093+0000] {processor.py:179} INFO - Processing /opt/airflow/dags/replication/raw_to_transformed.py took 0.034 seconds
[2026-03-27T10:59:37.622+0000] {processor.py:157} INFO - Started process (PID=1199) to work on /opt/airflow/dags/replication/raw_to_transformed.py
[2026-03-27T10:59:37.622+0000] {processor.py:829} INFO - Processing file /opt/airflow/dags/replication/raw_to_transformed.py for tasks to queue
[2026-03-27T10:59:37.623+0000] {logging_mixin.py:151} INFO - [2026-03-27T10:59:37.623+0000] {dagbag.py:539} INFO - Filling up the DagBag from /opt/airflow/dags/replication/raw_to_transformed.py
[2026-03-27T10:59:37.630+0000] {processor.py:839} INFO - DAG(s) dict_keys(['raw_to_transformed']) retrieved from /opt/airflow/dags/replication/raw_to_transformed.py
[2026-03-27T10:59:37.643+0000] {logging_mixin.py:151} INFO - [2026-03-27T10:59:37.643+0000] {dag.py:2907} INFO - Sync 1 DAGs
[2026-03-27T10:59:37.655+0000] {logging_mixin.py:151} INFO - [2026-03-27T10:59:37.655+0000] {dag.py:3677} INFO - Setting next_dagrun for raw_to_transformed to 2026-03-27T10:00:00+00:00, run_after=2026-03-27T10:30:00+00:00
[2026-03-27T10:59:37.663+0000] {processor.py:179} INFO - Processing /opt/airflow/dags/replication/raw_to_transformed.py took 0.044 seconds
[2026-03-27T10:59:48.087+0000] {processor.py:157} INFO - Started process (PID=1247) to work on /opt/airflow/dags/replication/raw_to_transformed.py
[2026-03-27T10:59:48.088+0000] {processor.py:829} INFO - Processing file /opt/airflow/dags/replication/raw_to_transformed.py for tasks to queue
[2026-03-27T10:59:48.089+0000] {logging_mixin.py:151} INFO - [2026-03-27T10:59:48.089+0000] {dagbag.py:539} INFO - Filling up the DagBag from /opt/airflow/dags/replication/raw_to_transformed.py
[2026-03-27T10:59:48.094+0000] {processor.py:839} INFO - DAG(s) dict_keys(['raw_to_transformed']) retrieved from /opt/airflow/dags/replication/raw_to_transformed.py
[2026-03-27T10:59:48.107+0000] {logging_mixin.py:151} INFO - [2026-03-27T10:59:48.107+0000] {dag.py:2907} INFO - Sync 1 DAGs
[2026-03-27T10:59:48.119+0000] {logging_mixin.py:151} INFO - [2026-03-27T10:59:48.119+0000] {dag.py:3677} INFO - Setting next_dagrun for raw_to_transformed to 2026-03-27T10:00:00+00:00, run_after=2026-03-27T10:30:00+00:00
[2026-03-27T10:59:48.127+0000] {processor.py:179} INFO - Processing /opt/airflow/dags/replication/raw_to_transformed.py took 0.041 seconds
[2026-03-27T10:59:58.487+0000] {processor.py:157} INFO - Started process (PID=1295) to work on /opt/airflow/dags/replication/raw_to_transformed.py
[2026-03-27T10:59:58.488+0000] {processor.py:829} INFO - Processing file /opt/airflow/dags/replication/raw_to_transformed.py for tasks to queue
[2026-03-27T10:59:58.488+0000] {logging_mixin.py:151} INFO - [2026-03-27T10:59:58.488+0000] {dagbag.py:539} INFO - Filling up the DagBag from /opt/airflow/dags/replication/raw_to_transformed.py
[2026-03-27T10:59:58.494+0000] {processor.py:839} INFO - DAG(s) dict_keys(['raw_to_transformed']) retrieved from /opt/airflow/dags/replication/raw_to_transformed.py
[2026-03-27T10:59:58.504+0000] {logging_mixin.py:151} INFO - [2026-03-27T10:59:58.504+0000] {dag.py:2907} INFO - Sync 1 DAGs
[2026-03-27T10:59:58.512+0000] {logging_mixin.py:151} INFO - [2026-03-27T10:59:58.512+0000] {dag.py:3677} INFO - Setting next_dagrun for raw_to_transformed to 2026-03-27T10:00:00+00:00, run_after=2026-03-27T10:30:00+00:00
[2026-03-27T10:59:58.519+0000] {processor.py:179} INFO - Processing /opt/airflow/dags/replication/raw_to_transformed.py took 0.033 seconds
[2026-03-27T11:00:08.902+0000] {processor.py:157} INFO - Started process (PID=1343) to work on /opt/airflow/dags/replication/raw_to_transformed.py
[2026-03-27T11:00:08.903+0000] {processor.py:829} INFO - Processing file /opt/airflow/dags/replication/raw_to_transformed.py for tasks to queue
[2026-03-27T11:00:08.904+0000] {logging_mixin.py:151} INFO - [2026-03-27T11:00:08.903+0000] {dagbag.py:539} INFO - Filling up the DagBag from /opt/airflow/dags/replication/raw_to_transformed.py
[2026-03-27T11:00:08.909+0000] {processor.py:839} INFO - DAG(s) dict_keys(['raw_to_transformed']) retrieved from /opt/airflow/dags/replication/raw_to_transformed.py
[2026-03-27T11:00:08.919+0000] {logging_mixin.py:151} INFO - [2026-03-27T11:00:08.918+0000] {dag.py:2907} INFO - Sync 1 DAGs
[2026-03-27T11:00:08.926+0000] {logging_mixin.py:151} INFO - [2026-03-27T11:00:08.926+0000] {dag.py:3677} INFO - Setting next_dagrun for raw_to_transformed to 2026-03-27T10:30:00+00:00, run_after=2026-03-27T11:00:00+00:00
[2026-03-27T11:00:08.932+0000] {processor.py:179} INFO - Processing /opt/airflow/dags/replication/raw_to_transformed.py took 0.031 seconds
[2026-03-27T11:00:19.321+0000] {processor.py:157} INFO - Started process (PID=1391) to work on /opt/airflow/dags/replication/raw_to_transformed.py
[2026-03-27T11:00:19.321+0000] {processor.py:829} INFO - Processing file /opt/airflow/dags/replication/raw_to_transformed.py for tasks to queue
[2026-03-27T11:00:19.322+0000] {logging_mixin.py:151} INFO - [2026-03-27T11:00:19.322+0000] {dagbag.py:539} INFO - Filling up the DagBag from /opt/airflow/dags/replication/raw_to_transformed.py
[2026-03-27T11:00:19.327+0000] {processor.py:839} INFO - DAG(s) dict_keys(['raw_to_transformed']) retrieved from /opt/airflow/dags/replication/raw_to_transformed.py
[2026-03-27T11:00:19.336+0000] {logging_mixin.py:151} INFO - [2026-03-27T11:00:19.336+0000] {dag.py:2907} INFO - Sync 1 DAGs
[2026-03-27T11:00:19.344+0000] {logging_mixin.py:151} INFO - [2026-03-27T11:00:19.344+0000] {dag.py:3677} INFO - Setting next_dagrun for raw_to_transformed to 2026-03-27T10:30:00+00:00, run_after=2026-03-27T11:00:00+00:00
[2026-03-27T11:00:19.350+0000] {processor.py:179} INFO - Processing /opt/airflow/dags/replication/raw_to_transformed.py took 0.031 seconds
[2026-03-27T11:00:29.786+0000] {processor.py:157} INFO - Started process (PID=1439) to work on /opt/airflow/dags/replication/raw_to_transformed.py
[2026-03-27T11:00:29.787+0000] {processor.py:829} INFO - Processing file /opt/airflow/dags/replication/raw_to_transformed.py for tasks to queue
[2026-03-27T11:00:29.789+0000] {logging_mixin.py:151} INFO - [2026-03-27T11:00:29.789+0000] {dagbag.py:539} INFO - Filling up the DagBag from /opt/airflow/dags/replication/raw_to_transformed.py
[2026-03-27T11:00:29.795+0000] {processor.py:839} INFO - DAG(s) dict_keys(['raw_to_transformed']) retrieved from /opt/airflow/dags/replication/raw_to_transformed.py
[2026-03-27T11:00:29.808+0000] {logging_mixin.py:151} INFO - [2026-03-27T11:00:29.807+0000] {dag.py:2907} INFO - Sync 1 DAGs
[2026-03-27T11:00:29.817+0000] {logging_mixin.py:151} INFO - [2026-03-27T11:00:29.817+0000] {dag.py:3677} INFO - Setting next_dagrun for raw_to_transformed to 2026-03-27T10:30:00+00:00, run_after=2026-03-27T11:00:00+00:00
[2026-03-27T11:00:29.827+0000] {processor.py:179} INFO - Processing /opt/airflow/dags/replication/raw_to_transformed.py took 0.042 seconds
[2026-03-27T11:00:40.258+0000] {processor.py:157} INFO - Started process (PID=1487) to work on /opt/airflow/dags/replication/raw_to_transformed.py
[2026-03-27T11:00:40.259+0000] {processor.py:829} INFO - Processing file /opt/airflow/dags/replication/raw_to_transformed.py for tasks to queue
[2026-03-27T11:00:40.260+0000] {logging_mixin.py:151} INFO - [2026-03-27T11:00:40.260+0000] {dagbag.py:539} INFO - Filling up the DagBag from /opt/airflow/dags/replication/raw_to_transformed.py
[2026-03-27T11:00:40.266+0000] {processor.py:839} INFO - DAG(s) dict_keys(['raw_to_transformed']) retrieved from /opt/airflow/dags/replication/raw_to_transformed.py
[2026-03-27T11:00:40.287+0000] {logging_mixin.py:151} INFO - [2026-03-27T11:00:40.286+0000] {dag.py:2907} INFO - Sync 1 DAGs
[2026-03-27T11:00:40.297+0000] {logging_mixin.py:151} INFO - [2026-03-27T11:00:40.297+0000] {dag.py:3677} INFO - Setting next_dagrun for raw_to_transformed to 2026-03-27T10:30:00+00:00, run_after=2026-03-27T11:00:00+00:00
[2026-03-27T11:00:40.307+0000] {processor.py:179} INFO - Processing /opt/airflow/dags/replication/raw_to_transformed.py took 0.050 seconds
[2026-03-27T11:00:50.675+0000] {processor.py:157} INFO - Started process (PID=1535) to work on /opt/airflow/dags/replication/raw_to_transformed.py
[2026-03-27T11:00:50.675+0000] {processor.py:829} INFO - Processing file /opt/airflow/dags/replication/raw_to_transformed.py for tasks to queue
[2026-03-27T11:00:50.678+0000] {logging_mixin.py:151} INFO - [2026-03-27T11:00:50.678+0000] {dagbag.py:539} INFO - Filling up the DagBag from /opt/airflow/dags/replication/raw_to_transformed.py
[2026-03-27T11:00:50.685+0000] {processor.py:839} INFO - DAG(s) dict_keys(['raw_to_transformed']) retrieved from /opt/airflow/dags/replication/raw_to_transformed.py
[2026-03-27T11:00:50.698+0000] {logging_mixin.py:151} INFO - [2026-03-27T11:00:50.697+0000] {dag.py:2907} INFO - Sync 1 DAGs
[2026-03-27T11:00:50.706+0000] {logging_mixin.py:151} INFO - [2026-03-27T11:00:50.706+0000] {dag.py:3677} INFO - Setting next_dagrun for raw_to_transformed to 2026-03-27T10:30:00+00:00, run_after=2026-03-27T11:00:00+00:00
[2026-03-27T11:00:50.716+0000] {processor.py:179} INFO - Processing /opt/airflow/dags/replication/raw_to_transformed.py took 0.043 seconds
[2026-03-27T11:01:01.177+0000] {processor.py:157} INFO - Started process (PID=1583) to work on /opt/airflow/dags/replication/raw_to_transformed.py
[2026-03-27T11:01:01.177+0000] {processor.py:829} INFO - Processing file /opt/airflow/dags/replication/raw_to_transformed.py for tasks to queue
[2026-03-27T11:01:01.178+0000] {logging_mixin.py:151} INFO - [2026-03-27T11:01:01.178+0000] {dagbag.py:539} INFO - Filling up the DagBag from /opt/airflow/dags/replication/raw_to_transformed.py
[2026-03-27T11:01:01.184+0000] {processor.py:839} INFO - DAG(s) dict_keys(['raw_to_transformed']) retrieved from /opt/airflow/dags/replication/raw_to_transformed.py
[2026-03-27T11:01:01.198+0000] {logging_mixin.py:151} INFO - [2026-03-27T11:01:01.197+0000] {dag.py:2907} INFO - Sync 1 DAGs
[2026-03-27T11:01:01.207+0000] {logging_mixin.py:151} INFO - [2026-03-27T11:01:01.207+0000] {dag.py:3677} INFO - Setting next_dagrun for raw_to_transformed to 2026-03-27T10:30:00+00:00, run_after=2026-03-27T11:00:00+00:00
[2026-03-27T11:01:01.218+0000] {processor.py:179} INFO - Processing /opt/airflow/dags/replication/raw_to_transformed.py took 0.042 seconds
[2026-03-27T11:01:11.599+0000] {processor.py:157} INFO - Started process (PID=1631) to work on /opt/airflow/dags/replication/raw_to_transformed.py
[2026-03-27T11:01:11.600+0000] {processor.py:829} INFO - Processing file /opt/airflow/dags/replication/raw_to_transformed.py for tasks to queue
[2026-03-27T11:01:11.600+0000] {logging_mixin.py:151} INFO - [2026-03-27T11:01:11.600+0000] {dagbag.py:539} INFO - Filling up the DagBag from /opt/airflow/dags/replication/raw_to_transformed.py
[2026-03-27T11:01:11.605+0000] {processor.py:839} INFO - DAG(s) dict_keys(['raw_to_transformed']) retrieved from /opt/airflow/dags/replication/raw_to_transformed.py
[2026-03-27T11:01:11.615+0000] {logging_mixin.py:151} INFO - [2026-03-27T11:01:11.615+0000] {dag.py:2907} INFO - Sync 1 DAGs
[2026-03-27T11:01:11.623+0000] {logging_mixin.py:151} INFO - [2026-03-27T11:01:11.623+0000] {dag.py:3677} INFO - Setting next_dagrun for raw_to_transformed to 2026-03-27T10:30:00+00:00, run_after=2026-03-27T11:00:00+00:00
[2026-03-27T11:01:11.629+0000] {processor.py:179} INFO - Processing /opt/airflow/dags/replication/raw_to_transformed.py took 0.031 seconds
[2026-03-27T11:01:22.077+0000] {processor.py:157} INFO - Started process (PID=1679) to work on /opt/airflow/dags/replication/raw_to_transformed.py
[2026-03-27T11:01:22.078+0000] {processor.py:829} INFO - Processing file /opt/airflow/dags/replication/raw_to_transformed.py for tasks to queue
[2026-03-27T11:01:22.078+0000] {logging_mixin.py:151} INFO - [2026-03-27T11:01:22.078+0000] {dagbag.py:539} INFO - Filling up the DagBag from /opt/airflow/dags/replication/raw_to_transformed.py
[2026-03-27T11:01:22.084+0000] {processor.py:839} INFO - DAG(s) dict_keys(['raw_to_transformed']) retrieved from /opt/airflow/dags/replication/raw_to_transformed.py
[2026-03-27T11:01:22.093+0000] {logging_mixin.py:151} INFO - [2026-03-27T11:01:22.093+0000] {dag.py:2907} INFO - Sync 1 DAGs
[2026-03-27T11:01:22.101+0000] {logging_mixin.py:151} INFO - [2026-03-27T11:01:22.101+0000] {dag.py:3677} INFO - Setting next_dagrun for raw_to_transformed to 2026-03-27T10:30:00+00:00, run_after=2026-03-27T11:00:00+00:00
[2026-03-27T11:01:22.106+0000] {processor.py:179} INFO - Processing /opt/airflow/dags/replication/raw_to_transformed.py took 0.030 seconds
[2026-03-27T11:01:47.811+0000] {processor.py:157} INFO - Started process (PID=185) to work on /opt/airflow/dags/replication/raw_to_transformed.py
[2026-03-27T11:01:47.814+0000] {processor.py:829} INFO - Processing file /opt/airflow/dags/replication/raw_to_transformed.py for tasks to queue
[2026-03-27T11:01:47.814+0000] {logging_mixin.py:151} INFO - [2026-03-27T11:01:47.814+0000] {dagbag.py:539} INFO - Filling up the DagBag from /opt/airflow/dags/replication/raw_to_transformed.py
[2026-03-27T11:01:47.822+0000] {processor.py:839} INFO - DAG(s) dict_keys(['raw_to_transformed']) retrieved from /opt/airflow/dags/replication/raw_to_transformed.py
[2026-03-27T11:01:47.828+0000] {logging_mixin.py:151} INFO - [2026-03-27T11:01:47.827+0000] {dag.py:2907} INFO - Sync 1 DAGs
[2026-03-27T11:01:47.838+0000] {logging_mixin.py:151} INFO - [2026-03-27T11:01:47.837+0000] {dag.py:3677} INFO - Setting next_dagrun for raw_to_transformed to 2026-03-27T10:30:00+00:00, run_after=2026-03-27T11:00:00+00:00
[2026-03-27T11:01:47.846+0000] {processor.py:179} INFO - Processing /opt/airflow/dags/replication/raw_to_transformed.py took 0.037 seconds
[2026-03-27T11:01:58.390+0000] {processor.py:157} INFO - Started process (PID=236) to work on /opt/airflow/dags/replication/raw_to_transformed.py
[2026-03-27T11:01:58.390+0000] {processor.py:829} INFO - Processing file /opt/airflow/dags/replication/raw_to_transformed.py for tasks to queue
[2026-03-27T11:01:58.391+0000] {logging_mixin.py:151} INFO - [2026-03-27T11:01:58.391+0000] {dagbag.py:539} INFO - Filling up the DagBag from /opt/airflow/dags/replication/raw_to_transformed.py
[2026-03-27T11:01:58.396+0000] {processor.py:839} INFO - DAG(s) dict_keys(['raw_to_transformed']) retrieved from /opt/airflow/dags/replication/raw_to_transformed.py
[2026-03-27T11:01:58.401+0000] {logging_mixin.py:151} INFO - [2026-03-27T11:01:58.401+0000] {dag.py:2907} INFO - Sync 1 DAGs
[2026-03-27T11:01:58.410+0000] {logging_mixin.py:151} INFO - [2026-03-27T11:01:58.410+0000] {dag.py:3677} INFO - Setting next_dagrun for raw_to_transformed to 2026-03-27T10:30:00+00:00, run_after=2026-03-27T11:00:00+00:00
[2026-03-27T11:01:58.416+0000] {processor.py:179} INFO - Processing /opt/airflow/dags/replication/raw_to_transformed.py took 0.027 seconds
[2026-03-27T11:02:08.884+0000] {processor.py:157} INFO - Started process (PID=284) to work on /opt/airflow/dags/replication/raw_to_transformed.py
[2026-03-27T11:02:08.885+0000] {processor.py:829} INFO - Processing file /opt/airflow/dags/replication/raw_to_transformed.py for tasks to queue
[2026-03-27T11:02:08.886+0000] {logging_mixin.py:151} INFO - [2026-03-27T11:02:08.885+0000] {dagbag.py:539} INFO - Filling up the DagBag from /opt/airflow/dags/replication/raw_to_transformed.py
[2026-03-27T11:02:08.891+0000] {processor.py:839} INFO - DAG(s) dict_keys(['raw_to_transformed']) retrieved from /opt/airflow/dags/replication/raw_to_transformed.py
[2026-03-27T11:02:08.896+0000] {logging_mixin.py:151} INFO - [2026-03-27T11:02:08.896+0000] {dag.py:2907} INFO - Sync 1 DAGs
[2026-03-27T11:02:08.906+0000] {logging_mixin.py:151} INFO - [2026-03-27T11:02:08.906+0000] {dag.py:3677} INFO - Setting next_dagrun for raw_to_transformed to 2026-03-27T10:30:00+00:00, run_after=2026-03-27T11:00:00+00:00
[2026-03-27T11:02:08.912+0000] {processor.py:179} INFO - Processing /opt/airflow/dags/replication/raw_to_transformed.py took 0.029 seconds
[2026-03-27T11:02:34.851+0000] {processor.py:157} INFO - Started process (PID=185) to work on /opt/airflow/dags/replication/raw_to_transformed.py
[2026-03-27T11:02:34.852+0000] {processor.py:829} INFO - Processing file /opt/airflow/dags/replication/raw_to_transformed.py for tasks to queue
[2026-03-27T11:02:34.852+0000] {logging_mixin.py:151} INFO - [2026-03-27T11:02:34.852+0000] {dagbag.py:539} INFO - Filling up the DagBag from /opt/airflow/dags/replication/raw_to_transformed.py
[2026-03-27T11:02:34.859+0000] {processor.py:839} INFO - DAG(s) dict_keys(['raw_to_transformed']) retrieved from /opt/airflow/dags/replication/raw_to_transformed.py
[2026-03-27T11:02:34.864+0000] {logging_mixin.py:151} INFO - [2026-03-27T11:02:34.864+0000] {dag.py:2907} INFO - Sync 1 DAGs
[2026-03-27T11:02:34.873+0000] {logging_mixin.py:151} INFO - [2026-03-27T11:02:34.873+0000] {dag.py:3677} INFO - Setting next_dagrun for raw_to_transformed to 2026-03-27T10:30:00+00:00, run_after=2026-03-27T11:00:00+00:00
[2026-03-27T11:02:34.881+0000] {processor.py:179} INFO - Processing /opt/airflow/dags/replication/raw_to_transformed.py took 0.031 seconds
[2026-03-27T11:02:45.582+0000] {processor.py:157} INFO - Started process (PID=236) to work on /opt/airflow/dags/replication/raw_to_transformed.py
[2026-03-27T11:02:45.583+0000] {processor.py:829} INFO - Processing file /opt/airflow/dags/replication/raw_to_transformed.py for tasks to queue
[2026-03-27T11:02:45.583+0000] {logging_mixin.py:151} INFO - [2026-03-27T11:02:45.583+0000] {dagbag.py:539} INFO - Filling up the DagBag from /opt/airflow/dags/replication/raw_to_transformed.py
[2026-03-27T11:02:45.588+0000] {processor.py:839} INFO - DAG(s) dict_keys(['raw_to_transformed']) retrieved from /opt/airflow/dags/replication/raw_to_transformed.py
[2026-03-27T11:02:45.593+0000] {logging_mixin.py:151} INFO - [2026-03-27T11:02:45.593+0000] {dag.py:2907} INFO - Sync 1 DAGs
[2026-03-27T11:02:45.601+0000] {logging_mixin.py:151} INFO - [2026-03-27T11:02:45.601+0000] {dag.py:3677} INFO - Setting next_dagrun for raw_to_transformed to 2026-03-27T10:30:00+00:00, run_after=2026-03-27T11:00:00+00:00
[2026-03-27T11:02:45.607+0000] {processor.py:179} INFO - Processing /opt/airflow/dags/replication/raw_to_transformed.py took 0.027 seconds
[2026-03-27T11:02:55.984+0000] {processor.py:157} INFO - Started process (PID=284) to work on /opt/airflow/dags/replication/raw_to_transformed.py
[2026-03-27T11:02:55.984+0000] {processor.py:829} INFO - Processing file /opt/airflow/dags/replication/raw_to_transformed.py for tasks to queue
[2026-03-27T11:02:55.986+0000] {logging_mixin.py:151} INFO - [2026-03-27T11:02:55.985+0000] {dagbag.py:539} INFO - Filling up the DagBag from /opt/airflow/dags/replication/raw_to_transformed.py
[2026-03-27T11:02:55.991+0000] {processor.py:839} INFO - DAG(s) dict_keys(['raw_to_transformed']) retrieved from /opt/airflow/dags/replication/raw_to_transformed.py
[2026-03-27T11:02:55.996+0000] {logging_mixin.py:151} INFO - [2026-03-27T11:02:55.995+0000] {dag.py:2907} INFO - Sync 1 DAGs
[2026-03-27T11:02:56.005+0000] {logging_mixin.py:151} INFO - [2026-03-27T11:02:56.004+0000] {dag.py:3677} INFO - Setting next_dagrun for raw_to_transformed to 2026-03-27T10:30:00+00:00, run_after=2026-03-27T11:00:00+00:00
[2026-03-27T11:02:56.010+0000] {processor.py:179} INFO - Processing /opt/airflow/dags/replication/raw_to_transformed.py took 0.028 seconds
[2026-03-27T11:03:06.395+0000] {processor.py:157} INFO - Started process (PID=332) to work on /opt/airflow/dags/replication/raw_to_transformed.py
[2026-03-27T11:03:06.395+0000] {processor.py:829} INFO - Processing file /opt/airflow/dags/replication/raw_to_transformed.py for tasks to queue
[2026-03-27T11:03:06.396+0000] {logging_mixin.py:151} INFO - [2026-03-27T11:03:06.396+0000] {dagbag.py:539} INFO - Filling up the DagBag from /opt/airflow/dags/replication/raw_to_transformed.py
[2026-03-27T11:03:06.402+0000] {processor.py:839} INFO - DAG(s) dict_keys(['raw_to_transformed']) retrieved from /opt/airflow/dags/replication/raw_to_transformed.py
[2026-03-27T11:03:06.411+0000] {logging_mixin.py:151} INFO - [2026-03-27T11:03:06.410+0000] {dag.py:2907} INFO - Sync 1 DAGs
[2026-03-27T11:03:06.418+0000] {logging_mixin.py:151} INFO - [2026-03-27T11:03:06.418+0000] {dag.py:3677} INFO - Setting next_dagrun for raw_to_transformed to 2026-03-27T10:30:00+00:00, run_after=2026-03-27T11:00:00+00:00
[2026-03-27T11:03:06.423+0000] {processor.py:179} INFO - Processing /opt/airflow/dags/replication/raw_to_transformed.py took 0.030 seconds
[2026-03-27T11:03:16.811+0000] {processor.py:157} INFO - Started process (PID=380) to work on /opt/airflow/dags/replication/raw_to_transformed.py
[2026-03-27T11:03:16.811+0000] {processor.py:829} INFO - Processing file /opt/airflow/dags/replication/raw_to_transformed.py for tasks to queue
[2026-03-27T11:03:16.812+0000] {logging_mixin.py:151} INFO - [2026-03-27T11:03:16.812+0000] {dagbag.py:539} INFO - Filling up the DagBag from /opt/airflow/dags/replication/raw_to_transformed.py
[2026-03-27T11:03:16.817+0000] {processor.py:839} INFO - DAG(s) dict_keys(['raw_to_transformed']) retrieved from /opt/airflow/dags/replication/raw_to_transformed.py
[2026-03-27T11:03:16.826+0000] {logging_mixin.py:151} INFO - [2026-03-27T11:03:16.826+0000] {dag.py:2907} INFO - Sync 1 DAGs
[2026-03-27T11:03:16.834+0000] {logging_mixin.py:151} INFO - [2026-03-27T11:03:16.834+0000] {dag.py:3677} INFO - Setting next_dagrun for raw_to_transformed to 2026-03-27T10:30:00+00:00, run_after=2026-03-27T11:00:00+00:00
[2026-03-27T11:03:16.840+0000] {processor.py:179} INFO - Processing /opt/airflow/dags/replication/raw_to_transformed.py took 0.031 seconds
[2026-03-27T11:03:27.231+0000] {processor.py:157} INFO - Started process (PID=428) to work on /opt/airflow/dags/replication/raw_to_transformed.py
[2026-03-27T11:03:27.231+0000] {processor.py:829} INFO - Processing file /opt/airflow/dags/replication/raw_to_transformed.py for tasks to queue
[2026-03-27T11:03:27.232+0000] {logging_mixin.py:151} INFO - [2026-03-27T11:03:27.232+0000] {dagbag.py:539} INFO - Filling up the DagBag from /opt/airflow/dags/replication/raw_to_transformed.py
[2026-03-27T11:03:27.237+0000] {processor.py:839} INFO - DAG(s) dict_keys(['raw_to_transformed']) retrieved from /opt/airflow/dags/replication/raw_to_transformed.py
[2026-03-27T11:03:27.247+0000] {logging_mixin.py:151} INFO - [2026-03-27T11:03:27.247+0000] {dag.py:2907} INFO - Sync 1 DAGs
[2026-03-27T11:03:27.255+0000] {logging_mixin.py:151} INFO - [2026-03-27T11:03:27.255+0000] {dag.py:3677} INFO - Setting next_dagrun for raw_to_transformed to 2026-03-27T10:30:00+00:00, run_after=2026-03-27T11:00:00+00:00
[2026-03-27T11:03:27.261+0000] {processor.py:179} INFO - Processing /opt/airflow/dags/replication/raw_to_transformed.py took 0.031 seconds
[2026-03-27T11:03:37.711+0000] {processor.py:157} INFO - Started process (PID=476) to work on /opt/airflow/dags/replication/raw_to_transformed.py
[2026-03-27T11:03:37.712+0000] {processor.py:829} INFO - Processing file /opt/airflow/dags/replication/raw_to_transformed.py for tasks to queue
[2026-03-27T11:03:37.712+0000] {logging_mixin.py:151} INFO - [2026-03-27T11:03:37.712+0000] {dagbag.py:539} INFO - Filling up the DagBag from /opt/airflow/dags/replication/raw_to_transformed.py
[2026-03-27T11:03:37.717+0000] {processor.py:839} INFO - DAG(s) dict_keys(['raw_to_transformed']) retrieved from /opt/airflow/dags/replication/raw_to_transformed.py
[2026-03-27T11:03:37.728+0000] {logging_mixin.py:151} INFO - [2026-03-27T11:03:37.728+0000] {dag.py:2907} INFO - Sync 1 DAGs
[2026-03-27T11:03:37.735+0000] {logging_mixin.py:151} INFO - [2026-03-27T11:03:37.735+0000] {dag.py:3677} INFO - Setting next_dagrun for raw_to_transformed to 2026-03-27T10:30:00+00:00, run_after=2026-03-27T11:00:00+00:00
[2026-03-27T11:03:37.741+0000] {processor.py:179} INFO - Processing /opt/airflow/dags/replication/raw_to_transformed.py took 0.031 seconds
[2026-03-27T11:03:48.174+0000] {processor.py:157} INFO - Started process (PID=524) to work on /opt/airflow/dags/replication/raw_to_transformed.py
[2026-03-27T11:03:48.175+0000] {processor.py:829} INFO - Processing file /opt/airflow/dags/replication/raw_to_transformed.py for tasks to queue
[2026-03-27T11:03:48.177+0000] {logging_mixin.py:151} INFO - [2026-03-27T11:03:48.176+0000] {dagbag.py:539} INFO - Filling up the DagBag from /opt/airflow/dags/replication/raw_to_transformed.py
[2026-03-27T11:03:48.184+0000] {processor.py:839} INFO - DAG(s) dict_keys(['raw_to_transformed']) retrieved from /opt/airflow/dags/replication/raw_to_transformed.py
[2026-03-27T11:03:48.196+0000] {logging_mixin.py:151} INFO - [2026-03-27T11:03:48.196+0000] {dag.py:2907} INFO - Sync 1 DAGs
[2026-03-27T11:03:48.207+0000] {logging_mixin.py:151} INFO - [2026-03-27T11:03:48.207+0000] {dag.py:3677} INFO - Setting next_dagrun for raw_to_transformed to 2026-03-27T10:30:00+00:00, run_after=2026-03-27T11:00:00+00:00
[2026-03-27T11:03:48.217+0000] {processor.py:179} INFO - Processing /opt/airflow/dags/replication/raw_to_transformed.py took 0.044 seconds
[2026-03-27T11:03:58.608+0000] {processor.py:157} INFO - Started process (PID=572) to work on /opt/airflow/dags/replication/raw_to_transformed.py
[2026-03-27T11:03:58.609+0000] {processor.py:829} INFO - Processing file /opt/airflow/dags/replication/raw_to_transformed.py for tasks to queue
[2026-03-27T11:03:58.609+0000] {logging_mixin.py:151} INFO - [2026-03-27T11:03:58.609+0000] {dagbag.py:539} INFO - Filling up the DagBag from /opt/airflow/dags/replication/raw_to_transformed.py
[2026-03-27T11:03:58.614+0000] {processor.py:839} INFO - DAG(s) dict_keys(['raw_to_transformed']) retrieved from /opt/airflow/dags/replication/raw_to_transformed.py
[2026-03-27T11:03:58.625+0000] {logging_mixin.py:151} INFO - [2026-03-27T11:03:58.625+0000] {dag.py:2907} INFO - Sync 1 DAGs
[2026-03-27T11:03:58.633+0000] {logging_mixin.py:151} INFO - [2026-03-27T11:03:58.632+0000] {dag.py:3677} INFO - Setting next_dagrun for raw_to_transformed to 2026-03-27T10:30:00+00:00, run_after=2026-03-27T11:00:00+00:00
[2026-03-27T11:03:58.639+0000] {processor.py:179} INFO - Processing /opt/airflow/dags/replication/raw_to_transformed.py took 0.032 seconds
[2026-03-27T11:04:09.027+0000] {processor.py:157} INFO - Started process (PID=620) to work on /opt/airflow/dags/replication/raw_to_transformed.py
[2026-03-27T11:04:09.027+0000] {processor.py:829} INFO - Processing file /opt/airflow/dags/replication/raw_to_transformed.py for tasks to queue
[2026-03-27T11:04:09.028+0000] {logging_mixin.py:151} INFO - [2026-03-27T11:04:09.028+0000] {dagbag.py:539} INFO - Filling up the DagBag from /opt/airflow/dags/replication/raw_to_transformed.py
[2026-03-27T11:04:09.033+0000] {processor.py:839} INFO - DAG(s) dict_keys(['raw_to_transformed']) retrieved from /opt/airflow/dags/replication/raw_to_transformed.py
[2026-03-27T11:04:09.043+0000] {logging_mixin.py:151} INFO - [2026-03-27T11:04:09.043+0000] {dag.py:2907} INFO - Sync 1 DAGs
[2026-03-27T11:04:09.051+0000] {logging_mixin.py:151} INFO - [2026-03-27T11:04:09.051+0000] {dag.py:3677} INFO - Setting next_dagrun for raw_to_transformed to 2026-03-27T10:30:00+00:00, run_after=2026-03-27T11:00:00+00:00
[2026-03-27T11:04:09.057+0000] {processor.py:179} INFO - Processing /opt/airflow/dags/replication/raw_to_transformed.py took 0.031 seconds
[2026-03-27T11:04:19.519+0000] {processor.py:157} INFO - Started process (PID=668) to work on /opt/airflow/dags/replication/raw_to_transformed.py
[2026-03-27T11:04:19.520+0000] {processor.py:829} INFO - Processing file /opt/airflow/dags/replication/raw_to_transformed.py for tasks to queue
[2026-03-27T11:04:19.521+0000] {logging_mixin.py:151} INFO - [2026-03-27T11:04:19.520+0000] {dagbag.py:539} INFO - Filling up the DagBag from /opt/airflow/dags/replication/raw_to_transformed.py
[2026-03-27T11:04:19.525+0000] {processor.py:839} INFO - DAG(s) dict_keys(['raw_to_transformed']) retrieved from /opt/airflow/dags/replication/raw_to_transformed.py
[2026-03-27T11:04:19.535+0000] {logging_mixin.py:151} INFO - [2026-03-27T11:04:19.535+0000] {dag.py:2907} INFO - Sync 1 DAGs
[2026-03-27T11:04:19.542+0000] {logging_mixin.py:151} INFO - [2026-03-27T11:04:19.542+0000] {dag.py:3677} INFO - Setting next_dagrun for raw_to_transformed to 2026-03-27T10:30:00+00:00, run_after=2026-03-27T11:00:00+00:00
[2026-03-27T11:04:19.548+0000] {processor.py:179} INFO - Processing /opt/airflow/dags/replication/raw_to_transformed.py took 0.030 seconds
[2026-03-27T11:04:30.003+0000] {processor.py:157} INFO - Started process (PID=714) to work on /opt/airflow/dags/replication/raw_to_transformed.py
[2026-03-27T11:04:30.004+0000] {processor.py:829} INFO - Processing file /opt/airflow/dags/replication/raw_to_transformed.py for tasks to queue
[2026-03-27T11:04:30.005+0000] {logging_mixin.py:151} INFO - [2026-03-27T11:04:30.005+0000] {dagbag.py:539} INFO - Filling up the DagBag from /opt/airflow/dags/replication/raw_to_transformed.py
[2026-03-27T11:04:30.011+0000] {processor.py:839} INFO - DAG(s) dict_keys(['raw_to_transformed']) retrieved from /opt/airflow/dags/replication/raw_to_transformed.py
[2026-03-27T11:04:30.023+0000] {logging_mixin.py:151} INFO - [2026-03-27T11:04:30.023+0000] {dag.py:2907} INFO - Sync 1 DAGs
[2026-03-27T11:04:30.031+0000] {logging_mixin.py:151} INFO - [2026-03-27T11:04:30.031+0000] {dag.py:3677} INFO - Setting next_dagrun for raw_to_transformed to 2026-03-27T10:30:00+00:00, run_after=2026-03-27T11:00:00+00:00
[2026-03-27T11:04:30.039+0000] {processor.py:179} INFO - Processing /opt/airflow/dags/replication/raw_to_transformed.py took 0.038 seconds
[2026-03-27T11:04:40.450+0000] {processor.py:157} INFO - Started process (PID=764) to work on /opt/airflow/dags/replication/raw_to_transformed.py
[2026-03-27T11:04:40.450+0000] {processor.py:829} INFO - Processing file /opt/airflow/dags/replication/raw_to_transformed.py for tasks to queue
[2026-03-27T11:04:40.451+0000] {logging_mixin.py:151} INFO - [2026-03-27T11:04:40.451+0000] {dagbag.py:539} INFO - Filling up the DagBag from /opt/airflow/dags/replication/raw_to_transformed.py
[2026-03-27T11:04:40.456+0000] {processor.py:839} INFO - DAG(s) dict_keys(['raw_to_transformed']) retrieved from /opt/airflow/dags/replication/raw_to_transformed.py
[2026-03-27T11:04:40.465+0000] {logging_mixin.py:151} INFO - [2026-03-27T11:04:40.465+0000] {dag.py:2907} INFO - Sync 1 DAGs
[2026-03-27T11:04:40.473+0000] {logging_mixin.py:151} INFO - [2026-03-27T11:04:40.473+0000] {dag.py:3677} INFO - Setting next_dagrun for raw_to_transformed to 2026-03-27T10:30:00+00:00, run_after=2026-03-27T11:00:00+00:00
[2026-03-27T11:04:40.479+0000] {processor.py:179} INFO - Processing /opt/airflow/dags/replication/raw_to_transformed.py took 0.030 seconds
[2026-03-27T11:04:50.915+0000] {processor.py:157} INFO - Started process (PID=812) to work on /opt/airflow/dags/replication/raw_to_transformed.py
[2026-03-27T11:04:50.916+0000] {processor.py:829} INFO - Processing file /opt/airflow/dags/replication/raw_to_transformed.py for tasks to queue
[2026-03-27T11:04:50.917+0000] {logging_mixin.py:151} INFO - [2026-03-27T11:04:50.917+0000] {dagbag.py:539} INFO - Filling up the DagBag from /opt/airflow/dags/replication/raw_to_transformed.py
[2026-03-27T11:04:50.923+0000] {processor.py:839} INFO - DAG(s) dict_keys(['raw_to_transformed']) retrieved from /opt/airflow/dags/replication/raw_to_transformed.py
[2026-03-27T11:04:50.932+0000] {logging_mixin.py:151} INFO - [2026-03-27T11:04:50.932+0000] {dag.py:2907} INFO - Sync 1 DAGs
[2026-03-27T11:04:50.940+0000] {logging_mixin.py:151} INFO - [2026-03-27T11:04:50.940+0000] {dag.py:3677} INFO - Setting next_dagrun for raw_to_transformed to 2026-03-27T10:30:00+00:00, run_after=2026-03-27T11:00:00+00:00
[2026-03-27T11:04:50.946+0000] {processor.py:179} INFO - Processing /opt/airflow/dags/replication/raw_to_transformed.py took 0.032 seconds
[2026-03-27T11:05:01.401+0000] {processor.py:157} INFO - Started process (PID=860) to work on /opt/airflow/dags/replication/raw_to_transformed.py
[2026-03-27T11:05:01.402+0000] {processor.py:829} INFO - Processing file /opt/airflow/dags/replication/raw_to_transformed.py for tasks to queue
[2026-03-27T11:05:01.402+0000] {logging_mixin.py:151} INFO - [2026-03-27T11:05:01.402+0000] {dagbag.py:539} INFO - Filling up the DagBag from /opt/airflow/dags/replication/raw_to_transformed.py
[2026-03-27T11:05:01.407+0000] {processor.py:839} INFO - DAG(s) dict_keys(['raw_to_transformed']) retrieved from /opt/airflow/dags/replication/raw_to_transformed.py
[2026-03-27T11:05:01.416+0000] {logging_mixin.py:151} INFO - [2026-03-27T11:05:01.416+0000] {dag.py:2907} INFO - Sync 1 DAGs
[2026-03-27T11:05:01.424+0000] {logging_mixin.py:151} INFO - [2026-03-27T11:05:01.424+0000] {dag.py:3677} INFO - Setting next_dagrun for raw_to_transformed to 2026-03-27T10:30:00+00:00, run_after=2026-03-27T11:00:00+00:00
[2026-03-27T11:05:01.430+0000] {processor.py:179} INFO - Processing /opt/airflow/dags/replication/raw_to_transformed.py took 0.030 seconds
[2026-03-27T11:05:11.899+0000] {processor.py:157} INFO - Started process (PID=908) to work on /opt/airflow/dags/replication/raw_to_transformed.py
[2026-03-27T11:05:11.900+0000] {processor.py:829} INFO - Processing file /opt/airflow/dags/replication/raw_to_transformed.py for tasks to queue
[2026-03-27T11:05:11.900+0000] {logging_mixin.py:151} INFO - [2026-03-27T11:05:11.900+0000] {dagbag.py:539} INFO - Filling up the DagBag from /opt/airflow/dags/replication/raw_to_transformed.py
[2026-03-27T11:05:11.905+0000] {processor.py:839} INFO - DAG(s) dict_keys(['raw_to_transformed']) retrieved from /opt/airflow/dags/replication/raw_to_transformed.py
[2026-03-27T11:05:11.915+0000] {logging_mixin.py:151} INFO - [2026-03-27T11:05:11.915+0000] {dag.py:2907} INFO - Sync 1 DAGs
[2026-03-27T11:05:11.923+0000] {logging_mixin.py:151} INFO - [2026-03-27T11:05:11.923+0000] {dag.py:3677} INFO - Setting next_dagrun for raw_to_transformed to 2026-03-27T10:30:00+00:00, run_after=2026-03-27T11:00:00+00:00
[2026-03-27T11:05:11.929+0000] {processor.py:179} INFO - Processing /opt/airflow/dags/replication/raw_to_transformed.py took 0.031 seconds
[2026-03-27T11:05:22.420+0000] {processor.py:157} INFO - Started process (PID=956) to work on /opt/airflow/dags/replication/raw_to_transformed.py
[2026-03-27T11:05:22.420+0000] {processor.py:829} INFO - Processing file /opt/airflow/dags/replication/raw_to_transformed.py for tasks to queue
[2026-03-27T11:05:22.421+0000] {logging_mixin.py:151} INFO - [2026-03-27T11:05:22.421+0000] {dagbag.py:539} INFO - Filling up the DagBag from /opt/airflow/dags/replication/raw_to_transformed.py
[2026-03-27T11:05:22.427+0000] {processor.py:839} INFO - DAG(s) dict_keys(['raw_to_transformed']) retrieved from /opt/airflow/dags/replication/raw_to_transformed.py
[2026-03-27T11:05:22.439+0000] {logging_mixin.py:151} INFO - [2026-03-27T11:05:22.439+0000] {dag.py:2907} INFO - Sync 1 DAGs
[2026-03-27T11:05:22.448+0000] {logging_mixin.py:151} INFO - [2026-03-27T11:05:22.448+0000] {dag.py:3677} INFO - Setting next_dagrun for raw_to_transformed to 2026-03-27T10:30:00+00:00, run_after=2026-03-27T11:00:00+00:00
[2026-03-27T11:05:22.459+0000] {processor.py:179} INFO - Processing /opt/airflow/dags/replication/raw_to_transformed.py took 0.040 seconds
[2026-03-27T11:05:32.843+0000] {processor.py:157} INFO - Started process (PID=1004) to work on /opt/airflow/dags/replication/raw_to_transformed.py
[2026-03-27T11:05:32.844+0000] {processor.py:829} INFO - Processing file /opt/airflow/dags/replication/raw_to_transformed.py for tasks to queue
[2026-03-27T11:05:32.845+0000] {logging_mixin.py:151} INFO - [2026-03-27T11:05:32.844+0000] {dagbag.py:539} INFO - Filling up the DagBag from /opt/airflow/dags/replication/raw_to_transformed.py
[2026-03-27T11:05:32.850+0000] {processor.py:839} INFO - DAG(s) dict_keys(['raw_to_transformed']) retrieved from /opt/airflow/dags/replication/raw_to_transformed.py
[2026-03-27T11:05:32.860+0000] {logging_mixin.py:151} INFO - [2026-03-27T11:05:32.860+0000] {dag.py:2907} INFO - Sync 1 DAGs
[2026-03-27T11:05:32.868+0000] {logging_mixin.py:151} INFO - [2026-03-27T11:05:32.868+0000] {dag.py:3677} INFO - Setting next_dagrun for raw_to_transformed to 2026-03-27T10:30:00+00:00, run_after=2026-03-27T11:00:00+00:00
[2026-03-27T11:05:32.875+0000] {processor.py:179} INFO - Processing /opt/airflow/dags/replication/raw_to_transformed.py took 0.033 seconds
[2026-03-27T11:05:43.339+0000] {processor.py:157} INFO - Started process (PID=1052) to work on /opt/airflow/dags/replication/raw_to_transformed.py
[2026-03-27T11:05:43.340+0000] {processor.py:829} INFO - Processing file /opt/airflow/dags/replication/raw_to_transformed.py for tasks to queue
[2026-03-27T11:05:43.341+0000] {logging_mixin.py:151} INFO - [2026-03-27T11:05:43.341+0000] {dagbag.py:539} INFO - Filling up the DagBag from /opt/airflow/dags/replication/raw_to_transformed.py
[2026-03-27T11:05:43.345+0000] {processor.py:839} INFO - DAG(s) dict_keys(['raw_to_transformed']) retrieved from /opt/airflow/dags/replication/raw_to_transformed.py
[2026-03-27T11:05:43.355+0000] {logging_mixin.py:151} INFO - [2026-03-27T11:05:43.355+0000] {dag.py:2907} INFO - Sync 1 DAGs
[2026-03-27T11:05:43.362+0000] {logging_mixin.py:151} INFO - [2026-03-27T11:05:43.362+0000] {dag.py:3677} INFO - Setting next_dagrun for raw_to_transformed to 2026-03-27T10:30:00+00:00, run_after=2026-03-27T11:00:00+00:00
[2026-03-27T11:05:43.368+0000] {processor.py:179} INFO - Processing /opt/airflow/dags/replication/raw_to_transformed.py took 0.030 seconds
[2026-03-27T11:06:03.638+0000] {processor.py:157} INFO - Started process (PID=185) to work on /opt/airflow/dags/replication/raw_to_transformed.py
[2026-03-27T11:06:03.638+0000] {processor.py:829} INFO - Processing file /opt/airflow/dags/replication/raw_to_transformed.py for tasks to queue
[2026-03-27T11:06:03.639+0000] {logging_mixin.py:151} INFO - [2026-03-27T11:06:03.639+0000] {dagbag.py:539} INFO - Filling up the DagBag from /opt/airflow/dags/replication/raw_to_transformed.py
[2026-03-27T11:06:03.651+0000] {processor.py:839} INFO - DAG(s) dict_keys(['raw_to_transformed']) retrieved from /opt/airflow/dags/replication/raw_to_transformed.py
[2026-03-27T11:06:03.657+0000] {logging_mixin.py:151} INFO - [2026-03-27T11:06:03.656+0000] {dag.py:2907} INFO - Sync 1 DAGs
[2026-03-27T11:06:03.666+0000] {logging_mixin.py:151} INFO - [2026-03-27T11:06:03.666+0000] {dag.py:3677} INFO - Setting next_dagrun for raw_to_transformed to 2026-03-27T10:30:00+00:00, run_after=2026-03-27T11:00:00+00:00
[2026-03-27T11:06:03.674+0000] {processor.py:179} INFO - Processing /opt/airflow/dags/replication/raw_to_transformed.py took 0.037 seconds
[2026-03-27T11:06:14.397+0000] {processor.py:157} INFO - Started process (PID=236) to work on /opt/airflow/dags/replication/raw_to_transformed.py
[2026-03-27T11:06:14.398+0000] {processor.py:829} INFO - Processing file /opt/airflow/dags/replication/raw_to_transformed.py for tasks to queue
[2026-03-27T11:06:14.399+0000] {logging_mixin.py:151} INFO - [2026-03-27T11:06:14.399+0000] {dagbag.py:539} INFO - Filling up the DagBag from /opt/airflow/dags/replication/raw_to_transformed.py
[2026-03-27T11:06:14.403+0000] {processor.py:839} INFO - DAG(s) dict_keys(['raw_to_transformed']) retrieved from /opt/airflow/dags/replication/raw_to_transformed.py
[2026-03-27T11:06:14.408+0000] {logging_mixin.py:151} INFO - [2026-03-27T11:06:14.408+0000] {dag.py:2907} INFO - Sync 1 DAGs
[2026-03-27T11:06:14.417+0000] {logging_mixin.py:151} INFO - [2026-03-27T11:06:14.416+0000] {dag.py:3677} INFO - Setting next_dagrun for raw_to_transformed to 2026-03-27T10:30:00+00:00, run_after=2026-03-27T11:00:00+00:00
[2026-03-27T11:06:14.423+0000] {processor.py:179} INFO - Processing /opt/airflow/dags/replication/raw_to_transformed.py took 0.027 seconds
[2026-03-27T11:06:24.802+0000] {processor.py:157} INFO - Started process (PID=284) to work on /opt/airflow/dags/replication/raw_to_transformed.py
[2026-03-27T11:06:24.803+0000] {processor.py:829} INFO - Processing file /opt/airflow/dags/replication/raw_to_transformed.py for tasks to queue
[2026-03-27T11:06:24.804+0000] {logging_mixin.py:151} INFO - [2026-03-27T11:06:24.804+0000] {dagbag.py:539} INFO - Filling up the DagBag from /opt/airflow/dags/replication/raw_to_transformed.py
[2026-03-27T11:06:24.809+0000] {processor.py:839} INFO - DAG(s) dict_keys(['raw_to_transformed']) retrieved from /opt/airflow/dags/replication/raw_to_transformed.py
[2026-03-27T11:06:24.814+0000] {logging_mixin.py:151} INFO - [2026-03-27T11:06:24.814+0000] {dag.py:2907} INFO - Sync 1 DAGs
[2026-03-27T11:06:24.824+0000] {logging_mixin.py:151} INFO - [2026-03-27T11:06:24.823+0000] {dag.py:3677} INFO - Setting next_dagrun for raw_to_transformed to 2026-03-27T10:30:00+00:00, run_after=2026-03-27T11:00:00+00:00
[2026-03-27T11:06:24.829+0000] {processor.py:179} INFO - Processing /opt/airflow/dags/replication/raw_to_transformed.py took 0.028 seconds
[2026-03-27T11:06:35.267+0000] {processor.py:157} INFO - Started process (PID=332) to work on /opt/airflow/dags/replication/raw_to_transformed.py
[2026-03-27T11:06:35.267+0000] {processor.py:829} INFO - Processing file /opt/airflow/dags/replication/raw_to_transformed.py for tasks to queue
[2026-03-27T11:06:35.268+0000] {logging_mixin.py:151} INFO - [2026-03-27T11:06:35.268+0000] {dagbag.py:539} INFO - Filling up the DagBag from /opt/airflow/dags/replication/raw_to_transformed.py
[2026-03-27T11:06:35.273+0000] {processor.py:839} INFO - DAG(s) dict_keys(['raw_to_transformed']) retrieved from /opt/airflow/dags/replication/raw_to_transformed.py
[2026-03-27T11:06:35.282+0000] {logging_mixin.py:151} INFO - [2026-03-27T11:06:35.282+0000] {dag.py:2907} INFO - Sync 1 DAGs
[2026-03-27T11:06:35.292+0000] {logging_mixin.py:151} INFO - [2026-03-27T11:06:35.292+0000] {dag.py:3677} INFO - Setting next_dagrun for raw_to_transformed to 2026-03-27T10:30:00+00:00, run_after=2026-03-27T11:00:00+00:00
[2026-03-27T11:06:35.298+0000] {processor.py:179} INFO - Processing /opt/airflow/dags/replication/raw_to_transformed.py took 0.033 seconds
[2026-03-27T11:06:45.777+0000] {processor.py:157} INFO - Started process (PID=380) to work on /opt/airflow/dags/replication/raw_to_transformed.py
[2026-03-27T11:06:45.778+0000] {processor.py:829} INFO - Processing file /opt/airflow/dags/replication/raw_to_transformed.py for tasks to queue
[2026-03-27T11:06:45.779+0000] {logging_mixin.py:151} INFO - [2026-03-27T11:06:45.779+0000] {dagbag.py:539} INFO - Filling up the DagBag from /opt/airflow/dags/replication/raw_to_transformed.py
[2026-03-27T11:06:45.784+0000] {processor.py:839} INFO - DAG(s) dict_keys(['raw_to_transformed']) retrieved from /opt/airflow/dags/replication/raw_to_transformed.py
[2026-03-27T11:06:45.793+0000] {logging_mixin.py:151} INFO - [2026-03-27T11:06:45.793+0000] {dag.py:2907} INFO - Sync 1 DAGs
[2026-03-27T11:06:45.800+0000] {logging_mixin.py:151} INFO - [2026-03-27T11:06:45.800+0000] {dag.py:3677} INFO - Setting next_dagrun for raw_to_transformed to 2026-03-27T10:30:00+00:00, run_after=2026-03-27T11:00:00+00:00
[2026-03-27T11:06:45.807+0000] {processor.py:179} INFO - Processing /opt/airflow/dags/replication/raw_to_transformed.py took 0.031 seconds
[2026-03-27T11:06:56.310+0000] {processor.py:157} INFO - Started process (PID=428) to work on /opt/airflow/dags/replication/raw_to_transformed.py
[2026-03-27T11:06:56.310+0000] {processor.py:829} INFO - Processing file /opt/airflow/dags/replication/raw_to_transformed.py for tasks to queue
[2026-03-27T11:06:56.311+0000] {logging_mixin.py:151} INFO - [2026-03-27T11:06:56.311+0000] {dagbag.py:539} INFO - Filling up the DagBag from /opt/airflow/dags/replication/raw_to_transformed.py
[2026-03-27T11:06:56.317+0000] {processor.py:839} INFO - DAG(s) dict_keys(['raw_to_transformed']) retrieved from /opt/airflow/dags/replication/raw_to_transformed.py
[2026-03-27T11:06:56.331+0000] {logging_mixin.py:151} INFO - [2026-03-27T11:06:56.330+0000] {dag.py:2907} INFO - Sync 1 DAGs
[2026-03-27T11:06:56.340+0000] {logging_mixin.py:151} INFO - [2026-03-27T11:06:56.340+0000] {dag.py:3677} INFO - Setting next_dagrun for raw_to_transformed to 2026-03-27T10:30:00+00:00, run_after=2026-03-27T11:00:00+00:00
[2026-03-27T11:06:56.350+0000] {processor.py:179} INFO - Processing /opt/airflow/dags/replication/raw_to_transformed.py took 0.041 seconds
[2026-03-27T11:07:06.850+0000] {processor.py:157} INFO - Started process (PID=476) to work on /opt/airflow/dags/replication/raw_to_transformed.py
[2026-03-27T11:07:06.851+0000] {processor.py:829} INFO - Processing file /opt/airflow/dags/replication/raw_to_transformed.py for tasks to queue
[2026-03-27T11:07:06.852+0000] {logging_mixin.py:151} INFO - [2026-03-27T11:07:06.852+0000] {dagbag.py:539} INFO - Filling up the DagBag from /opt/airflow/dags/replication/raw_to_transformed.py
[2026-03-27T11:07:06.859+0000] {processor.py:839} INFO - DAG(s) dict_keys(['raw_to_transformed']) retrieved from /opt/airflow/dags/replication/raw_to_transformed.py
[2026-03-27T11:07:06.873+0000] {logging_mixin.py:151} INFO - [2026-03-27T11:07:06.873+0000] {dag.py:2907} INFO - Sync 1 DAGs
[2026-03-27T11:07:06.884+0000] {logging_mixin.py:151} INFO - [2026-03-27T11:07:06.884+0000] {dag.py:3677} INFO - Setting next_dagrun for raw_to_transformed to 2026-03-27T10:30:00+00:00, run_after=2026-03-27T11:00:00+00:00
[2026-03-27T11:07:06.892+0000] {processor.py:179} INFO - Processing /opt/airflow/dags/replication/raw_to_transformed.py took 0.044 seconds
[2026-03-27T11:07:17.317+0000] {processor.py:157} INFO - Started process (PID=524) to work on /opt/airflow/dags/replication/raw_to_transformed.py
[2026-03-27T11:07:17.317+0000] {processor.py:829} INFO - Processing file /opt/airflow/dags/replication/raw_to_transformed.py for tasks to queue
[2026-03-27T11:07:17.318+0000] {logging_mixin.py:151} INFO - [2026-03-27T11:07:17.318+0000] {dagbag.py:539} INFO - Filling up the DagBag from /opt/airflow/dags/replication/raw_to_transformed.py
[2026-03-27T11:07:17.323+0000] {processor.py:839} INFO - DAG(s) dict_keys(['raw_to_transformed']) retrieved from /opt/airflow/dags/replication/raw_to_transformed.py
[2026-03-27T11:07:17.333+0000] {logging_mixin.py:151} INFO - [2026-03-27T11:07:17.333+0000] {dag.py:2907} INFO - Sync 1 DAGs
[2026-03-27T11:07:17.340+0000] {logging_mixin.py:151} INFO - [2026-03-27T11:07:17.340+0000] {dag.py:3677} INFO - Setting next_dagrun for raw_to_transformed to 2026-03-27T10:30:00+00:00, run_after=2026-03-27T11:00:00+00:00
[2026-03-27T11:07:17.346+0000] {processor.py:179} INFO - Processing /opt/airflow/dags/replication/raw_to_transformed.py took 0.031 seconds
[2026-03-27T11:07:27.797+0000] {processor.py:157} INFO - Started process (PID=572) to work on /opt/airflow/dags/replication/raw_to_transformed.py
[2026-03-27T11:07:27.798+0000] {processor.py:829} INFO - Processing file /opt/airflow/dags/replication/raw_to_transformed.py for tasks to queue
[2026-03-27T11:07:27.799+0000] {logging_mixin.py:151} INFO - [2026-03-27T11:07:27.799+0000] {dagbag.py:539} INFO - Filling up the DagBag from /opt/airflow/dags/replication/raw_to_transformed.py
[2026-03-27T11:07:27.804+0000] {processor.py:839} INFO - DAG(s) dict_keys(['raw_to_transformed']) retrieved from /opt/airflow/dags/replication/raw_to_transformed.py
[2026-03-27T11:07:27.815+0000] {logging_mixin.py:151} INFO - [2026-03-27T11:07:27.815+0000] {dag.py:2907} INFO - Sync 1 DAGs
[2026-03-27T11:07:27.824+0000] {logging_mixin.py:151} INFO - [2026-03-27T11:07:27.824+0000] {dag.py:3677} INFO - Setting next_dagrun for raw_to_transformed to 2026-03-27T10:30:00+00:00, run_after=2026-03-27T11:00:00+00:00
[2026-03-27T11:07:27.831+0000] {processor.py:179} INFO - Processing /opt/airflow/dags/replication/raw_to_transformed.py took 0.035 seconds
[2026-03-27T11:07:38.267+0000] {processor.py:157} INFO - Started process (PID=620) to work on /opt/airflow/dags/replication/raw_to_transformed.py
[2026-03-27T11:07:38.269+0000] {processor.py:829} INFO - Processing file /opt/airflow/dags/replication/raw_to_transformed.py for tasks to queue
[2026-03-27T11:07:38.270+0000] {logging_mixin.py:151} INFO - [2026-03-27T11:07:38.270+0000] {dagbag.py:539} INFO - Filling up the DagBag from /opt/airflow/dags/replication/raw_to_transformed.py
[2026-03-27T11:07:38.276+0000] {processor.py:839} INFO - DAG(s) dict_keys(['raw_to_transformed']) retrieved from /opt/airflow/dags/replication/raw_to_transformed.py
[2026-03-27T11:07:38.288+0000] {logging_mixin.py:151} INFO - [2026-03-27T11:07:38.288+0000] {dag.py:2907} INFO - Sync 1 DAGs
[2026-03-27T11:07:38.298+0000] {logging_mixin.py:151} INFO - [2026-03-27T11:07:38.298+0000] {dag.py:3677} INFO - Setting next_dagrun for raw_to_transformed to 2026-03-27T10:30:00+00:00, run_after=2026-03-27T11:00:00+00:00
[2026-03-27T11:07:38.305+0000] {processor.py:179} INFO - Processing /opt/airflow/dags/replication/raw_to_transformed.py took 0.039 seconds
[2026-03-27T11:08:06.532+0000] {processor.py:157} INFO - Started process (PID=185) to work on /opt/airflow/dags/replication/raw_to_transformed.py
[2026-03-27T11:08:06.532+0000] {processor.py:829} INFO - Processing file /opt/airflow/dags/replication/raw_to_transformed.py for tasks to queue
[2026-03-27T11:08:06.533+0000] {logging_mixin.py:151} INFO - [2026-03-27T11:08:06.533+0000] {dagbag.py:539} INFO - Filling up the DagBag from /opt/airflow/dags/replication/raw_to_transformed.py
[2026-03-27T11:08:06.540+0000] {processor.py:839} INFO - DAG(s) dict_keys(['raw_to_transformed']) retrieved from /opt/airflow/dags/replication/raw_to_transformed.py
[2026-03-27T11:08:06.547+0000] {logging_mixin.py:151} INFO - [2026-03-27T11:08:06.547+0000] {dag.py:2907} INFO - Sync 1 DAGs
[2026-03-27T11:08:06.557+0000] {logging_mixin.py:151} INFO - [2026-03-27T11:08:06.557+0000] {dag.py:3677} INFO - Setting next_dagrun for raw_to_transformed to 2026-03-27T10:30:00+00:00, run_after=2026-03-27T11:00:00+00:00
[2026-03-27T11:08:06.564+0000] {processor.py:179} INFO - Processing /opt/airflow/dags/replication/raw_to_transformed.py took 0.034 seconds
[2026-03-27T11:08:17.223+0000] {processor.py:157} INFO - Started process (PID=236) to work on /opt/airflow/dags/replication/raw_to_transformed.py
[2026-03-27T11:08:17.224+0000] {processor.py:829} INFO - Processing file /opt/airflow/dags/replication/raw_to_transformed.py for tasks to queue
[2026-03-27T11:08:17.225+0000] {logging_mixin.py:151} INFO - [2026-03-27T11:08:17.225+0000] {dagbag.py:539} INFO - Filling up the DagBag from /opt/airflow/dags/replication/raw_to_transformed.py
[2026-03-27T11:08:17.231+0000] {processor.py:839} INFO - DAG(s) dict_keys(['raw_to_transformed']) retrieved from /opt/airflow/dags/replication/raw_to_transformed.py
[2026-03-27T11:08:17.237+0000] {logging_mixin.py:151} INFO - [2026-03-27T11:08:17.236+0000] {dag.py:2907} INFO - Sync 1 DAGs
[2026-03-27T11:08:17.246+0000] {logging_mixin.py:151} INFO - [2026-03-27T11:08:17.246+0000] {dag.py:3677} INFO - Setting next_dagrun for raw_to_transformed to 2026-03-27T10:30:00+00:00, run_after=2026-03-27T11:00:00+00:00
[2026-03-27T11:08:17.253+0000] {processor.py:179} INFO - Processing /opt/airflow/dags/replication/raw_to_transformed.py took 0.031 seconds
[2026-03-27T11:08:27.662+0000] {processor.py:157} INFO - Started process (PID=284) to work on /opt/airflow/dags/replication/raw_to_transformed.py
[2026-03-27T11:08:27.663+0000] {processor.py:829} INFO - Processing file /opt/airflow/dags/replication/raw_to_transformed.py for tasks to queue
[2026-03-27T11:08:27.664+0000] {logging_mixin.py:151} INFO - [2026-03-27T11:08:27.664+0000] {dagbag.py:539} INFO - Filling up the DagBag from /opt/airflow/dags/replication/raw_to_transformed.py
[2026-03-27T11:08:27.670+0000] {processor.py:839} INFO - DAG(s) dict_keys(['raw_to_transformed']) retrieved from /opt/airflow/dags/replication/raw_to_transformed.py
[2026-03-27T11:08:27.675+0000] {logging_mixin.py:151} INFO - [2026-03-27T11:08:27.675+0000] {dag.py:2907} INFO - Sync 1 DAGs
[2026-03-27T11:08:27.686+0000] {logging_mixin.py:151} INFO - [2026-03-27T11:08:27.685+0000] {dag.py:3677} INFO - Setting next_dagrun for raw_to_transformed to 2026-03-27T10:30:00+00:00, run_after=2026-03-27T11:00:00+00:00
[2026-03-27T11:08:27.692+0000] {processor.py:179} INFO - Processing /opt/airflow/dags/replication/raw_to_transformed.py took 0.031 seconds
[2026-03-27T11:08:38.021+0000] {processor.py:157} INFO - Started process (PID=332) to work on /opt/airflow/dags/replication/raw_to_transformed.py
[2026-03-27T11:08:38.022+0000] {processor.py:829} INFO - Processing file /opt/airflow/dags/replication/raw_to_transformed.py for tasks to queue
[2026-03-27T11:08:38.022+0000] {logging_mixin.py:151} INFO - [2026-03-27T11:08:38.022+0000] {dagbag.py:539} INFO - Filling up the DagBag from /opt/airflow/dags/replication/raw_to_transformed.py
[2026-03-27T11:08:38.028+0000] {processor.py:839} INFO - DAG(s) dict_keys(['raw_to_transformed']) retrieved from /opt/airflow/dags/replication/raw_to_transformed.py
[2026-03-27T11:08:38.037+0000] {logging_mixin.py:151} INFO - [2026-03-27T11:08:38.037+0000] {dag.py:2907} INFO - Sync 1 DAGs
[2026-03-27T11:08:38.045+0000] {logging_mixin.py:151} INFO - [2026-03-27T11:08:38.045+0000] {dag.py:3677} INFO - Setting next_dagrun for raw_to_transformed to 2026-03-27T10:30:00+00:00, run_after=2026-03-27T11:00:00+00:00
[2026-03-27T11:08:38.050+0000] {processor.py:179} INFO - Processing /opt/airflow/dags/replication/raw_to_transformed.py took 0.031 seconds
[2026-03-27T11:08:48.490+0000] {processor.py:157} INFO - Started process (PID=380) to work on /opt/airflow/dags/replication/raw_to_transformed.py
[2026-03-27T11:08:48.491+0000] {processor.py:829} INFO - Processing file /opt/airflow/dags/replication/raw_to_transformed.py for tasks to queue
[2026-03-27T11:08:48.491+0000] {logging_mixin.py:151} INFO - [2026-03-27T11:08:48.491+0000] {dagbag.py:539} INFO - Filling up the DagBag from /opt/airflow/dags/replication/raw_to_transformed.py
[2026-03-27T11:08:48.497+0000] {processor.py:839} INFO - DAG(s) dict_keys(['raw_to_transformed']) retrieved from /opt/airflow/dags/replication/raw_to_transformed.py
[2026-03-27T11:08:48.506+0000] {logging_mixin.py:151} INFO - [2026-03-27T11:08:48.506+0000] {dag.py:2907} INFO - Sync 1 DAGs
[2026-03-27T11:08:48.513+0000] {logging_mixin.py:151} INFO - [2026-03-27T11:08:48.513+0000] {dag.py:3677} INFO - Setting next_dagrun for raw_to_transformed to 2026-03-27T10:30:00+00:00, run_after=2026-03-27T11:00:00+00:00
[2026-03-27T11:08:48.520+0000] {processor.py:179} INFO - Processing /opt/airflow/dags/replication/raw_to_transformed.py took 0.031 seconds
[2026-03-27T11:08:58.982+0000] {processor.py:157} INFO - Started process (PID=428) to work on /opt/airflow/dags/replication/raw_to_transformed.py
[2026-03-27T11:08:58.982+0000] {processor.py:829} INFO - Processing file /opt/airflow/dags/replication/raw_to_transformed.py for tasks to queue
[2026-03-27T11:08:58.983+0000] {logging_mixin.py:151} INFO - [2026-03-27T11:08:58.983+0000] {dagbag.py:539} INFO - Filling up the DagBag from /opt/airflow/dags/replication/raw_to_transformed.py
[2026-03-27T11:08:58.988+0000] {processor.py:839} INFO - DAG(s) dict_keys(['raw_to_transformed']) retrieved from /opt/airflow/dags/replication/raw_to_transformed.py
[2026-03-27T11:08:58.998+0000] {logging_mixin.py:151} INFO - [2026-03-27T11:08:58.997+0000] {dag.py:2907} INFO - Sync 1 DAGs
[2026-03-27T11:08:59.006+0000] {logging_mixin.py:151} INFO - [2026-03-27T11:08:59.006+0000] {dag.py:3677} INFO - Setting next_dagrun for raw_to_transformed to 2026-03-27T10:30:00+00:00, run_after=2026-03-27T11:00:00+00:00
[2026-03-27T11:08:59.012+0000] {processor.py:179} INFO - Processing /opt/airflow/dags/replication/raw_to_transformed.py took 0.031 seconds
[2026-03-27T11:09:09.456+0000] {processor.py:157} INFO - Started process (PID=476) to work on /opt/airflow/dags/replication/raw_to_transformed.py
[2026-03-27T11:09:09.456+0000] {processor.py:829} INFO - Processing file /opt/airflow/dags/replication/raw_to_transformed.py for tasks to queue
[2026-03-27T11:09:09.457+0000] {logging_mixin.py:151} INFO - [2026-03-27T11:09:09.457+0000] {dagbag.py:539} INFO - Filling up the DagBag from /opt/airflow/dags/replication/raw_to_transformed.py
[2026-03-27T11:09:09.462+0000] {processor.py:839} INFO - DAG(s) dict_keys(['raw_to_transformed']) retrieved from /opt/airflow/dags/replication/raw_to_transformed.py
[2026-03-27T11:09:09.471+0000] {logging_mixin.py:151} INFO - [2026-03-27T11:09:09.471+0000] {dag.py:2907} INFO - Sync 1 DAGs
[2026-03-27T11:09:09.479+0000] {logging_mixin.py:151} INFO - [2026-03-27T11:09:09.479+0000] {dag.py:3677} INFO - Setting next_dagrun for raw_to_transformed to 2026-03-27T10:30:00+00:00, run_after=2026-03-27T11:00:00+00:00
[2026-03-27T11:09:09.485+0000] {processor.py:179} INFO - Processing /opt/airflow/dags/replication/raw_to_transformed.py took 0.030 seconds
[2026-03-27T11:09:19.864+0000] {processor.py:157} INFO - Started process (PID=524) to work on /opt/airflow/dags/replication/raw_to_transformed.py
[2026-03-27T11:09:19.865+0000] {processor.py:829} INFO - Processing file /opt/airflow/dags/replication/raw_to_transformed.py for tasks to queue
[2026-03-27T11:09:19.865+0000] {logging_mixin.py:151} INFO - [2026-03-27T11:09:19.865+0000] {dagbag.py:539} INFO - Filling up the DagBag from /opt/airflow/dags/replication/raw_to_transformed.py
[2026-03-27T11:09:19.870+0000] {processor.py:839} INFO - DAG(s) dict_keys(['raw_to_transformed']) retrieved from /opt/airflow/dags/replication/raw_to_transformed.py
[2026-03-27T11:09:19.880+0000] {logging_mixin.py:151} INFO - [2026-03-27T11:09:19.880+0000] {dag.py:2907} INFO - Sync 1 DAGs
[2026-03-27T11:09:19.887+0000] {logging_mixin.py:151} INFO - [2026-03-27T11:09:19.887+0000] {dag.py:3677} INFO - Setting next_dagrun for raw_to_transformed to 2026-03-27T10:30:00+00:00, run_after=2026-03-27T11:00:00+00:00
[2026-03-27T11:09:19.893+0000] {processor.py:179} INFO - Processing /opt/airflow/dags/replication/raw_to_transformed.py took 0.030 seconds
[2026-03-27T11:09:30.277+0000] {processor.py:157} INFO - Started process (PID=572) to work on /opt/airflow/dags/replication/raw_to_transformed.py
[2026-03-27T11:09:30.277+0000] {processor.py:829} INFO - Processing file /opt/airflow/dags/replication/raw_to_transformed.py for tasks to queue
[2026-03-27T11:09:30.278+0000] {logging_mixin.py:151} INFO - [2026-03-27T11:09:30.278+0000] {dagbag.py:539} INFO - Filling up the DagBag from /opt/airflow/dags/replication/raw_to_transformed.py
[2026-03-27T11:09:30.284+0000] {processor.py:839} INFO - DAG(s) dict_keys(['raw_to_transformed']) retrieved from /opt/airflow/dags/replication/raw_to_transformed.py
[2026-03-27T11:09:30.294+0000] {logging_mixin.py:151} INFO - [2026-03-27T11:09:30.294+0000] {dag.py:2907} INFO - Sync 1 DAGs
[2026-03-27T11:09:30.302+0000] {logging_mixin.py:151} INFO - [2026-03-27T11:09:30.302+0000] {dag.py:3677} INFO - Setting next_dagrun for raw_to_transformed to 2026-03-27T10:30:00+00:00, run_after=2026-03-27T11:00:00+00:00
[2026-03-27T11:09:30.308+0000] {processor.py:179} INFO - Processing /opt/airflow/dags/replication/raw_to_transformed.py took 0.033 seconds
[2026-03-27T11:09:40.755+0000] {processor.py:157} INFO - Started process (PID=620) to work on /opt/airflow/dags/replication/raw_to_transformed.py
[2026-03-27T11:09:40.756+0000] {processor.py:829} INFO - Processing file /opt/airflow/dags/replication/raw_to_transformed.py for tasks to queue
[2026-03-27T11:09:40.757+0000] {logging_mixin.py:151} INFO - [2026-03-27T11:09:40.757+0000] {dagbag.py:539} INFO - Filling up the DagBag from /opt/airflow/dags/replication/raw_to_transformed.py
[2026-03-27T11:09:40.763+0000] {processor.py:839} INFO - DAG(s) dict_keys(['raw_to_transformed']) retrieved from /opt/airflow/dags/replication/raw_to_transformed.py
[2026-03-27T11:09:40.775+0000] {logging_mixin.py:151} INFO - [2026-03-27T11:09:40.775+0000] {dag.py:2907} INFO - Sync 1 DAGs
[2026-03-27T11:09:40.785+0000] {logging_mixin.py:151} INFO - [2026-03-27T11:09:40.785+0000] {dag.py:3677} INFO - Setting next_dagrun for raw_to_transformed to 2026-03-27T10:30:00+00:00, run_after=2026-03-27T11:00:00+00:00
[2026-03-27T11:09:40.795+0000] {processor.py:179} INFO - Processing /opt/airflow/dags/replication/raw_to_transformed.py took 0.041 seconds
[2026-03-27T11:09:51.180+0000] {processor.py:157} INFO - Started process (PID=668) to work on /opt/airflow/dags/replication/raw_to_transformed.py
[2026-03-27T11:09:51.181+0000] {processor.py:829} INFO - Processing file /opt/airflow/dags/replication/raw_to_transformed.py for tasks to queue
[2026-03-27T11:09:51.181+0000] {logging_mixin.py:151} INFO - [2026-03-27T11:09:51.181+0000] {dagbag.py:539} INFO - Filling up the DagBag from /opt/airflow/dags/replication/raw_to_transformed.py
[2026-03-27T11:09:51.187+0000] {processor.py:839} INFO - DAG(s) dict_keys(['raw_to_transformed']) retrieved from /opt/airflow/dags/replication/raw_to_transformed.py
[2026-03-27T11:09:51.197+0000] {logging_mixin.py:151} INFO - [2026-03-27T11:09:51.196+0000] {dag.py:2907} INFO - Sync 1 DAGs
[2026-03-27T11:09:51.204+0000] {logging_mixin.py:151} INFO - [2026-03-27T11:09:51.204+0000] {dag.py:3677} INFO - Setting next_dagrun for raw_to_transformed to 2026-03-27T10:30:00+00:00, run_after=2026-03-27T11:00:00+00:00
[2026-03-27T11:09:51.210+0000] {processor.py:179} INFO - Processing /opt/airflow/dags/replication/raw_to_transformed.py took 0.031 seconds
[2026-03-27T11:10:01.741+0000] {processor.py:157} INFO - Started process (PID=714) to work on /opt/airflow/dags/replication/raw_to_transformed.py
[2026-03-27T11:10:01.741+0000] {processor.py:829} INFO - Processing file /opt/airflow/dags/replication/raw_to_transformed.py for tasks to queue
[2026-03-27T11:10:01.742+0000] {logging_mixin.py:151} INFO - [2026-03-27T11:10:01.742+0000] {dagbag.py:539} INFO - Filling up the DagBag from /opt/airflow/dags/replication/raw_to_transformed.py
[2026-03-27T11:10:01.748+0000] {processor.py:839} INFO - DAG(s) dict_keys(['raw_to_transformed']) retrieved from /opt/airflow/dags/replication/raw_to_transformed.py
[2026-03-27T11:10:01.758+0000] {logging_mixin.py:151} INFO - [2026-03-27T11:10:01.758+0000] {dag.py:2907} INFO - Sync 1 DAGs
[2026-03-27T11:10:01.767+0000] {logging_mixin.py:151} INFO - [2026-03-27T11:10:01.767+0000] {dag.py:3677} INFO - Setting next_dagrun for raw_to_transformed to 2026-03-27T10:30:00+00:00, run_after=2026-03-27T11:00:00+00:00
[2026-03-27T11:10:01.774+0000] {processor.py:179} INFO - Processing /opt/airflow/dags/replication/raw_to_transformed.py took 0.035 seconds
[2026-03-27T11:10:12.181+0000] {processor.py:157} INFO - Started process (PID=764) to work on /opt/airflow/dags/replication/raw_to_transformed.py
[2026-03-27T11:10:12.182+0000] {processor.py:829} INFO - Processing file /opt/airflow/dags/replication/raw_to_transformed.py for tasks to queue
[2026-03-27T11:10:12.183+0000] {logging_mixin.py:151} INFO - [2026-03-27T11:10:12.183+0000] {dagbag.py:539} INFO - Filling up the DagBag from /opt/airflow/dags/replication/raw_to_transformed.py
[2026-03-27T11:10:12.189+0000] {processor.py:839} INFO - DAG(s) dict_keys(['raw_to_transformed']) retrieved from /opt/airflow/dags/replication/raw_to_transformed.py
[2026-03-27T11:10:12.207+0000] {logging_mixin.py:151} INFO - [2026-03-27T11:10:12.206+0000] {dag.py:2907} INFO - Sync 1 DAGs
[2026-03-27T11:10:12.218+0000] {logging_mixin.py:151} INFO - [2026-03-27T11:10:12.218+0000] {dag.py:3677} INFO - Setting next_dagrun for raw_to_transformed to 2026-03-27T10:30:00+00:00, run_after=2026-03-27T11:00:00+00:00
[2026-03-27T11:10:12.230+0000] {processor.py:179} INFO - Processing /opt/airflow/dags/replication/raw_to_transformed.py took 0.050 seconds
[2026-03-27T11:10:22.672+0000] {processor.py:157} INFO - Started process (PID=812) to work on /opt/airflow/dags/replication/raw_to_transformed.py
[2026-03-27T11:10:22.672+0000] {processor.py:829} INFO - Processing file /opt/airflow/dags/replication/raw_to_transformed.py for tasks to queue
[2026-03-27T11:10:22.673+0000] {logging_mixin.py:151} INFO - [2026-03-27T11:10:22.673+0000] {dagbag.py:539} INFO - Filling up the DagBag from /opt/airflow/dags/replication/raw_to_transformed.py
[2026-03-27T11:10:22.678+0000] {processor.py:839} INFO - DAG(s) dict_keys(['raw_to_transformed']) retrieved from /opt/airflow/dags/replication/raw_to_transformed.py
[2026-03-27T11:10:22.688+0000] {logging_mixin.py:151} INFO - [2026-03-27T11:10:22.688+0000] {dag.py:2907} INFO - Sync 1 DAGs
[2026-03-27T11:10:22.697+0000] {logging_mixin.py:151} INFO - [2026-03-27T11:10:22.697+0000] {dag.py:3677} INFO - Setting next_dagrun for raw_to_transformed to 2026-03-27T10:30:00+00:00, run_after=2026-03-27T11:00:00+00:00
[2026-03-27T11:10:22.703+0000] {processor.py:179} INFO - Processing /opt/airflow/dags/replication/raw_to_transformed.py took 0.033 seconds
[2026-03-27T11:10:33.147+0000] {processor.py:157} INFO - Started process (PID=860) to work on /opt/airflow/dags/replication/raw_to_transformed.py
[2026-03-27T11:10:33.148+0000] {processor.py:829} INFO - Processing file /opt/airflow/dags/replication/raw_to_transformed.py for tasks to queue
[2026-03-27T11:10:33.149+0000] {logging_mixin.py:151} INFO - [2026-03-27T11:10:33.148+0000] {dagbag.py:539} INFO - Filling up the DagBag from /opt/airflow/dags/replication/raw_to_transformed.py
[2026-03-27T11:10:33.154+0000] {processor.py:839} INFO - DAG(s) dict_keys(['raw_to_transformed']) retrieved from /opt/airflow/dags/replication/raw_to_transformed.py
[2026-03-27T11:10:33.164+0000] {logging_mixin.py:151} INFO - [2026-03-27T11:10:33.164+0000] {dag.py:2907} INFO - Sync 1 DAGs
[2026-03-27T11:10:33.172+0000] {logging_mixin.py:151} INFO - [2026-03-27T11:10:33.172+0000] {dag.py:3677} INFO - Setting next_dagrun for raw_to_transformed to 2026-03-27T10:30:00+00:00, run_after=2026-03-27T11:00:00+00:00
[2026-03-27T11:10:33.178+0000] {processor.py:179} INFO - Processing /opt/airflow/dags/replication/raw_to_transformed.py took 0.032 seconds
