[2026-03-27T11:29:17.843+0000] {taskinstance.py:1159} INFO - Dependencies all met for dep_context=non-requeueable deps ti=<TaskInstance: PDE_3_load_data_to_3nf.load_to_3nf manual__2026-03-27T11:29:16.800438+00:00 [queued]>
[2026-03-27T11:29:17.847+0000] {taskinstance.py:1159} INFO - Dependencies all met for dep_context=requeueable deps ti=<TaskInstance: PDE_3_load_data_to_3nf.load_to_3nf manual__2026-03-27T11:29:16.800438+00:00 [queued]>
[2026-03-27T11:29:17.847+0000] {taskinstance.py:1361} INFO - Starting attempt 1 of 2
[2026-03-27T11:29:17.852+0000] {taskinstance.py:1382} INFO - Executing <Task(PythonOperator): load_to_3nf> on 2026-03-27 11:29:16.800438+00:00
[2026-03-27T11:29:17.854+0000] {standard_task_runner.py:57} INFO - Started process 845 to run task
[2026-03-27T11:29:17.856+0000] {standard_task_runner.py:84} INFO - Running: ['***', 'tasks', 'run', 'PDE_3_load_data_to_3nf', 'load_to_3nf', 'manual__2026-03-27T11:29:16.800438+00:00', '--job-id', '51', '--raw', '--subdir', 'DAGS_FOLDER/PDE_3_load_data_to_3nf.py', '--cfg-path', '/tmp/tmpi92rhpp8']
[2026-03-27T11:29:17.857+0000] {standard_task_runner.py:85} INFO - Job 51: Subtask load_to_3nf
[2026-03-27T11:29:17.876+0000] {task_command.py:415} INFO - Running <TaskInstance: PDE_3_load_data_to_3nf.load_to_3nf manual__2026-03-27T11:29:16.800438+00:00 [running]> on host 079af352b570
[2026-03-27T11:29:17.907+0000] {taskinstance.py:1660} INFO - Exporting env vars: AIRFLOW_CTX_DAG_OWNER='data_team' AIRFLOW_CTX_DAG_ID='PDE_3_load_data_to_3nf' AIRFLOW_CTX_TASK_ID='load_to_3nf' AIRFLOW_CTX_EXECUTION_DATE='2026-03-27T11:29:16.800438+00:00' AIRFLOW_CTX_TRY_NUMBER='1' AIRFLOW_CTX_DAG_RUN_ID='manual__2026-03-27T11:29:16.800438+00:00'
[2026-03-27T11:29:17.910+0000] {base.py:73} INFO - Using connection ID 'postgres_default' for task execution.
[2026-03-27T11:29:17.936+0000] {logging_mixin.py:151} INFO - 🗑️ Таблицы очищены (с каскадным удалением)
[2026-03-27T11:29:18.020+0000] {logging_mixin.py:151} INFO - ✅ Загружены users: 8353 записей
[2026-03-27T11:29:18.064+0000] {logging_mixin.py:151} INFO - ✅ Загружены drivers: 390 записей
[2026-03-27T11:29:18.112+0000] {logging_mixin.py:151} INFO - ✅ Загружены stores: 3 записей
[2026-03-27T11:29:18.236+0000] {logging_mixin.py:151} INFO - ✅ Загружены items: 18 записей
[2026-03-27T11:29:18.402+0000] {logging_mixin.py:151} INFO - ✅ Загружены orders: 10000 записей
[2026-03-27T11:29:19.404+0000] {logging_mixin.py:151} INFO - ✅ Загружены order_items: 177704 записей
[2026-03-27T11:29:19.741+0000] {logging_mixin.py:151} INFO - ✅ Загружена order_status_history: 37358 записей
[2026-03-27T11:29:19.774+0000] {logging_mixin.py:151} INFO - ✅ Загружены item_replacements: 9015 записей
[2026-03-27T11:29:19.796+0000] {logging_mixin.py:151} INFO - 
📊 СТАТИСТИКА ЗАГРУЗКИ:
[2026-03-27T11:29:19.796+0000] {logging_mixin.py:151} INFO -    users: 8353 записей
[2026-03-27T11:29:19.796+0000] {logging_mixin.py:151} INFO -    drivers: 390 записей
[2026-03-27T11:29:19.796+0000] {logging_mixin.py:151} INFO -    stores: 3 записей
[2026-03-27T11:29:19.796+0000] {logging_mixin.py:151} INFO -    items: 18 записей
[2026-03-27T11:29:19.796+0000] {logging_mixin.py:151} INFO -    orders: 10000 записей
[2026-03-27T11:29:19.796+0000] {logging_mixin.py:151} INFO -    order_items: 177704 записей
[2026-03-27T11:29:19.796+0000] {logging_mixin.py:151} INFO -    order_status_history: 37358 записей
[2026-03-27T11:29:19.796+0000] {logging_mixin.py:151} INFO -    item_replacements: 9015 записей
[2026-03-27T11:29:19.797+0000] {python.py:194} INFO - Done. Returned value was: None
[2026-03-27T11:29:19.801+0000] {taskinstance.py:1400} INFO - Marking task as SUCCESS. dag_id=PDE_3_load_data_to_3nf, task_id=load_to_3nf, execution_date=20260327T112916, start_date=20260327T112917, end_date=20260327T112919
[2026-03-27T11:29:19.816+0000] {local_task_job_runner.py:228} INFO - Task exited with return code 0
[2026-03-27T11:29:19.823+0000] {taskinstance.py:2784} INFO - 0 downstream tasks scheduled from follow-on schedule check
