[2026-03-27T11:13:35.686+0000] {taskinstance.py:1159} INFO - Dependencies all met for dep_context=non-requeueable deps ti=<TaskInstance: PDE_4_mart_load_order_aggregates.load_order_aggregates scheduled__2024-01-01T00:00:00+00:00 [queued]>
[2026-03-27T11:13:35.690+0000] {taskinstance.py:1159} INFO - Dependencies all met for dep_context=requeueable deps ti=<TaskInstance: PDE_4_mart_load_order_aggregates.load_order_aggregates scheduled__2024-01-01T00:00:00+00:00 [queued]>
[2026-03-27T11:13:35.690+0000] {taskinstance.py:1361} INFO - Starting attempt 1 of 2
[2026-03-27T11:13:35.696+0000] {taskinstance.py:1382} INFO - Executing <Task(PythonOperator): load_order_aggregates> on 2024-01-01 00:00:00+00:00
[2026-03-27T11:13:35.698+0000] {standard_task_runner.py:57} INFO - Started process 753 to run task
[2026-03-27T11:13:35.699+0000] {standard_task_runner.py:84} INFO - Running: ['***', 'tasks', 'run', 'PDE_4_mart_load_order_aggregates', 'load_order_aggregates', 'scheduled__2024-01-01T00:00:00+00:00', '--job-id', '13', '--raw', '--subdir', 'DAGS_FOLDER/PDE_4_mart_load_order_aggregates.py', '--cfg-path', '/tmp/tmpkolylehe']
[2026-03-27T11:13:35.701+0000] {standard_task_runner.py:85} INFO - Job 13: Subtask load_order_aggregates
[2026-03-27T11:13:35.719+0000] {task_command.py:415} INFO - Running <TaskInstance: PDE_4_mart_load_order_aggregates.load_order_aggregates scheduled__2024-01-01T00:00:00+00:00 [running]> on host b8b4e475d066
[2026-03-27T11:13:35.748+0000] {taskinstance.py:1660} INFO - Exporting env vars: AIRFLOW_CTX_DAG_OWNER='data_team' AIRFLOW_CTX_DAG_ID='PDE_4_mart_load_order_aggregates' AIRFLOW_CTX_TASK_ID='load_order_aggregates' AIRFLOW_CTX_EXECUTION_DATE='2024-01-01T00:00:00+00:00' AIRFLOW_CTX_TRY_NUMBER='1' AIRFLOW_CTX_DAG_RUN_ID='scheduled__2024-01-01T00:00:00+00:00'
[2026-03-27T11:13:35.752+0000] {base.py:73} INFO - Using connection ID 'postgres_default' for task execution.
[2026-03-27T11:13:35.754+0000] {logging_mixin.py:151} INFO - ❌ Ошибка при загрузке: schema "hse_python_etl_project" does not exist
[2026-03-27T11:13:35.754+0000] {taskinstance.py:1943} ERROR - Task failed with exception
Traceback (most recent call last):
  File "/home/airflow/.local/lib/python3.8/site-packages/airflow/operators/python.py", line 192, in execute
    return_value = self.execute_callable()
  File "/home/airflow/.local/lib/python3.8/site-packages/airflow/operators/python.py", line 209, in execute_callable
    return self.python_callable(*self.op_args, **self.op_kwargs)
  File "/opt/airflow/dags/PDE_4_mart_load_order_aggregates.py", line 19, in load_order_aggregates
    cursor.execute("TRUNCATE TABLE hse_python_etl_project.order_aggregates;")
psycopg2.errors.InvalidSchemaName: schema "hse_python_etl_project" does not exist

[2026-03-27T11:13:35.757+0000] {taskinstance.py:1400} INFO - Marking task as UP_FOR_RETRY. dag_id=PDE_4_mart_load_order_aggregates, task_id=load_order_aggregates, execution_date=20240101T000000, start_date=20260327T111335, end_date=20260327T111335
[2026-03-27T11:13:35.761+0000] {standard_task_runner.py:104} ERROR - Failed to execute job 13 for task load_order_aggregates (schema "hse_python_etl_project" does not exist
; 753)
[2026-03-27T11:13:35.797+0000] {local_task_job_runner.py:228} INFO - Task exited with return code 1
[2026-03-27T11:13:35.804+0000] {taskinstance.py:2784} INFO - 0 downstream tasks scheduled from follow-on schedule check
[2026-03-28T11:39:03.388+0000] {taskinstance.py:1159} INFO - Dependencies all met for dep_context=non-requeueable deps ti=<TaskInstance: PDE_4_mart_load_order_aggregates.load_order_aggregates scheduled__2024-01-01T00:00:00+00:00 [queued]>
[2026-03-28T11:39:03.391+0000] {taskinstance.py:1159} INFO - Dependencies all met for dep_context=requeueable deps ti=<TaskInstance: PDE_4_mart_load_order_aggregates.load_order_aggregates scheduled__2024-01-01T00:00:00+00:00 [queued]>
[2026-03-28T11:39:03.391+0000] {taskinstance.py:1361} INFO - Starting attempt 1 of 2
[2026-03-28T11:39:03.396+0000] {taskinstance.py:1382} INFO - Executing <Task(PythonOperator): load_order_aggregates> on 2024-01-01 00:00:00+00:00
[2026-03-28T11:39:03.398+0000] {standard_task_runner.py:57} INFO - Started process 425 to run task
[2026-03-28T11:39:03.399+0000] {standard_task_runner.py:84} INFO - Running: ['***', 'tasks', 'run', 'PDE_4_mart_load_order_aggregates', 'load_order_aggregates', 'scheduled__2024-01-01T00:00:00+00:00', '--job-id', '5', '--raw', '--subdir', 'DAGS_FOLDER/PDE_4_mart_load_order_aggregates.py', '--cfg-path', '/tmp/tmp7wsyhys9']
[2026-03-28T11:39:03.400+0000] {standard_task_runner.py:85} INFO - Job 5: Subtask load_order_aggregates
[2026-03-28T11:39:03.417+0000] {task_command.py:415} INFO - Running <TaskInstance: PDE_4_mart_load_order_aggregates.load_order_aggregates scheduled__2024-01-01T00:00:00+00:00 [running]> on host 54b7048a2b02
[2026-03-28T11:39:03.441+0000] {taskinstance.py:1660} INFO - Exporting env vars: AIRFLOW_CTX_DAG_OWNER='data_team' AIRFLOW_CTX_DAG_ID='PDE_4_mart_load_order_aggregates' AIRFLOW_CTX_TASK_ID='load_order_aggregates' AIRFLOW_CTX_EXECUTION_DATE='2024-01-01T00:00:00+00:00' AIRFLOW_CTX_TRY_NUMBER='1' AIRFLOW_CTX_DAG_RUN_ID='scheduled__2024-01-01T00:00:00+00:00'
[2026-03-28T11:39:03.447+0000] {taskinstance.py:1943} ERROR - Task failed with exception
Traceback (most recent call last):
  File "/home/airflow/.local/lib/python3.8/site-packages/airflow/operators/python.py", line 192, in execute
    return_value = self.execute_callable()
  File "/home/airflow/.local/lib/python3.8/site-packages/airflow/operators/python.py", line 209, in execute_callable
    return self.python_callable(*self.op_args, **self.op_kwargs)
  File "/opt/airflow/dags/PDE_4_mart_load_order_aggregates.py", line 14, in load_order_aggregates
    conn = pg_hook.get_conn()
  File "/home/airflow/.local/lib/python3.8/site-packages/airflow/providers/postgres/hooks/postgres.py", line 124, in get_conn
    conn = deepcopy(self.connection or self.get_connection(conn_id))
  File "/home/airflow/.local/lib/python3.8/site-packages/airflow/hooks/base.py", line 72, in get_connection
    conn = Connection.get_connection_from_secrets(conn_id)
  File "/home/airflow/.local/lib/python3.8/site-packages/airflow/models/connection.py", line 477, in get_connection_from_secrets
    raise AirflowNotFoundException(f"The conn_id `{conn_id}` isn't defined")
airflow.exceptions.AirflowNotFoundException: The conn_id `postgres_default` isn't defined
[2026-03-28T11:39:03.449+0000] {taskinstance.py:1400} INFO - Marking task as UP_FOR_RETRY. dag_id=PDE_4_mart_load_order_aggregates, task_id=load_order_aggregates, execution_date=20240101T000000, start_date=20260328T113903, end_date=20260328T113903
[2026-03-28T11:39:03.453+0000] {standard_task_runner.py:104} ERROR - Failed to execute job 5 for task load_order_aggregates (The conn_id `postgres_default` isn't defined; 425)
[2026-03-28T11:39:03.496+0000] {local_task_job_runner.py:228} INFO - Task exited with return code 1
[2026-03-28T11:39:03.502+0000] {taskinstance.py:2784} INFO - 0 downstream tasks scheduled from follow-on schedule check
