[2026-03-28T11:44:03.942+0000] {taskinstance.py:1159} INFO - Dependencies all met for dep_context=non-requeueable deps ti=<TaskInstance: PDE_4_mart_load_order_aggregates.load_order_aggregates scheduled__2024-01-01T00:00:00+00:00 [queued]>
[2026-03-28T11:44:03.945+0000] {taskinstance.py:1159} INFO - Dependencies all met for dep_context=requeueable deps ti=<TaskInstance: PDE_4_mart_load_order_aggregates.load_order_aggregates scheduled__2024-01-01T00:00:00+00:00 [queued]>
[2026-03-28T11:44:03.945+0000] {taskinstance.py:1361} INFO - Starting attempt 2 of 2
[2026-03-28T11:44:03.951+0000] {taskinstance.py:1382} INFO - Executing <Task(PythonOperator): load_order_aggregates> on 2024-01-01 00:00:00+00:00
[2026-03-28T11:44:03.953+0000] {standard_task_runner.py:57} INFO - Started process 277 to run task
[2026-03-28T11:44:03.955+0000] {standard_task_runner.py:84} INFO - Running: ['***', 'tasks', 'run', 'PDE_4_mart_load_order_aggregates', 'load_order_aggregates', 'scheduled__2024-01-01T00:00:00+00:00', '--job-id', '14', '--raw', '--subdir', 'DAGS_FOLDER/PDE_4_mart_load_order_aggregates.py', '--cfg-path', '/tmp/tmp23a89a11']
[2026-03-28T11:44:03.956+0000] {standard_task_runner.py:85} INFO - Job 14: Subtask load_order_aggregates
[2026-03-28T11:44:03.974+0000] {task_command.py:415} INFO - Running <TaskInstance: PDE_4_mart_load_order_aggregates.load_order_aggregates scheduled__2024-01-01T00:00:00+00:00 [running]> on host fff55fa1f1fa
[2026-03-28T11:44:04.006+0000] {taskinstance.py:1660} INFO - Exporting env vars: AIRFLOW_CTX_DAG_OWNER='data_team' AIRFLOW_CTX_DAG_ID='PDE_4_mart_load_order_aggregates' AIRFLOW_CTX_TASK_ID='load_order_aggregates' AIRFLOW_CTX_EXECUTION_DATE='2024-01-01T00:00:00+00:00' AIRFLOW_CTX_TRY_NUMBER='2' AIRFLOW_CTX_DAG_RUN_ID='scheduled__2024-01-01T00:00:00+00:00'
[2026-03-28T11:44:04.010+0000] {crypto.py:82} WARNING - empty cryptography key - values will not be stored encrypted.
[2026-03-28T11:44:04.011+0000] {base.py:73} INFO - Using connection ID 'postgres_default' for task execution.
[2026-03-28T11:44:04.014+0000] {logging_mixin.py:151} INFO - ❌ Ошибка при загрузке: schema "hse_python_etl_project" does not exist
[2026-03-28T11:44:04.016+0000] {taskinstance.py:1943} ERROR - Task failed with exception
Traceback (most recent call last):
  File "/home/airflow/.local/lib/python3.8/site-packages/airflow/operators/python.py", line 192, in execute
    return_value = self.execute_callable()
  File "/home/airflow/.local/lib/python3.8/site-packages/airflow/operators/python.py", line 209, in execute_callable
    return self.python_callable(*self.op_args, **self.op_kwargs)
  File "/opt/airflow/dags/PDE_4_mart_load_order_aggregates.py", line 19, in load_order_aggregates
    cursor.execute("TRUNCATE TABLE hse_python_etl_project.order_aggregates;")
psycopg2.errors.InvalidSchemaName: schema "hse_python_etl_project" does not exist

[2026-03-28T11:44:04.023+0000] {taskinstance.py:1400} INFO - Marking task as FAILED. dag_id=PDE_4_mart_load_order_aggregates, task_id=load_order_aggregates, execution_date=20240101T000000, start_date=20260328T114403, end_date=20260328T114404
[2026-03-28T11:44:04.034+0000] {standard_task_runner.py:104} ERROR - Failed to execute job 14 for task load_order_aggregates (schema "hse_python_etl_project" does not exist
; 277)
[2026-03-28T11:44:04.051+0000] {local_task_job_runner.py:228} INFO - Task exited with return code 1
[2026-03-28T11:44:04.066+0000] {taskinstance.py:2784} INFO - 0 downstream tasks scheduled from follow-on schedule check
