[2026-03-27T11:14:00.960+0000] {taskinstance.py:1159} INFO - Dependencies all met for dep_context=non-requeueable deps ti=<TaskInstance: PDE_launcher.trigger_transform_raw_data scheduled__2024-01-01T00:00:00+00:00 [queued]>
[2026-03-27T11:14:00.963+0000] {taskinstance.py:1159} INFO - Dependencies all met for dep_context=requeueable deps ti=<TaskInstance: PDE_launcher.trigger_transform_raw_data scheduled__2024-01-01T00:00:00+00:00 [queued]>
[2026-03-27T11:14:00.963+0000] {taskinstance.py:1361} INFO - Starting attempt 1 of 2
[2026-03-27T11:14:00.967+0000] {taskinstance.py:1382} INFO - Executing <Task(TriggerDagRunOperator): trigger_transform_raw_data> on 2024-01-01 00:00:00+00:00
[2026-03-27T11:14:00.969+0000] {standard_task_runner.py:57} INFO - Started process 840 to run task
[2026-03-27T11:14:00.970+0000] {standard_task_runner.py:84} INFO - Running: ['***', 'tasks', 'run', 'PDE_launcher', 'trigger_transform_raw_data', 'scheduled__2024-01-01T00:00:00+00:00', '--job-id', '20', '--raw', '--subdir', 'DAGS_FOLDER/PDE_dags_launcher.py', '--cfg-path', '/tmp/tmplc9jc8zy']
[2026-03-27T11:14:00.971+0000] {standard_task_runner.py:85} INFO - Job 20: Subtask trigger_transform_raw_data
[2026-03-27T11:14:00.989+0000] {task_command.py:415} INFO - Running <TaskInstance: PDE_launcher.trigger_transform_raw_data scheduled__2024-01-01T00:00:00+00:00 [running]> on host b8b4e475d066
[2026-03-27T11:14:01.013+0000] {taskinstance.py:1660} INFO - Exporting env vars: AIRFLOW_CTX_DAG_OWNER='data_team' AIRFLOW_CTX_DAG_ID='PDE_launcher' AIRFLOW_CTX_TASK_ID='trigger_transform_raw_data' AIRFLOW_CTX_EXECUTION_DATE='2024-01-01T00:00:00+00:00' AIRFLOW_CTX_TRY_NUMBER='1' AIRFLOW_CTX_DAG_RUN_ID='scheduled__2024-01-01T00:00:00+00:00'
[2026-03-27T11:14:01.033+0000] {trigger_dagrun.py:209} INFO - Waiting for PDE_2_transform_raw_data on 2026-03-27T11:14:01.013797+00:00 to become allowed state ['success'] ...
[2026-03-27T11:14:11.061+0000] {trigger_dagrun.py:222} INFO - PDE_2_transform_raw_data finished with allowed state success
[2026-03-27T11:14:11.072+0000] {taskinstance.py:1400} INFO - Marking task as SUCCESS. dag_id=PDE_launcher, task_id=trigger_transform_raw_data, execution_date=20240101T000000, start_date=20260327T111400, end_date=20260327T111411
[2026-03-27T11:14:11.087+0000] {local_task_job_runner.py:228} INFO - Task exited with return code 0
[2026-03-27T11:14:11.103+0000] {taskinstance.py:2784} INFO - 1 downstream tasks scheduled from follow-on schedule check
[2026-03-28T11:44:36.282+0000] {taskinstance.py:1159} INFO - Dependencies all met for dep_context=non-requeueable deps ti=<TaskInstance: PDE_launcher.trigger_transform_raw_data scheduled__2024-01-01T00:00:00+00:00 [queued]>
[2026-03-28T11:44:36.285+0000] {taskinstance.py:1159} INFO - Dependencies all met for dep_context=requeueable deps ti=<TaskInstance: PDE_launcher.trigger_transform_raw_data scheduled__2024-01-01T00:00:00+00:00 [queued]>
[2026-03-28T11:44:36.285+0000] {taskinstance.py:1361} INFO - Starting attempt 1 of 2
[2026-03-28T11:44:36.289+0000] {taskinstance.py:1382} INFO - Executing <Task(TriggerDagRunOperator): trigger_transform_raw_data> on 2024-01-01 00:00:00+00:00
[2026-03-28T11:44:36.291+0000] {standard_task_runner.py:57} INFO - Started process 408 to run task
[2026-03-28T11:44:36.293+0000] {standard_task_runner.py:84} INFO - Running: ['***', 'tasks', 'run', 'PDE_launcher', 'trigger_transform_raw_data', 'scheduled__2024-01-01T00:00:00+00:00', '--job-id', '25', '--raw', '--subdir', 'DAGS_FOLDER/PDE_dags_launcher.py', '--cfg-path', '/tmp/tmpf_u3j8kt']
[2026-03-28T11:44:36.294+0000] {standard_task_runner.py:85} INFO - Job 25: Subtask trigger_transform_raw_data
[2026-03-28T11:44:36.312+0000] {task_command.py:415} INFO - Running <TaskInstance: PDE_launcher.trigger_transform_raw_data scheduled__2024-01-01T00:00:00+00:00 [running]> on host fff55fa1f1fa
[2026-03-28T11:44:36.338+0000] {taskinstance.py:1660} INFO - Exporting env vars: AIRFLOW_CTX_DAG_OWNER='data_team' AIRFLOW_CTX_DAG_ID='PDE_launcher' AIRFLOW_CTX_TASK_ID='trigger_transform_raw_data' AIRFLOW_CTX_EXECUTION_DATE='2024-01-01T00:00:00+00:00' AIRFLOW_CTX_TRY_NUMBER='1' AIRFLOW_CTX_DAG_RUN_ID='scheduled__2024-01-01T00:00:00+00:00'
[2026-03-28T11:44:36.360+0000] {trigger_dagrun.py:209} INFO - Waiting for PDE_2_transform_raw_data on 2026-03-28T11:44:36.339413+00:00 to become allowed state ['success'] ...
[2026-03-28T11:44:46.377+0000] {trigger_dagrun.py:222} INFO - PDE_2_transform_raw_data finished with allowed state success
[2026-03-28T11:44:46.386+0000] {taskinstance.py:1400} INFO - Marking task as SUCCESS. dag_id=PDE_launcher, task_id=trigger_transform_raw_data, execution_date=20240101T000000, start_date=20260328T114436, end_date=20260328T114446
[2026-03-28T11:44:46.396+0000] {local_task_job_runner.py:228} INFO - Task exited with return code 0
[2026-03-28T11:44:46.410+0000] {taskinstance.py:2784} INFO - 1 downstream tasks scheduled from follow-on schedule check
