[2026-03-27T12:45:11.831+0000] {taskinstance.py:1159} INFO - Dependencies all met for dep_context=non-requeueable deps ti=<TaskInstance: PDE_4_mart_load_order_aggregates.load_order_aggregates manual__2026-03-27T12:45:11.555269+00:00 [queued]>
[2026-03-27T12:45:11.835+0000] {taskinstance.py:1159} INFO - Dependencies all met for dep_context=requeueable deps ti=<TaskInstance: PDE_4_mart_load_order_aggregates.load_order_aggregates manual__2026-03-27T12:45:11.555269+00:00 [queued]>
[2026-03-27T12:45:11.835+0000] {taskinstance.py:1361} INFO - Starting attempt 1 of 2
[2026-03-27T12:45:11.840+0000] {taskinstance.py:1382} INFO - Executing <Task(PythonOperator): load_order_aggregates> on 2026-03-27 12:45:11.555269+00:00
[2026-03-27T12:45:11.842+0000] {standard_task_runner.py:57} INFO - Started process 627 to run task
[2026-03-27T12:45:11.844+0000] {standard_task_runner.py:84} INFO - Running: ['***', 'tasks', 'run', 'PDE_4_mart_load_order_aggregates', 'load_order_aggregates', 'manual__2026-03-27T12:45:11.555269+00:00', '--job-id', '66', '--raw', '--subdir', 'DAGS_FOLDER/PDE_4_mart_load_order_aggregates.py', '--cfg-path', '/tmp/tmp85845bds']
[2026-03-27T12:45:11.846+0000] {standard_task_runner.py:85} INFO - Job 66: Subtask load_order_aggregates
[2026-03-27T12:45:11.865+0000] {task_command.py:415} INFO - Running <TaskInstance: PDE_4_mart_load_order_aggregates.load_order_aggregates manual__2026-03-27T12:45:11.555269+00:00 [running]> on host 2e97d7dd54f2
[2026-03-27T12:45:11.910+0000] {taskinstance.py:1660} INFO - Exporting env vars: AIRFLOW_CTX_DAG_OWNER='data_team' AIRFLOW_CTX_DAG_ID='PDE_4_mart_load_order_aggregates' AIRFLOW_CTX_TASK_ID='load_order_aggregates' AIRFLOW_CTX_EXECUTION_DATE='2026-03-27T12:45:11.555269+00:00' AIRFLOW_CTX_TRY_NUMBER='1' AIRFLOW_CTX_DAG_RUN_ID='manual__2026-03-27T12:45:11.555269+00:00'
[2026-03-27T12:45:11.915+0000] {base.py:73} INFO - Using connection ID 'postgres_default' for task execution.
[2026-03-27T12:45:11.919+0000] {logging_mixin.py:151} INFO - 🗑️ Таблица order_aggregates очищена
[2026-03-27T12:45:12.248+0000] {logging_mixin.py:151} INFO - ✅ Загружено 1100 записей в order_aggregates
[2026-03-27T12:45:12.248+0000] {logging_mixin.py:151} INFO - 
📋 Пример загруженных данных:
[2026-03-27T12:45:12.248+0000] {logging_mixin.py:151} INFO -    Дата: 2024-12-10, Город: Москва, Магазин: Сберегайка МАКСИМУМ, Заказов: 2, Выручка: 176552.04, Прибыль: 175922.04
[2026-03-27T12:45:12.249+0000] {logging_mixin.py:151} INFO -    Дата: 2024-12-10, Город: Орел, Магазин: Сберегайка у дома, Заказов: 3, Выручка: 147223.12, Прибыль: 146639.12
[2026-03-27T12:45:12.249+0000] {logging_mixin.py:151} INFO -    Дата: 2024-12-10, Город: Тула, Магазин: Сберегайка у дома, Заказов: 1, Выручка: 117505.89, Прибыль: 117282.89
[2026-03-27T12:45:12.249+0000] {logging_mixin.py:151} INFO -    Дата: 2024-12-11, Город: Москва, Магазин: Сберегайка МАКСИМУМ, Заказов: 9, Выручка: 678701.73, Прибыль: 676710.73
[2026-03-27T12:45:12.249+0000] {logging_mixin.py:151} INFO -    Дата: 2024-12-11, Город: Орел, Магазин: Сберегайка у дома, Заказов: 8, Выручка: 522456.50, Прибыль: 520372.50
[2026-03-27T12:45:12.249+0000] {python.py:194} INFO - Done. Returned value was: None
[2026-03-27T12:45:12.254+0000] {taskinstance.py:1400} INFO - Marking task as SUCCESS. dag_id=PDE_4_mart_load_order_aggregates, task_id=load_order_aggregates, execution_date=20260327T124511, start_date=20260327T124511, end_date=20260327T124512
[2026-03-27T12:45:12.282+0000] {local_task_job_runner.py:228} INFO - Task exited with return code 0
[2026-03-27T12:45:12.290+0000] {taskinstance.py:2784} INFO - 0 downstream tasks scheduled from follow-on schedule check
