[2026-03-27T11:14:34.443+0000] {taskinstance.py:1159} INFO - Dependencies all met for dep_context=non-requeueable deps ti=<TaskInstance: PDE_launcher.trigger_item_aggregates scheduled__2024-01-01T00:00:00+00:00 [queued]>
[2026-03-27T11:14:34.446+0000] {taskinstance.py:1159} INFO - Dependencies all met for dep_context=requeueable deps ti=<TaskInstance: PDE_launcher.trigger_item_aggregates scheduled__2024-01-01T00:00:00+00:00 [queued]>
[2026-03-27T11:14:34.446+0000] {taskinstance.py:1361} INFO - Starting attempt 1 of 2
[2026-03-27T11:14:34.450+0000] {taskinstance.py:1382} INFO - Executing <Task(TriggerDagRunOperator): trigger_item_aggregates> on 2024-01-01 00:00:00+00:00
[2026-03-27T11:14:34.452+0000] {standard_task_runner.py:57} INFO - Started process 960 to run task
[2026-03-27T11:14:34.453+0000] {standard_task_runner.py:84} INFO - Running: ['***', 'tasks', 'run', 'PDE_launcher', 'trigger_item_aggregates', 'scheduled__2024-01-01T00:00:00+00:00', '--job-id', '26', '--raw', '--subdir', 'DAGS_FOLDER/PDE_dags_launcher.py', '--cfg-path', '/tmp/tmpd19hi5kl']
[2026-03-27T11:14:34.454+0000] {standard_task_runner.py:85} INFO - Job 26: Subtask trigger_item_aggregates
[2026-03-27T11:14:34.471+0000] {task_command.py:415} INFO - Running <TaskInstance: PDE_launcher.trigger_item_aggregates scheduled__2024-01-01T00:00:00+00:00 [running]> on host b8b4e475d066
[2026-03-27T11:14:34.496+0000] {taskinstance.py:1660} INFO - Exporting env vars: AIRFLOW_CTX_DAG_OWNER='data_team' AIRFLOW_CTX_DAG_ID='PDE_launcher' AIRFLOW_CTX_TASK_ID='trigger_item_aggregates' AIRFLOW_CTX_EXECUTION_DATE='2024-01-01T00:00:00+00:00' AIRFLOW_CTX_TRY_NUMBER='1' AIRFLOW_CTX_DAG_RUN_ID='scheduled__2024-01-01T00:00:00+00:00'
[2026-03-27T11:14:34.517+0000] {trigger_dagrun.py:209} INFO - Waiting for PDE_5_load_items_aggregates on 2026-03-27T11:14:34.497202+00:00 to become allowed state ['success'] ...
[2026-03-27T11:14:44.530+0000] {trigger_dagrun.py:222} INFO - PDE_5_load_items_aggregates finished with allowed state success
[2026-03-27T11:14:44.538+0000] {taskinstance.py:1400} INFO - Marking task as SUCCESS. dag_id=PDE_launcher, task_id=trigger_item_aggregates, execution_date=20240101T000000, start_date=20260327T111434, end_date=20260327T111444
[2026-03-27T11:14:44.551+0000] {local_task_job_runner.py:228} INFO - Task exited with return code 0
[2026-03-27T11:14:44.562+0000] {taskinstance.py:2784} INFO - 0 downstream tasks scheduled from follow-on schedule check
[2026-03-28T11:45:08.529+0000] {taskinstance.py:1159} INFO - Dependencies all met for dep_context=non-requeueable deps ti=<TaskInstance: PDE_launcher.trigger_item_aggregates scheduled__2024-01-01T00:00:00+00:00 [queued]>
[2026-03-28T11:45:08.533+0000] {taskinstance.py:1159} INFO - Dependencies all met for dep_context=requeueable deps ti=<TaskInstance: PDE_launcher.trigger_item_aggregates scheduled__2024-01-01T00:00:00+00:00 [queued]>
[2026-03-28T11:45:08.533+0000] {taskinstance.py:1361} INFO - Starting attempt 1 of 2
[2026-03-28T11:45:08.537+0000] {taskinstance.py:1382} INFO - Executing <Task(TriggerDagRunOperator): trigger_item_aggregates> on 2024-01-01 00:00:00+00:00
[2026-03-28T11:45:08.539+0000] {standard_task_runner.py:57} INFO - Started process 528 to run task
[2026-03-28T11:45:08.540+0000] {standard_task_runner.py:84} INFO - Running: ['***', 'tasks', 'run', 'PDE_launcher', 'trigger_item_aggregates', 'scheduled__2024-01-01T00:00:00+00:00', '--job-id', '31', '--raw', '--subdir', 'DAGS_FOLDER/PDE_dags_launcher.py', '--cfg-path', '/tmp/tmpa2w9eryl']
[2026-03-28T11:45:08.541+0000] {standard_task_runner.py:85} INFO - Job 31: Subtask trigger_item_aggregates
[2026-03-28T11:45:08.558+0000] {task_command.py:415} INFO - Running <TaskInstance: PDE_launcher.trigger_item_aggregates scheduled__2024-01-01T00:00:00+00:00 [running]> on host fff55fa1f1fa
[2026-03-28T11:45:08.583+0000] {taskinstance.py:1660} INFO - Exporting env vars: AIRFLOW_CTX_DAG_OWNER='data_team' AIRFLOW_CTX_DAG_ID='PDE_launcher' AIRFLOW_CTX_TASK_ID='trigger_item_aggregates' AIRFLOW_CTX_EXECUTION_DATE='2024-01-01T00:00:00+00:00' AIRFLOW_CTX_TRY_NUMBER='1' AIRFLOW_CTX_DAG_RUN_ID='scheduled__2024-01-01T00:00:00+00:00'
[2026-03-28T11:45:08.603+0000] {trigger_dagrun.py:209} INFO - Waiting for PDE_5_load_items_aggregates on 2026-03-28T11:45:08.583745+00:00 to become allowed state ['success'] ...
[2026-03-28T11:45:18.624+0000] {trigger_dagrun.py:222} INFO - PDE_5_load_items_aggregates finished with allowed state success
[2026-03-28T11:45:18.634+0000] {taskinstance.py:1400} INFO - Marking task as SUCCESS. dag_id=PDE_launcher, task_id=trigger_item_aggregates, execution_date=20240101T000000, start_date=20260328T114508, end_date=20260328T114518
[2026-03-28T11:45:18.650+0000] {local_task_job_runner.py:228} INFO - Task exited with return code 0
[2026-03-28T11:45:18.661+0000] {taskinstance.py:2784} INFO - 0 downstream tasks scheduled from follow-on schedule check
